#
# A fatal error has been detected by the Java Runtime Environment:
#
#  EXCEPTION_ACCESS_VIOLATION (0xc0000005) at pc=0x00000000699fb822, pid=13836, tid=0x0000000000002e18
#
# JRE version: OpenJDK Runtime Environment (8.0_242-b01) (build 1.8.0_242-release-1644-b01)
# Java VM: OpenJDK 64-Bit Server VM (25.242-b01 mixed mode windows-amd64 compressed oops)
# Problematic frame:
# V  [jvm.dll+0x8b822]
#
# Failed to write core dump. Minidumps are not enabled by default on client versions of Windows
#
# If you would like to submit a bug report, please visit:
#   
#

---------------  T H R E A D  ---------------

Current thread (0x0000000002f94800):  GCTaskThread [stack: 0x00000000131f0000,0x00000000132f0000] [id=11800]

siginfo: ExceptionCode=0xc0000005, reading address 0x00000000000002d8

Registers:
RAX=0x00000000000001f0, RBX=0x00000000a80fa810, RCX=0x0000000100604f18, RDX=0x00000000a80fa810
RSP=0x00000000132ef178, RBP=0x0000000018093ff0, RSI=0x00000000a80fa7e0, RDI=0x00000000a80fa810
R8 =0x0000000000000000, R9 =0x0000000100604f18, R10=0x000000000000000c, R11=0x0000000000000000
R12=0x00000000a80fa7ec, R13=0x0000000000000003, R14=0x00000000a80fa7d0, R15=0x0000000000000003
RIP=0x00000000699fb822, EFLAGS=0x0000000000010246

Top of Stack: (sp=0x00000000132ef178)
0x00000000132ef178:   0000000069a57837 00000000a80fa7d0
0x00000000132ef188:   0000000069d3d9d8 000000006a13f030
0x00000000132ef198:   0000000000000004 00000000a80fa810
0x00000000132ef1a8:   0000000069a85aca 000000000000394f
0x00000000132ef1b8:   0000000069a5f9d6 00000000a80fa7d0
0x00000000132ef1c8:   00000000a80fa7cc 0000000018093ff0
0x00000000132ef1d8:   0000000069a85bd3 0000000000000000
0x00000000132ef1e8:   00000000000003d8 0000000002f952a8
0x00000000132ef1f8:   0000000017f65590 000000000000394f
0x00000000132ef208:   0000000069d39af0 0000000018093ff0
0x00000000132ef218:   0000000002f93400 0000000002f94ed0
0x00000000132ef228:   0000000002f94ed0 000060c7000038a6
0x00000000132ef238:   0000000000000c00 0000000000000000
0x00000000132ef248:   0000000000000000 0000000000001e00
0x00000000132ef258:   000000001ca55000 0000000000000001
0x00000000132ef268:   00032fc200011c01 000059308050b41b 

Instructions: (pc=0x00000000699fb822)
0x00000000699fb802:   e2 49 8d 0c 11 49 f7 d1 48 03 c1 49 c1 e9 03 48
0x00000000699fb812:   c1 e8 03 41 23 c1 c3 48 8b 02 48 8b d1 49 8b c9
0x00000000699fb822:   48 ff a0 e8 00 00 00 cc cc cc cc cc cc cc 80 3d
0x00000000699fb832:   1a 97 73 00 00 48 8b c1 74 1b 8b 51 08 8b 0d 73 


Register to memory mapping:

RAX=0x00000000000001f0 is an unknown value
RBX=
[error occurred during error reporting (printing register info), id 0xc0000005]

Stack: [0x00000000131f0000,0x00000000132f0000],  sp=0x00000000132ef178,  free space=1020k
Native frames: (J=compiled Java code, j=interpreted, Vv=VM code, C=native code)
V  [jvm.dll+0x8b822]


---------------  P R O C E S S  ---------------

Java Threads: ( => current thread )
  0x000000001bc8e800 JavaThread "ForkJoinPool-22-worker-0" daemon [_thread_blocked, id=8236, stack(0x000000004a400000,0x000000004a500000)]
  0x000000001ca5d800 JavaThread "ForkJoinPool-22-worker-7" daemon [_thread_blocked, id=944, stack(0x000000004a300000,0x000000004a400000)]
  0x000000001ca5c800 JavaThread "ForkJoinPool-22-worker-6" daemon [_thread_blocked, id=1524, stack(0x000000004a200000,0x000000004a300000)]
  0x000000001ca61000 JavaThread "ForkJoinPool-22-worker-5" daemon [_thread_blocked, id=5292, stack(0x000000004a100000,0x000000004a200000)]
  0x000000001ca5f800 JavaThread "ForkJoinPool-22-worker-4" daemon [_thread_blocked, id=2724, stack(0x000000004a000000,0x000000004a100000)]
  0x000000001ca55000 JavaThread "ForkJoinPool-22-worker-3" daemon [_thread_blocked, id=1736, stack(0x0000000049f00000,0x000000004a000000)]
  0x000000001ca59800 JavaThread "ForkJoinPool-22-worker-2" daemon [_thread_blocked, id=13700, stack(0x0000000049e00000,0x0000000049f00000)]
  0x000000001ca59000 JavaThread "ForkJoinPool-22-worker-1" daemon [_thread_blocked, id=16288, stack(0x0000000049d00000,0x0000000049e00000)]
  0x000000001ca54800 JavaThread "stdout" [_thread_in_native, id=904, stack(0x00000000498d0000,0x00000000499d0000)]
  0x000000001ca58000 JavaThread "stderr" [_thread_in_native, id=800, stack(0x00000000497d0000,0x00000000498d0000)]
  0x000000001b2bf800 JavaThread "stdout" [_thread_in_native, id=14064, stack(0x00000000496d0000,0x00000000497d0000)]
  0x000000001b2c6800 JavaThread "stderr" [_thread_in_native, id=8960, stack(0x00000000495d0000,0x00000000496d0000)]
  0x000000001b2c5000 JavaThread "stdout" [_thread_in_native, id=17928, stack(0x00000000494d0000,0x00000000495d0000)]
  0x000000001b2c1000 JavaThread "stderr" [_thread_in_native, id=16084, stack(0x00000000493d0000,0x00000000494d0000)]
  0x000000001b2bc000 JavaThread "stdout" [_thread_in_native, id=2252, stack(0x00000000492d0000,0x00000000493d0000)]
  0x000000001b2bf000 JavaThread "stderr" [_thread_in_native, id=1308, stack(0x00000000461a0000,0x00000000462a0000)]
  0x000000001b2c2000 JavaThread "WorkerExecutor Queue Thread 8" [_thread_blocked, id=14180, stack(0x00000000436a0000,0x00000000437a0000)]
  0x000000001b2b7800 JavaThread "stdout" [_thread_in_native, id=2700, stack(0x00000000435a0000,0x00000000436a0000)]
  0x000000001b2be000 JavaThread "stderr" [_thread_in_native, id=2580, stack(0x0000000042450000,0x0000000042550000)]
  0x000000001b2bd800 JavaThread "stdout" [_thread_in_native, id=8976, stack(0x0000000042350000,0x0000000042450000)]
  0x000000001b2ba800 JavaThread "stderr" [_thread_in_native, id=5872, stack(0x000000003d470000,0x000000003d570000)]
  0x000000001b2b9000 JavaThread "WorkerExecutor Queue Thread 7" [_thread_blocked, id=9576, stack(0x0000000042250000,0x0000000042350000)]
  0x000000001b2bc800 JavaThread "stdout" [_thread_in_native, id=15872, stack(0x0000000042150000,0x0000000042250000)]
  0x000000002ce50000 JavaThread "stderr" [_thread_in_native, id=8060, stack(0x0000000042050000,0x0000000042150000)]
  0x000000002ce4e000 JavaThread "stdout" [_thread_in_native, id=10060, stack(0x0000000041780000,0x0000000041880000)]
  0x000000002ce4d000 JavaThread "stderr" [_thread_in_native, id=7512, stack(0x0000000041680000,0x0000000041780000)]
  0x000000002ce45800 JavaThread "pool-29-thread-1" [_thread_blocked, id=13112, stack(0x000000003fe60000,0x000000003ff60000)]
  0x000000002ce44800 JavaThread "WorkerExecutor Queue Thread 3" [_thread_blocked, id=10316, stack(0x000000003c050000,0x000000003c150000)]
  0x000000002ce4a000 JavaThread "WorkerExecutor Queue" [_thread_blocked, id=6632, stack(0x000000003bb50000,0x000000003bc50000)]
  0x000000002ce44000 JavaThread "Cache worker for execution history cache (E:\AppWorks-School\PersonalProject\.gradle\6.5\executionHistory)" [_thread_blocked, id=15420, stack(0x000000003ba50000,0x000000003bb50000)]
  0x000000002ce49000 JavaThread "Execution worker for ':' Thread 7" [_thread_blocked, id=11160, stack(0x000000003b950000,0x000000003ba50000)]
  0x000000002ce48800 JavaThread "Execution worker for ':' Thread 6" [_thread_blocked, id=5888, stack(0x000000003b850000,0x000000003b950000)]
  0x000000002ce47800 JavaThread "Execution worker for ':' Thread 5" [_thread_blocked, id=18128, stack(0x000000003b750000,0x000000003b850000)]
  0x000000002e4bb800 JavaThread "Execution worker for ':' Thread 4" [_thread_blocked, id=3532, stack(0x000000003b650000,0x000000003b750000)]
  0x000000002e4ba000 JavaThread "Execution worker for ':' Thread 3" [_thread_blocked, id=10380, stack(0x000000003b550000,0x000000003b650000)]
  0x000000002e4b9800 JavaThread "Execution worker for ':' Thread 2" [_thread_blocked, id=11036, stack(0x000000003b450000,0x000000003b550000)]
  0x000000002e4bf800 JavaThread "Execution worker for ':'" [_thread_blocked, id=408, stack(0x000000003b350000,0x000000003b450000)]
  0x000000002e4be800 JavaThread "Cache worker for file content cache (E:\AppWorks-School\PersonalProject\.gradle\6.5\fileContent)" [_thread_blocked, id=16312, stack(0x000000003b050000,0x000000003b150000)]
  0x000000002e4be000 JavaThread "pool-28-thread-1" [_thread_blocked, id=972, stack(0x000000003af50000,0x000000003b050000)]
  0x000000002e4bd000 JavaThread "Cache worker for Build Output Cleanup Cache (E:\AppWorks-School\PersonalProject\.gradle\buildOutputCleanup)" [_thread_blocked, id=16472, stack(0x0000000039c70000,0x0000000039d70000)]
  0x000000002e4bb000 JavaThread "jar transforms Thread 1451" [_thread_blocked, id=13792, stack(0x0000000039b70000,0x0000000039c70000)]
  0x000000002e4b5800 JavaThread "jar transforms Thread 1450" [_thread_blocked, id=8032, stack(0x0000000039a70000,0x0000000039b70000)]
  0x000000002e4bc800 JavaThread "jar transforms Thread 1449" [_thread_blocked, id=7980, stack(0x0000000039970000,0x0000000039a70000)]
  0x000000002e4b8800 JavaThread "jar transforms Thread 1448" [_thread_blocked, id=17504, stack(0x0000000039870000,0x0000000039970000)]
  0x000000002e4b8000 JavaThread "jar transforms Thread 1447" [_thread_blocked, id=17780, stack(0x0000000039770000,0x0000000039870000)]
  0x000000002e4b0800 JavaThread "jar transforms Thread 1446" [_thread_blocked, id=4976, stack(0x0000000039670000,0x0000000039770000)]
  0x000000002e4b7000 JavaThread "jar transforms Thread 1445" [_thread_blocked, id=6392, stack(0x00000000392c0000,0x00000000393c0000)]
  0x000000002e4b2000 JavaThread "jar transforms Thread 1444" [_thread_blocked, id=5572, stack(0x00000000391c0000,0x00000000392c0000)]
  0x000000002e4b2800 JavaThread "jar transforms Thread 1443" [_thread_blocked, id=9272, stack(0x00000000390c0000,0x00000000391c0000)]
  0x000000002e4b3800 JavaThread "jar transforms Thread 1442" [_thread_blocked, id=1656, stack(0x0000000038dc0000,0x0000000038ec0000)]
  0x000000002e4b4000 JavaThread "jar transforms Thread 1441" [_thread_blocked, id=16136, stack(0x0000000038cc0000,0x0000000038dc0000)]
  0x000000002e4b6800 JavaThread "jar transforms Thread 1440" [_thread_blocked, id=4800, stack(0x0000000038bc0000,0x0000000038cc0000)]
  0x000000002f024800 JavaThread "jar transforms Thread 1439" [_thread_blocked, id=1744, stack(0x0000000038ac0000,0x0000000038bc0000)]
  0x000000002f020000 JavaThread "jar transforms Thread 1438" [_thread_blocked, id=8804, stack(0x00000000389c0000,0x0000000038ac0000)]
  0x000000002f01f800 JavaThread "jar transforms Thread 1437" [_thread_blocked, id=10320, stack(0x00000000388c0000,0x00000000389c0000)]
  0x000000002f024000 JavaThread "jar transforms Thread 1436" [_thread_blocked, id=15880, stack(0x00000000387c0000,0x00000000388c0000)]
  0x000000002f01c800 JavaThread "jar transforms Thread 1435" [_thread_blocked, id=15660, stack(0x0000000037960000,0x0000000037a60000)]
  0x000000002f01e000 JavaThread "jar transforms Thread 1434" [_thread_blocked, id=3288, stack(0x00000000332b0000,0x00000000333b0000)]
  0x000000002f021000 JavaThread "jar transforms Thread 1433" [_thread_blocked, id=16964, stack(0x0000000031490000,0x0000000031590000)]
  0x000000002f023000 JavaThread "jar transforms Thread 1432" [_thread_blocked, id=14628, stack(0x000000002f980000,0x000000002fa80000)]
  0x000000002f022800 JavaThread "jar transforms Thread 1431" [_thread_blocked, id=11200, stack(0x000000002f880000,0x000000002f980000)]
  0x000000002f018000 JavaThread "jar transforms Thread 1430" [_thread_blocked, id=9472, stack(0x000000002f780000,0x000000002f880000)]
  0x000000002f01e800 JavaThread "jar transforms Thread 1429" [_thread_blocked, id=9192, stack(0x000000002f680000,0x000000002f780000)]
  0x000000002f01b800 JavaThread "jar transforms Thread 1428" [_thread_blocked, id=9596, stack(0x000000002e3b0000,0x000000002e4b0000)]
  0x000000002f016800 JavaThread "jar transforms Thread 1427" [_thread_blocked, id=1784, stack(0x000000002de40000,0x000000002df40000)]
  0x000000002f01d000 JavaThread "jar transforms Thread 1426" [_thread_blocked, id=8420, stack(0x000000002c940000,0x000000002ca40000)]
  0x000000002f015800 JavaThread "jar transforms Thread 1425" [_thread_blocked, id=1196, stack(0x000000002ab50000,0x000000002ac50000)]
  0x000000002f01b000 JavaThread "jar transforms Thread 1424" [_thread_blocked, id=10924, stack(0x000000002aa50000,0x000000002ab50000)]
  0x000000002f019800 JavaThread "jar transforms Thread 1423" [_thread_blocked, id=2268, stack(0x000000002a750000,0x000000002a850000)]
  0x000000002f01a000 JavaThread "jar transforms Thread 1422" [_thread_blocked, id=6908, stack(0x000000002a650000,0x000000002a750000)]
  0x000000002f018800 JavaThread "jar transforms Thread 1421" [_thread_blocked, id=17320, stack(0x000000002a550000,0x000000002a650000)]
  0x000000002f017000 JavaThread "jar transforms Thread 1420" [_thread_blocked, id=18048, stack(0x000000002a250000,0x000000002a350000)]
  0x00000000319fd000 JavaThread "jar transforms Thread 1419" [_thread_blocked, id=17840, stack(0x000000002a150000,0x000000002a250000)]
  0x00000000319fc800 JavaThread "jar transforms Thread 1418" [_thread_blocked, id=8320, stack(0x000000002a050000,0x000000002a150000)]
  0x00000000319fb000 JavaThread "jar transforms Thread 1417" [_thread_blocked, id=18228, stack(0x0000000029f50000,0x000000002a050000)]
  0x0000000031a00000 JavaThread "jar transforms Thread 1416" [_thread_blocked, id=14536, stack(0x0000000029e50000,0x0000000029f50000)]
  0x00000000319fa000 JavaThread "jar transforms Thread 1415" [_thread_blocked, id=4316, stack(0x0000000029d50000,0x0000000029e50000)]
  0x00000000319ff800 JavaThread "jar transforms Thread 1414" [_thread_blocked, id=15416, stack(0x0000000029c50000,0x0000000029d50000)]
  0x00000000319f2800 JavaThread "jar transforms Thread 1413" [_thread_blocked, id=10724, stack(0x0000000029b50000,0x0000000029c50000)]
  0x00000000319f4000 JavaThread "jar transforms Thread 1412" [_thread_blocked, id=10772, stack(0x0000000029a50000,0x0000000029b50000)]
  0x00000000319f9800 JavaThread "jar transforms Thread 1411" [_thread_blocked, id=15984, stack(0x00000000297c0000,0x00000000298c0000)]
  0x00000000319f1000 JavaThread "jar transforms Thread 1410" [_thread_blocked, id=10412, stack(0x00000000296c0000,0x00000000297c0000)]
  0x00000000319f8000 JavaThread "jar transforms Thread 1409" [_thread_blocked, id=14344, stack(0x00000000295c0000,0x00000000296c0000)]
  0x00000000319f7000 JavaThread "jar transforms Thread 1408" [_thread_blocked, id=1276, stack(0x00000000294c0000,0x00000000295c0000)]
  0x00000000319e9800 JavaThread "jar transforms Thread 1407" [_thread_blocked, id=16992, stack(0x00000000293c0000,0x00000000294c0000)]
  0x00000000319ee000 JavaThread "jar transforms Thread 1406" [_thread_blocked, id=8896, stack(0x00000000292c0000,0x00000000293c0000)]
  0x00000000319f0800 JavaThread "jar transforms Thread 1405" [_thread_blocked, id=13816, stack(0x00000000291c0000,0x00000000292c0000)]
  0x00000000319e5000 JavaThread "jar transforms Thread 1404" [_thread_blocked, id=17792, stack(0x00000000290c0000,0x00000000291c0000)]
  0x00000000319e9000 JavaThread "jar transforms Thread 1403" [_thread_blocked, id=18268, stack(0x0000000028fc0000,0x00000000290c0000)]
  0x00000000319eb000 JavaThread "jar transforms Thread 1402" [_thread_blocked, id=3832, stack(0x0000000028ec0000,0x0000000028fc0000)]
  0x00000000319e7800 JavaThread "jar transforms Thread 1401" [_thread_blocked, id=14256, stack(0x0000000028dc0000,0x0000000028ec0000)]
  0x00000000319e1800 JavaThread "jar transforms Thread 1400" [_thread_blocked, id=12400, stack(0x0000000028cc0000,0x0000000028dc0000)]
  0x00000000319e4800 JavaThread "jar transforms Thread 1399" [_thread_blocked, id=15096, stack(0x0000000028bc0000,0x0000000028cc0000)]
  0x00000000319e3000 JavaThread "jar transforms Thread 1398" [_thread_blocked, id=10944, stack(0x0000000028ac0000,0x0000000028bc0000)]
  0x00000000319e2000 JavaThread "jar transforms Thread 1397" [_thread_blocked, id=2316, stack(0x00000000289c0000,0x0000000028ac0000)]
  0x00000000319e8000 JavaThread "jar transforms Thread 1396" [_thread_blocked, id=11164, stack(0x00000000288c0000,0x00000000289c0000)]
  0x00000000319e6000 JavaThread "jar transforms Thread 1395" [_thread_blocked, id=10700, stack(0x00000000287c0000,0x00000000288c0000)]
  0x00000000319e3800 JavaThread "jar transforms Thread 1394" [_thread_blocked, id=756, stack(0x00000000286c0000,0x00000000287c0000)]
  0x00000000319e6800 JavaThread "jar transforms Thread 1393" [_thread_blocked, id=14000, stack(0x00000000285c0000,0x00000000286c0000)]
  0x000000003e395000 JavaThread "jar transforms Thread 1392" [_thread_blocked, id=13248, stack(0x00000000284c0000,0x00000000285c0000)]
  0x000000003e394000 JavaThread "jar transforms Thread 1391" [_thread_blocked, id=14556, stack(0x00000000283c0000,0x00000000284c0000)]
  0x000000003e398000 JavaThread "jar transforms Thread 1390" [_thread_blocked, id=1072, stack(0x00000000282c0000,0x00000000283c0000)]
  0x000000003e398800 JavaThread "jar transforms Thread 1389" [_thread_blocked, id=16256, stack(0x00000000281c0000,0x00000000282c0000)]
  0x000000003e39a000 JavaThread "jar transforms Thread 1388" [_thread_blocked, id=11568, stack(0x00000000280c0000,0x00000000281c0000)]
  0x000000003e395800 JavaThread "jar transforms Thread 1387" [_thread_blocked, id=10144, stack(0x0000000027fc0000,0x00000000280c0000)]
  0x000000003e396800 JavaThread "jar transforms Thread 1386" [_thread_blocked, id=13412, stack(0x0000000027ec0000,0x0000000027fc0000)]
  0x000000003e399800 JavaThread "jar transforms Thread 1385" [_thread_blocked, id=17712, stack(0x0000000027dc0000,0x0000000027ec0000)]
  0x000000003e397000 JavaThread "jar transforms Thread 1384" [_thread_blocked, id=1424, stack(0x0000000027cc0000,0x0000000027dc0000)]
  0x000000003e38c800 JavaThread "jar transforms Thread 1383" [_thread_blocked, id=5116, stack(0x0000000027bc0000,0x0000000027cc0000)]
  0x000000003e392800 JavaThread "jar transforms Thread 1382" [_thread_blocked, id=11936, stack(0x0000000027ac0000,0x0000000027bc0000)]
  0x000000003e392000 JavaThread "jar transforms Thread 1381" [_thread_blocked, id=14292, stack(0x00000000279c0000,0x0000000027ac0000)]
  0x000000003e393800 JavaThread "jar transforms Thread 1380" [_thread_blocked, id=8172, stack(0x00000000278c0000,0x00000000279c0000)]
  0x000000003e38d800 JavaThread "jar transforms Thread 1379" [_thread_blocked, id=2516, stack(0x00000000277c0000,0x00000000278c0000)]
  0x000000003e390800 JavaThread "jar transforms Thread 1378" [_thread_blocked, id=13980, stack(0x00000000276c0000,0x00000000277c0000)]
  0x000000003e391000 JavaThread "jar transforms Thread 1377" [_thread_blocked, id=3968, stack(0x00000000275c0000,0x00000000276c0000)]
  0x000000003e38f000 JavaThread "jar transforms Thread 1376" [_thread_blocked, id=3452, stack(0x0000000027250000,0x0000000027350000)]
  0x000000003e38f800 JavaThread "jar transforms Thread 1375" [_thread_blocked, id=14224, stack(0x0000000027150000,0x0000000027250000)]
  0x000000003e38e000 JavaThread "jar transforms Thread 1374" [_thread_blocked, id=9240, stack(0x0000000027050000,0x0000000027150000)]
  0x000000003e38a800 JavaThread "jar transforms Thread 1373" [_thread_blocked, id=12380, stack(0x0000000026f50000,0x0000000027050000)]
  0x000000003e389800 JavaThread "jar transforms Thread 1372" [_thread_blocked, id=3964, stack(0x0000000026e50000,0x0000000026f50000)]
  0x000000003e38c000 JavaThread "jar transforms Thread 1371" [_thread_blocked, id=8792, stack(0x0000000026d50000,0x0000000026e50000)]
  0x000000003e384800 JavaThread "jar transforms Thread 1370" [_thread_blocked, id=13876, stack(0x0000000026c50000,0x0000000026d50000)]
  0x000000003e389000 JavaThread "jar transforms Thread 1369" [_thread_blocked, id=16640, stack(0x0000000026b50000,0x0000000026c50000)]
  0x000000003e38b000 JavaThread "jar transforms Thread 1368" [_thread_blocked, id=9668, stack(0x0000000026a50000,0x0000000026b50000)]
  0x000000003e383800 JavaThread "jar transforms Thread 1367" [_thread_blocked, id=9676, stack(0x0000000026950000,0x0000000026a50000)]
  0x000000003e388000 JavaThread "jar transforms Thread 1366" [_thread_blocked, id=14404, stack(0x0000000026850000,0x0000000026950000)]
  0x000000003e386000 JavaThread "jar transforms Thread 1365" [_thread_blocked, id=16148, stack(0x0000000026750000,0x0000000026850000)]
  0x000000003e37c000 JavaThread "jar transforms Thread 1364" [_thread_blocked, id=16804, stack(0x0000000026650000,0x0000000026750000)]
  0x000000003e381800 JavaThread "jar transforms Thread 1363" [_thread_blocked, id=13368, stack(0x0000000026550000,0x0000000026650000)]
  0x000000003e380000 JavaThread "jar transforms Thread 1362" [_thread_blocked, id=13728, stack(0x0000000026450000,0x0000000026550000)]
  0x000000003e383000 JavaThread "jar transforms Thread 1361" [_thread_blocked, id=7564, stack(0x0000000026350000,0x0000000026450000)]
  0x000000003e380800 JavaThread "jar transforms Thread 1360" [_thread_blocked, id=7376, stack(0x0000000026250000,0x0000000026350000)]
  0x000000003e37f000 JavaThread "jar transforms Thread 1359" [_thread_blocked, id=984, stack(0x0000000026150000,0x0000000026250000)]
  0x000000003e37e800 JavaThread "jar transforms Thread 1358" [_thread_blocked, id=2764, stack(0x0000000026050000,0x0000000026150000)]
  0x000000003e382000 JavaThread "jar transforms Thread 1357" [_thread_blocked, id=14300, stack(0x0000000025f50000,0x0000000026050000)]
  0x000000002bc27800 JavaThread "jar transforms Thread 1356" [_thread_blocked, id=2512, stack(0x0000000025e50000,0x0000000025f50000)]
  0x000000002bc22800 JavaThread "jar transforms Thread 1355" [_thread_blocked, id=14392, stack(0x0000000025d50000,0x0000000025e50000)]
  0x000000002bc24000 JavaThread "jar transforms Thread 1354" [_thread_blocked, id=14836, stack(0x0000000025c50000,0x0000000025d50000)]
  0x000000002bc25800 JavaThread "jar transforms Thread 1353" [_thread_blocked, id=11056, stack(0x0000000025b50000,0x0000000025c50000)]
  0x000000002bc20000 JavaThread "jar transforms Thread 1352" [_thread_blocked, id=15960, stack(0x0000000025a50000,0x0000000025b50000)]
  0x000000002bc23000 JavaThread "jar transforms Thread 1351" [_thread_blocked, id=2384, stack(0x0000000025950000,0x0000000025a50000)]
  0x000000002bc27000 JavaThread "jar transforms Thread 1350" [_thread_blocked, id=12284, stack(0x0000000025850000,0x0000000025950000)]
  0x000000002bc21800 JavaThread "jar transforms Thread 1349" [_thread_blocked, id=8168, stack(0x0000000025750000,0x0000000025850000)]
  0x000000002bc26000 JavaThread "jar transforms Thread 1348" [_thread_blocked, id=16780, stack(0x0000000025650000,0x0000000025750000)]
  0x000000002bc1f800 JavaThread "jar transforms Thread 1347" [_thread_blocked, id=9388, stack(0x0000000025550000,0x0000000025650000)]
  0x000000002bc21000 JavaThread "jar transforms Thread 1346" [_thread_blocked, id=10392, stack(0x0000000025450000,0x0000000025550000)]
  0x000000002bc18000 JavaThread "jar transforms Thread 1345" [_thread_blocked, id=14848, stack(0x0000000025350000,0x0000000025450000)]
  0x000000002bc1e000 JavaThread "jar transforms Thread 1344" [_thread_blocked, id=7508, stack(0x0000000025250000,0x0000000025350000)]
  0x000000002bc1e800 JavaThread "jar transforms Thread 1343" [_thread_blocked, id=6636, stack(0x0000000025150000,0x0000000025250000)]
  0x000000002bc16800 JavaThread "jar transforms Thread 1342" [_thread_blocked, id=13944, stack(0x0000000025050000,0x0000000025150000)]
  0x000000002bc1d000 JavaThread "jar transforms Thread 1341" [_thread_blocked, id=16452, stack(0x0000000024d50000,0x0000000024e50000)]
  0x000000002bc1c800 JavaThread "jar transforms Thread 1340" [_thread_blocked, id=14876, stack(0x0000000024c50000,0x0000000024d50000)]
  0x000000002bc19800 JavaThread "jar transforms Thread 1339" [_thread_blocked, id=5488, stack(0x0000000024750000,0x0000000024850000)]
  0x000000002bc15800 JavaThread "jar transforms Thread 1338" [_thread_blocked, id=17180, stack(0x0000000024650000,0x0000000024750000)]
  0x000000002bc18800 JavaThread "jar transforms Thread 1337" [_thread_blocked, id=12948, stack(0x0000000024550000,0x0000000024650000)]
  0x000000002bc1a000 JavaThread "jar transforms Thread 1336" [_thread_blocked, id=10564, stack(0x0000000024450000,0x0000000024550000)]
  0x000000002bc1b000 JavaThread "jar transforms Thread 1335" [_thread_blocked, id=4348, stack(0x0000000024350000,0x0000000024450000)]
  0x000000002bc17000 JavaThread "jar transforms Thread 1334" [_thread_blocked, id=16008, stack(0x0000000024250000,0x0000000024350000)]
  0x000000002bc0e000 JavaThread "jar transforms Thread 1333" [_thread_blocked, id=11760, stack(0x0000000023f50000,0x0000000024050000)]
  0x000000002bc0f000 JavaThread "jar transforms Thread 1332" [_thread_blocked, id=15556, stack(0x0000000023950000,0x0000000023a50000)]
  0x000000002bc15000 JavaThread "jar transforms Thread 1331" [_thread_blocked, id=10704, stack(0x0000000023050000,0x0000000023150000)]
  0x000000002bc14000 JavaThread "Build operations Thread 8" [_thread_blocked, id=8684, stack(0x0000000022f50000,0x0000000023050000)]
  0x000000002bc13800 JavaThread "Build operations Thread 7" [_thread_blocked, id=12944, stack(0x0000000022e50000,0x0000000022f50000)]
  0x000000002bc12800 JavaThread "Build operations Thread 6" [_thread_blocked, id=11120, stack(0x0000000022d50000,0x0000000022e50000)]
  0x000000002bc0b000 JavaThread "Build operations Thread 5" [_thread_blocked, id=17756, stack(0x0000000022b50000,0x0000000022c50000)]
  0x000000002bc11000 JavaThread "Build operations Thread 4" [_thread_blocked, id=7560, stack(0x0000000022a50000,0x0000000022b50000)]
  0x000000002bc12000 JavaThread "Build operations Thread 3" [_thread_blocked, id=14208, stack(0x0000000022950000,0x0000000022a50000)]
  0x000000002bc09800 JavaThread "Build operations Thread 2" [_thread_blocked, id=14896, stack(0x0000000022850000,0x0000000022950000)]
  0x000000002bc0d000 JavaThread "Build operations" [_thread_blocked, id=13576, stack(0x0000000022750000,0x0000000022850000)]
  0x000000002bc0b800 JavaThread "Cache worker for cache directory md-rule (C:\Users\user\.gradle\caches\6.5\md-rule)" [_thread_blocked, id=256, stack(0x0000000022650000,0x0000000022750000)]
  0x000000002bc10800 JavaThread "Cache worker for cache directory md-supplier (C:\Users\user\.gradle\caches\6.5\md-supplier)" [_thread_blocked, id=8140, stack(0x0000000021c50000,0x0000000021d50000)]
  0x000000002bc0a000 JavaThread "Cache worker for checksums cache (E:\AppWorks-School\PersonalProject\.gradle\checksums)" [_thread_blocked, id=10404, stack(0x000000001ffa0000,0x00000000200a0000)]
  0x000000002ec1e800 JavaThread "Cache worker for file hash cache (E:\AppWorks-School\PersonalProject\.gradle\6.5\fileHashes)" [_thread_blocked, id=13152, stack(0x000000001f9e0000,0x000000001fae0000)]
  0x000000002ec20000 JavaThread "Thread-1782" [_thread_blocked, id=17748, stack(0x000000001e410000,0x000000001e510000)]
  0x000000002ec1e000 JavaThread "Stdin handler" [_thread_blocked, id=3696, stack(0x000000001e310000,0x000000001e410000)]
  0x000000002ec16800 JavaThread "Asynchronous log dispatcher for DefaultDaemonConnection: socket connection from /127.0.0.1:65387 to /127.0.0.1:54884" [_thread_blocked, id=14020, stack(0x000000001e210000,0x000000001e310000)]
  0x000000002ec1d000 JavaThread "Daemon worker Thread 11" [_thread_blocked, id=5752, stack(0x000000001df10000,0x000000001e010000)]
  0x000000002ec19800 JavaThread "Cancel handler" [_thread_blocked, id=16468, stack(0x000000001de10000,0x000000001df10000)]
  0x000000002ec1b000 JavaThread "Handler for socket connection from /127.0.0.1:65387 to /127.0.0.1:54884" [_thread_in_native, id=13532, stack(0x000000001d860000,0x000000001d960000)]
  0x000000002ec1c800 JavaThread "Daemon Thread 11" [_thread_blocked, id=2076, stack(0x000000001d760000,0x000000001d860000)]
  0x000000001b2bb000 JavaThread "RMI RenewClean-[127.0.0.1:17201,org.jetbrains.kotlin.daemon.common.LoopbackNetworkInterface$ClientLoopbackSocketFactory@722231d6]" daemon [_thread_blocked, id=10376, stack(0x000000003bc50000,0x000000003bd50000)]
  0x00000000319fb800 JavaThread "Cache worker for Java compile cache (C:\Users\user\.gradle\caches\6.5\javaCompile)" [_thread_blocked, id=10064, stack(0x0000000023c50000,0x0000000023d50000)]
  0x00000000319f5800 JavaThread "RMI Reaper" [_thread_blocked, id=4672, stack(0x000000003ca80000,0x000000003cb80000)]
  0x00000000319f5000 JavaThread "RMI TCP Accept-0" daemon [_thread_in_native, id=4132, stack(0x000000003c980000,0x000000003ca80000)]
  0x00000000319f2000 JavaThread "GC Daemon" daemon [_thread_blocked, id=14388, stack(0x000000003c580000,0x000000003c680000)]
  0x000000002e4b1000 JavaThread "RMI TCP Accept-0" daemon [_thread_in_native, id=16456, stack(0x00000000335b0000,0x00000000336b0000)]
  0x000000002ec21800 JavaThread "RMI Scheduler(0)" daemon [_thread_blocked, id=9008, stack(0x0000000001080000,0x0000000001180000)]
  0x000000001ca5c000 JavaThread "Memory manager" [_thread_blocked, id=8548, stack(0x000000002b850000,0x000000002b950000)]
  0x000000001bf51800 JavaThread "Cache worker for file content cache (C:\Users\user\.gradle\caches\6.5\fileContent)" [_thread_blocked, id=5840, stack(0x0000000021d50000,0x0000000021e50000)]
  0x000000001bf4e800 JavaThread "Cache worker for execution history cache (C:\Users\user\.gradle\caches\6.5\executionHistory)" [_thread_blocked, id=3112, stack(0x0000000021550000,0x0000000021650000)]
  0x000000001bf4f800 JavaThread "Cache worker for file hash cache (C:\Users\user\.gradle\caches\6.5\fileHashes)" [_thread_blocked, id=8496, stack(0x000000001e910000,0x000000001ea10000)]
  0x000000001bf4d000 JavaThread "File lock request listener" [_thread_in_native, id=12204, stack(0x000000001e810000,0x000000001e910000)]
  0x000000001a2a8000 JavaThread "Cache worker for journal cache (C:\Users\user\.gradle\caches\journal-1)" [_thread_blocked, id=16516, stack(0x000000001e710000,0x000000001e810000)]
  0x000000001b322800 JavaThread "Daemon periodic checks" [_thread_blocked, id=14840, stack(0x000000001db10000,0x000000001dc10000)]
  0x000000001bcb5000 JavaThread "Incoming local TCP Connector on port 65387" [_thread_in_native, id=17912, stack(0x000000001d960000,0x000000001da60000)]
  0x000000001c898800 JavaThread "Daemon health stats" [_thread_blocked, id=10532, stack(0x000000001d660000,0x000000001d760000)]
  0x0000000019ff0000 JavaThread "Service Thread" daemon [_thread_blocked, id=10476, stack(0x000000001aac0000,0x000000001abc0000)]
  0x0000000019f61000 JavaThread "C1 CompilerThread3" daemon [_thread_blocked, id=8196, stack(0x000000001a9c0000,0x000000001aac0000)]
  0x0000000019f56800 JavaThread "C2 CompilerThread2" daemon [_thread_blocked, id=11088, stack(0x000000001a8c0000,0x000000001a9c0000)]
  0x0000000019f4d000 JavaThread "C2 CompilerThread1" daemon [_thread_blocked, id=17828, stack(0x000000001a7c0000,0x000000001a8c0000)]
  0x0000000019f4b800 JavaThread "C2 CompilerThread0" daemon [_thread_in_native, id=4420, stack(0x000000001a6c0000,0x000000001a7c0000)]
  0x0000000019f4a000 JavaThread "Attach Listener" daemon [_thread_blocked, id=10352, stack(0x000000001a5c0000,0x000000001a6c0000)]
  0x0000000019ef8000 JavaThread "Signal Dispatcher" daemon [_thread_blocked, id=12964, stack(0x000000001a4c0000,0x000000001a5c0000)]
  0x0000000019ee0800 JavaThread "Finalizer" daemon [_thread_blocked, id=15304, stack(0x000000001a3c0000,0x000000001a4c0000)]
  0x0000000003068800 JavaThread "Reference Handler" daemon [_thread_blocked, id=6040, stack(0x000000001a2c0000,0x000000001a3c0000)]
  0x0000000002f6d800 JavaThread "main" [_thread_blocked, id=4140, stack(0x0000000002dc0000,0x0000000002ec0000)]

Other Threads:
  0x00000000180d8000 VMThread [stack: 0x0000000019dc0000,0x0000000019ec0000] [id=18336]
  0x0000000019ff1000 WatcherThread [stack: 0x000000001abc0000,0x000000001acc0000] [id=6028]

=>0x0000000002f94800 (exited) GCTaskThread [stack: 0x00000000131f0000,0x00000000132f0000] [id=11800]

VM state:at safepoint (normal execution)

VM Mutex/Monitor currently owned by a thread:  ([mutex/lock_event])
[0x0000000002f6cdc0] Threads_lock - owner thread: 0x00000000180d8000
[0x0000000002f6d340] Heap_lock - owner thread: 0x000000001ca55000

heap address: 0x0000000080000000, size: 2048 MB, Compressed Oops mode: 32-bit
Narrow klass base: 0x0000000000000000, Narrow klass shift: 3
Compressed class space size: 1073741824 Address: 0x0000000100000000

Heap:
 PSYoungGen      total 479232K, used 121874K [0x00000000d5580000, 0x0000000100000000, 0x0000000100000000)
  eden space 347648K, 0% used [0x00000000d5580000,0x00000000d5580000,0x00000000ea900000)
  from space 131584K, 92% used [0x00000000f7f80000,0x00000000ff684a28,0x0000000100000000)
  to   space 175616K, 0% used [0x00000000ea900000,0x00000000ea900000,0x00000000f5480000)
 ParOldGen       total 721408K, used 703454K [0x0000000080000000, 0x00000000ac080000, 0x00000000d5580000)
  object space 721408K, 97% used [0x0000000080000000,0x00000000aaef7a48,0x00000000ac080000)
 Metaspace       used 248441K, capacity 259466K, committed 259660K, reserved 1275904K
  class space    used 30192K, capacity 32288K, committed 32384K, reserved 1048576K

Card table byte_map: [0x0000000012430000,0x0000000012840000] byte_map_base: 0x0000000012030000

Marking Bits: (ParMarkBitMap*) 0x000000006a13f030
 Begin Bits: [0x00000000132f0000, 0x00000000152f0000)
 End Bits:   [0x00000000152f0000, 0x00000000172f0000)

Polling page: 0x00000000029f0000

CodeCache: size=245760Kb used=137741Kb max_used=137798Kb free=108018Kb
 bounds [0x0000000003070000, 0x000000000b830000, 0x0000000012070000]
 total_blobs=37336 nmethods=36331 adapters=915
 compilation: enabled

Compilation events (10 events):
Event: 11464.597 Thread 0x0000000019f4b800 51411 %     4       com.android.tools.r8.dex.P$i::a @ 39 (834 bytes)
Event: 11464.617 Thread 0x0000000019f4d000 nmethod 51402 0x000000000b7fa550 code [0x000000000b7fb1c0, 0x000000000b807820]
Event: 11464.949 Thread 0x0000000019f61000 51412       1       com.android.tools.r8.code.U3::a (1 bytes)
Event: 11464.950 Thread 0x0000000019f61000 nmethod 51412 0x000000000b4a4ed0 code [0x000000000b4a5020, 0x000000000b4a5130]
Event: 11465.087 Thread 0x0000000019f61000 51413       1       com.android.tools.r8.code.A::a (1 bytes)
Event: 11465.087 Thread 0x0000000019f61000 nmethod 51413 0x00000000087b20d0 code [0x00000000087b2220, 0x00000000087b2330]
Event: 11465.171 Thread 0x0000000019f61000 51414       1       com.android.tools.r8.code.Z3::a (1 bytes)
Event: 11465.171 Thread 0x0000000019f61000 nmethod 51414 0x00000000087b1dd0 code [0x00000000087b1f20, 0x00000000087b2030]
Event: 11465.539 Thread 0x0000000019f56800 51415       4       java.util.IdentityHashMap$KeySpliterator::forEachRemaining (112 bytes)
Event: 11465.547 Thread 0x0000000019f56800 nmethod 51415 0x00000000034f89d0 code [0x00000000034f8b20, 0x00000000034f8e78]

GC Heap History (10 events):
Event: 11460.133 GC heap after
Heap after GC invocations=97 (full 11):
 PSYoungGen      total 556544K, used 18967K [0x00000000d5580000, 0x00000000ff400000, 0x0000000100000000)
  eden space 432640K, 0% used [0x00000000d5580000,0x00000000d5580000,0x00000000efc00000)
  from space 123904K, 15% used [0x00000000f7b00000,0x00000000f8d85da8,0x00000000ff400000)
  to   space 126976K, 0% used [0x00000000efc00000,0x00000000efc00000,0x00000000f7800000)
 ParOldGen       total 721408K, used 566319K [0x0000000080000000, 0x00000000ac080000, 0x00000000d5580000)
  object space 721408K, 78% used [0x0000000080000000,0x00000000a290bde8,0x00000000ac080000)
 Metaspace       used 248324K, capacity 259324K, committed 259660K, reserved 1275904K
  class space    used 30185K, capacity 32275K, committed 32384K, reserved 1048576K
}
Event: 11461.848 GC heap before
{Heap before GC invocations=98 (full 11):
 PSYoungGen      total 556544K, used 451607K [0x00000000d5580000, 0x00000000ff400000, 0x0000000100000000)
  eden space 432640K, 100% used [0x00000000d5580000,0x00000000efc00000,0x00000000efc00000)
  from space 123904K, 15% used [0x00000000f7b00000,0x00000000f8d85da8,0x00000000ff400000)
  to   space 126976K, 0% used [0x00000000efc00000,0x00000000efc00000,0x00000000f7800000)
 ParOldGen       total 721408K, used 566319K [0x0000000080000000, 0x00000000ac080000, 0x00000000d5580000)
  object space 721408K, 78% used [0x0000000080000000,0x00000000a290bde8,0x00000000ac080000)
 Metaspace       used 248430K, capacity 259466K, committed 259660K, reserved 1275904K
  class space    used 30192K, capacity 32288K, committed 32384K, reserved 1048576K
Event: 11461.861 GC heap after
Heap after GC invocations=98 (full 11):
 PSYoungGen      total 559616K, used 4352K [0x00000000d5580000, 0x0000000100000000, 0x0000000100000000)
  eden space 432640K, 0% used [0x00000000d5580000,0x00000000d5580000,0x00000000efc00000)
  from space 126976K, 3% used [0x00000000efc00000,0x00000000f0040080,0x00000000f7800000)
  to   space 125440K, 0% used [0x00000000f8580000,0x00000000f8580000,0x0000000100000000)
 ParOldGen       total 721408K, used 577169K [0x0000000080000000, 0x00000000ac080000, 0x00000000d5580000)
  object space 721408K, 80% used [0x0000000080000000,0x00000000a33a4598,0x00000000ac080000)
 Metaspace       used 248430K, capacity 259466K, committed 259660K, reserved 1275904K
  class space    used 30192K, capacity 32288K, committed 32384K, reserved 1048576K
}
Event: 11462.651 GC heap before
{Heap before GC invocations=99 (full 11):
 PSYoungGen      total 559616K, used 436992K [0x00000000d5580000, 0x0000000100000000, 0x0000000100000000)
  eden space 432640K, 100% used [0x00000000d5580000,0x00000000efc00000,0x00000000efc00000)
  from space 126976K, 3% used [0x00000000efc00000,0x00000000f0040080,0x00000000f7800000)
  to   space 125440K, 0% used [0x00000000f8580000,0x00000000f8580000,0x0000000100000000)
 ParOldGen       total 721408K, used 577169K [0x0000000080000000, 0x00000000ac080000, 0x00000000d5580000)
  object space 721408K, 80% used [0x0000000080000000,0x00000000a33a4598,0x00000000ac080000)
 Metaspace       used 248440K, capacity 259466K, committed 259660K, reserved 1275904K
  class space    used 30192K, capacity 32288K, committed 32384K, reserved 1048576K
Event: 11462.667 GC heap after
Heap after GC invocations=99 (full 11):
 PSYoungGen      total 561152K, used 16465K [0x00000000d5580000, 0x00000000ff580000, 0x0000000100000000)
  eden space 446464K, 0% used [0x00000000d5580000,0x00000000d5580000,0x00000000f0980000)
  from space 114688K, 14% used [0x00000000f8580000,0x00000000f95947f0,0x00000000ff580000)
  to   space 120832K, 0% used [0x00000000f0980000,0x00000000f0980000,0x00000000f7f80000)
 ParOldGen       total 721408K, used 579394K [0x0000000080000000, 0x00000000ac080000, 0x00000000d5580000)
  object space 721408K, 80% used [0x0000000080000000,0x00000000a35d0918,0x00000000ac080000)
 Metaspace       used 248440K, capacity 259466K, committed 259660K, reserved 1275904K
  class space    used 30192K, capacity 32288K, committed 32384K, reserved 1048576K
}
Event: 11463.424 GC heap before
{Heap before GC invocations=100 (full 11):
 PSYoungGen      total 561152K, used 462929K [0x00000000d5580000, 0x00000000ff580000, 0x0000000100000000)
  eden space 446464K, 100% used [0x00000000d5580000,0x00000000f0980000,0x00000000f0980000)
  from space 114688K, 14% used [0x00000000f8580000,0x00000000f95947f0,0x00000000ff580000)
  to   space 120832K, 0% used [0x00000000f0980000,0x00000000f0980000,0x00000000f7f80000)
 ParOldGen       total 721408K, used 579394K [0x0000000080000000, 0x00000000ac080000, 0x00000000d5580000)
  object space 721408K, 80% used [0x0000000080000000,0x00000000a35d0918,0x00000000ac080000)
 Metaspace       used 248440K, capacity 259466K, committed 259660K, reserved 1275904K
  class space    used 30192K, capacity 32288K, committed 32384K, reserved 1048576K
Event: 11463.534 GC heap after
Heap after GC invocations=100 (full 11):
 PSYoungGen      total 567296K, used 120817K [0x00000000d5580000, 0x0000000100000000, 0x0000000100000000)
  eden space 446464K, 0% used [0x00000000d5580000,0x00000000d5580000,0x00000000f0980000)
  from space 120832K, 99% used [0x00000000f0980000,0x00000000f7f7c790,0x00000000f7f80000)
  to   space 131584K, 0% used [0x00000000f7f80000,0x00000000f7f80000,0x0000000100000000)
 ParOldGen       total 721408K, used 624802K [0x0000000080000000, 0x00000000ac080000, 0x00000000d5580000)
  object space 721408K, 86% used [0x0000000080000000,0x00000000a6228890,0x00000000ac080000)
 Metaspace       used 248440K, capacity 259466K, committed 259660K, reserved 1275904K
  class space    used 30192K, capacity 32288K, committed 32384K, reserved 1048576K
}
Event: 11465.810 GC heap before
{Heap before GC invocations=101 (full 11):
 PSYoungGen      total 567296K, used 567103K [0x00000000d5580000, 0x0000000100000000, 0x0000000100000000)
  eden space 446464K, 99% used [0x00000000d5580000,0x00000000f0953800,0x00000000f0980000)
  from space 120832K, 99% used [0x00000000f0980000,0x00000000f7f7c790,0x00000000f7f80000)
  to   space 131584K, 0% used [0x00000000f7f80000,0x00000000f7f80000,0x0000000100000000)
 ParOldGen       total 721408K, used 624802K [0x0000000080000000, 0x00000000ac080000, 0x00000000d5580000)
  object space 721408K, 86% used [0x0000000080000000,0x00000000a6228890,0x00000000ac080000)
 Metaspace       used 248441K, capacity 259466K, committed 259660K, reserved 1275904K
  class space    used 30192K, capacity 32288K, committed 32384K, reserved 1048576K
Event: 11466.042 GC heap after
Heap after GC invocations=101 (full 11):
 PSYoungGen      total 479232K, used 121874K [0x00000000d5580000, 0x0000000100000000, 0x0000000100000000)
  eden space 347648K, 0% used [0x00000000d5580000,0x00000000d5580000,0x00000000ea900000)
  from space 131584K, 92% used [0x00000000f7f80000,0x00000000ff684a28,0x0000000100000000)
  to   space 175616K, 0% used [0x00000000ea900000,0x00000000ea900000,0x00000000f5480000)
 ParOldGen       total 721408K, used 703454K [0x0000000080000000, 0x00000000ac080000, 0x00000000d5580000)
  object space 721408K, 97% used [0x0000000080000000,0x00000000aaef7a48,0x00000000ac080000)
 Metaspace       used 248441K, capacity 259466K, committed 259660K, reserved 1275904K
  class space    used 30192K, capacity 32288K, committed 32384K, reserved 1048576K
}
Event: 11466.042 GC heap before
{Heap before GC invocations=102 (full 12):
 PSYoungGen      total 479232K, used 121874K [0x00000000d5580000, 0x0000000100000000, 0x0000000100000000)
  eden space 347648K, 0% used [0x00000000d5580000,0x00000000d5580000,0x00000000ea900000)
  from space 131584K, 92% used [0x00000000f7f80000,0x00000000ff684a28,0x0000000100000000)
  to   space 175616K, 0% used [0x00000000ea900000,0x00000000ea900000,0x00000000f5480000)
 ParOldGen       total 721408K, used 703454K [0x0000000080000000, 0x00000000ac080000, 0x00000000d5580000)
  object space 721408K, 97% used [0x0000000080000000,0x00000000aaef7a48,0x00000000ac080000)
 Metaspace       used 248441K, capacity 259466K, committed 259660K, reserved 1275904K
  class space    used 30192K, capacity 32288K, committed 32384K, reserved 1048576K

Deoptimization events (10 events):
Event: 11461.580 Thread 0x000000002ce47800 Uncommon trap: reason=class_check action=maybe_recompile pc=0x000000000b3d1b6c method=kotlin.collections.SetsKt___SetsKt.plus(Ljava/util/Set;Ljava/lang/Iterable;)Ljava/util/Set; @ 81
Event: 11461.580 Thread 0x000000002ce47800 Uncommon trap: reason=class_check action=maybe_recompile pc=0x000000000b3d1b6c method=kotlin.collections.SetsKt___SetsKt.plus(Ljava/util/Set;Ljava/lang/Iterable;)Ljava/util/Set; @ 81
Event: 11461.580 Thread 0x000000002ce47800 Uncommon trap: reason=class_check action=maybe_recompile pc=0x000000000b3d1b6c method=kotlin.collections.SetsKt___SetsKt.plus(Ljava/util/Set;Ljava/lang/Iterable;)Ljava/util/Set; @ 81
Event: 11461.776 Thread 0x000000002e4bf800 Uncommon trap: reason=class_check action=maybe_recompile pc=0x000000000933b9f4 method=java.util.HashMap$EntrySpliterator.forEachRemaining(Ljava/util/function/Consumer;)V @ 142
Event: 11461.842 Thread 0x000000002ce48800 Uncommon trap: reason=predicate action=maybe_recompile pc=0x000000000a10f080 method=com.android.ide.common.resources.DataMerger.mergeData(Lcom/android/ide/common/resources/MergeConsumer;Z)V @ 88
Event: 11461.954 Thread 0x000000002e4ba000 Uncommon trap: reason=class_check action=maybe_recompile pc=0x0000000008ff33d4 method=org.gradle.internal.snapshot.impl.DefaultValueSnapshotter.processValue(Ljava/lang/Object;Lorg/gradle/internal/snapshot/impl/DefaultValueSnapshotter$ValueVisitor;)Ljava/l
Event: 11462.048 Thread 0x000000002ce48800 Uncommon trap: reason=array_check action=maybe_recompile pc=0x000000000460897c method=com.google.common.collect.ImmutableList.copyIntoArray([Ljava/lang/Object;I)I @ 25
Event: 11462.048 Thread 0x000000002ce48800 Uncommon trap: reason=array_check action=maybe_recompile pc=0x000000000460897c method=com.google.common.collect.ImmutableList.copyIntoArray([Ljava/lang/Object;I)I @ 25
Event: 11462.048 Thread 0x000000002ce48800 Uncommon trap: reason=array_check action=maybe_recompile pc=0x000000000460897c method=com.google.common.collect.ImmutableList.copyIntoArray([Ljava/lang/Object;I)I @ 25
Event: 11462.049 Thread 0x000000002ce48800 Uncommon trap: reason=array_check action=maybe_recompile pc=0x000000000460897c method=com.google.common.collect.ImmutableList.copyIntoArray([Ljava/lang/Object;I)I @ 25

Classes redefined (0 events):
No events

Internal exceptions (10 events):
Event: 11461.887 Thread 0x000000002ce43000 Exception <a 'sun/nio/fs/WindowsException'> (0x00000000d69d10c8) thrown at [C:\src\AOSP-openjdk-git\hotspot\src\share\vm\prims\jni.cpp, line 710]
Event: 11461.894 Thread 0x000000002ce4c800 Exception <a 'sun/nio/fs/WindowsException'> (0x00000000d69d9d88) thrown at [C:\src\AOSP-openjdk-git\hotspot\src\share\vm\prims\jni.cpp, line 710]
Event: 11461.894 Thread 0x000000002ce4c800 Exception <a 'sun/nio/fs/WindowsException'> (0x00000000d69da250) thrown at [C:\src\AOSP-openjdk-git\hotspot\src\share\vm\prims\jni.cpp, line 710]
Event: 11462.870 Thread 0x000000002e4bf800 Exception <a 'sun/nio/fs/WindowsException'> (0x00000000dc7481f0) thrown at [C:\src\AOSP-openjdk-git\hotspot\src\share\vm\prims\jni.cpp, line 710]
Event: 11462.870 Thread 0x000000002e4bf800 Exception <a 'sun/nio/fs/WindowsException'> (0x00000000dc749280) thrown at [C:\src\AOSP-openjdk-git\hotspot\src\share\vm\prims\jni.cpp, line 710]
Event: 11462.870 Thread 0x000000002e4bf800 Exception <a 'sun/nio/fs/WindowsException'> (0x00000000dc749ec0) thrown at [C:\src\AOSP-openjdk-git\hotspot\src\share\vm\prims\jni.cpp, line 710]
Event: 11462.870 Thread 0x000000002e4bf800 Exception <a 'sun/nio/fs/WindowsException'> (0x00000000dc74af48) thrown at [C:\src\AOSP-openjdk-git\hotspot\src\share\vm\prims\jni.cpp, line 710]
Event: 11462.870 Thread 0x000000002e4bf800 Exception <a 'sun/nio/fs/WindowsException'> (0x00000000dc74ba18) thrown at [C:\src\AOSP-openjdk-git\hotspot\src\share\vm\prims\jni.cpp, line 710]
Event: 11462.871 Thread 0x000000002e4bf800 Exception <a 'sun/nio/fs/WindowsException'> (0x00000000dc74ca70) thrown at [C:\src\AOSP-openjdk-git\hotspot\src\share\vm\prims\jni.cpp, line 710]
Event: 11462.959 Thread 0x000000001b2b9000 Exception <a 'sun/nio/fs/WindowsException'> (0x00000000dedfc488) thrown at [C:\src\AOSP-openjdk-git\hotspot\src\share\vm\prims\jni.cpp, line 710]

Events (10 events):
Event: 11463.891 Thread 0x000000001ca57800 Thread exited: 0x000000001ca57800
Event: 11463.892 Thread 0x000000002ce4f800 Thread exited: 0x000000002ce4f800
Event: 11463.893 Thread 0x000000002ce4e800 Thread exited: 0x000000002ce4e800
Event: 11464.771 Thread 0x000000002ce43000 Thread exited: 0x000000002ce43000
Event: 11464.897 Thread 0x000000002ce4c800 Thread exited: 0x000000002ce4c800
Event: 11465.539 Thread 0x000000001ca59800 DEOPT PACKING pc=0x00000000095574e6 sp=0x0000000049efee90
Event: 11465.539 Thread 0x000000001ca59800 DEOPT UNPACKING pc=0x00000000030b75d0 sp=0x0000000049efebd0 mode 0
Event: 11465.541 Thread 0x000000001ca61000 DEOPT PACKING pc=0x00000000095574e6 sp=0x000000004a1fe920
Event: 11465.541 Thread 0x000000001ca61000 DEOPT UNPACKING pc=0x00000000030b75d0 sp=0x000000004a1fe660 mode 0
Event: 11465.809 Executing VM operation: ParallelGCFailedAllocation


Dynamic libraries:
0x00007ff662070000 - 0x00007ff6620a1000 	C:\Program Files\Android\Android Studio\jre\bin\java.exe
0x00007ff8039f0000 - 0x00007ff803be5000 	C:\WINDOWS\SYSTEM32\ntdll.dll
0x00007ff8038f0000 - 0x00007ff8039ad000 	C:\WINDOWS\System32\KERNEL32.DLL
0x00007ff801700000 - 0x00007ff8019c9000 	C:\WINDOWS\System32\KERNELBASE.dll
0x00007ff8028d0000 - 0x00007ff80297c000 	C:\WINDOWS\System32\ADVAPI32.dll
0x00007ff802a00000 - 0x00007ff802a9e000 	C:\WINDOWS\System32\msvcrt.dll
0x00007ff8027b0000 - 0x00007ff80284c000 	C:\WINDOWS\System32\sechost.dll
0x00007ff801c50000 - 0x00007ff801d7b000 	C:\WINDOWS\System32\RPCRT4.dll
0x00007ff801a50000 - 0x00007ff801bf0000 	C:\WINDOWS\System32\USER32.dll
0x00007ff8015d0000 - 0x00007ff8015f2000 	C:\WINDOWS\System32\win32u.dll
0x00007ff802aa0000 - 0x00007ff802aca000 	C:\WINDOWS\System32\GDI32.dll
0x00007ff801490000 - 0x00007ff80159b000 	C:\WINDOWS\System32\gdi32full.dll
0x00007ff8011e0000 - 0x00007ff80127d000 	C:\WINDOWS\System32\msvcp_win.dll
0x00007ff801600000 - 0x00007ff801700000 	C:\WINDOWS\System32\ucrtbase.dll
0x00007fffecc60000 - 0x00007fffecefa000 	C:\WINDOWS\WinSxS\amd64_microsoft.windows.common-controls_6595b64144ccf1df_6.0.19041.844_none_ca00b6081b84eb1d\COMCTL32.dll
0x00007ff802780000 - 0x00007ff8027b0000 	C:\WINDOWS\System32\IMM32.DLL
0x00000000697b0000 - 0x0000000069882000 	C:\Program Files\Android\Android Studio\jre\jre\bin\msvcr100.dll
0x0000000069970000 - 0x000000006a1bb000 	C:\Program Files\Android\Android Studio\jre\jre\bin\server\jvm.dll
0x00007ff802980000 - 0x00007ff802988000 	C:\WINDOWS\System32\PSAPI.DLL
0x00007ffff6e30000 - 0x00007ffff6e39000 	C:\WINDOWS\SYSTEM32\WSOCK32.dll
0x00007ffff3610000 - 0x00007ffff3637000 	C:\WINDOWS\SYSTEM32\WINMM.dll
0x00007ffff4aa0000 - 0x00007ffff4aaa000 	C:\WINDOWS\SYSTEM32\VERSION.dll
0x00007ff8024f0000 - 0x00007ff80255b000 	C:\WINDOWS\System32\WS2_32.dll
0x00007ffffc040000 - 0x00007ffffc04f000 	C:\Program Files\Android\Android Studio\jre\jre\bin\verify.dll
0x00007fffed990000 - 0x00007fffed9b9000 	C:\Program Files\Android\Android Studio\jre\jre\bin\java.dll
0x00007ffff65a0000 - 0x00007ffff65b6000 	C:\Program Files\Android\Android Studio\jre\jre\bin\zip.dll
0x00007ff803010000 - 0x00007ff803752000 	C:\WINDOWS\System32\SHELL32.dll
0x00007fffff280000 - 0x00007fffffa10000 	C:\WINDOWS\SYSTEM32\windows.storage.dll
0x00007ff801f10000 - 0x00007ff802265000 	C:\WINDOWS\System32\combase.dll
0x00007ff800ba0000 - 0x00007ff800bcc000 	C:\WINDOWS\SYSTEM32\Wldp.dll
0x00007ff802ad0000 - 0x00007ff802b7e000 	C:\WINDOWS\System32\SHCORE.dll
0x00007ff801bf0000 - 0x00007ff801c45000 	C:\WINDOWS\System32\shlwapi.dll
0x00007ff801070000 - 0x00007ff80108f000 	C:\WINDOWS\SYSTEM32\profapi.dll
0x00007ffff1720000 - 0x00007ffff173a000 	C:\Program Files\Android\Android Studio\jre\jre\bin\net.dll
0x00007ff800920000 - 0x00007ff80098a000 	C:\WINDOWS\system32\mswsock.dll
0x00007fffed970000 - 0x00007fffed983000 	C:\Program Files\Android\Android Studio\jre\jre\bin\nio.dll
0x00007fffd4190000 - 0x00007fffd41b7000 	C:\Users\user\.gradle\native\f6784746aeab05261644944871eae4fe03e0ef1612fff0a4a95f87b438bc6780\windows-amd64\native-platform.dll
0x00007ffffbad0000 - 0x00007ffffbadd000 	C:\Program Files\Android\Android Studio\jre\jre\bin\management.dll
0x00007ff800af0000 - 0x00007ff800b08000 	C:\WINDOWS\SYSTEM32\CRYPTSP.dll
0x00007ff800250000 - 0x00007ff800284000 	C:\WINDOWS\system32\rsaenh.dll
0x00007ff8015a0000 - 0x00007ff8015c7000 	C:\WINDOWS\System32\bcrypt.dll
0x00007ff801030000 - 0x00007ff80105e000 	C:\WINDOWS\SYSTEM32\USERENV.dll
0x00007ff8019d0000 - 0x00007ff801a50000 	C:\WINDOWS\System32\bcryptprimitives.dll
0x00007ff800b10000 - 0x00007ff800b1c000 	C:\WINDOWS\SYSTEM32\CRYPTBASE.dll
0x00007ff8005c0000 - 0x00007ff8005fb000 	C:\WINDOWS\SYSTEM32\IPHLPAPI.DLL
0x00007ff801f00000 - 0x00007ff801f08000 	C:\WINDOWS\System32\NSI.dll
0x00007ffff8980000 - 0x00007ffff8997000 	C:\WINDOWS\SYSTEM32\dhcpcsvc6.DLL
0x00007ffff9070000 - 0x00007ffff908d000 	C:\WINDOWS\SYSTEM32\dhcpcsvc.DLL
0x00007ff800610000 - 0x00007ff8006db000 	C:\WINDOWS\SYSTEM32\DNSAPI.dll
0x00007ffffa120000 - 0x00007ffffa12b000 	C:\WINDOWS\SYSTEM32\WINNSI.DLL
0x00007fffce420000 - 0x00007fffce43e000 	C:\Users\user\AppData\Local\Temp\native-platform5498196428589366147dir\native-platform.dll
0x00007fffe9b10000 - 0x00007fffe9b34000 	C:\Program Files\Android\Android Studio\jre\jre\bin\sunec.dll
0x00007ffff80b0000 - 0x00007ffff80ba000 	C:\Windows\System32\rasadhlp.dll
0x00007ffff32c0000 - 0x00007ffff333f000 	C:\WINDOWS\System32\fwpuclnt.dll
0x00007ffff9930000 - 0x00007ffff993b000 	C:\Program Files\Android\Android Studio\jre\jre\bin\sunmscapi.dll
0x00007ff801280000 - 0x00007ff8013df000 	C:\WINDOWS\System32\CRYPT32.dll
0x00007fffffe70000 - 0x00007fffffea3000 	C:\WINDOWS\SYSTEM32\ntmarta.dll
0x00007ffffa300000 - 0x00007ffffa31e000 	C:\Users\user\AppData\Local\Temp\native-platform7589522460560453327dir\native-platform.dll
0x00007ffff8790000 - 0x00007ffff8974000 	C:\WINDOWS\SYSTEM32\dbghelp.dll

VM Arguments:
jvm_args: -Xmx2048m -Dfile.encoding=UTF-8 -Duser.country=TW -Duser.language=zh -Duser.variant 
java_command: org.gradle.launcher.daemon.bootstrap.GradleDaemon 6.5
java_class_path (initial): C:\Users\user\.gradle\wrapper\dists\gradle-6.5-bin\6nifqtx7604sqp1q6g8wikw7p\gradle-6.5\lib\gradle-launcher-6.5.jar
Launcher Type: SUN_STANDARD

Environment Variables:
PATH=C:\Program Files (x86)\Common Files\Oracle\Java\javapath;C:\WINDOWS\system32;C:\WINDOWS;C:\WINDOWS\System32\Wbem;C:\WINDOWS\System32\WindowsPowerShell\v1.0\;C:\WINDOWS\System32\OpenSSH\;C:\Program Files\dotnet\;C:\Program Files\Microsoft SQL Server\130\Tools\Binn\;C:\Program Files\Microsoft SQL Server\Client SDK\ODBC\170\Tools\Binn\;C:\Program Files\Git\cmd;C:\Users\user\AppData\Local\Microsoft\WindowsApps;C:\Users\user\.dotnet\tools;C:\Users\user\AppData\Local\Programs\Microsoft VS Code\bin
USERNAME=user
OS=Windows_NT
PROCESSOR_IDENTIFIER=Intel64 Family 6 Model 60 Stepping 3, GenuineIntel



---------------  S Y S T E M  ---------------

OS: Windows 10.0 , 64 bit Build 19041 (10.0.19041.804)

CPU:total 8 (initial active 8) (4 cores per cpu, 2 threads per core) family 6 model 60 stepping 3, cmov, cx8, fxsr, mmx, sse, sse2, sse3, ssse3, sse4.1, sse4.2, popcnt, avx, avx2, aes, clmul, erms, lzcnt, ht, tsc, tscinvbit, bmi1, bmi2

Memory: 4k page, physical 16614588k(2367904k free), swap 27624636k(5563404k free)

vm_info: OpenJDK 64-Bit Server VM (25.242-b01) for windows-amd64 JRE (1.8.0_242-release-1644-b01), built by "builder" with MS VC++ 10.0 (VS2010)

time: Sat Jun 05 10:35:51 2021
timezone: x_
elapsed time: 11466 seconds (0d 3h 11m 6s)

