#
# A fatal error has been detected by the Java Runtime Environment:
#
#  EXCEPTION_ACCESS_VIOLATION (0xc0000005) at pc=0x000000005b9227c6, pid=12248, tid=0x0000000000004a58
#
# JRE version: OpenJDK Runtime Environment (8.0_242-b01) (build 1.8.0_242-release-1644-b01)
# Java VM: OpenJDK 64-Bit Server VM (25.242-b01 mixed mode windows-amd64 compressed oops)
# Problematic frame:
# V  [jvm.dll+0x3d27c6]
#
# Failed to write core dump. Minidumps are not enabled by default on client versions of Windows
#
# If you would like to submit a bug report, please visit:
#   
#

---------------  T H R E A D  ---------------

Current thread (0x0000000002b4c000):  GCTaskThread [stack: 0x00000000129b0000,0x0000000012ab0000] [id=19032]

siginfo: ExceptionCode=0xc0000005, reading address 0xffffffffffffffff

Registers:
RAX=0x0074006300650070, RBX=0x00000000dedb4560, RCX=0x00000000000001bf, RDX=0x00000000000001b8
RSP=0x0000000012aaf9a0, RBP=0x0000000000000037, RSI=0x0000000017c94580, RDI=0x000000002d6d7ab0
R8 =0x00000000c2000dc2, R9 =0x1fffffffffffffff, R10=0x0000000000000008, R11=0x00000000f2b774a0
R12=0x000000005bb6ddd0, R13=0x0074006300650072, R14=0x0000000000000000, R15=0x0000000002b4c250
RIP=0x000000005b9227c6, EFLAGS=0x0000000000010202

Top of Stack: (sp=0x0000000012aaf9a0)
0x0000000012aaf9a0:   00000000d6db4528 0000000000000007
0x0000000012aaf9b0:   0000000017c94580 000000005b61785a
0x0000000012aaf9c0:   00000000f2b6f4b0 0000000000001000
0x0000000012aaf9d0:   00000000d9b1b2c0 0000000012aafb00
0x0000000012aaf9e0:   0000000000000000 0000000002b3e401
0x0000000012aaf9f0:   000000005bb6ddd0 000000005b922b20
0x0000000012aafa00:   00000000f2b71738 0000000000000000
0x0000000012aafa10:   0000000017c94580 000000002d6d7ab0
0x0000000012aafa20:   00000000f2b71738 000000005b9234f5
0x0000000012aafa30:   0000000000000005 000000005bb6ddd0
0x0000000012aafa40:   00000000f2b714f0 000000005b922a31
0x0000000012aafa50:   00000000d6db4740 0000000000000005
0x0000000012aafa60:   0000000017c94580 0000a26d00004f47
0x0000000012aafa70:   00000000f28274b0 0000a26d00004f48
0x0000000012aafa80:   0000a3a70000734a 0000a26d00004f47
0x0000000012aafa90:   0000000002b4c240 0000000002b3e4c0 

Instructions: (pc=0x000000005b9227c6)
0x000000005b9227a6:   48 8b 52 08 48 8b cb e8 fe 8f cb ff 48 63 e8 41
0x000000005b9227b6:   0f b6 c5 f6 d0 a8 01 49 8b c5 74 06 48 83 e0 fd
0x000000005b9227c6:   8b 00 48 c1 e8 03 83 e0 0f 3b 05 63 c9 3f 00 0f
0x000000005b9227d6:   83 11 01 00 00 48 8b d5 48 8b ce e8 fa f9 ff ff 


Register to memory mapping:

RAX=0x0074006300650070 is an unknown value
RBX=0x00000000dedb4560 is an oop

[error occurred during error reporting (printing register info), id 0xc0000005]

Stack: [0x00000000129b0000,0x0000000012ab0000],  sp=0x0000000012aaf9a0,  free space=1022k
Native frames: (J=compiled Java code, j=interpreted, Vv=VM code, C=native code)
V  [jvm.dll+0x3d27c6]
V  [jvm.dll+0x3d2b20]
V  [jvm.dll+0x3d34f5]
V  [jvm.dll+0x3d60ab]
V  [jvm.dll+0x3c482e]
V  [jvm.dll+0x27276a]
C  [msvcr100.dll+0x21d9f]
C  [msvcr100.dll+0x21e3b]
C  [KERNEL32.DLL+0x17034]
C  [ntdll.dll+0x52651]


---------------  P R O C E S S  ---------------

Java Threads: ( => current thread )
  0x000000001c60c000 JavaThread "WorkerExecutor Queue Thread 12" [_thread_blocked, id=18596, stack(0x0000000000bb0000,0x0000000000cb0000)]
  0x000000001fc94000 JavaThread "RMI TCP Connection(2)-127.0.0.1" daemon [_thread_in_native, id=17756, stack(0x00000000345e0000,0x00000000346e0000)]
  0x000000001fc98000 JavaThread "RMI Reaper" [_thread_blocked, id=13148, stack(0x00000000344e0000,0x00000000345e0000)]
  0x000000001fc96800 JavaThread "RMI TCP Accept-0" daemon [_thread_in_native, id=7908, stack(0x00000000342d0000,0x00000000343d0000)]
  0x000000001fc91000 JavaThread "GC Daemon" daemon [_thread_blocked, id=8268, stack(0x00000000343e0000,0x00000000344e0000)]
  0x000000001fc89000 JavaThread "RMI Scheduler(0)" daemon [_thread_blocked, id=14404, stack(0x000000002ff30000,0x0000000030030000)]
  0x000000001fc86800 JavaThread "WorkerExecutor Queue Thread 11" [_thread_blocked, id=2840, stack(0x0000000000cb0000,0x0000000000db0000)]
  0x000000001fc87800 JavaThread "WorkerExecutor Queue Thread 10" [_thread_blocked, id=9104, stack(0x0000000000ab0000,0x0000000000bb0000)]
  0x000000001fc83800 JavaThread "stdout" [_thread_in_native, id=14512, stack(0x0000000032050000,0x0000000032150000)]
  0x000000001fc7c000 JavaThread "stderr" [_thread_in_native, id=18096, stack(0x0000000031f50000,0x0000000032050000)]
  0x000000001fc83000 JavaThread "stdout" [_thread_in_native, id=19484, stack(0x0000000031e50000,0x0000000031f50000)]
  0x000000001fc7b800 JavaThread "stderr" [_thread_in_native, id=7448, stack(0x0000000031d50000,0x0000000031e50000)]
  0x000000001fc82000 JavaThread "stdout" [_thread_in_native, id=3424, stack(0x0000000031c50000,0x0000000031d50000)]
  0x000000001fc7a800 JavaThread "stderr" [_thread_in_native, id=19196, stack(0x0000000031b50000,0x0000000031c50000)]
  0x000000001fc80000 JavaThread "stdout" [_thread_in_native, id=19236, stack(0x0000000031a50000,0x0000000031b50000)]
  0x000000001fc7e800 JavaThread "stderr" [_thread_in_native, id=8804, stack(0x0000000031950000,0x0000000031a50000)]
  0x000000001fc81800 JavaThread "stdout" [_thread_in_native, id=9072, stack(0x0000000031570000,0x0000000031670000)]
  0x000000001fc80800 JavaThread "stderr" [_thread_in_native, id=11600, stack(0x0000000031470000,0x0000000031570000)]
  0x000000001fc7a000 JavaThread "stdout" [_thread_in_native, id=16464, stack(0x0000000031370000,0x0000000031470000)]
  0x000000001c615800 JavaThread "stderr" [_thread_in_native, id=14248, stack(0x0000000031270000,0x0000000031370000)]
  0x000000001c616800 JavaThread "stdout" [_thread_in_native, id=16328, stack(0x0000000031170000,0x0000000031270000)]
  0x000000001c615000 JavaThread "stderr" [_thread_in_native, id=16668, stack(0x0000000030cc0000,0x0000000030dc0000)]
  0x000000001c614000 JavaThread "WorkerExecutor Queue Thread 8" [_thread_blocked, id=6228, stack(0x0000000030f70000,0x0000000031070000)]
  0x000000001c612800 JavaThread "pool-2-thread-1" [_thread_blocked, id=4156, stack(0x0000000030e70000,0x0000000030f70000)]
  0x000000001c60a800 JavaThread "WorkerExecutor Queue Thread 6" [_thread_blocked, id=9828, stack(0x0000000030bc0000,0x0000000030cc0000)]
  0x0000000020294000 JavaThread "Cache worker for execution history cache (E:\AppWorks-School\PersonalProject\.gradle\6.5\executionHistory)" [_thread_blocked, id=15764, stack(0x000000002fc30000,0x000000002fd30000)]
  0x0000000020293800 JavaThread "Execution worker for ':' Thread 7" [_thread_blocked, id=7544, stack(0x000000002fb30000,0x000000002fc30000)]
  0x0000000020292800 JavaThread "Execution worker for ':' Thread 6" [_thread_blocked, id=13568, stack(0x000000002fa30000,0x000000002fb30000)]
  0x0000000020295000 JavaThread "Execution worker for ':' Thread 5" [_thread_blocked, id=11556, stack(0x000000002f930000,0x000000002fa30000)]
  0x000000002028b000 JavaThread "Execution worker for ':' Thread 4" [_thread_blocked, id=13776, stack(0x000000002f830000,0x000000002f930000)]
  0x0000000020292000 JavaThread "Execution worker for ':' Thread 3" [_thread_blocked, id=16008, stack(0x000000002f730000,0x000000002f830000)]
  0x000000002028c000 JavaThread "Execution worker for ':' Thread 2" [_thread_blocked, id=5428, stack(0x000000002f630000,0x000000002f730000)]
  0x0000000020291000 JavaThread "Execution worker for ':'" [_thread_blocked, id=12456, stack(0x000000002f530000,0x000000002f630000)]
  0x000000002028f800 JavaThread "Cache worker for file content cache (E:\AppWorks-School\PersonalProject\.gradle\6.5\fileContent)" [_thread_blocked, id=11624, stack(0x000000002f430000,0x000000002f530000)]
  0x000000002028a800 JavaThread "Memory manager" [_thread_blocked, id=19464, stack(0x000000002dd40000,0x000000002de40000)]
  0x0000000020289800 JavaThread "pool-1-thread-1" [_thread_blocked, id=13076, stack(0x000000002ba70000,0x000000002bb70000)]
  0x0000000020290800 JavaThread "Cache worker for Build Output Cleanup Cache (E:\AppWorks-School\PersonalProject\.gradle\buildOutputCleanup)" [_thread_blocked, id=13336, stack(0x000000002b970000,0x000000002ba70000)]
  0x0000000021260000 JavaThread "Build operations Thread 8" [_thread_blocked, id=18488, stack(0x0000000023a70000,0x0000000023b70000)]
  0x0000000021263000 JavaThread "Build operations Thread 7" [_thread_blocked, id=4948, stack(0x0000000023970000,0x0000000023a70000)]
  0x000000002125e000 JavaThread "Build operations Thread 6" [_thread_blocked, id=11724, stack(0x0000000023870000,0x0000000023970000)]
  0x000000002125f800 JavaThread "Build operations Thread 5" [_thread_blocked, id=16316, stack(0x0000000023770000,0x0000000023870000)]
  0x000000002125d000 JavaThread "Build operations Thread 4" [_thread_blocked, id=3416, stack(0x0000000023670000,0x0000000023770000)]
  0x000000002125e800 JavaThread "Build operations Thread 3" [_thread_blocked, id=12964, stack(0x0000000023570000,0x0000000023670000)]
  0x000000002125b800 JavaThread "Build operations Thread 2" [_thread_blocked, id=15540, stack(0x0000000023470000,0x0000000023570000)]
  0x0000000021262800 JavaThread "Build operations" [_thread_blocked, id=19028, stack(0x0000000023370000,0x0000000023470000)]
  0x000000001c4a0000 JavaThread "Cache worker for file content cache (C:\Users\user\.gradle\caches\6.5\fileContent)" [_thread_blocked, id=11740, stack(0x00000000228e0000,0x00000000229e0000)]
  0x000000001c49e800 JavaThread "Cache worker for execution history cache (C:\Users\user\.gradle\caches\6.5\executionHistory)" [_thread_blocked, id=17392, stack(0x0000000021e40000,0x0000000021f40000)]
  0x000000001c499000 JavaThread "Cache worker for cache directory md-rule (C:\Users\user\.gradle\caches\6.5\md-rule)" [_thread_blocked, id=13876, stack(0x0000000021d40000,0x0000000021e40000)]
  0x000000001c49d800 JavaThread "Cache worker for cache directory md-supplier (C:\Users\user\.gradle\caches\6.5\md-supplier)" [_thread_blocked, id=836, stack(0x0000000020bd0000,0x0000000020cd0000)]
  0x000000001c49d000 JavaThread "Cache worker for checksums cache (E:\AppWorks-School\PersonalProject\.gradle\checksums)" [_thread_blocked, id=4796, stack(0x0000000020ad0000,0x0000000020bd0000)]
  0x000000001c49a000 JavaThread "Cache worker for file hash cache (E:\AppWorks-School\PersonalProject\.gradle\6.5\fileHashes)" [_thread_blocked, id=12196, stack(0x000000001e5d0000,0x000000001e6d0000)]
  0x000000001c49f000 JavaThread "Cache worker for file hash cache (C:\Users\user\.gradle\caches\6.5\fileHashes)" [_thread_blocked, id=5400, stack(0x000000001e4d0000,0x000000001e5d0000)]
  0x000000001c49c000 JavaThread "File lock request listener" [_thread_in_native, id=5416, stack(0x000000001e3d0000,0x000000001e4d0000)]
  0x000000001a96c000 JavaThread "Cache worker for journal cache (C:\Users\user\.gradle\caches\journal-1)" [_thread_blocked, id=18464, stack(0x000000001e2d0000,0x000000001e3d0000)]
  0x000000001c38c000 JavaThread "Thread-9" [_thread_blocked, id=3408, stack(0x000000001dfd0000,0x000000001e0d0000)]
  0x000000001c38a000 JavaThread "Asynchronous log dispatcher for DefaultDaemonConnection: socket connection from /127.0.0.1:65048 to /127.0.0.1:65049" [_thread_blocked, id=14232, stack(0x000000001ddd0000,0x000000001ded0000)]
  0x000000001c38e800 JavaThread "Daemon worker" [_thread_blocked, id=12676, stack(0x000000001dcd0000,0x000000001ddd0000)]
  0x000000001c39f000 JavaThread "Cancel handler" [_thread_blocked, id=10652, stack(0x000000001dbd0000,0x000000001dcd0000)]
  0x000000001c36b800 JavaThread "Handler for socket connection from /127.0.0.1:65048 to /127.0.0.1:65049" [_thread_in_native, id=20296, stack(0x000000001dad0000,0x000000001dbd0000)]
  0x000000001c366000 JavaThread "Daemon" [_thread_blocked, id=18604, stack(0x000000001d9d0000,0x000000001dad0000)]
  0x000000001c2df000 JavaThread "Daemon periodic checks" [_thread_blocked, id=5948, stack(0x000000001d6d0000,0x000000001d7d0000)]
  0x000000001c2dd800 JavaThread "Incoming local TCP Connector on port 65048" [_thread_in_native, id=18440, stack(0x000000001d520000,0x000000001d620000)]
  0x000000001bf05800 JavaThread "Daemon health stats" [_thread_blocked, id=9244, stack(0x000000001d220000,0x000000001d320000)]
  0x0000000019ba6000 JavaThread "Service Thread" daemon [_thread_blocked, id=19344, stack(0x000000001a680000,0x000000001a780000)]
  0x0000000019b1e000 JavaThread "C1 CompilerThread3" daemon [_thread_blocked, id=11024, stack(0x000000001a580000,0x000000001a680000)]
  0x0000000019b19000 JavaThread "C2 CompilerThread2" daemon [_thread_blocked, id=18288, stack(0x000000001a480000,0x000000001a580000)]
  0x0000000017cac000 JavaThread "C2 CompilerThread1" daemon [_thread_blocked, id=17696, stack(0x000000001a380000,0x000000001a480000)]
  0x0000000019b0f800 JavaThread "C2 CompilerThread0" daemon [_thread_in_native, id=19428, stack(0x000000001a280000,0x000000001a380000)]
  0x0000000019abc000 JavaThread "Attach Listener" daemon [_thread_blocked, id=12000, stack(0x000000001a180000,0x000000001a280000)]
  0x0000000019abb000 JavaThread "Signal Dispatcher" daemon [_thread_blocked, id=12236, stack(0x000000001a080000,0x000000001a180000)]
  0x0000000002c2e000 JavaThread "Finalizer" daemon [_thread_blocked, id=13740, stack(0x0000000019f80000,0x000000001a080000)]
  0x0000000017c9c800 JavaThread "Reference Handler" daemon [_thread_blocked, id=14716, stack(0x0000000019e80000,0x0000000019f80000)]
  0x0000000000ead800 JavaThread "main" [_thread_blocked, id=6092, stack(0x0000000002690000,0x0000000002790000)]

Other Threads:
  0x0000000017c98000 VMThread [stack: 0x0000000019980000,0x0000000019a80000] [id=4380]
  0x0000000019ba6800 WatcherThread [stack: 0x000000001a780000,0x000000001a880000] [id=700]

=>0x0000000002b4c000 (exited) GCTaskThread [stack: 0x00000000129b0000,0x0000000012ab0000] [id=19032]

VM state:at safepoint (normal execution)

VM Mutex/Monitor currently owned by a thread:  ([mutex/lock_event])
[0x0000000000eace20] Threads_lock - owner thread: 0x0000000017c98000
[0x0000000000eacc20] Heap_lock - owner thread: 0x000000001c614000

heap address: 0x0000000080000000, size: 2048 MB, Compressed Oops mode: 32-bit
Narrow klass base: 0x0000000000000000, Narrow klass shift: 3
Compressed class space size: 1073741824 Address: 0x0000000100000000

Heap:
 PSYoungGen      total 502272K, used 418598K [0x00000000d5580000, 0x00000000fda00000, 0x0000000100000000)
  eden space 367104K, 100% used [0x00000000d5580000,0x00000000ebc00000,0x00000000ebc00000)
  from space 135168K, 38% used [0x00000000f5600000,0x00000000f8849b48,0x00000000fda00000)
  to   space 146432K, 84% used [0x00000000ebc00000,0x00000000f34674b0,0x00000000f4b00000)
 ParOldGen       total 593920K, used 354931K [0x0000000080000000, 0x00000000a4400000, 0x00000000d5580000)
  object space 593920K, 59% used [0x0000000080000000,0x0000000095a9ced0,0x00000000a4400000)
 Metaspace       used 110879K, capacity 115790K, committed 115928K, reserved 1150976K
  class space    used 14235K, capacity 15318K, committed 15360K, reserved 1048576K

Card table byte_map: [0x0000000011ff0000,0x0000000012400000] byte_map_base: 0x0000000011bf0000

Marking Bits: (ParMarkBitMap*) 0x000000005bd1f030
 Begin Bits: [0x0000000012eb0000, 0x0000000014eb0000)
 End Bits:   [0x0000000014eb0000, 0x0000000016eb0000)

Polling page: 0x00000000009a0000

CodeCache: size=245760Kb used=60559Kb max_used=60559Kb free=185200Kb
 bounds [0x0000000002c30000, 0x00000000067b0000, 0x0000000011c30000]
 total_blobs=18274 nmethods=17344 adapters=839
 compilation: enabled

Compilation events (10 events):
Event: 79.729 Thread 0x0000000017cac000 nmethod 21996 0x00000000056ec510 code [0x00000000056ec640, 0x00000000056ec6b8]
Event: 79.729 Thread 0x0000000017cac000 22130       4       java.util.Locale::getCountry (8 bytes)
Event: 79.730 Thread 0x0000000017cac000 nmethod 22130 0x00000000054712d0 code [0x0000000005471400, 0x0000000005471478]
Event: 79.730 Thread 0x0000000017cac000 22006       4       com.sun.tools.javac.tree.JCTree$JCLiteral::accept (6 bytes)
Event: 79.731 Thread 0x0000000017cac000 nmethod 22006 0x0000000005ae2f50 code [0x0000000005ae3080, 0x0000000005ae30f8]
Event: 79.731 Thread 0x0000000017cac000 22008       4       com.sun.tools.javac.processing.JavacProcessingEnvironment$1::scan (15 bytes)
Event: 79.732 Thread 0x0000000017cac000 nmethod 22008 0x0000000005a6e9d0 code [0x0000000005a6eb00, 0x0000000005a6eb98]
Event: 79.732 Thread 0x0000000017cac000 22125       4       sun.util.locale.provider.LocaleResources::removeEmptyReferences (33 bytes)
Event: 79.737 Thread 0x0000000017cac000 nmethod 22125 0x000000000574d790 code [0x000000000574d8e0, 0x000000000574dc38]
Event: 79.737 Thread 0x0000000017cac000 22168       4       com.sun.org.apache.xerces.internal.utils.XMLLimitAnalyzer::addValue (260 bytes)

GC Heap History (10 events):
Event: 43.456 GC heap after
Heap after GC invocations=26 (full 4):
 PSYoungGen      total 361472K, used 23952K [0x00000000d5580000, 0x00000000fb800000, 0x0000000100000000)
  eden space 276480K, 0% used [0x00000000d5580000,0x00000000d5580000,0x00000000e6380000)
  from space 84992K, 28% used [0x00000000ee880000,0x00000000effe42f8,0x00000000f3b80000)
  to   space 136192K, 0% used [0x00000000e6380000,0x00000000e6380000,0x00000000ee880000)
 ParOldGen       total 593920K, used 275574K [0x0000000080000000, 0x00000000a4400000, 0x00000000d5580000)
  object space 593920K, 46% used [0x0000000080000000,0x0000000090d1d910,0x00000000a4400000)
 Metaspace       used 90890K, capacity 94946K, committed 96088K, reserved 1132544K
  class space    used 12077K, capacity 12924K, committed 13184K, reserved 1048576K
}
Event: 46.198 GC heap before
{Heap before GC invocations=27 (full 4):
 PSYoungGen      total 361472K, used 300432K [0x00000000d5580000, 0x00000000fb800000, 0x0000000100000000)
  eden space 276480K, 100% used [0x00000000d5580000,0x00000000e6380000,0x00000000e6380000)
  from space 84992K, 28% used [0x00000000ee880000,0x00000000effe42f8,0x00000000f3b80000)
  to   space 136192K, 0% used [0x00000000e6380000,0x00000000e6380000,0x00000000ee880000)
 ParOldGen       total 593920K, used 275574K [0x0000000080000000, 0x00000000a4400000, 0x00000000d5580000)
  object space 593920K, 46% used [0x0000000080000000,0x0000000090d1d910,0x00000000a4400000)
 Metaspace       used 93690K, capacity 98084K, committed 98520K, reserved 1134592K
  class space    used 12511K, capacity 13473K, committed 13568K, reserved 1048576K
Event: 46.455 GC heap after
Heap after GC invocations=27 (full 4):
 PSYoungGen      total 412672K, used 87784K [0x00000000d5580000, 0x00000000fb900000, 0x0000000100000000)
  eden space 276480K, 0% used [0x00000000d5580000,0x00000000d5580000,0x00000000e6380000)
  from space 136192K, 64% used [0x00000000e6380000,0x00000000eb93a140,0x00000000ee880000)
  to   space 142336K, 0% used [0x00000000f2e00000,0x00000000f2e00000,0x00000000fb900000)
 ParOldGen       total 593920K, used 276366K [0x0000000080000000, 0x00000000a4400000, 0x00000000d5580000)
  object space 593920K, 46% used [0x0000000080000000,0x0000000090de3950,0x00000000a4400000)
 Metaspace       used 93690K, capacity 98084K, committed 98520K, reserved 1134592K
  class space    used 12511K, capacity 13473K, committed 13568K, reserved 1048576K
}
Event: 49.435 GC heap before
{Heap before GC invocations=28 (full 4):
 PSYoungGen      total 412672K, used 364264K [0x00000000d5580000, 0x00000000fb900000, 0x0000000100000000)
  eden space 276480K, 100% used [0x00000000d5580000,0x00000000e6380000,0x00000000e6380000)
  from space 136192K, 64% used [0x00000000e6380000,0x00000000eb93a140,0x00000000ee880000)
  to   space 142336K, 0% used [0x00000000f2e00000,0x00000000f2e00000,0x00000000fb900000)
 ParOldGen       total 593920K, used 276366K [0x0000000080000000, 0x00000000a4400000, 0x00000000d5580000)
  object space 593920K, 46% used [0x0000000080000000,0x0000000090de3950,0x00000000a4400000)
 Metaspace       used 94330K, capacity 98878K, committed 99032K, reserved 1134592K
  class space    used 12571K, capacity 13538K, committed 13568K, reserved 1048576K
Event: 49.652 GC heap after
Heap after GC invocations=28 (full 4):
 PSYoungGen      total 461824K, used 136663K [0x00000000d5580000, 0x00000000fe480000, 0x0000000100000000)
  eden space 319488K, 0% used [0x00000000d5580000,0x00000000d5580000,0x00000000e8d80000)
  from space 142336K, 96% used [0x00000000f2e00000,0x00000000fb375cb8,0x00000000fb900000)
  to   space 164352K, 0% used [0x00000000e8d80000,0x00000000e8d80000,0x00000000f2e00000)
 ParOldGen       total 593920K, used 276791K [0x0000000080000000, 0x00000000a4400000, 0x00000000d5580000)
  object space 593920K, 46% used [0x0000000080000000,0x0000000090e4ddc0,0x00000000a4400000)
 Metaspace       used 94330K, capacity 98878K, committed 99032K, reserved 1134592K
  class space    used 12571K, capacity 13538K, committed 13568K, reserved 1048576K
}
Event: 73.038 GC heap before
{Heap before GC invocations=29 (full 4):
 PSYoungGen      total 461824K, used 456134K [0x00000000d5580000, 0x00000000fe480000, 0x0000000100000000)
  eden space 319488K, 99% used [0x00000000d5580000,0x00000000e8d7bbd8,0x00000000e8d80000)
  from space 142336K, 96% used [0x00000000f2e00000,0x00000000fb375cb8,0x00000000fb900000)
  to   space 164352K, 0% used [0x00000000e8d80000,0x00000000e8d80000,0x00000000f2e00000)
 ParOldGen       total 593920K, used 276791K [0x0000000080000000, 0x00000000a4400000, 0x00000000d5580000)
  object space 593920K, 46% used [0x0000000080000000,0x0000000090e4ddc0,0x00000000a4400000)
 Metaspace       used 94742K, capacity 99370K, committed 99672K, reserved 1134592K
  class space    used 12608K, capacity 13614K, committed 13696K, reserved 1048576K
Event: 73.145 GC heap after
Heap after GC invocations=29 (full 4):
 PSYoungGen      total 483840K, used 57680K [0x00000000d5580000, 0x00000000fed00000, 0x0000000100000000)
  eden space 319488K, 0% used [0x00000000d5580000,0x00000000d5580000,0x00000000e8d80000)
  from space 164352K, 35% used [0x00000000e8d80000,0x00000000ec5d4278,0x00000000f2e00000)
  to   space 154624K, 0% used [0x00000000f5600000,0x00000000f5600000,0x00000000fed00000)
 ParOldGen       total 593920K, used 299276K [0x0000000080000000, 0x00000000a4400000, 0x00000000d5580000)
  object space 593920K, 50% used [0x0000000080000000,0x00000000924431e8,0x00000000a4400000)
 Metaspace       used 94742K, capacity 99370K, committed 99672K, reserved 1134592K
  class space    used 12608K, capacity 13614K, committed 13696K, reserved 1048576K
}
Event: 77.196 GC heap before
{Heap before GC invocations=30 (full 4):
 PSYoungGen      total 483840K, used 377168K [0x00000000d5580000, 0x00000000fed00000, 0x0000000100000000)
  eden space 319488K, 100% used [0x00000000d5580000,0x00000000e8d80000,0x00000000e8d80000)
  from space 164352K, 35% used [0x00000000e8d80000,0x00000000ec5d4278,0x00000000f2e00000)
  to   space 154624K, 0% used [0x00000000f5600000,0x00000000f5600000,0x00000000fed00000)
 ParOldGen       total 593920K, used 299276K [0x0000000080000000, 0x00000000a4400000, 0x00000000d5580000)
  object space 593920K, 50% used [0x0000000080000000,0x00000000924431e8,0x00000000a4400000)
 Metaspace       used 105179K, capacity 109888K, committed 110168K, reserved 1144832K
  class space    used 13558K, capacity 14603K, committed 14720K, reserved 1048576K
Event: 77.296 GC heap after
Heap after GC invocations=30 (full 4):
 PSYoungGen      total 502272K, used 51494K [0x00000000d5580000, 0x00000000fda00000, 0x0000000100000000)
  eden space 367104K, 0% used [0x00000000d5580000,0x00000000d5580000,0x00000000ebc00000)
  from space 135168K, 38% used [0x00000000f5600000,0x00000000f8849b48,0x00000000fda00000)
  to   space 146432K, 0% used [0x00000000ebc00000,0x00000000ebc00000,0x00000000f4b00000)
 ParOldGen       total 593920K, used 353372K [0x0000000080000000, 0x00000000a4400000, 0x00000000d5580000)
  object space 593920K, 59% used [0x0000000080000000,0x0000000095917360,0x00000000a4400000)
 Metaspace       used 105179K, capacity 109888K, committed 110168K, reserved 1144832K
  class space    used 13558K, capacity 14603K, committed 14720K, reserved 1048576K
}
Event: 79.746 GC heap before
{Heap before GC invocations=31 (full 4):
 PSYoungGen      total 502272K, used 418598K [0x00000000d5580000, 0x00000000fda00000, 0x0000000100000000)
  eden space 367104K, 100% used [0x00000000d5580000,0x00000000ebc00000,0x00000000ebc00000)
  from space 135168K, 38% used [0x00000000f5600000,0x00000000f8849b48,0x00000000fda00000)
  to   space 146432K, 0% used [0x00000000ebc00000,0x00000000ebc00000,0x00000000f4b00000)
 ParOldGen       total 593920K, used 353372K [0x0000000080000000, 0x00000000a4400000, 0x00000000d5580000)
  object space 593920K, 59% used [0x0000000080000000,0x0000000095917360,0x00000000a4400000)
 Metaspace       used 110879K, capacity 115790K, committed 115928K, reserved 1150976K
  class space    used 14235K, capacity 15318K, committed 15360K, reserved 1048576K

Deoptimization events (10 events):
Event: 79.225 Thread 0x000000001c614000 Uncommon trap: reason=speculate_class_check action=maybe_recompile pc=0x000000000626253c method=com.sun.tools.javac.util.List.prependList(Lcom/sun/tools/javac/util/List;)Lcom/sun/tools/javac/util/List; @ 1
Event: 79.342 Thread 0x000000001c614000 Uncommon trap: reason=bimorphic action=maybe_recompile pc=0x000000000624ef9c method=com.sun.tools.javac.comp.Attr.checkIdInternal(Lcom/sun/tools/javac/tree/JCTree;Lcom/sun/tools/javac/code/Type;Lcom/sun/tools/javac/code/Symbol;Lcom/sun/tools/javac/code/Ty
Event: 79.342 Thread 0x000000001c614000 Uncommon trap: reason=bimorphic action=maybe_recompile pc=0x000000000624ef9c method=com.sun.tools.javac.comp.Attr.checkIdInternal(Lcom/sun/tools/javac/tree/JCTree;Lcom/sun/tools/javac/code/Type;Lcom/sun/tools/javac/code/Symbol;Lcom/sun/tools/javac/code/Ty
Event: 79.342 Thread 0x000000001c614000 Uncommon trap: reason=bimorphic action=maybe_recompile pc=0x000000000624ef9c method=com.sun.tools.javac.comp.Attr.checkIdInternal(Lcom/sun/tools/javac/tree/JCTree;Lcom/sun/tools/javac/code/Type;Lcom/sun/tools/javac/code/Symbol;Lcom/sun/tools/javac/code/Ty
Event: 79.342 Thread 0x000000001c614000 Uncommon trap: reason=bimorphic action=maybe_recompile pc=0x000000000624ef9c method=com.sun.tools.javac.comp.Attr.checkIdInternal(Lcom/sun/tools/javac/tree/JCTree;Lcom/sun/tools/javac/code/Type;Lcom/sun/tools/javac/code/Symbol;Lcom/sun/tools/javac/code/Ty
Event: 79.596 Thread 0x000000001c614000 Uncommon trap: reason=class_check action=maybe_recompile pc=0x00000000042dccfc method=org.gradle.internal.logging.sink.OutputEventTransformer.onOutput(Lorg/gradle/internal/logging/events/OutputEvent;)V @ 328
Event: 79.596 Thread 0x000000001c614000 Uncommon trap: reason=unstable_if action=reinterpret pc=0x00000000050ab748 method=org.gradle.internal.logging.sink.LogEventDispatcher.onOutput(Lorg/gradle/internal/logging/events/OutputEvent;)V @ 35
Event: 79.596 Thread 0x000000001c614000 Uncommon trap: reason=unstable_if action=reinterpret pc=0x00000000045b6728 method=org.gradle.internal.logging.sink.LogEventDispatcher.onOutput(Lorg/gradle/internal/logging/events/OutputEvent;)V @ 35
Event: 79.597 Thread 0x000000001c614000 Uncommon trap: reason=class_check action=maybe_recompile pc=0x00000000051cc1fc method=org.gradle.internal.logging.sink.ProgressLogEventGenerator.onOutput(Lorg/gradle/internal/logging/events/OutputEvent;)V @ 37
Event: 79.597 Thread 0x000000001c614000 Uncommon trap: reason=class_check action=maybe_recompile pc=0x000000000441824c method=org.gradle.internal.operations.logging.LoggingBuildOperationProgressBroadcaster.onOutput(Lorg/gradle/internal/logging/events/OutputEvent;)V @ 8

Classes redefined (0 events):
No events

Internal exceptions (10 events):
Event: 76.666 Thread 0x000000001c614000 Exception <a 'java/security/PrivilegedActionException'> (0x00000000e6c3e740) thrown at [C:\src\AOSP-openjdk-git\hotspot\src\share\vm\prims\jvm.cpp, line 1502]
Event: 76.666 Thread 0x000000001c614000 Exception <a 'java/security/PrivilegedActionException'> (0x00000000e6c40388) thrown at [C:\src\AOSP-openjdk-git\hotspot\src\share\vm\prims\jvm.cpp, line 1502]
Event: 76.666 Thread 0x000000001c614000 Exception <a 'java/security/PrivilegedActionException'> (0x00000000e6c40968) thrown at [C:\src\AOSP-openjdk-git\hotspot\src\share\vm\prims\jvm.cpp, line 1502]
Event: 76.666 Thread 0x000000001c614000 Exception <a 'java/security/PrivilegedActionException'> (0x00000000e6c426a0) thrown at [C:\src\AOSP-openjdk-git\hotspot\src\share\vm\prims\jvm.cpp, line 1502]
Event: 76.666 Thread 0x000000001c614000 Exception <a 'java/security/PrivilegedActionException'> (0x00000000e6c42c80) thrown at [C:\src\AOSP-openjdk-git\hotspot\src\share\vm\prims\jvm.cpp, line 1502]
Event: 77.687 Thread 0x000000001c614000 Exception <a 'java/lang/NullPointerException'> (0x00000000d8f61a68) thrown at [C:\src\AOSP-openjdk-git\hotspot\src\share\vm\interpreter\linkResolver.cpp, line 1287]
Event: 78.312 Thread 0x000000001c614000 Implicit null exception at 0x00000000064f7ecb to 0x00000000064f7f69
Event: 78.560 Thread 0x000000001c614000 Implicit null exception at 0x00000000064fb40b to 0x00000000064fb505
Event: 79.034 Thread 0x000000001c614000 Implicit null exception at 0x0000000005aaeeb1 to 0x0000000005aaf39d
Event: 79.036 Thread 0x000000001c614000 Implicit null exception at 0x0000000005bf73f9 to 0x0000000005bf7fcd

Events (10 events):
Event: 79.596 Thread 0x000000001c614000 DEOPT UNPACKING pc=0x0000000002c7557b sp=0x000000003106cc90 mode 2
Event: 79.597 Thread 0x000000001c614000 Uncommon trap: trap_request=0xffffffde fr.pc=0x00000000051cc1fc
Event: 79.597 Thread 0x000000001c614000 DEOPT PACKING pc=0x00000000051cc1fc sp=0x000000003106cd30
Event: 79.597 Thread 0x000000001c614000 DEOPT UNPACKING pc=0x0000000002c7557b sp=0x000000003106cca0 mode 2
Event: 79.597 Thread 0x000000001c614000 Uncommon trap: trap_request=0xffffffde fr.pc=0x000000000441824c
Event: 79.597 Thread 0x000000001c614000 DEOPT PACKING pc=0x000000000441824c sp=0x000000003106cff0
Event: 79.597 Thread 0x000000001c614000 DEOPT UNPACKING pc=0x0000000002c7557b sp=0x000000003106cf70 mode 2
Event: 79.742 Thread 0x000000001c614000 DEOPT PACKING pc=0x00000000063a5bca sp=0x000000003106cfe0
Event: 79.742 Thread 0x000000001c614000 DEOPT UNPACKING pc=0x0000000002c775d0 sp=0x000000003106cd80 mode 0
Event: 79.746 Executing VM operation: ParallelGCFailedAllocation


Dynamic libraries:
0x00007ff71f4b0000 - 0x00007ff71f4e1000 	C:\Program Files\Android\Android Studio\jre\bin\java.exe
0x00007fffa9330000 - 0x00007fffa9525000 	C:\WINDOWS\SYSTEM32\ntdll.dll
0x00007fffa83f0000 - 0x00007fffa84ad000 	C:\WINDOWS\System32\KERNEL32.DLL
0x00007fffa6b00000 - 0x00007fffa6dc9000 	C:\WINDOWS\System32\KERNELBASE.dll
0x00007fffa8070000 - 0x00007fffa811c000 	C:\WINDOWS\System32\ADVAPI32.dll
0x00007fffa8d70000 - 0x00007fffa8e0e000 	C:\WINDOWS\System32\msvcrt.dll
0x00007fffa8210000 - 0x00007fffa82ac000 	C:\WINDOWS\System32\sechost.dll
0x00007fffa7ed0000 - 0x00007fffa7ffb000 	C:\WINDOWS\System32\RPCRT4.dll
0x00007fffa75a0000 - 0x00007fffa7740000 	C:\WINDOWS\System32\USER32.dll
0x00007fffa7040000 - 0x00007fffa7062000 	C:\WINDOWS\System32\win32u.dll
0x00007fffa8360000 - 0x00007fffa838a000 	C:\WINDOWS\System32\GDI32.dll
0x00007fffa6f30000 - 0x00007fffa703b000 	C:\WINDOWS\System32\gdi32full.dll
0x00007fffa7170000 - 0x00007fffa720d000 	C:\WINDOWS\System32\msvcp_win.dll
0x00007fffa7070000 - 0x00007fffa7170000 	C:\WINDOWS\System32\ucrtbase.dll
0x00007fff95c90000 - 0x00007fff95f2a000 	C:\WINDOWS\WinSxS\amd64_microsoft.windows.common-controls_6595b64144ccf1df_6.0.19041.844_none_ca00b6081b84eb1d\COMCTL32.dll
0x00007fffa8c00000 - 0x00007fffa8c30000 	C:\WINDOWS\System32\IMM32.DLL
0x000000005c4e0000 - 0x000000005c5b2000 	C:\Program Files\Android\Android Studio\jre\jre\bin\msvcr100.dll
0x000000005b550000 - 0x000000005bd9b000 	C:\Program Files\Android\Android Studio\jre\jre\bin\server\jvm.dll
0x00007fffa9280000 - 0x00007fffa9288000 	C:\WINDOWS\System32\PSAPI.DLL
0x00007fff8f320000 - 0x00007fff8f329000 	C:\WINDOWS\SYSTEM32\WSOCK32.dll
0x00007fff9d260000 - 0x00007fff9d26a000 	C:\WINDOWS\SYSTEM32\VERSION.dll
0x00007fff9d210000 - 0x00007fff9d237000 	C:\WINDOWS\SYSTEM32\WINMM.dll
0x00007fffa8000000 - 0x00007fffa806b000 	C:\WINDOWS\System32\WS2_32.dll
0x00007fffa0fa0000 - 0x00007fffa0faf000 	C:\Program Files\Android\Android Studio\jre\jre\bin\verify.dll
0x00007fff9f150000 - 0x00007fff9f179000 	C:\Program Files\Android\Android Studio\jre\jre\bin\java.dll
0x00007fffa0f80000 - 0x00007fffa0f96000 	C:\Program Files\Android\Android Studio\jre\jre\bin\zip.dll
0x00007fffa84b0000 - 0x00007fffa8bf2000 	C:\WINDOWS\System32\SHELL32.dll
0x00007fffa4bd0000 - 0x00007fffa5360000 	C:\WINDOWS\SYSTEM32\windows.storage.dll
0x00007fffa7740000 - 0x00007fffa7a95000 	C:\WINDOWS\System32\combase.dll
0x00007fffa64e0000 - 0x00007fffa650c000 	C:\WINDOWS\SYSTEM32\Wldp.dll
0x00007fffa82b0000 - 0x00007fffa835e000 	C:\WINDOWS\System32\SHCORE.dll
0x00007fffa7b20000 - 0x00007fffa7b75000 	C:\WINDOWS\System32\shlwapi.dll
0x00007fffa69b0000 - 0x00007fffa69cf000 	C:\WINDOWS\SYSTEM32\profapi.dll
0x00007fff94d60000 - 0x00007fff94d7a000 	C:\Program Files\Android\Android Studio\jre\jre\bin\net.dll
0x00007fffa6260000 - 0x00007fffa62ca000 	C:\WINDOWS\system32\mswsock.dll
0x00007fff8e470000 - 0x00007fff8e483000 	C:\Program Files\Android\Android Studio\jre\jre\bin\nio.dll
0x00007fff9f110000 - 0x00007fff9f137000 	C:\Users\user\.gradle\native\f6784746aeab05261644944871eae4fe03e0ef1612fff0a4a95f87b438bc6780\windows-amd64\native-platform.dll
0x00007fff9f140000 - 0x00007fff9f14d000 	C:\Program Files\Android\Android Studio\jre\jre\bin\management.dll
0x00007fffa6440000 - 0x00007fffa6458000 	C:\WINDOWS\SYSTEM32\CRYPTSP.dll
0x00007fffa5b90000 - 0x00007fffa5bc4000 	C:\WINDOWS\system32\rsaenh.dll
0x00007fffa6ad0000 - 0x00007fffa6af7000 	C:\WINDOWS\System32\bcrypt.dll
0x00007fffa6970000 - 0x00007fffa699e000 	C:\WINDOWS\SYSTEM32\USERENV.dll
0x00007fffa7210000 - 0x00007fffa7290000 	C:\WINDOWS\System32\bcryptprimitives.dll
0x00007fffa6430000 - 0x00007fffa643c000 	C:\WINDOWS\SYSTEM32\CRYPTBASE.dll
0x00007fffa5f00000 - 0x00007fffa5f3b000 	C:\WINDOWS\SYSTEM32\IPHLPAPI.DLL
0x00007fffa7ec0000 - 0x00007fffa7ec8000 	C:\WINDOWS\System32\NSI.dll
0x00007fff9e3a0000 - 0x00007fff9e3b7000 	C:\WINDOWS\SYSTEM32\dhcpcsvc6.DLL
0x00007fff9f5f0000 - 0x00007fff9f60d000 	C:\WINDOWS\SYSTEM32\dhcpcsvc.DLL
0x00007fffa5f50000 - 0x00007fffa601b000 	C:\WINDOWS\SYSTEM32\DNSAPI.dll
0x00007fff9f9b0000 - 0x00007fff9f9bb000 	C:\WINDOWS\SYSTEM32\WINNSI.DLL
0x00007fffa57c0000 - 0x00007fffa57f3000 	C:\WINDOWS\SYSTEM32\ntmarta.dll
0x00007fffa0f60000 - 0x00007fffa0f7e000 	C:\Users\user\AppData\Local\Temp\native-platform1725440856007045855dir\native-platform.dll
0x00007fff925f0000 - 0x00007fff927d4000 	C:\WINDOWS\SYSTEM32\dbghelp.dll

VM Arguments:
jvm_args: -Xmx2048m -Dfile.encoding=UTF-8 -Duser.country=TW -Duser.language=zh -Duser.variant 
java_command: org.gradle.launcher.daemon.bootstrap.GradleDaemon 6.5
java_class_path (initial): C:\Users\user\.gradle\wrapper\dists\gradle-6.5-bin\6nifqtx7604sqp1q6g8wikw7p\gradle-6.5\lib\gradle-launcher-6.5.jar
Launcher Type: SUN_STANDARD

Environment Variables:
PATH=C:\Program Files (x86)\Common Files\Oracle\Java\javapath;C:\WINDOWS\system32;C:\WINDOWS;C:\WINDOWS\System32\Wbem;C:\WINDOWS\System32\WindowsPowerShell\v1.0\;C:\WINDOWS\System32\OpenSSH\;C:\Program Files\dotnet\;C:\Program Files\Microsoft SQL Server\130\Tools\Binn\;C:\Program Files\Microsoft SQL Server\Client SDK\ODBC\170\Tools\Binn\;C:\Program Files\Git\cmd;C:\Users\user\AppData\Local\Microsoft\WindowsApps;C:\Users\user\.dotnet\tools;C:\Users\user\AppData\Local\Programs\Microsoft VS Code\bin
USERNAME=user
OS=Windows_NT
PROCESSOR_IDENTIFIER=Intel64 Family 6 Model 60 Stepping 3, GenuineIntel



---------------  S Y S T E M  ---------------

OS: Windows 10.0 , 64 bit Build 19041 (10.0.19041.804)

CPU:total 8 (initial active 8) (4 cores per cpu, 2 threads per core) family 6 model 60 stepping 3, cmov, cx8, fxsr, mmx, sse, sse2, sse3, ssse3, sse4.1, sse4.2, popcnt, avx, avx2, aes, clmul, erms, lzcnt, ht, tsc, tscinvbit, bmi1, bmi2

Memory: 4k page, physical 16614588k(6077136k free), swap 27624636k(15241628k free)

vm_info: OpenJDK 64-Bit Server VM (25.242-b01) for windows-amd64 JRE (1.8.0_242-release-1644-b01), built by "builder" with MS VC++ 10.0 (VS2010)

time: Sat Jun 26 19:22:34 2021
timezone: 台北標準時間
elapsed time: 79 seconds (0d 0h 1m 19s)

