#
# A fatal error has been detected by the Java Runtime Environment:
#
#  EXCEPTION_ACCESS_VIOLATION (0xc0000005) at pc=0x000000007370ee46, pid=10020, tid=0x0000000000000924
#
# JRE version: OpenJDK Runtime Environment (8.0_242-b01) (build 1.8.0_242-release-1644-b01)
# Java VM: OpenJDK 64-Bit Server VM (25.242-b01 mixed mode windows-amd64 compressed oops)
# Problematic frame:
# V  [jvm.dll+0x46ee46]
#
# Failed to write core dump. Minidumps are not enabled by default on client versions of Windows
#
# If you would like to submit a bug report, please visit:
#   
#

---------------  T H R E A D  ---------------

Current thread (0x000000001a240000):  JavaThread "C2 CompilerThread0" daemon [_thread_in_native, id=2340, stack(0x000000001aa10000,0x000000001ab10000)]

siginfo: ExceptionCode=0xc0000005, writing address 0x000000007386f768

Registers:
RAX=0x000000007375a790, RBX=0x00000000251f5680, RCX=0x0000000000000006, RDX=0x000000007375a7b0
RSP=0x000000001ab0c080, RBP=0x0000000000002cc5, RSI=0x0000000000000166, RDI=0x000000001ab0c2b0
R8 =0x0000000000000020, R9 =0x000000007386f750, R10=0x00000000000045fd, R11=0x00000000265fae70
R12=0x00000000001bfb20, R13=0x000000001b0568f0, R14=0x00000000732a0000, R15=0x00000000000003d8
RIP=0x000000007370ee46, EFLAGS=0x0000000000010206

Top of Stack: (sp=0x000000001ab0c080)
0x000000001ab0c080:   000000002638f9b0 00000000251f5680
0x000000001ab0c090:   0000000000002cc5 0000000000000166
0x000000001ab0c0a0:   000045fe00000000 0000000000000008
0x000000001ab0c0b0:   000000001fb1caa0 0000000000000046
0x000000001ab0c0c0:   000000001f7daef8 0000000000000049
0x000000001ab0c0d0:   00000000264feb70 000000000000337e
0x000000001ab0c0e0:   000000001b056cc8 000000001b0568f0
0x000000001ab0c0f0:   0000000000000000 00000000736d7f01
0x000000001ab0c100:   000000001ab0c5a0 0000000000000000
0x000000001ab0c110:   00000000732a0000 0000000000002cc5
0x000000001ab0c120:   00002d0f00000000 0000000000000008
0x000000001ab0c130:   000000001b785da0 0000000000000001
0x000000001ab0c140:   0000000030641180 0000000000000001
0x000000001ab0c150:   0000000026501b90 0000000000000000
0x000000001ab0c160:   0000000000000000 000000007372d584
0x000000001ab0c170:   0000000000000000 0000000000000000 

Instructions: (pc=0x000000007370ee46)
0x000000007370ee26:   03 5f 10 49 8b 43 08 4c 8b 0c c8 8b cd 83 e1 1f
0x000000007370ee36:   41 d3 e0 8b ca 41 8b 14 91 41 8b c0 f7 d0 23 c2
0x000000007370ee46:   41 89 04 89 41 85 d0 74 03 41 ff 0b 48 8b 4f 20
0x000000007370ee56:   0f b6 53 64 4d 6b d2 70 f7 43 68 00 01 00 00 41 


Register to memory mapping:

RAX=0x000000007375a790 is an unknown value
RBX=0x00000000251f5680 is an unknown value
RCX=0x0000000000000006 is an unknown value
RDX=0x000000007375a7b0 is an unknown value
RSP=0x000000001ab0c080 is pointing into the stack for thread: 0x000000001a240000
RBP=0x0000000000002cc5 is an unknown value
RSI=0x0000000000000166 is an unknown value
RDI=0x000000001ab0c2b0 is pointing into the stack for thread: 0x000000001a240000
R8 =0x0000000000000020 is an unknown value
R9 =0x000000007386f750 is an unknown value
R10=0x00000000000045fd is an unknown value
R11=0x00000000265fae70 is an unknown value
R12=0x00000000001bfb20 is an unknown value
R13=0x000000001b0568f0 is an unknown value
R14=0x00000000732a0000 is an unknown value
R15=0x00000000000003d8 is an unknown value


Stack: [0x000000001aa10000,0x000000001ab10000],  sp=0x000000001ab0c080,  free space=1008k
Native frames: (J=compiled Java code, j=interpreted, Vv=VM code, C=native code)
V  [jvm.dll+0x46ee46]
V  [jvm.dll+0x437f01]
V  [jvm.dll+0x43ac4b]
V  [jvm.dll+0x4456ab]
V  [jvm.dll+0x447fa8]
V  [jvm.dll+0x42b072]
V  [jvm.dll+0x8230f]
V  [jvm.dll+0x82c7f]
V  [jvm.dll+0x220b7f]
V  [jvm.dll+0x27276a]
C  [msvcr100.dll+0x21d9f]
C  [msvcr100.dll+0x21e3b]
C  [KERNEL32.DLL+0x17034]
C  [ntdll.dll+0x52651]


Current CompileTask:
C2: 410438 24882   !   4       java.lang.reflect.Field::declaredAnnotations (82 bytes)


---------------  P R O C E S S  ---------------

Java Threads: ( => current thread )
  0x000000001f477000 JavaThread "RMI TCP Connection(2)-127.0.0.1" daemon [_thread_in_native, id=6936, stack(0x0000000035d30000,0x0000000035e30000)]
  0x000000001f478800 JavaThread "RMI Reaper" [_thread_blocked, id=1644, stack(0x0000000035c30000,0x0000000035d30000)]
  0x000000001f476800 JavaThread "RMI TCP Accept-0" daemon [_thread_in_native, id=11780, stack(0x0000000035b30000,0x0000000035c30000)]
  0x000000001f475800 JavaThread "GC Daemon" daemon [_thread_blocked, id=21848, stack(0x0000000035a30000,0x0000000035b30000)]
  0x000000001f472800 JavaThread "RMI Scheduler(0)" daemon [_thread_blocked, id=16032, stack(0x00000000337e0000,0x00000000338e0000)]
  0x000000001d0e7800 JavaThread "WorkerExecutor Queue Thread 10" [_thread_blocked, id=20716, stack(0x0000000035630000,0x0000000035730000)]
  0x000000001f3f3000 JavaThread "stdout" [_thread_in_native, id=16068, stack(0x0000000034b40000,0x0000000034c40000)]
  0x000000001f3f1800 JavaThread "stderr" [_thread_in_native, id=12272, stack(0x0000000034a40000,0x0000000034b40000)]
  0x000000001f3f4800 JavaThread "stdout" [_thread_in_native, id=2604, stack(0x0000000034940000,0x0000000034a40000)]
  0x000000001f3f2000 JavaThread "stderr" [_thread_in_native, id=2744, stack(0x0000000034840000,0x0000000034940000)]
  0x000000001f3f0800 JavaThread "stdout" [_thread_in_native, id=14936, stack(0x0000000034740000,0x0000000034840000)]
  0x000000001f3ef000 JavaThread "stderr" [_thread_in_native, id=11508, stack(0x0000000034640000,0x0000000034740000)]
  0x000000001f3ee800 JavaThread "stdout" [_thread_in_native, id=2824, stack(0x0000000034540000,0x0000000034640000)]
  0x000000001f3ea800 JavaThread "stderr" [_thread_in_native, id=3852, stack(0x0000000034440000,0x0000000034540000)]
  0x000000001f3ed000 JavaThread "stdout" [_thread_in_native, id=10076, stack(0x0000000034340000,0x0000000034440000)]
  0x000000001f3f0000 JavaThread "stderr" [_thread_in_native, id=1656, stack(0x0000000034240000,0x0000000034340000)]
  0x000000001f3eb800 JavaThread "stdout" [_thread_in_native, id=10600, stack(0x0000000034140000,0x0000000034240000)]
  0x000000001f3e5800 JavaThread "stderr" [_thread_in_native, id=5344, stack(0x0000000034040000,0x0000000034140000)]
  0x000000001f3e9000 JavaThread "stdout" [_thread_in_native, id=9044, stack(0x0000000033f40000,0x0000000034040000)]
  0x000000001f3e7800 JavaThread "stderr" [_thread_in_native, id=3348, stack(0x0000000033e40000,0x0000000033f40000)]
  0x000000001f3ea000 JavaThread "stdout" [_thread_in_native, id=13332, stack(0x0000000033d40000,0x0000000033e40000)]
  0x000000001f3e6000 JavaThread "stderr" [_thread_in_native, id=21004, stack(0x0000000033c40000,0x0000000033d40000)]
  0x000000001f3ec000 JavaThread "pool-7-thread-1" [_thread_blocked, id=10852, stack(0x00000000339e0000,0x0000000033ae0000)]
  0x000000001f3e8800 JavaThread "WorkerExecutor Queue Thread 8" [_thread_in_Java, id=8776, stack(0x00000000338e0000,0x00000000339e0000)]
  0x000000001f3e1000 JavaThread "WorkerExecutor Queue Thread 6" [_thread_blocked, id=9832, stack(0x00000000336e0000,0x00000000337e0000)]
  0x000000001f3df800 JavaThread "WorkerExecutor Queue Thread 5" [_thread_blocked, id=12348, stack(0x00000000335e0000,0x00000000336e0000)]
  0x000000001f3e4000 JavaThread "WorkerExecutor Queue Thread 4" [_thread_blocked, id=16376, stack(0x00000000334e0000,0x00000000335e0000)]
  0x000000001f3e4800 JavaThread "WorkerExecutor Queue Thread 3" [_thread_blocked, id=1260, stack(0x00000000331e0000,0x00000000332e0000)]
  0x000000001f3de800 JavaThread "WorkerExecutor Queue Thread 2" [_thread_blocked, id=14484, stack(0x0000000032ee0000,0x0000000032fe0000)]
  0x000000001f3de000 JavaThread "WorkerExecutor Queue" [_thread_blocked, id=4520, stack(0x0000000032ce0000,0x0000000032de0000)]
  0x000000001f3d9800 JavaThread "Cache worker for execution history cache (E:\AppWorks-School\PersonalProject\.gradle\6.5\executionHistory)" [_thread_blocked, id=13160, stack(0x0000000032be0000,0x0000000032ce0000)]
  0x000000001f3da000 JavaThread "Execution worker for ':' Thread 7" [_thread_blocked, id=20392, stack(0x0000000032ae0000,0x0000000032be0000)]
  0x000000001f3d7000 JavaThread "Execution worker for ':' Thread 6" [_thread_blocked, id=10896, stack(0x00000000329e0000,0x0000000032ae0000)]
  0x000000001f3d8800 JavaThread "Execution worker for ':' Thread 5" [_thread_blocked, id=14592, stack(0x00000000328e0000,0x00000000329e0000)]
  0x000000001f3dd000 JavaThread "Execution worker for ':' Thread 4" [_thread_blocked, id=14376, stack(0x00000000327e0000,0x00000000328e0000)]
  0x000000001f3db800 JavaThread "Execution worker for ':' Thread 3" [_thread_blocked, id=16684, stack(0x0000000032220000,0x0000000032320000)]
  0x000000001f3db000 JavaThread "Execution worker for ':' Thread 2" [_thread_blocked, id=7628, stack(0x0000000031eb0000,0x0000000031fb0000)]
  0x000000001ff98000 JavaThread "Execution worker for ':'" [_thread_blocked, id=7896, stack(0x0000000031bb0000,0x0000000031cb0000)]
  0x000000001ff9f000 JavaThread "Cache worker for file content cache (E:\AppWorks-School\PersonalProject\.gradle\6.5\fileContent)" [_thread_blocked, id=3180, stack(0x000000002f8d0000,0x000000002f9d0000)]
  0x000000001ff9c000 JavaThread "pool-6-thread-1" [_thread_blocked, id=18256, stack(0x000000002cd30000,0x000000002ce30000)]
  0x000000001ff9b000 JavaThread "Cache worker for Build Output Cleanup Cache (E:\AppWorks-School\PersonalProject\.gradle\buildOutputCleanup)" [_thread_blocked, id=20744, stack(0x0000000026230000,0x0000000026330000)]
  0x000000001bc50000 JavaThread "Build operations Thread 8" [_thread_blocked, id=16224, stack(0x0000000026130000,0x0000000026230000)]
  0x000000001bc53000 JavaThread "Build operations Thread 7" [_thread_blocked, id=484, stack(0x0000000026030000,0x0000000026130000)]
  0x000000001bc4c000 JavaThread "Build operations Thread 6" [_thread_blocked, id=12460, stack(0x0000000025f30000,0x0000000026030000)]
  0x000000001bc4b800 JavaThread "Build operations Thread 5" [_thread_blocked, id=8428, stack(0x0000000025e30000,0x0000000025f30000)]
  0x000000001bc52000 JavaThread "Build operations Thread 4" [_thread_blocked, id=21768, stack(0x0000000025d30000,0x0000000025e30000)]
  0x000000001bc51800 JavaThread "Build operations Thread 3" [_thread_blocked, id=7096, stack(0x0000000025c30000,0x0000000025d30000)]
  0x000000001bd14800 JavaThread "Build operations Thread 2" [_thread_blocked, id=15212, stack(0x0000000025b30000,0x0000000025c30000)]
  0x000000001bd0d000 JavaThread "Build operations" [_thread_blocked, id=14760, stack(0x0000000025a30000,0x0000000025b30000)]
  0x000000001bd14000 JavaThread "Cache worker for cache directory md-rule (C:\Users\user\.gradle\caches\6.5\md-rule)" [_thread_blocked, id=6772, stack(0x0000000025730000,0x0000000025830000)]
  0x000000001bd0c800 JavaThread "Cache worker for cache directory md-supplier (C:\Users\user\.gradle\caches\6.5\md-supplier)" [_thread_blocked, id=6556, stack(0x0000000025630000,0x0000000025730000)]
  0x000000001bd11800 JavaThread "Cache worker for checksums cache (E:\AppWorks-School\PersonalProject\.gradle\checksums)" [_thread_blocked, id=16524, stack(0x0000000025530000,0x0000000025630000)]
  0x000000001bd10000 JavaThread "Cache worker for file hash cache (E:\AppWorks-School\PersonalProject\.gradle\6.5\fileHashes)" [_thread_blocked, id=3104, stack(0x000000001e360000,0x000000001e460000)]
  0x000000001bd13000 JavaThread "Thread-494" [_thread_blocked, id=14092, stack(0x000000001e260000,0x000000001e360000)]
  0x000000001d0e9000 JavaThread "Asynchronous log dispatcher for DefaultDaemonConnection: socket connection from /127.0.0.1:64628 to /127.0.0.1:65222" [_thread_blocked, id=14556, stack(0x000000001dbb0000,0x000000001dcb0000)]
  0x000000001d0e6000 JavaThread "Cancel handler" [_thread_blocked, id=5008, stack(0x0000000001350000,0x0000000001450000)]
  0x000000001d0e3000 JavaThread "Handler for socket connection from /127.0.0.1:64628 to /127.0.0.1:65222" [_thread_in_native, id=17880, stack(0x0000000001210000,0x0000000001310000)]
  0x000000001bc50800 JavaThread "Daemon worker Thread 3" [_thread_blocked, id=11660, stack(0x000000001dab0000,0x000000001dbb0000)]
  0x000000001bc4f000 JavaThread "Daemon Thread 3" [_thread_blocked, id=1232, stack(0x0000000001010000,0x0000000001110000)]
  0x000000001ff9a800 JavaThread "Memory manager" [_thread_blocked, id=2524, stack(0x000000002f3b0000,0x000000002f4b0000)]
  0x000000001a251000 JavaThread "Cache worker for file content cache (C:\Users\user\.gradle\caches\6.5\fileContent)" [_thread_blocked, id=13456, stack(0x0000000024070000,0x0000000024170000)]
  0x000000001a24c800 JavaThread "Cache worker for execution history cache (C:\Users\user\.gradle\caches\6.5\executionHistory)" [_thread_blocked, id=12268, stack(0x0000000022850000,0x0000000022950000)]
  0x000000001a250000 JavaThread "Cache worker for file hash cache (C:\Users\user\.gradle\caches\6.5\fileHashes)" [_thread_blocked, id=2976, stack(0x000000001ec60000,0x000000001ed60000)]
  0x000000001a253000 JavaThread "File lock request listener" [_thread_in_native, id=10116, stack(0x000000001eb60000,0x000000001ec60000)]
  0x000000001cc3b800 JavaThread "Cache worker for journal cache (C:\Users\user\.gradle\caches\journal-1)" [_thread_blocked, id=17864, stack(0x000000001ea60000,0x000000001eb60000)]
  0x000000001cb9c800 JavaThread "Daemon periodic checks" [_thread_blocked, id=11188, stack(0x000000001de60000,0x000000001df60000)]
  0x000000001cb87800 JavaThread "Incoming local TCP Connector on port 64628" [_thread_in_native, id=3452, stack(0x000000001dcb0000,0x000000001ddb0000)]
  0x000000001cae7800 JavaThread "Daemon health stats" [_thread_blocked, id=21264, stack(0x000000001d9b0000,0x000000001dab0000)]
  0x000000001a2e1800 JavaThread "Service Thread" daemon [_thread_blocked, id=17696, stack(0x000000001ae10000,0x000000001af10000)]
  0x000000001a24e800 JavaThread "C1 CompilerThread3" daemon [_thread_in_vm, id=7476, stack(0x000000001ad10000,0x000000001ae10000)]
  0x000000001a245800 JavaThread "C2 CompilerThread2" daemon [_thread_in_native, id=1612, stack(0x000000001ac10000,0x000000001ad10000)]
  0x00000000183cc000 JavaThread "C2 CompilerThread1" daemon [_thread_in_native, id=19580, stack(0x000000001ab10000,0x000000001ac10000)]
=>0x000000001a240000 JavaThread "C2 CompilerThread0" daemon [_thread_in_native, id=2340, stack(0x000000001aa10000,0x000000001ab10000)]
  0x000000001a1ec000 JavaThread "Attach Listener" daemon [_thread_blocked, id=22172, stack(0x000000001a910000,0x000000001aa10000)]
  0x000000001a1eb000 JavaThread "Signal Dispatcher" daemon [_thread_blocked, id=20312, stack(0x000000001a810000,0x000000001a910000)]
  0x000000000334c800 JavaThread "Finalizer" daemon [_thread_blocked, id=16272, stack(0x000000001a6b0000,0x000000001a7b0000)]
  0x000000001a1d0800 JavaThread "Reference Handler" daemon [_thread_blocked, id=1976, stack(0x000000001a5b0000,0x000000001a6b0000)]
  0x0000000002d7d800 JavaThread "main" [_thread_blocked, id=8784, stack(0x0000000002d80000,0x0000000002e80000)]

Other Threads:
  0x00000000183b8000 VMThread [stack: 0x000000001a0b0000,0x000000001a1b0000] [id=6052]
  0x000000001a2e2800 WatcherThread [stack: 0x000000001af10000,0x000000001b010000] [id=7424]

VM state:not at safepoint (normal execution)

VM Mutex/Monitor currently owned by a thread: None

heap address: 0x0000000080000000, size: 2048 MB, Compressed Oops mode: 32-bit
Narrow klass base: 0x0000000000000000, Narrow klass shift: 3
Compressed class space size: 1073741824 Address: 0x0000000100000000

Heap:
 PSYoungGen      total 465920K, used 171906K [0x00000000d5580000, 0x0000000100000000, 0x0000000100000000)
  eden space 232960K, 61% used [0x00000000d5580000,0x00000000de1d0d08,0x00000000e3900000)
  from space 232960K, 12% used [0x00000000e3900000,0x00000000e548fe68,0x00000000f1c80000)
  to   space 231936K, 0% used [0x00000000f1d80000,0x00000000f1d80000,0x0000000100000000)
 ParOldGen       total 690176K, used 363014K [0x0000000080000000, 0x00000000aa200000, 0x00000000d5580000)
  object space 690176K, 52% used [0x0000000080000000,0x0000000096281bb0,0x00000000aa200000)
 Metaspace       used 129665K, capacity 136266K, committed 136536K, reserved 1167360K
  class space    used 16541K, capacity 17941K, committed 18048K, reserved 1048576K

Card table byte_map: [0x0000000012710000,0x0000000012b20000] byte_map_base: 0x0000000012310000

Marking Bits: (ParMarkBitMap*) 0x0000000073a6f030
 Begin Bits: [0x00000000135d0000, 0x00000000155d0000)
 End Bits:   [0x00000000155d0000, 0x00000000175d0000)

Polling page: 0x0000000002d20000

CodeCache: size=245760Kb used=69841Kb max_used=69841Kb free=175918Kb
 bounds [0x0000000003350000, 0x00000000077e0000, 0x0000000012350000]
 total_blobs=20623 nmethods=19664 adapters=869
 compilation: enabled

Compilation events (10 events):
Event: 410.376 Thread 0x000000001a24e800 nmethod 25248 0x00000000077adc50 code [0x00000000077adda0, 0x00000000077adeb0]
Event: 410.376 Thread 0x000000001a24e800 25252       3       android.databinding.tool.reflection.ModelAnalyzer::findClass (16 bytes)
Event: 410.376 Thread 0x000000001a24e800 nmethod 25252 0x00000000077aa490 code [0x00000000077aa620, 0x00000000077aa918]
Event: 410.386 Thread 0x000000001a24e800 25254       3       com.sun.tools.javac.code.Symbol$PackageSymbol::getQualifiedName (5 bytes)
Event: 410.386 Thread 0x000000001a24e800 nmethod 25254 0x00000000077aa0d0 code [0x00000000077aa220, 0x00000000077aa410]
Event: 410.387 Thread 0x000000001a24e800 25255       3       com.sun.tools.javac.code.Type$ClassType::getEnclosingType (5 bytes)
Event: 410.387 Thread 0x000000001a24e800 nmethod 25255 0x00000000077a9cd0 code [0x00000000077a9e40, 0x00000000077aa048]
Event: 410.387 Thread 0x000000001a24e800 25256       3       com.sun.tools.javac.code.Type$JCNoType::getKind (4 bytes)
Event: 410.387 Thread 0x000000001a24e800 nmethod 25256 0x00000000077ad910 code [0x00000000077ada60, 0x00000000077adbb0]
Event: 410.387 Thread 0x000000001a24e800 25258       3       com.sun.tools.javac.code.Types::rank (277 bytes)

GC Heap History (10 events):
Event: 346.398 GC heap before
{Heap before GC invocations=29 (full 4):
 PSYoungGen      total 448512K, used 448497K [0x00000000d5580000, 0x0000000100000000, 0x0000000100000000)
  eden space 281088K, 100% used [0x00000000d5580000,0x00000000e6800000,0x00000000e6800000)
  from space 167424K, 99% used [0x00000000f5c80000,0x00000000ffffc628,0x0000000100000000)
  to   space 208896K, 0% used [0x00000000e6800000,0x00000000e6800000,0x00000000f3400000)
 ParOldGen       total 358912K, used 275153K [0x0000000080000000, 0x0000000095e80000, 0x00000000d5580000)
  object space 358912K, 76% used [0x0000000080000000,0x0000000090cb4478,0x0000000095e80000)
 Metaspace       used 112000K, capacity 118364K, committed 118488K, reserved 1150976K
  class space    used 14663K, capacity 16032K, committed 16128K, reserved 1048576K
Event: 346.705 GC heap after
Heap after GC invocations=29 (full 4):
 PSYoungGen      total 479744K, used 198502K [0x00000000d5580000, 0x0000000100000000, 0x0000000100000000)
  eden space 281088K, 0% used [0x00000000d5580000,0x00000000d5580000,0x00000000e6800000)
  from space 198656K, 99% used [0x00000000e6800000,0x00000000f29d9950,0x00000000f2a00000)
  to   space 219136K, 0% used [0x00000000f2a00000,0x00000000f2a00000,0x0000000100000000)
 ParOldGen       total 358912K, used 294224K [0x0000000080000000, 0x0000000095e80000, 0x00000000d5580000)
  object space 358912K, 81% used [0x0000000080000000,0x0000000091f541c8,0x0000000095e80000)
 Metaspace       used 112000K, capacity 118364K, committed 118488K, reserved 1150976K
  class space    used 14663K, capacity 16032K, committed 16128K, reserved 1048576K
}
Event: 348.589 GC heap before
{Heap before GC invocations=30 (full 4):
 PSYoungGen      total 479744K, used 479590K [0x00000000d5580000, 0x0000000100000000, 0x0000000100000000)
  eden space 281088K, 100% used [0x00000000d5580000,0x00000000e6800000,0x00000000e6800000)
  from space 198656K, 99% used [0x00000000e6800000,0x00000000f29d9950,0x00000000f2a00000)
  to   space 219136K, 0% used [0x00000000f2a00000,0x00000000f2a00000,0x0000000100000000)
 ParOldGen       total 358912K, used 294224K [0x0000000080000000, 0x0000000095e80000, 0x00000000d5580000)
  object space 358912K, 81% used [0x0000000080000000,0x0000000091f54200,0x0000000095e80000)
 Metaspace       used 112306K, capacity 118792K, committed 119000K, reserved 1153024K
  class space    used 14690K, capacity 16072K, committed 16128K, reserved 1048576K
Event: 349.028 GC heap after
Heap after GC invocations=30 (full 4):
 PSYoungGen      total 479744K, used 479590K [0x00000000d5580000, 0x0000000100000000, 0x0000000100000000)
  eden space 281088K, 100% used [0x00000000d5580000,0x00000000e6800000,0x00000000e6800000)
  from space 198656K, 99% used [0x00000000e6800000,0x00000000f29d9950,0x00000000f2a00000)
  to   space 219136K, 33% used [0x00000000f2a00000,0x00000000f714c5d0,0x0000000100000000)
 ParOldGen       total 441344K, used 439732K [0x0000000080000000, 0x000000009af00000, 0x00000000d5580000)
  object space 441344K, 99% used [0x0000000080000000,0x000000009ad6d270,0x000000009af00000)
 Metaspace       used 112306K, capacity 118792K, committed 119000K, reserved 1153024K
  class space    used 14690K, capacity 16072K, committed 16128K, reserved 1048576K
}
Event: 349.028 GC heap before
{Heap before GC invocations=31 (full 5):
 PSYoungGen      total 479744K, used 479590K [0x00000000d5580000, 0x0000000100000000, 0x0000000100000000)
  eden space 281088K, 100% used [0x00000000d5580000,0x00000000e6800000,0x00000000e6800000)
  from space 198656K, 99% used [0x00000000e6800000,0x00000000f29d9950,0x00000000f2a00000)
  to   space 219136K, 33% used [0x00000000f2a00000,0x00000000f714c5d0,0x0000000100000000)
 ParOldGen       total 441344K, used 439732K [0x0000000080000000, 0x000000009af00000, 0x00000000d5580000)
  object space 441344K, 99% used [0x0000000080000000,0x000000009ad6d270,0x000000009af00000)
 Metaspace       used 112306K, capacity 118792K, committed 119000K, reserved 1153024K
  class space    used 14690K, capacity 16072K, committed 16128K, reserved 1048576K
Event: 351.666 GC heap after
Heap after GC invocations=31 (full 5):
 PSYoungGen      total 479744K, used 0K [0x00000000d5580000, 0x0000000100000000, 0x0000000100000000)
  eden space 281088K, 0% used [0x00000000d5580000,0x00000000d5580000,0x00000000e6800000)
  from space 198656K, 0% used [0x00000000e6800000,0x00000000e6800000,0x00000000f2a00000)
  to   space 219136K, 0% used [0x00000000f2a00000,0x00000000f2a00000,0x0000000100000000)
 ParOldGen       total 690176K, used 354083K [0x0000000080000000, 0x00000000aa200000, 0x00000000d5580000)
  object space 690176K, 51% used [0x0000000080000000,0x00000000959c8c20,0x00000000aa200000)
 Metaspace       used 112270K, capacity 118698K, committed 119000K, reserved 1153024K
  class space    used 14679K, capacity 16053K, committed 16128K, reserved 1048576K
}
Event: 401.560 GC heap before
{Heap before GC invocations=32 (full 5):
 PSYoungGen      total 479744K, used 281088K [0x00000000d5580000, 0x0000000100000000, 0x0000000100000000)
  eden space 281088K, 100% used [0x00000000d5580000,0x00000000e6800000,0x00000000e6800000)
  from space 198656K, 0% used [0x00000000e6800000,0x00000000e6800000,0x00000000f2a00000)
  to   space 219136K, 0% used [0x00000000f2a00000,0x00000000f2a00000,0x0000000100000000)
 ParOldGen       total 690176K, used 354270K [0x0000000080000000, 0x00000000aa200000, 0x00000000d5580000)
  object space 690176K, 51% used [0x0000000080000000,0x00000000959f7900,0x00000000aa200000)
 Metaspace       used 114976K, capacity 121472K, committed 121560K, reserved 1155072K
  class space    used 15023K, capacity 16382K, committed 16384K, reserved 1048576K
Event: 401.579 GC heap after
Heap after GC invocations=32 (full 5):
 PSYoungGen      total 452096K, used 11954K [0x00000000d5580000, 0x0000000100000000, 0x0000000100000000)
  eden space 232960K, 0% used [0x00000000d5580000,0x00000000d5580000,0x00000000e3900000)
  from space 219136K, 5% used [0x00000000f2a00000,0x00000000f35ac818,0x0000000100000000)
  to   space 232960K, 0% used [0x00000000e3900000,0x00000000e3900000,0x00000000f1c80000)
 ParOldGen       total 690176K, used 354278K [0x0000000080000000, 0x00000000aa200000, 0x00000000d5580000)
  object space 690176K, 51% used [0x0000000080000000,0x00000000959f9900,0x00000000aa200000)
 Metaspace       used 114976K, capacity 121472K, committed 121560K, reserved 1155072K
  class space    used 15023K, capacity 16382K, committed 16384K, reserved 1048576K
}
Event: 406.650 GC heap before
{Heap before GC invocations=33 (full 5):
 PSYoungGen      total 452096K, used 244914K [0x00000000d5580000, 0x0000000100000000, 0x0000000100000000)
  eden space 232960K, 100% used [0x00000000d5580000,0x00000000e3900000,0x00000000e3900000)
  from space 219136K, 5% used [0x00000000f2a00000,0x00000000f35ac818,0x0000000100000000)
  to   space 232960K, 0% used [0x00000000e3900000,0x00000000e3900000,0x00000000f1c80000)
 ParOldGen       total 690176K, used 354278K [0x0000000080000000, 0x00000000aa200000, 0x00000000d5580000)
  object space 690176K, 51% used [0x0000000080000000,0x00000000959f9900,0x00000000aa200000)
 Metaspace       used 122007K, capacity 128574K, committed 128728K, reserved 1161216K
  class space    used 15660K, capacity 17043K, committed 17152K, reserved 1048576K
Event: 406.684 GC heap after
Heap after GC invocations=33 (full 5):
 PSYoungGen      total 465920K, used 28223K [0x00000000d5580000, 0x0000000100000000, 0x0000000100000000)
  eden space 232960K, 0% used [0x00000000d5580000,0x00000000d5580000,0x00000000e3900000)
  from space 232960K, 12% used [0x00000000e3900000,0x00000000e548fe68,0x00000000f1c80000)
  to   space 231936K, 0% used [0x00000000f1d80000,0x00000000f1d80000,0x0000000100000000)
 ParOldGen       total 690176K, used 363014K [0x0000000080000000, 0x00000000aa200000, 0x00000000d5580000)
  object space 690176K, 52% used [0x0000000080000000,0x0000000096281bb0,0x00000000aa200000)
 Metaspace       used 122007K, capacity 128574K, committed 128728K, reserved 1161216K
  class space    used 15660K, capacity 17043K, committed 17152K, reserved 1048576K
}

Deoptimization events (10 events):
Event: 410.247 Thread 0x000000001f3e8800 Uncommon trap: reason=unstable_if action=reinterpret pc=0x00000000076146e4 method=java.util.Formatter$FormatSpecifier.checkNumeric()V @ 5
Event: 410.248 Thread 0x000000001f3e8800 Uncommon trap: reason=unstable_if action=reinterpret pc=0x000000000759b364 method=java.util.Formatter$FormatSpecifier.print(JLjava/util/Locale;)V @ 15
Event: 410.248 Thread 0x000000001f3e8800 Uncommon trap: reason=unstable_if action=reinterpret pc=0x0000000006c8e790 method=java.lang.Long.toString(JI)Ljava/lang/String; @ 17
Event: 410.331 Thread 0x000000001f3e8800 Uncommon trap: reason=speculate_class_check action=maybe_recompile pc=0x00000000077863c8 method=com.sun.tools.javac.code.Type.hasTag(Lcom/sun/tools/javac/code/TypeTag;)Z @ 2
Event: 410.332 Thread 0x000000001f3e8800 Uncommon trap: reason=speculate_class_check action=maybe_recompile pc=0x00000000077863c8 method=com.sun.tools.javac.code.Type.hasTag(Lcom/sun/tools/javac/code/TypeTag;)Z @ 2
Event: 410.332 Thread 0x000000001f3e8800 Uncommon trap: reason=speculate_class_check action=maybe_recompile pc=0x00000000077863c8 method=com.sun.tools.javac.code.Type.hasTag(Lcom/sun/tools/javac/code/TypeTag;)Z @ 2
Event: 410.332 Thread 0x000000001f3e8800 Uncommon trap: reason=speculate_class_check action=maybe_recompile pc=0x00000000077863c8 method=com.sun.tools.javac.code.Type.hasTag(Lcom/sun/tools/javac/code/TypeTag;)Z @ 2
Event: 410.332 Thread 0x000000001f3e8800 Uncommon trap: reason=speculate_class_check action=maybe_recompile pc=0x000000000776a880 method=com.sun.tools.javac.code.Type.hasTag(Lcom/sun/tools/javac/code/TypeTag;)Z @ 2
Event: 410.332 Thread 0x000000001f3e8800 Uncommon trap: reason=speculate_class_check action=maybe_recompile pc=0x000000000776a880 method=com.sun.tools.javac.code.Type.hasTag(Lcom/sun/tools/javac/code/TypeTag;)Z @ 2
Event: 410.374 Thread 0x000000001f3e8800 Uncommon trap: reason=unstable_if action=reinterpret pc=0x0000000007407048 method=com.sun.tools.javac.comp.Resolve.findImmediateMemberType(Lcom/sun/tools/javac/comp/Env;Lcom/sun/tools/javac/code/Type;Lcom/sun/tools/javac/util/Name;Lcom/sun/tools/javac/cod

Classes redefined (0 events):
No events

Internal exceptions (10 events):
Event: 407.045 Thread 0x000000001f3e8800 Exception <a 'java/security/PrivilegedActionException'> (0x00000000d635a308) thrown at [C:\src\AOSP-openjdk-git\hotspot\src\share\vm\prims\jvm.cpp, line 1502]
Event: 407.045 Thread 0x000000001f3e8800 Exception <a 'java/security/PrivilegedActionException'> (0x00000000d635c098) thrown at [C:\src\AOSP-openjdk-git\hotspot\src\share\vm\prims\jvm.cpp, line 1502]
Event: 407.045 Thread 0x000000001f3e8800 Exception <a 'java/security/PrivilegedActionException'> (0x00000000d635c678) thrown at [C:\src\AOSP-openjdk-git\hotspot\src\share\vm\prims\jvm.cpp, line 1502]
Event: 407.045 Thread 0x000000001f3e8800 Exception <a 'java/security/PrivilegedActionException'> (0x00000000d635e1f0) thrown at [C:\src\AOSP-openjdk-git\hotspot\src\share\vm\prims\jvm.cpp, line 1502]
Event: 407.046 Thread 0x000000001f3e8800 Exception <a 'java/security/PrivilegedActionException'> (0x00000000d635e7d0) thrown at [C:\src\AOSP-openjdk-git\hotspot\src\share\vm\prims\jvm.cpp, line 1502]
Event: 407.046 Thread 0x000000001f3e8800 Exception <a 'java/security/PrivilegedActionException'> (0x00000000d6360418) thrown at [C:\src\AOSP-openjdk-git\hotspot\src\share\vm\prims\jvm.cpp, line 1502]
Event: 407.046 Thread 0x000000001f3e8800 Exception <a 'java/security/PrivilegedActionException'> (0x00000000d63609f8) thrown at [C:\src\AOSP-openjdk-git\hotspot\src\share\vm\prims\jvm.cpp, line 1502]
Event: 407.046 Thread 0x000000001f3e8800 Exception <a 'java/security/PrivilegedActionException'> (0x00000000d6362730) thrown at [C:\src\AOSP-openjdk-git\hotspot\src\share\vm\prims\jvm.cpp, line 1502]
Event: 407.046 Thread 0x000000001f3e8800 Exception <a 'java/security/PrivilegedActionException'> (0x00000000d6362d10) thrown at [C:\src\AOSP-openjdk-git\hotspot\src\share\vm\prims\jvm.cpp, line 1502]
Event: 409.306 Thread 0x000000001f3e8800 Exception <a 'java/lang/NullPointerException'> (0x00000000dbdb1e90) thrown at [C:\src\AOSP-openjdk-git\hotspot\src\share\vm\interpreter\linkResolver.cpp, line 1287]

Events (10 events):
Event: 410.332 Thread 0x000000001f3e8800 DEOPT PACKING pc=0x000000000776a880 sp=0x00000000339dc650
Event: 410.332 Thread 0x000000001f3e8800 DEOPT UNPACKING pc=0x000000000339557b sp=0x00000000339dc5c8 mode 2
Event: 410.332 Thread 0x000000001f3e8800 Uncommon trap: trap_request=0xffffff76 fr.pc=0x000000000776a880
Event: 410.332 Thread 0x000000001f3e8800 DEOPT PACKING pc=0x000000000776a880 sp=0x00000000339dc650
Event: 410.332 Thread 0x000000001f3e8800 DEOPT UNPACKING pc=0x000000000339557b sp=0x00000000339dc5c8 mode 2
Event: 410.364 Executing VM operation: ForceSafepoint
Event: 410.364 Executing VM operation: ForceSafepoint done
Event: 410.374 Thread 0x000000001f3e8800 Uncommon trap: trap_request=0xffffff65 fr.pc=0x0000000007407048
Event: 410.374 Thread 0x000000001f3e8800 DEOPT PACKING pc=0x0000000007407048 sp=0x00000000339dc260
Event: 410.374 Thread 0x000000001f3e8800 DEOPT UNPACKING pc=0x000000000339557b sp=0x00000000339dc200 mode 2


Dynamic libraries:
0x00007ff667600000 - 0x00007ff667631000 	C:\Program Files\Android\Android Studio\jre\bin\java.exe
0x00007ffb74fb0000 - 0x00007ffb751a5000 	C:\WINDOWS\SYSTEM32\ntdll.dll
0x00007ffb74130000 - 0x00007ffb741ed000 	C:\WINDOWS\System32\KERNEL32.DLL
0x00007ffb729d0000 - 0x00007ffb72c99000 	C:\WINDOWS\System32\KERNELBASE.dll
0x00007ffb73490000 - 0x00007ffb7353c000 	C:\WINDOWS\System32\ADVAPI32.dll
0x00007ffb730d0000 - 0x00007ffb7316e000 	C:\WINDOWS\System32\msvcrt.dll
0x00007ffb73540000 - 0x00007ffb735dc000 	C:\WINDOWS\System32\sechost.dll
0x00007ffb741f0000 - 0x00007ffb7431b000 	C:\WINDOWS\System32\RPCRT4.dll
0x00007ffb731a0000 - 0x00007ffb73340000 	C:\WINDOWS\System32\USER32.dll
0x00007ffb72fe0000 - 0x00007ffb73002000 	C:\WINDOWS\System32\win32u.dll
0x00007ffb73170000 - 0x00007ffb7319a000 	C:\WINDOWS\System32\GDI32.dll
0x00007ffb728c0000 - 0x00007ffb729cb000 	C:\WINDOWS\System32\gdi32full.dll
0x00007ffb72820000 - 0x00007ffb728bd000 	C:\WINDOWS\System32\msvcp_win.dll
0x00007ffb72ca0000 - 0x00007ffb72da0000 	C:\WINDOWS\System32\ucrtbase.dll
0x00007ffb71b10000 - 0x00007ffb71daa000 	C:\WINDOWS\WinSxS\amd64_microsoft.windows.common-controls_6595b64144ccf1df_6.0.19041.844_none_ca00b6081b84eb1d\COMCTL32.dll
0x00007ffb74430000 - 0x00007ffb74460000 	C:\WINDOWS\System32\IMM32.DLL
0x0000000074200000 - 0x00000000742d2000 	C:\Program Files\Android\Android Studio\jre\jre\bin\msvcr100.dll
0x00000000732a0000 - 0x0000000073aeb000 	C:\Program Files\Android\Android Studio\jre\jre\bin\server\jvm.dll
0x00007ffb735e0000 - 0x00007ffb735e8000 	C:\WINDOWS\System32\PSAPI.DLL
0x00007ffb67cf0000 - 0x00007ffb67d17000 	C:\WINDOWS\SYSTEM32\WINMM.dll
0x00007ffb63320000 - 0x00007ffb63329000 	C:\WINDOWS\SYSTEM32\WSOCK32.dll
0x00007ffb67c50000 - 0x00007ffb67c5a000 	C:\WINDOWS\SYSTEM32\VERSION.dll
0x00007ffb737a0000 - 0x00007ffb7380b000 	C:\WINDOWS\System32\WS2_32.dll
0x00007ffb720c0000 - 0x00007ffb720cf000 	C:\Program Files\Android\Android Studio\jre\jre\bin\verify.dll
0x00007ffb70950000 - 0x00007ffb70979000 	C:\Program Files\Android\Android Studio\jre\jre\bin\java.dll
0x00007ffb64a50000 - 0x00007ffb64a66000 	C:\Program Files\Android\Android Studio\jre\jre\bin\zip.dll
0x00007ffb73930000 - 0x00007ffb74072000 	C:\WINDOWS\System32\SHELL32.dll
0x00007ffb6fa80000 - 0x00007ffb70210000 	C:\WINDOWS\SYSTEM32\windows.storage.dll
0x00007ffb74590000 - 0x00007ffb748e5000 	C:\WINDOWS\System32\combase.dll
0x00007ffb71a70000 - 0x00007ffb71a9c000 	C:\WINDOWS\SYSTEM32\Wldp.dll
0x00007ffb74380000 - 0x00007ffb7442e000 	C:\WINDOWS\System32\SHCORE.dll
0x00007ffb73070000 - 0x00007ffb730c5000 	C:\WINDOWS\System32\shlwapi.dll
0x00007ffb72630000 - 0x00007ffb7264f000 	C:\WINDOWS\SYSTEM32\profapi.dll
0x00007ffb64a30000 - 0x00007ffb64a4a000 	C:\Program Files\Android\Android Studio\jre\jre\bin\net.dll
0x00007ffb717e0000 - 0x00007ffb7184a000 	C:\WINDOWS\system32\mswsock.dll
0x00007ffb5ab10000 - 0x00007ffb5ab23000 	C:\Program Files\Android\Android Studio\jre\jre\bin\nio.dll
0x00007ffb45c10000 - 0x00007ffb45c37000 	C:\Users\user\.gradle\native\f6784746aeab05261644944871eae4fe03e0ef1612fff0a4a95f87b438bc6780\windows-amd64\native-platform.dll
0x00007ffb70940000 - 0x00007ffb7094d000 	C:\Program Files\Android\Android Studio\jre\jre\bin\management.dll
0x00007ffb72480000 - 0x00007ffb72498000 	C:\WINDOWS\SYSTEM32\CRYPTSP.dll
0x00007ffb711b0000 - 0x00007ffb711e4000 	C:\WINDOWS\system32\rsaenh.dll
0x00007ffb72fb0000 - 0x00007ffb72fd7000 	C:\WINDOWS\System32\bcrypt.dll
0x00007ffb725f0000 - 0x00007ffb7261e000 	C:\WINDOWS\SYSTEM32\USERENV.dll
0x00007ffb726f0000 - 0x00007ffb72770000 	C:\WINDOWS\System32\bcryptprimitives.dll
0x00007ffb71a60000 - 0x00007ffb71a6c000 	C:\WINDOWS\SYSTEM32\CRYPTBASE.dll
0x00007ffb714e0000 - 0x00007ffb7151b000 	C:\WINDOWS\SYSTEM32\IPHLPAPI.DLL
0x00007ffb74100000 - 0x00007ffb74108000 	C:\WINDOWS\System32\NSI.dll
0x00007ffb69880000 - 0x00007ffb69897000 	C:\WINDOWS\SYSTEM32\dhcpcsvc6.DLL
0x00007ffb69f50000 - 0x00007ffb69f6d000 	C:\WINDOWS\SYSTEM32\dhcpcsvc.DLL
0x00007ffb71520000 - 0x00007ffb715eb000 	C:\WINDOWS\SYSTEM32\DNSAPI.dll
0x00007ffb6aef0000 - 0x00007ffb6aefb000 	C:\WINDOWS\SYSTEM32\WINNSI.DLL
0x00007ffb54260000 - 0x00007ffb54284000 	C:\Program Files\Android\Android Studio\jre\jre\bin\sunec.dll
0x00007ffb6a920000 - 0x00007ffb6a92a000 	C:\Windows\System32\rasadhlp.dll
0x00007ffb72440000 - 0x00007ffb72473000 	C:\WINDOWS\SYSTEM32\ntmarta.dll
0x00007ffb456e0000 - 0x00007ffb456fe000 	C:\Users\user\AppData\Local\Temp\native-platform1808957705969205629dir\native-platform.dll
0x00007ffb72120000 - 0x00007ffb72304000 	C:\WINDOWS\SYSTEM32\dbghelp.dll

VM Arguments:
jvm_args: -Xmx2048m -Dfile.encoding=UTF-8 -Duser.country=TW -Duser.language=zh -Duser.variant 
java_command: org.gradle.launcher.daemon.bootstrap.GradleDaemon 6.5
java_class_path (initial): C:\Users\user\.gradle\wrapper\dists\gradle-6.5-bin\6nifqtx7604sqp1q6g8wikw7p\gradle-6.5\lib\gradle-launcher-6.5.jar
Launcher Type: SUN_STANDARD

Environment Variables:
PATH=C:\Program Files (x86)\Common Files\Oracle\Java\javapath;C:\WINDOWS\system32;C:\WINDOWS;C:\WINDOWS\System32\Wbem;C:\WINDOWS\System32\WindowsPowerShell\v1.0\;C:\WINDOWS\System32\OpenSSH\;C:\Program Files\dotnet\;C:\Program Files\Microsoft SQL Server\130\Tools\Binn\;C:\Program Files\Microsoft SQL Server\Client SDK\ODBC\170\Tools\Binn\;C:\Program Files\Git\cmd;C:\Users\user\AppData\Local\Microsoft\WindowsApps;C:\Users\user\.dotnet\tools;C:\Users\user\AppData\Local\Programs\Microsoft VS Code\bin
USERNAME=user
OS=Windows_NT
PROCESSOR_IDENTIFIER=Intel64 Family 6 Model 60 Stepping 3, GenuineIntel



---------------  S Y S T E M  ---------------

OS: Windows 10.0 , 64 bit Build 19041 (10.0.19041.804)

CPU:total 8 (initial active 8) (4 cores per cpu, 2 threads per core) family 6 model 60 stepping 3, cmov, cx8, fxsr, mmx, sse, sse2, sse3, ssse3, sse4.1, sse4.2, popcnt, avx, avx2, aes, clmul, erms, lzcnt, ht, tsc, tscinvbit, bmi1, bmi2

Memory: 4k page, physical 16614588k(1011752k free), swap 28148924k(7453188k free)

vm_info: OpenJDK 64-Bit Server VM (25.242-b01) for windows-amd64 JRE (1.8.0_242-release-1644-b01), built by "builder" with MS VC++ 10.0 (VS2010)

time: Thu Jun 10 17:16:11 2021
timezone: 台北標準時間
elapsed time: 410 seconds (0d 0h 6m 50s)

