#
# A fatal error has been detected by the Java Runtime Environment:
#
#  EXCEPTION_ACCESS_VIOLATION (0xc0000005) at pc=0x000000006339ee46, pid=976, tid=0x0000000000001b0c
#
# JRE version: OpenJDK Runtime Environment (8.0_242-b01) (build 1.8.0_242-release-1644-b01)
# Java VM: OpenJDK 64-Bit Server VM (25.242-b01 mixed mode windows-amd64 compressed oops)
# Problematic frame:
# V  [jvm.dll+0x46ee46]
#
# Failed to write core dump. Minidumps are not enabled by default on client versions of Windows
#
# If you would like to submit a bug report, please visit:
#   
#

---------------  T H R E A D  ---------------

Current thread (0x0000000019b7c000):  JavaThread "C2 CompilerThread2" daemon [_thread_in_native, id=6924, stack(0x000000001a4e0000,0x000000001a5e0000)]

siginfo: ExceptionCode=0xc0000005, writing address 0x00000000634ff768

Registers:
RAX=0x00000000633e87b0, RBX=0x0000000034001a00, RCX=0x0000000000000006, RDX=0x00000000633ea7b0
RSP=0x000000001a5dbc00, RBP=0x00000000000003cd, RSI=0x000000000000001e, RDI=0x000000001a5dbe30
R8 =0x0000000000002000, R9 =0x00000000634ff750, R10=0x00000000000020bc, R11=0x00000000346bf5d0
R12=0x0000000000026020, R13=0x000000001b9d25a0, R14=0x0000000062f30000, R15=0x00000000000003d8
RIP=0x000000006339ee46, EFLAGS=0x0000000000010202

Top of Stack: (sp=0x000000001a5dbc00)
0x000000001a5dbc00:   000000003459fb50 0000000034001a00
0x000000001a5dbc10:   00000000000003cd 000000000000001e
0x000000001a5dbc20:   000020be00000000 0000000000000006
0x000000001a5dbc30:   000000001f32abe0 0000000000000021
0x000000001a5dbc40:   0000000020d0a6a8 000000000000004b
0x000000001a5dbc50:   000000003459e070 00000000000049eb
0x000000001a5dbc60:   000000001b9d2978 000000001b9d25a0
0x000000001a5dbc70:   0000000000000000 0000000063367f01
0x000000001a5dbc80:   000000001a5dc120 0000000000000000
0x000000001a5dbc90:   0000000062f30000 00000000000003cd
0x000000001a5dbca0:   00002d1900000000 0000000000000008
0x000000001a5dbcb0:   0000000020546b00 0000000000000001
0x000000001a5dbcc0:   0000000020d0f1a8 0000000000000001
0x000000001a5dbcd0:   000000003459f470 0000000000000000
0x000000001a5dbce0:   0000000000000000 00000000633bd584
0x000000001a5dbcf0:   0000000000000000 0000000000000000 

Instructions: (pc=0x000000006339ee46)
0x000000006339ee26:   03 5f 10 49 8b 43 08 4c 8b 0c c8 8b cd 83 e1 1f
0x000000006339ee36:   41 d3 e0 8b ca 41 8b 14 91 41 8b c0 f7 d0 23 c2
0x000000006339ee46:   41 89 04 89 41 85 d0 74 03 41 ff 0b 48 8b 4f 20
0x000000006339ee56:   0f b6 53 64 4d 6b d2 70 f7 43 68 00 01 00 00 41 


Register to memory mapping:

RAX=0x00000000633e87b0 is an unknown value
RBX=0x0000000034001a00 is an unknown value
RCX=0x0000000000000006 is an unknown value
RDX=0x00000000633ea7b0 is an unknown value
RSP=0x000000001a5dbc00 is pointing into the stack for thread: 0x0000000019b7c000
RBP=0x00000000000003cd is an unknown value
RSI=0x000000000000001e is an unknown value
RDI=0x000000001a5dbe30 is pointing into the stack for thread: 0x0000000019b7c000
R8 =0x0000000000002000 is an unknown value
R9 =0x00000000634ff750 is an unknown value
R10=0x00000000000020bc is an unknown value
R11=0x00000000346bf5d0 is an unknown value
R12=0x0000000000026020 is an unknown value
R13=0x000000001b9d25a0 is an unknown value
R14=0x0000000062f30000 is an unknown value
R15=0x00000000000003d8 is an unknown value


Stack: [0x000000001a4e0000,0x000000001a5e0000],  sp=0x000000001a5dbc00,  free space=1007k
Native frames: (J=compiled Java code, j=interpreted, Vv=VM code, C=native code)
V  [jvm.dll+0x46ee46]
V  [jvm.dll+0x437f01]
V  [jvm.dll+0x43aa94]
V  [jvm.dll+0x4456ab]
V  [jvm.dll+0x447fa8]
V  [jvm.dll+0x42b072]
V  [jvm.dll+0x8230f]
V  [jvm.dll+0x82c7f]
V  [jvm.dll+0x220b7f]
V  [jvm.dll+0x27276a]
C  [msvcr100.dll+0x21d9f]
C  [msvcr100.dll+0x21e3b]
C  [KERNEL32.DLL+0x17034]
C  [ntdll.dll+0x52651]


Current CompileTask:
C2:  47990 15786       4       java.util.TimSort::mergeLo (659 bytes)


---------------  P R O C E S S  ---------------

Java Threads: ( => current thread )
  0x000000001fcc9000 JavaThread "ForkJoinPool-2-worker-0" daemon [_thread_blocked, id=11204, stack(0x0000000033ba0000,0x0000000033ca0000)]
  0x000000001fcc3000 JavaThread "ForkJoinPool-2-worker-7" daemon [_thread_blocked, id=12088, stack(0x0000000033aa0000,0x0000000033ba0000)]
  0x000000001fcc8800 JavaThread "ForkJoinPool-2-worker-6" daemon [_thread_in_Java, id=6024, stack(0x00000000339a0000,0x0000000033aa0000)]
  0x000000001fcc5800 JavaThread "ForkJoinPool-2-worker-5" daemon [_thread_blocked, id=11300, stack(0x00000000331e0000,0x00000000332e0000)]
  0x000000001fcc7800 JavaThread "ForkJoinPool-2-worker-4" daemon [_thread_in_Java, id=12112, stack(0x0000000032bb0000,0x0000000032cb0000)]
  0x000000001fcba800 JavaThread "ForkJoinPool-2-worker-3" daemon [_thread_blocked, id=16300, stack(0x00000000325b0000,0x00000000326b0000)]
  0x000000001fcb7800 JavaThread "ForkJoinPool-2-worker-1" daemon [_thread_in_Java, id=3356, stack(0x000000002fda0000,0x000000002fea0000)]
  0x000000001fcc0000 JavaThread "WorkerExecutor Queue Thread 14" [_thread_blocked, id=18748, stack(0x0000000031420000,0x0000000031520000)]
  0x000000001fcbe800 JavaThread "WorkerExecutor Queue Thread 13" [_thread_blocked, id=7628, stack(0x000000002fea0000,0x000000002ffa0000)]
  0x000000001fcbd800 JavaThread "WorkerExecutor Queue Thread 11" [_thread_in_native, id=16252, stack(0x00000000328b0000,0x00000000329b0000)]
  0x000000001fcb4800 JavaThread "stdout" [_thread_in_native, id=2380, stack(0x0000000032ce0000,0x0000000032de0000)]
  0x000000001fcba000 JavaThread "stderr" [_thread_in_native, id=9324, stack(0x0000000032170000,0x0000000032270000)]
  0x000000001fcbb800 JavaThread "stdout" [_thread_in_native, id=7320, stack(0x0000000032ab0000,0x0000000032bb0000)]
  0x000000001fcb4000 JavaThread "stderr" [_thread_in_native, id=12884, stack(0x00000000329b0000,0x0000000032ab0000)]
  0x000000001fcb2800 JavaThread "stdout" [_thread_in_native, id=4084, stack(0x00000000327b0000,0x00000000328b0000)]
  0x000000001fcb9000 JavaThread "stderr" [_thread_in_native, id=15700, stack(0x00000000326b0000,0x00000000327b0000)]
  0x000000001fcb3000 JavaThread "stdout" [_thread_in_native, id=6760, stack(0x00000000324b0000,0x00000000325b0000)]
  0x000000001fcb5800 JavaThread "stderr" [_thread_in_native, id=11756, stack(0x00000000323b0000,0x00000000324b0000)]
  0x000000001fcb7000 JavaThread "stdout" [_thread_in_native, id=5740, stack(0x00000000322b0000,0x00000000323b0000)]
  0x000000001fcb6000 JavaThread "stderr" [_thread_in_native, id=2712, stack(0x0000000031860000,0x0000000031960000)]
  0x000000001c6d2800 JavaThread "WorkerExecutor Queue Thread 6" [_thread_blocked, id=9524, stack(0x0000000031f70000,0x0000000032070000)]
  0x0000000020d68000 JavaThread "stdout" [_thread_in_native, id=7140, stack(0x0000000031e70000,0x0000000031f70000)]
  0x0000000020d67800 JavaThread "stderr" [_thread_in_native, id=18156, stack(0x0000000031d70000,0x0000000031e70000)]
  0x0000000020d69800 JavaThread "stdout" [_thread_in_native, id=6376, stack(0x0000000031c70000,0x0000000031d70000)]
  0x0000000020d69000 JavaThread "stderr" [_thread_in_native, id=8360, stack(0x0000000031b70000,0x0000000031c70000)]
  0x0000000020d5f000 JavaThread "pool-2-thread-1" [_thread_blocked, id=1068, stack(0x0000000031760000,0x0000000031860000)]
  0x0000000020d65000 JavaThread "WorkerExecutor Queue Thread 4" [_thread_blocked, id=3980, stack(0x000000002fca0000,0x000000002fda0000)]
  0x0000000020d5b800 JavaThread "Cache worker for execution history cache (E:\AppWorks-School\PersonalProject\.gradle\6.5\executionHistory)" [_thread_blocked, id=5772, stack(0x000000002f9a0000,0x000000002faa0000)]
  0x0000000020d60800 JavaThread "Execution worker for ':' Thread 7" [_thread_blocked, id=12812, stack(0x000000002f8a0000,0x000000002f9a0000)]
  0x0000000020d60000 JavaThread "Execution worker for ':' Thread 6" [_thread_blocked, id=9116, stack(0x000000002f7a0000,0x000000002f8a0000)]
  0x000000001cc12800 JavaThread "Execution worker for ':' Thread 5" [_thread_blocked, id=18480, stack(0x000000002f6a0000,0x000000002f7a0000)]
  0x000000001cc0f800 JavaThread "Execution worker for ':' Thread 4" [_thread_blocked, id=16888, stack(0x000000002f5a0000,0x000000002f6a0000)]
  0x000000001cc0d800 JavaThread "Execution worker for ':' Thread 3" [_thread_blocked, id=12348, stack(0x000000002f4a0000,0x000000002f5a0000)]
  0x000000001cc0c800 JavaThread "Execution worker for ':' Thread 2" [_thread_blocked, id=2404, stack(0x000000002f0b0000,0x000000002f1b0000)]
  0x000000001cc12000 JavaThread "Execution worker for ':'" [_thread_blocked, id=11820, stack(0x000000002db10000,0x000000002dc10000)]
  0x000000001cc13800 JavaThread "Cache worker for file content cache (E:\AppWorks-School\PersonalProject\.gradle\6.5\fileContent)" [_thread_blocked, id=15872, stack(0x000000002d5b0000,0x000000002d6b0000)]
  0x000000001cc10800 JavaThread "Memory manager" [_thread_blocked, id=4144, stack(0x00000000240e0000,0x00000000241e0000)]
  0x000000001cc0e000 JavaThread "pool-1-thread-1" [_thread_blocked, id=10948, stack(0x0000000023fe0000,0x00000000240e0000)]
  0x000000001cc04800 JavaThread "Cache worker for Build Output Cleanup Cache (E:\AppWorks-School\PersonalProject\.gradle\buildOutputCleanup)" [_thread_blocked, id=7052, stack(0x000000002c8b0000,0x000000002c9b0000)]
  0x000000001cc07800 JavaThread "jar transforms Thread 121" [_thread_blocked, id=1880, stack(0x000000002c7b0000,0x000000002c8b0000)]
  0x000000001cc06800 JavaThread "jar transforms Thread 120" [_thread_blocked, id=15156, stack(0x000000002c6b0000,0x000000002c7b0000)]
  0x000000001cc09000 JavaThread "jar transforms Thread 119" [_thread_blocked, id=476, stack(0x000000002c5b0000,0x000000002c6b0000)]
  0x000000001cc05000 JavaThread "jar transforms Thread 118" [_thread_blocked, id=8312, stack(0x000000002c4b0000,0x000000002c5b0000)]
  0x000000001cc08000 JavaThread "jar transforms Thread 117" [_thread_blocked, id=2392, stack(0x000000002c3b0000,0x000000002c4b0000)]
  0x000000001cc06000 JavaThread "jar transforms Thread 116" [_thread_blocked, id=7280, stack(0x000000002c2b0000,0x000000002c3b0000)]
  0x000000001cc0a800 JavaThread "jar transforms Thread 115" [_thread_blocked, id=11944, stack(0x000000002c1b0000,0x000000002c2b0000)]
  0x000000001cc0b000 JavaThread "jar transforms Thread 114" [_thread_blocked, id=7852, stack(0x000000002c0b0000,0x000000002c1b0000)]
  0x000000001cc09800 JavaThread "jar transforms Thread 113" [_thread_blocked, id=14960, stack(0x000000002bfb0000,0x000000002c0b0000)]
  0x000000001f9cd000 JavaThread "jar transforms Thread 112" [_thread_blocked, id=3452, stack(0x000000002beb0000,0x000000002bfb0000)]
  0x000000001f9d1800 JavaThread "jar transforms Thread 111" [_thread_blocked, id=17500, stack(0x000000002bdb0000,0x000000002beb0000)]
  0x000000001f9d0000 JavaThread "jar transforms Thread 110" [_thread_blocked, id=18172, stack(0x000000002bcb0000,0x000000002bdb0000)]
  0x000000001f9d1000 JavaThread "jar transforms Thread 109" [_thread_blocked, id=3648, stack(0x000000002bbb0000,0x000000002bcb0000)]
  0x000000001f9cf800 JavaThread "jar transforms Thread 108" [_thread_blocked, id=1396, stack(0x000000002bab0000,0x000000002bbb0000)]
  0x000000001f9ce800 JavaThread "jar transforms Thread 107" [_thread_blocked, id=16496, stack(0x000000002b9b0000,0x000000002bab0000)]
  0x000000001f9ce000 JavaThread "jar transforms Thread 106" [_thread_blocked, id=19072, stack(0x000000002b8b0000,0x000000002b9b0000)]
  0x000000001f9d3000 JavaThread "jar transforms Thread 105" [_thread_blocked, id=12916, stack(0x000000002b7b0000,0x000000002b8b0000)]
  0x000000001f9cb800 JavaThread "jar transforms Thread 104" [_thread_blocked, id=2748, stack(0x000000002b5b0000,0x000000002b6b0000)]
  0x000000001f9cc800 JavaThread "jar transforms Thread 103" [_thread_blocked, id=19364, stack(0x000000002b4b0000,0x000000002b5b0000)]
  0x000000001f9d2800 JavaThread "jar transforms Thread 102" [_thread_blocked, id=7072, stack(0x000000002b3b0000,0x000000002b4b0000)]
  0x000000001f9c4000 JavaThread "jar transforms Thread 101" [_thread_blocked, id=10508, stack(0x000000002b2b0000,0x000000002b3b0000)]
  0x000000001f9c7000 JavaThread "jar transforms Thread 100" [_thread_blocked, id=11400, stack(0x000000002b1b0000,0x000000002b2b0000)]
  0x000000001f9c6800 JavaThread "jar transforms Thread 99" [_thread_blocked, id=2072, stack(0x000000002b0b0000,0x000000002b1b0000)]
  0x000000001f9cb000 JavaThread "jar transforms Thread 98" [_thread_blocked, id=1056, stack(0x000000002afb0000,0x000000002b0b0000)]
  0x000000001f9ca000 JavaThread "jar transforms Thread 97" [_thread_blocked, id=18636, stack(0x000000002aeb0000,0x000000002afb0000)]
  0x000000001f9c5800 JavaThread "jar transforms Thread 96" [_thread_blocked, id=2972, stack(0x000000002adb0000,0x000000002aeb0000)]
  0x000000001f9c9800 JavaThread "jar transforms Thread 95" [_thread_blocked, id=13424, stack(0x000000002acb0000,0x000000002adb0000)]
  0x000000001f9c5000 JavaThread "jar transforms Thread 94" [_thread_blocked, id=17980, stack(0x000000002a9b0000,0x000000002aab0000)]
  0x000000001f9c8800 JavaThread "jar transforms Thread 93" [_thread_blocked, id=10696, stack(0x000000002a8b0000,0x000000002a9b0000)]
  0x000000001f9c8000 JavaThread "jar transforms Thread 92" [_thread_blocked, id=12476, stack(0x000000002a7b0000,0x000000002a8b0000)]
  0x000000001e7e1800 JavaThread "jar transforms Thread 91" [_thread_blocked, id=15012, stack(0x000000002a6b0000,0x000000002a7b0000)]
  0x000000001e7e0800 JavaThread "jar transforms Thread 90" [_thread_blocked, id=19104, stack(0x000000002a5b0000,0x000000002a6b0000)]
  0x000000001e7e0000 JavaThread "jar transforms Thread 89" [_thread_blocked, id=4832, stack(0x000000002a4b0000,0x000000002a5b0000)]
  0x000000001e7dd800 JavaThread "jar transforms Thread 88" [_thread_blocked, id=6644, stack(0x000000002a3b0000,0x000000002a4b0000)]
  0x000000001e7dd000 JavaThread "jar transforms Thread 87" [_thread_blocked, id=2544, stack(0x000000002a2b0000,0x000000002a3b0000)]
  0x000000001e7e2000 JavaThread "jar transforms Thread 86" [_thread_blocked, id=5320, stack(0x000000002a1b0000,0x000000002a2b0000)]
  0x000000001e7de800 JavaThread "jar transforms Thread 85" [_thread_blocked, id=14384, stack(0x000000002a0b0000,0x000000002a1b0000)]
  0x000000001e7df000 JavaThread "jar transforms Thread 84" [_thread_blocked, id=12092, stack(0x0000000029fb0000,0x000000002a0b0000)]
  0x000000001e7d5000 JavaThread "jar transforms Thread 83" [_thread_blocked, id=2364, stack(0x0000000029eb0000,0x0000000029fb0000)]
  0x000000001e7dc000 JavaThread "jar transforms Thread 82" [_thread_blocked, id=8400, stack(0x0000000029db0000,0x0000000029eb0000)]
  0x000000001e7da800 JavaThread "jar transforms Thread 81" [_thread_blocked, id=1512, stack(0x0000000029cb0000,0x0000000029db0000)]
  0x000000001e7db800 JavaThread "jar transforms Thread 80" [_thread_blocked, id=7936, stack(0x0000000029bb0000,0x0000000029cb0000)]
  0x000000001e7d7800 JavaThread "jar transforms Thread 79" [_thread_blocked, id=10972, stack(0x0000000029ab0000,0x0000000029bb0000)]
  0x000000001e7d6800 JavaThread "jar transforms Thread 78" [_thread_blocked, id=6096, stack(0x00000000299b0000,0x0000000029ab0000)]
  0x000000001e7d3000 JavaThread "jar transforms Thread 77" [_thread_blocked, id=17880, stack(0x00000000298b0000,0x00000000299b0000)]
  0x000000001e7d9800 JavaThread "jar transforms Thread 76" [_thread_blocked, id=14700, stack(0x00000000297b0000,0x00000000298b0000)]
  0x000000001e7d4800 JavaThread "jar transforms Thread 75" [_thread_blocked, id=11740, stack(0x00000000296b0000,0x00000000297b0000)]
  0x000000001e7d6000 JavaThread "jar transforms Thread 74" [_thread_blocked, id=11044, stack(0x00000000295b0000,0x00000000296b0000)]
  0x000000001e7d8000 JavaThread "jar transforms Thread 73" [_thread_blocked, id=11988, stack(0x00000000294b0000,0x00000000295b0000)]
  0x000000001e7d3800 JavaThread "jar transforms Thread 72" [_thread_blocked, id=18708, stack(0x00000000293b0000,0x00000000294b0000)]
  0x000000001e7d9000 JavaThread "jar transforms Thread 71" [_thread_blocked, id=6612, stack(0x00000000292b0000,0x00000000293b0000)]
  0x000000001fa82000 JavaThread "jar transforms Thread 70" [_thread_blocked, id=11064, stack(0x00000000291b0000,0x00000000292b0000)]
  0x000000001fa84000 JavaThread "jar transforms Thread 69" [_thread_blocked, id=15340, stack(0x00000000290b0000,0x00000000291b0000)]
  0x000000001fa85800 JavaThread "jar transforms Thread 68" [_thread_blocked, id=1596, stack(0x0000000028fb0000,0x00000000290b0000)]
  0x000000001fa86800 JavaThread "jar transforms Thread 67" [_thread_blocked, id=11896, stack(0x0000000028eb0000,0x0000000028fb0000)]
  0x000000001fa7f800 JavaThread "jar transforms Thread 66" [_thread_blocked, id=16908, stack(0x0000000028db0000,0x0000000028eb0000)]
  0x000000001fa82800 JavaThread "jar transforms Thread 65" [_thread_blocked, id=18808, stack(0x0000000028cb0000,0x0000000028db0000)]
  0x000000001fa83800 JavaThread "jar transforms Thread 64" [_thread_blocked, id=18188, stack(0x0000000028bb0000,0x0000000028cb0000)]
  0x000000001fa85000 JavaThread "jar transforms Thread 63" [_thread_blocked, id=5428, stack(0x0000000028ab0000,0x0000000028bb0000)]
  0x000000001fa81000 JavaThread "jar transforms Thread 62" [_thread_blocked, id=10340, stack(0x00000000289b0000,0x0000000028ab0000)]
  0x000000001fa80800 JavaThread "jar transforms Thread 61" [_thread_blocked, id=18384, stack(0x00000000288b0000,0x00000000289b0000)]
  0x000000001fa78000 JavaThread "jar transforms Thread 60" [_thread_blocked, id=12424, stack(0x00000000287b0000,0x00000000288b0000)]
  0x000000001fa7f000 JavaThread "jar transforms Thread 59" [_thread_blocked, id=17168, stack(0x00000000286b0000,0x00000000287b0000)]
  0x000000001fa77000 JavaThread "jar transforms Thread 58" [_thread_blocked, id=3864, stack(0x00000000285b0000,0x00000000286b0000)]
  0x000000001fa7e000 JavaThread "jar transforms Thread 57" [_thread_blocked, id=8652, stack(0x00000000284b0000,0x00000000285b0000)]
  0x000000001fa79800 JavaThread "jar transforms Thread 56" [_thread_blocked, id=18512, stack(0x00000000283b0000,0x00000000284b0000)]
  0x000000001fa7d000 JavaThread "jar transforms Thread 55" [_thread_blocked, id=15912, stack(0x00000000282b0000,0x00000000283b0000)]
  0x000000001fa78800 JavaThread "jar transforms Thread 54" [_thread_blocked, id=12336, stack(0x00000000281b0000,0x00000000282b0000)]
  0x000000001fa7b000 JavaThread "jar transforms Thread 53" [_thread_blocked, id=15252, stack(0x00000000280b0000,0x00000000281b0000)]
  0x000000001fa7c800 JavaThread "jar transforms Thread 52" [_thread_blocked, id=7256, stack(0x0000000027fb0000,0x00000000280b0000)]
  0x000000001fa7a000 JavaThread "jar transforms Thread 51" [_thread_blocked, id=18404, stack(0x0000000027eb0000,0x0000000027fb0000)]
  0x000000001fa7b800 JavaThread "jar transforms Thread 50" [_thread_blocked, id=8276, stack(0x0000000027db0000,0x0000000027eb0000)]
  0x000000002274e000 JavaThread "jar transforms Thread 49" [_thread_blocked, id=880, stack(0x0000000027cb0000,0x0000000027db0000)]
  0x000000002274d800 JavaThread "jar transforms Thread 48" [_thread_blocked, id=18756, stack(0x0000000027bb0000,0x0000000027cb0000)]
  0x000000002274b000 JavaThread "jar transforms Thread 47" [_thread_blocked, id=11236, stack(0x0000000027ab0000,0x0000000027bb0000)]
  0x0000000022749800 JavaThread "jar transforms Thread 46" [_thread_blocked, id=7996, stack(0x0000000024c20000,0x0000000024d20000)]
  0x000000002274c800 JavaThread "jar transforms Thread 45" [_thread_blocked, id=9604, stack(0x0000000027790000,0x0000000027890000)]
  0x000000002274c000 JavaThread "jar transforms Thread 44" [_thread_blocked, id=13404, stack(0x0000000027690000,0x0000000027790000)]
  0x000000002274f000 JavaThread "jar transforms Thread 43" [_thread_blocked, id=15788, stack(0x0000000027590000,0x0000000027690000)]
  0x000000002274a800 JavaThread "jar transforms Thread 42" [_thread_blocked, id=12220, stack(0x0000000027490000,0x0000000027590000)]
  0x0000000022742000 JavaThread "jar transforms Thread 41" [_thread_blocked, id=9460, stack(0x0000000027390000,0x0000000027490000)]
  0x0000000022749000 JavaThread "jar transforms Thread 40" [_thread_blocked, id=11732, stack(0x0000000027290000,0x0000000027390000)]
  0x0000000022741800 JavaThread "jar transforms Thread 39" [_thread_blocked, id=16412, stack(0x0000000027190000,0x0000000027290000)]
  0x0000000022748000 JavaThread "jar transforms Thread 38" [_thread_blocked, id=6532, stack(0x0000000027090000,0x0000000027190000)]
  0x0000000022747800 JavaThread "jar transforms Thread 37" [_thread_blocked, id=9636, stack(0x0000000026f90000,0x0000000027090000)]
  0x0000000022740800 JavaThread "jar transforms Thread 36" [_thread_blocked, id=16076, stack(0x0000000026e90000,0x0000000026f90000)]
  0x0000000022744800 JavaThread "jar transforms Thread 35" [_thread_blocked, id=9028, stack(0x0000000026d90000,0x0000000026e90000)]
  0x0000000022745000 JavaThread "jar transforms Thread 34" [_thread_blocked, id=9764, stack(0x0000000026c90000,0x0000000026d90000)]
  0x0000000022740000 JavaThread "jar transforms Thread 33" [_thread_blocked, id=16340, stack(0x0000000026b90000,0x0000000026c90000)]
  0x0000000022746000 JavaThread "jar transforms Thread 32" [_thread_blocked, id=15092, stack(0x0000000026a90000,0x0000000026b90000)]
  0x0000000022746800 JavaThread "jar transforms Thread 31" [_thread_blocked, id=8460, stack(0x0000000026990000,0x0000000026a90000)]
  0x0000000022743800 JavaThread "jar transforms Thread 30" [_thread_blocked, id=13476, stack(0x0000000026890000,0x0000000026990000)]
  0x0000000022743000 JavaThread "jar transforms Thread 29" [_thread_blocked, id=9348, stack(0x0000000026790000,0x0000000026890000)]
  0x000000001f9a8000 JavaThread "jar transforms Thread 28" [_thread_blocked, id=7980, stack(0x0000000026690000,0x0000000026790000)]
  0x000000001f9a7800 JavaThread "jar transforms Thread 27" [_thread_blocked, id=7904, stack(0x0000000026590000,0x0000000026690000)]
  0x000000001f9a0000 JavaThread "jar transforms Thread 26" [_thread_blocked, id=15328, stack(0x0000000026490000,0x0000000026590000)]
  0x000000001f9a6000 JavaThread "jar transforms Thread 25" [_thread_blocked, id=5900, stack(0x0000000026390000,0x0000000026490000)]
  0x000000001f9a3000 JavaThread "jar transforms Thread 24" [_thread_blocked, id=13380, stack(0x0000000026290000,0x0000000026390000)]
  0x000000001f9a5000 JavaThread "jar transforms Thread 23" [_thread_blocked, id=13516, stack(0x0000000026190000,0x0000000026290000)]
  0x000000001f9a3800 JavaThread "jar transforms Thread 22" [_thread_blocked, id=11352, stack(0x0000000026090000,0x0000000026190000)]
  0x000000001f9a6800 JavaThread "jar transforms Thread 21" [_thread_blocked, id=7972, stack(0x0000000025f90000,0x0000000026090000)]
  0x000000001f9a4800 JavaThread "jar transforms Thread 20" [_thread_blocked, id=15552, stack(0x0000000025e90000,0x0000000025f90000)]
  0x000000001f9a2000 JavaThread "jar transforms Thread 19" [_thread_blocked, id=12104, stack(0x0000000025d90000,0x0000000025e90000)]
  0x000000001f99a800 JavaThread "jar transforms Thread 18" [_thread_blocked, id=1744, stack(0x0000000025c90000,0x0000000025d90000)]
  0x000000001f99f000 JavaThread "jar transforms Thread 17" [_thread_blocked, id=15572, stack(0x0000000025b90000,0x0000000025c90000)]
  0x000000001f99e800 JavaThread "jar transforms Thread 16" [_thread_blocked, id=8588, stack(0x0000000025a90000,0x0000000025b90000)]
  0x000000001f99d800 JavaThread "jar transforms Thread 15" [_thread_blocked, id=10912, stack(0x0000000025990000,0x0000000025a90000)]
  0x000000001f9a1800 JavaThread "jar transforms Thread 14" [_thread_blocked, id=3668, stack(0x0000000025890000,0x0000000025990000)]
  0x000000001f99c000 JavaThread "jar transforms Thread 13" [_thread_blocked, id=9724, stack(0x0000000025790000,0x0000000025890000)]
  0x000000001f99b800 JavaThread "jar transforms Thread 12" [_thread_blocked, id=17080, stack(0x0000000025690000,0x0000000025790000)]
  0x000000001f9a0800 JavaThread "jar transforms Thread 11" [_thread_blocked, id=18620, stack(0x0000000025590000,0x0000000025690000)]
  0x000000001f99a000 JavaThread "jar transforms Thread 10" [_thread_blocked, id=9232, stack(0x0000000025490000,0x0000000025590000)]
  0x000000001f999000 JavaThread "jar transforms Thread 9" [_thread_blocked, id=11404, stack(0x0000000025390000,0x0000000025490000)]
  0x000000001f99d000 JavaThread "jar transforms Thread 8" [_thread_blocked, id=3088, stack(0x0000000025290000,0x0000000025390000)]
  0x000000001c6d7800 JavaThread "jar transforms Thread 7" [_thread_blocked, id=15976, stack(0x0000000025190000,0x0000000025290000)]
  0x000000001c6dd000 JavaThread "jar transforms Thread 6" [_thread_blocked, id=13572, stack(0x0000000025090000,0x0000000025190000)]
  0x000000001c6d9000 JavaThread "jar transforms Thread 5" [_thread_blocked, id=9812, stack(0x0000000024f90000,0x0000000025090000)]
  0x000000001c6dd800 JavaThread "jar transforms Thread 4" [_thread_blocked, id=17272, stack(0x0000000024e90000,0x0000000024f90000)]
  0x000000001c6db800 JavaThread "jar transforms Thread 3" [_thread_blocked, id=3876, stack(0x0000000024d90000,0x0000000024e90000)]
  0x000000001c6dc000 JavaThread "jar transforms Thread 2" [_thread_blocked, id=4924, stack(0x00000000241f0000,0x00000000242f0000)]
  0x000000001c6d7000 JavaThread "Build operations Thread 8" [_thread_blocked, id=11872, stack(0x0000000024a20000,0x0000000024b20000)]
  0x000000001c6da000 JavaThread "Build operations Thread 7" [_thread_blocked, id=14908, stack(0x0000000024920000,0x0000000024a20000)]
  0x000000001c6da800 JavaThread "Build operations Thread 6" [_thread_blocked, id=404, stack(0x0000000024820000,0x0000000024920000)]
  0x000000001c6d8800 JavaThread "Build operations Thread 5" [_thread_blocked, id=5820, stack(0x0000000024720000,0x0000000024820000)]
  0x000000001c6cf800 JavaThread "Build operations Thread 4" [_thread_blocked, id=11948, stack(0x0000000024620000,0x0000000024720000)]
  0x000000001c6d4800 JavaThread "Build operations Thread 3" [_thread_blocked, id=1096, stack(0x0000000024520000,0x0000000024620000)]
  0x000000001c6d6000 JavaThread "Build operations Thread 2" [_thread_blocked, id=7912, stack(0x0000000024420000,0x0000000024520000)]
  0x000000001c6d4000 JavaThread "Build operations" [_thread_blocked, id=14888, stack(0x0000000024320000,0x0000000024420000)]
  0x000000001c6c9800 JavaThread "Cache worker for file content cache (C:\Users\user\.gradle\caches\6.5\fileContent)" [_thread_blocked, id=17072, stack(0x00000000238e0000,0x00000000239e0000)]
  0x000000001c6c6800 JavaThread "jar transforms" [_thread_blocked, id=10196, stack(0x0000000022120000,0x0000000022220000)]
  0x000000001c6c7800 JavaThread "Cache worker for execution history cache (C:\Users\user\.gradle\caches\6.5\executionHistory)" [_thread_blocked, id=18464, stack(0x0000000021e80000,0x0000000021f80000)]
  0x000000001c6cd800 JavaThread "Cache worker for cache directory md-rule (C:\Users\user\.gradle\caches\6.5\md-rule)" [_thread_blocked, id=9404, stack(0x0000000021d80000,0x0000000021e80000)]
  0x000000001c6c9000 JavaThread "Cache worker for cache directory md-supplier (C:\Users\user\.gradle\caches\6.5\md-supplier)" [_thread_blocked, id=15032, stack(0x0000000020a20000,0x0000000020b20000)]
  0x000000001c6cc800 JavaThread "Cache worker for checksums cache (E:\AppWorks-School\PersonalProject\.gradle\checksums)" [_thread_blocked, id=5608, stack(0x0000000020920000,0x0000000020a20000)]
  0x000000001c6cc000 JavaThread "Cache worker for file hash cache (E:\AppWorks-School\PersonalProject\.gradle\6.5\fileHashes)" [_thread_blocked, id=2944, stack(0x0000000022020000,0x0000000022120000)]
  0x000000001c6cb000 JavaThread "Cache worker for file hash cache (C:\Users\user\.gradle\caches\6.5\fileHashes)" [_thread_blocked, id=16640, stack(0x000000001e480000,0x000000001e580000)]
  0x000000001c6c8000 JavaThread "File lock request listener" [_thread_in_native, id=8620, stack(0x000000001e380000,0x000000001e480000)]
  0x0000000019c6b000 JavaThread "Cache worker for journal cache (C:\Users\user\.gradle\caches\journal-1)" [_thread_blocked, id=5460, stack(0x000000001e280000,0x000000001e380000)]
  0x000000001c50d800 JavaThread "Thread-9" [_thread_blocked, id=11512, stack(0x000000001df80000,0x000000001e080000)]
  0x000000001c50a000 JavaThread "Stdin handler" [_thread_blocked, id=652, stack(0x000000001de80000,0x000000001df80000)]
  0x000000001c507800 JavaThread "Asynchronous log dispatcher for DefaultDaemonConnection: socket connection from /127.0.0.1:54206 to /127.0.0.1:54207" [_thread_blocked, id=10772, stack(0x000000001dd80000,0x000000001de80000)]
  0x000000001c505000 JavaThread "Daemon worker" [_thread_blocked, id=16628, stack(0x000000001dc80000,0x000000001dd80000)]
  0x000000001c4ff000 JavaThread "Cancel handler" [_thread_blocked, id=3712, stack(0x000000001db80000,0x000000001dc80000)]
  0x000000001c4b7800 JavaThread "Handler for socket connection from /127.0.0.1:54206 to /127.0.0.1:54207" [_thread_in_native, id=4264, stack(0x000000001da80000,0x000000001db80000)]
  0x000000001c0ae000 JavaThread "Daemon" [_thread_blocked, id=5272, stack(0x000000001d980000,0x000000001da80000)]
  0x000000001c4bc800 JavaThread "Daemon periodic checks" [_thread_blocked, id=12760, stack(0x000000001d680000,0x000000001d780000)]
  0x000000001c4ba000 JavaThread "Incoming local TCP Connector on port 54206" [_thread_in_native, id=4272, stack(0x000000001d580000,0x000000001d680000)]
  0x000000001c40d000 JavaThread "Daemon health stats" [_thread_blocked, id=2456, stack(0x000000001d280000,0x000000001d380000)]
  0x0000000019c00000 JavaThread "Service Thread" daemon [_thread_blocked, id=7000, stack(0x000000001a6e0000,0x000000001a7e0000)]
  0x0000000019b82000 JavaThread "C1 CompilerThread3" daemon [_thread_blocked, id=7560, stack(0x000000001a5e0000,0x000000001a6e0000)]
=>0x0000000019b7c000 JavaThread "C2 CompilerThread2" daemon [_thread_in_native, id=6924, stack(0x000000001a4e0000,0x000000001a5e0000)]
  0x0000000019b79000 JavaThread "C2 CompilerThread1" daemon [_thread_in_native, id=19224, stack(0x000000001a3e0000,0x000000001a4e0000)]
  0x0000000019b70000 JavaThread "C2 CompilerThread0" daemon [_thread_in_native, id=7800, stack(0x000000001a2e0000,0x000000001a3e0000)]
  0x0000000019b6f000 JavaThread "Attach Listener" daemon [_thread_blocked, id=12776, stack(0x000000001a1e0000,0x000000001a2e0000)]
  0x0000000019b1b000 JavaThread "Signal Dispatcher" daemon [_thread_blocked, id=12692, stack(0x000000001a0e0000,0x000000001a1e0000)]
  0x0000000002bac800 JavaThread "Finalizer" daemon [_thread_blocked, id=5600, stack(0x0000000019fe0000,0x000000001a0e0000)]
  0x0000000019b00800 JavaThread "Reference Handler" daemon [_thread_blocked, id=1824, stack(0x0000000019ee0000,0x0000000019fe0000)]
  0x0000000002c8d800 JavaThread "main" [_thread_blocked, id=14828, stack(0x00000000025d0000,0x00000000026d0000)]

Other Threads:
  0x0000000017cf8000 VMThread [stack: 0x00000000199e0000,0x0000000019ae0000] [id=14968]
  0x0000000019c08800 WatcherThread [stack: 0x000000001a7e0000,0x000000001a8e0000] [id=11576]

VM state:not at safepoint (normal execution)

VM Mutex/Monitor currently owned by a thread: None

heap address: 0x0000000080000000, size: 2048 MB, Compressed Oops mode: 32-bit
Narrow klass base: 0x0000000000000000, Narrow klass shift: 3
Compressed class space size: 1073741824 Address: 0x0000000100000000

Heap:
 PSYoungGen      total 426496K, used 358421K [0x00000000d5580000, 0x00000000fd980000, 0x0000000100000000)
  eden space 330240K, 79% used [0x00000000d5580000,0x00000000e5587f50,0x00000000e9800000)
  from space 96256K, 99% used [0x00000000e9800000,0x00000000ef5fd760,0x00000000ef600000)
  to   space 130560K, 0% used [0x00000000f5a00000,0x00000000f5a00000,0x00000000fd980000)
 ParOldGen       total 473088K, used 237445K [0x0000000080000000, 0x000000009ce00000, 0x00000000d5580000)
  object space 473088K, 50% used [0x0000000080000000,0x000000008e7e17f0,0x000000009ce00000)
 Metaspace       used 88028K, capacity 92196K, committed 92248K, reserved 1128448K
  class space    used 11771K, capacity 12635K, committed 12672K, reserved 1048576K

Card table byte_map: [0x0000000012050000,0x0000000012460000] byte_map_base: 0x0000000011c50000

Marking Bits: (ParMarkBitMap*) 0x00000000636ff030
 Begin Bits: [0x0000000012f10000, 0x0000000014f10000)
 End Bits:   [0x0000000014f10000, 0x0000000016f10000)

Polling page: 0x0000000000da0000

CodeCache: size=245760Kb used=43231Kb max_used=43236Kb free=202528Kb
 bounds [0x0000000002c90000, 0x0000000005710000, 0x0000000011c90000]
 total_blobs=13702 nmethods=12847 adapters=767
 compilation: enabled

Compilation events (10 events):
Event: 47.872 Thread 0x0000000019b79000 15815       4       java.util.IdentityHashMap$KeySet::toArray (142 bytes)
Event: 47.884 Thread 0x0000000019b79000 nmethod 15815 0x00000000056fb390 code [0x00000000056fb520, 0x00000000056fba48]
Event: 47.884 Thread 0x0000000019b79000 15817       4       java.util.TimSort::gallopRight (335 bytes)
Event: 47.892 Thread 0x0000000019b79000 nmethod 15817 0x00000000056fa850 code [0x00000000056fa9c0, 0x00000000056faf58]
Event: 47.892 Thread 0x0000000019b79000 15818       4       java.util.TimSort::gallopLeft (335 bytes)
Event: 47.900 Thread 0x0000000019b79000 nmethod 15818 0x00000000056ff4d0 code [0x00000000056ff620, 0x00000000056ffaf8]
Event: 47.901 Thread 0x0000000019b79000 15819       4       java.util.TimSort::ensureCapacity (107 bytes)
Event: 47.905 Thread 0x0000000019b79000 nmethod 15819 0x00000000056f9b50 code [0x00000000056f9ca0, 0x00000000056f9e78]
Event: 47.905 Thread 0x0000000019b79000 15820       4       java.util.TimSort::mergeAt (358 bytes)
Event: 47.911 Thread 0x0000000019b79000 nmethod 15820 0x00000000056febd0 code [0x00000000056fed60, 0x00000000056ff0f0]

GC Heap History (10 events):
Event: 35.632 GC heap before
{Heap before GC invocations=19 (full 3):
 PSYoungGen      total 318976K, used 307758K [0x00000000d5580000, 0x00000000ee900000, 0x0000000100000000)
  eden space 279040K, 100% used [0x00000000d5580000,0x00000000e6600000,0x00000000e6600000)
  from space 39936K, 71% used [0x00000000e6600000,0x00000000e820b918,0x00000000e8d00000)
  to   space 41984K, 0% used [0x00000000ec000000,0x00000000ec000000,0x00000000ee900000)
 ParOldGen       total 220160K, used 93330K [0x0000000080000000, 0x000000008d700000, 0x00000000d5580000)
  object space 220160K, 42% used [0x0000000080000000,0x0000000085b24900,0x000000008d700000)
 Metaspace       used 81214K, capacity 84988K, committed 85208K, reserved 1122304K
  class space    used 10755K, capacity 11509K, committed 11520K, reserved 1048576K
Event: 35.709 GC heap after
Heap after GC invocations=19 (full 3):
 PSYoungGen      total 367616K, used 35419K [0x00000000d5580000, 0x00000000efa80000, 0x0000000100000000)
  eden space 325632K, 0% used [0x00000000d5580000,0x00000000d5580000,0x00000000e9380000)
  from space 41984K, 84% used [0x00000000ec000000,0x00000000ee296db0,0x00000000ee900000)
  to   space 45568K, 0% used [0x00000000e9380000,0x00000000e9380000,0x00000000ec000000)
 ParOldGen       total 220160K, used 93338K [0x0000000080000000, 0x000000008d700000, 0x00000000d5580000)
  object space 220160K, 42% used [0x0000000080000000,0x0000000085b26900,0x000000008d700000)
 Metaspace       used 81214K, capacity 84988K, committed 85208K, reserved 1122304K
  class space    used 10755K, capacity 11509K, committed 11520K, reserved 1048576K
}
Event: 38.096 GC heap before
{Heap before GC invocations=20 (full 3):
 PSYoungGen      total 367616K, used 361051K [0x00000000d5580000, 0x00000000efa80000, 0x0000000100000000)
  eden space 325632K, 100% used [0x00000000d5580000,0x00000000e9380000,0x00000000e9380000)
  from space 41984K, 84% used [0x00000000ec000000,0x00000000ee296db0,0x00000000ee900000)
  to   space 45568K, 0% used [0x00000000e9380000,0x00000000e9380000,0x00000000ec000000)
 ParOldGen       total 220160K, used 93338K [0x0000000080000000, 0x000000008d700000, 0x00000000d5580000)
  object space 220160K, 42% used [0x0000000080000000,0x0000000085b26900,0x000000008d700000)
 Metaspace       used 82032K, capacity 85910K, committed 86104K, reserved 1124352K
  class space    used 10862K, capacity 11630K, committed 11648K, reserved 1048576K
Event: 38.151 GC heap after
Heap after GC invocations=20 (full 3):
 PSYoungGen      total 371200K, used 45551K [0x00000000d5580000, 0x00000000f2a00000, 0x0000000100000000)
  eden space 325632K, 0% used [0x00000000d5580000,0x00000000d5580000,0x00000000e9380000)
  from space 45568K, 99% used [0x00000000e9380000,0x00000000ebffbcc0,0x00000000ec000000)
  to   space 53248K, 0% used [0x00000000ef600000,0x00000000ef600000,0x00000000f2a00000)
 ParOldGen       total 220160K, used 94903K [0x0000000080000000, 0x000000008d700000, 0x00000000d5580000)
  object space 220160K, 43% used [0x0000000080000000,0x0000000085cadc70,0x000000008d700000)
 Metaspace       used 82032K, capacity 85910K, committed 86104K, reserved 1124352K
  class space    used 10862K, capacity 11630K, committed 11648K, reserved 1048576K
}
Event: 40.138 GC heap before
{Heap before GC invocations=21 (full 3):
 PSYoungGen      total 371200K, used 371183K [0x00000000d5580000, 0x00000000f2a00000, 0x0000000100000000)
  eden space 325632K, 100% used [0x00000000d5580000,0x00000000e9380000,0x00000000e9380000)
  from space 45568K, 99% used [0x00000000e9380000,0x00000000ebffbcc0,0x00000000ec000000)
  to   space 53248K, 0% used [0x00000000ef600000,0x00000000ef600000,0x00000000f2a00000)
 ParOldGen       total 220160K, used 94903K [0x0000000080000000, 0x000000008d700000, 0x00000000d5580000)
  object space 220160K, 43% used [0x0000000080000000,0x0000000085cadc70,0x000000008d700000)
 Metaspace       used 83829K, capacity 87720K, committed 87896K, reserved 1126400K
  class space    used 11109K, capacity 11895K, committed 11904K, reserved 1048576K
Event: 40.259 GC heap after
Heap after GC invocations=21 (full 3):
 PSYoungGen      total 383488K, used 53245K [0x00000000d5580000, 0x00000000f8880000, 0x0000000100000000)
  eden space 330240K, 0% used [0x00000000d5580000,0x00000000d5580000,0x00000000e9800000)
  from space 53248K, 99% used [0x00000000ef600000,0x00000000f29ff610,0x00000000f2a00000)
  to   space 96256K, 0% used [0x00000000e9800000,0x00000000e9800000,0x00000000ef600000)
 ParOldGen       total 220160K, used 188715K [0x0000000080000000, 0x000000008d700000, 0x00000000d5580000)
  object space 220160K, 85% used [0x0000000080000000,0x000000008b84acb0,0x000000008d700000)
 Metaspace       used 83829K, capacity 87720K, committed 87896K, reserved 1126400K
  class space    used 11109K, capacity 11895K, committed 11904K, reserved 1048576K
}
Event: 40.259 GC heap before
{Heap before GC invocations=22 (full 4):
 PSYoungGen      total 383488K, used 53245K [0x00000000d5580000, 0x00000000f8880000, 0x0000000100000000)
  eden space 330240K, 0% used [0x00000000d5580000,0x00000000d5580000,0x00000000e9800000)
  from space 53248K, 99% used [0x00000000ef600000,0x00000000f29ff610,0x00000000f2a00000)
  to   space 96256K, 0% used [0x00000000e9800000,0x00000000e9800000,0x00000000ef600000)
 ParOldGen       total 220160K, used 188715K [0x0000000080000000, 0x000000008d700000, 0x00000000d5580000)
  object space 220160K, 85% used [0x0000000080000000,0x000000008b84acb0,0x000000008d700000)
 Metaspace       used 83829K, capacity 87720K, committed 87896K, reserved 1126400K
  class space    used 11109K, capacity 11895K, committed 11904K, reserved 1048576K
Event: 41.147 GC heap after
Heap after GC invocations=22 (full 4):
 PSYoungGen      total 383488K, used 0K [0x00000000d5580000, 0x00000000f8880000, 0x0000000100000000)
  eden space 330240K, 0% used [0x00000000d5580000,0x00000000d5580000,0x00000000e9800000)
  from space 53248K, 0% used [0x00000000ef600000,0x00000000ef600000,0x00000000f2a00000)
  to   space 96256K, 0% used [0x00000000e9800000,0x00000000e9800000,0x00000000ef600000)
 ParOldGen       total 473088K, used 188683K [0x0000000080000000, 0x000000009ce00000, 0x00000000d5580000)
  object space 473088K, 39% used [0x0000000080000000,0x000000008b842fb8,0x000000009ce00000)
 Metaspace       used 83709K, capacity 87354K, committed 87896K, reserved 1126400K
  class space    used 11074K, capacity 11832K, committed 11904K, reserved 1048576K
}
Event: 43.506 GC heap before
{Heap before GC invocations=23 (full 4):
 PSYoungGen      total 383488K, used 330240K [0x00000000d5580000, 0x00000000f8880000, 0x0000000100000000)
  eden space 330240K, 100% used [0x00000000d5580000,0x00000000e9800000,0x00000000e9800000)
  from space 53248K, 0% used [0x00000000ef600000,0x00000000ef600000,0x00000000f2a00000)
  to   space 96256K, 0% used [0x00000000e9800000,0x00000000e9800000,0x00000000ef600000)
 ParOldGen       total 473088K, used 188683K [0x0000000080000000, 0x000000009ce00000, 0x00000000d5580000)
  object space 473088K, 39% used [0x0000000080000000,0x000000008b842fb8,0x000000009ce00000)
 Metaspace       used 87193K, capacity 91294K, committed 91480K, reserved 1128448K
  class space    used 11685K, capacity 12562K, committed 12672K, reserved 1048576K
Event: 43.733 GC heap after
Heap after GC invocations=23 (full 4):
 PSYoungGen      total 426496K, used 96245K [0x00000000d5580000, 0x00000000fd980000, 0x0000000100000000)
  eden space 330240K, 0% used [0x00000000d5580000,0x00000000d5580000,0x00000000e9800000)
  from space 96256K, 99% used [0x00000000e9800000,0x00000000ef5fd760,0x00000000ef600000)
  to   space 130560K, 0% used [0x00000000f5a00000,0x00000000f5a00000,0x00000000fd980000)
 ParOldGen       total 473088K, used 237445K [0x0000000080000000, 0x000000009ce00000, 0x00000000d5580000)
  object space 473088K, 50% used [0x0000000080000000,0x000000008e7e17f0,0x000000009ce00000)
 Metaspace       used 87193K, capacity 91294K, committed 91480K, reserved 1128448K
  class space    used 11685K, capacity 12562K, committed 12672K, reserved 1048576K
}

Deoptimization events (10 events):
Event: 47.329 Thread 0x000000001fcb7800 Uncommon trap: reason=class_check action=maybe_recompile pc=0x00000000056b4254 method=java.util.TimSort.mergeLo(IIII)V @ 189
Event: 47.329 Thread 0x000000001fcb7800 Uncommon trap: reason=class_check action=maybe_recompile pc=0x00000000056a9e5c method=java.util.TimSort.mergeHi(IIII)V @ 227
Event: 47.330 Thread 0x000000001fcb7800 Uncommon trap: reason=class_check action=maybe_recompile pc=0x00000000056a9e5c method=java.util.TimSort.mergeHi(IIII)V @ 227
Event: 47.330 Thread 0x000000001fcb7800 Uncommon trap: reason=class_check action=maybe_recompile pc=0x00000000056940c8 method=java.util.TimSort.mergeHi(IIII)V @ 227
Event: 47.330 Thread 0x000000001fcc8800 Uncommon trap: reason=class_check action=maybe_recompile pc=0x00000000056a9e5c method=java.util.TimSort.mergeHi(IIII)V @ 227
Event: 47.331 Thread 0x000000001fcc8800 Uncommon trap: reason=class_check action=maybe_recompile pc=0x00000000056b4254 method=java.util.TimSort.mergeLo(IIII)V @ 189
Event: 47.331 Thread 0x000000001fcb7800 Uncommon trap: reason=class_check action=maybe_recompile pc=0x00000000056b4254 method=java.util.TimSort.mergeLo(IIII)V @ 189
Event: 47.331 Thread 0x000000001fcc7800 Uncommon trap: reason=class_check action=maybe_recompile pc=0x00000000056b4254 method=java.util.TimSort.mergeLo(IIII)V @ 189
Event: 47.333 Thread 0x000000001fcc7800 Uncommon trap: reason=class_check action=maybe_recompile pc=0x000000000568ef44 method=java.util.TimSort.mergeLo(IIII)V @ 189
Event: 47.341 Thread 0x000000001fcc7800 Uncommon trap: reason=class_check action=maybe_recompile pc=0x00000000056940c8 method=java.util.TimSort.mergeHi(IIII)V @ 227

Classes redefined (0 events):
No events

Internal exceptions (10 events):
Event: 38.517 Thread 0x000000001c505000 Exception <a 'java/lang/NoSuchMethodError': <clinit>> (0x00000000db483bf0) thrown at [C:\src\AOSP-openjdk-git\hotspot\src\share\vm\prims\jni.cpp, line 1615]
Event: 38.525 Thread 0x000000001c505000 Exception <a 'java/lang/NoSuchMethodError': <clinit>> (0x00000000db914210) thrown at [C:\src\AOSP-openjdk-git\hotspot\src\share\vm\prims\jni.cpp, line 1615]
Event: 38.545 Thread 0x000000001c6d2800 Exception <a 'sun/nio/fs/WindowsException'> (0x00000000dbe673f0) thrown at [C:\src\AOSP-openjdk-git\hotspot\src\share\vm\prims\jni.cpp, line 710]
Event: 38.720 Thread 0x000000001fcbd800 Exception <a 'java/lang/NoSuchMethodError': java.lang.Object.lambda$negate$1(Ljava/lang/Object;)Z> (0x00000000dc6a9ae0) thrown at [C:\src\AOSP-openjdk-git\hotspot\src\share\vm\interpreter\linkResolver.cpp, line 620]
Event: 41.515 Thread 0x000000001fcc7800 Implicit null exception at 0x00000000035aeb2f to 0x00000000035aec21
Event: 41.515 Thread 0x000000001fcb7800 Implicit null exception at 0x00000000035aeb2f to 0x00000000035aec21
Event: 41.515 Thread 0x000000001fcb8800 Implicit null exception at 0x00000000035aeb2f to 0x00000000035aec21
Event: 41.515 Thread 0x000000001fcc5800 Implicit null exception at 0x00000000035aeb2f to 0x00000000035aec21
Event: 43.009 Thread 0x000000001c6d2800 Exception <a 'java/lang/IncompatibleClassChangeError': Found class java.lang.Object, but interface was expected> (0x00000000e8551c40) thrown at [C:\src\AOSP-openjdk-git\hotspot\src\share\vm\interpreter\linkResolver.cpp, line 653]
Event: 44.057 Thread 0x000000001c6d2800 Implicit null exception at 0x00000000052dabb4 to 0x00000000052daea6

Events (10 events):
Event: 47.957 loading class com/google/common/collect/MapMakerInternalMap$InternalEntryHelper
Event: 47.957 loading class com/google/common/collect/MapMakerInternalMap$InternalEntryHelper done
Event: 47.958 loading class com/google/common/collect/MapMakerInternalMap$1
Event: 47.958 loading class com/google/common/collect/MapMakerInternalMap$1 done
Event: 47.959 loading class com/google/common/collect/MapMakerInternalMap$InternalEntry
Event: 47.959 loading class com/google/common/collect/MapMakerInternalMap$InternalEntry done
Event: 47.959 loading class com/google/common/collect/MapMakerInternalMap$Strength
Event: 47.959 loading class com/google/common/collect/MapMakerInternalMap$Strength done
Event: 47.960 loading class com/google/common/collect/MapMakerInternalMap$Strength$1
Event: 47.960 loading class com/google/common/collect/MapMakerInternalMap$Strength$1 done


Dynamic libraries:
0x00007ff7d7030000 - 0x00007ff7d7061000 	C:\Program Files\Android\Android Studio\jre\bin\java.exe
0x00007ff844230000 - 0x00007ff844425000 	C:\WINDOWS\SYSTEM32\ntdll.dll
0x00007ff842a50000 - 0x00007ff842b0d000 	C:\WINDOWS\System32\KERNEL32.DLL
0x00007ff841db0000 - 0x00007ff842079000 	C:\WINDOWS\System32\KERNELBASE.dll
0x00007ff843490000 - 0x00007ff84353c000 	C:\WINDOWS\System32\ADVAPI32.dll
0x00007ff842b10000 - 0x00007ff842bae000 	C:\WINDOWS\System32\msvcrt.dll
0x00007ff843f10000 - 0x00007ff843fac000 	C:\WINDOWS\System32\sechost.dll
0x00007ff842420000 - 0x00007ff84254b000 	C:\WINDOWS\System32\RPCRT4.dll
0x00007ff8430d0000 - 0x00007ff843270000 	C:\WINDOWS\System32\USER32.dll
0x00007ff841a80000 - 0x00007ff841aa2000 	C:\WINDOWS\System32\win32u.dll
0x00007ff843450000 - 0x00007ff84347a000 	C:\WINDOWS\System32\GDI32.dll
0x00007ff842080000 - 0x00007ff84218b000 	C:\WINDOWS\System32\gdi32full.dll
0x00007ff841c90000 - 0x00007ff841d2d000 	C:\WINDOWS\System32\msvcp_win.dll
0x00007ff842190000 - 0x00007ff842290000 	C:\WINDOWS\System32\ucrtbase.dll
0x00007ff840d90000 - 0x00007ff84102a000 	C:\WINDOWS\WinSxS\amd64_microsoft.windows.common-controls_6595b64144ccf1df_6.0.19041.844_none_ca00b6081b84eb1d\COMCTL32.dll
0x00007ff842550000 - 0x00007ff842580000 	C:\WINDOWS\System32\IMM32.DLL
0x0000000063b40000 - 0x0000000063c12000 	C:\Program Files\Android\Android Studio\jre\jre\bin\msvcr100.dll
0x0000000062f30000 - 0x000000006377b000 	C:\Program Files\Android\Android Studio\jre\jre\bin\server\jvm.dll
0x00007ff842340000 - 0x00007ff842348000 	C:\WINDOWS\System32\PSAPI.DLL
0x00007ff831940000 - 0x00007ff831949000 	C:\WINDOWS\SYSTEM32\WSOCK32.dll
0x00007ff844180000 - 0x00007ff8441eb000 	C:\WINDOWS\System32\WS2_32.dll
0x00007ff838050000 - 0x00007ff83805a000 	C:\WINDOWS\SYSTEM32\VERSION.dll
0x00007ff8367a0000 - 0x00007ff8367c7000 	C:\WINDOWS\SYSTEM32\WINMM.dll
0x00007ff83f610000 - 0x00007ff83f61f000 	C:\Program Files\Android\Android Studio\jre\jre\bin\verify.dll
0x00007ff83f5e0000 - 0x00007ff83f609000 	C:\Program Files\Android\Android Studio\jre\jre\bin\java.dll
0x00007ff834210000 - 0x00007ff834226000 	C:\Program Files\Android\Android Studio\jre\jre\bin\zip.dll
0x00007ff843540000 - 0x00007ff843c82000 	C:\WINDOWS\System32\SHELL32.dll
0x00007ff83ee00000 - 0x00007ff83f590000 	C:\WINDOWS\SYSTEM32\windows.storage.dll
0x00007ff842bb0000 - 0x00007ff842f05000 	C:\WINDOWS\System32\combase.dll
0x00007ff840cf0000 - 0x00007ff840d1c000 	C:\WINDOWS\SYSTEM32\Wldp.dll
0x00007ff842290000 - 0x00007ff84233e000 	C:\WINDOWS\System32\SHCORE.dll
0x00007ff843270000 - 0x00007ff8432c5000 	C:\WINDOWS\System32\shlwapi.dll
0x00007ff8418b0000 - 0x00007ff8418cf000 	C:\WINDOWS\SYSTEM32\profapi.dll
0x00007ff8338d0000 - 0x00007ff8338ea000 	C:\Program Files\Android\Android Studio\jre\jre\bin\net.dll
0x00007ff840a60000 - 0x00007ff840aca000 	C:\WINDOWS\system32\mswsock.dll
0x00007ff8338b0000 - 0x00007ff8338c3000 	C:\Program Files\Android\Android Studio\jre\jre\bin\nio.dll
0x00007ff831a40000 - 0x00007ff831a67000 	C:\Users\user\.gradle\native\f6784746aeab05261644944871eae4fe03e0ef1612fff0a4a95f87b438bc6780\windows-amd64\native-platform.dll
0x00007ff83f5d0000 - 0x00007ff83f5dd000 	C:\Program Files\Android\Android Studio\jre\jre\bin\management.dll
0x00007ff841700000 - 0x00007ff841718000 	C:\WINDOWS\SYSTEM32\CRYPTSP.dll
0x00007ff840430000 - 0x00007ff840464000 	C:\WINDOWS\system32\rsaenh.dll
0x00007ff841c10000 - 0x00007ff841c37000 	C:\WINDOWS\System32\bcrypt.dll
0x00007ff841870000 - 0x00007ff84189e000 	C:\WINDOWS\SYSTEM32\USERENV.dll
0x00007ff841d30000 - 0x00007ff841db0000 	C:\WINDOWS\System32\bcryptprimitives.dll
0x00007ff840ce0000 - 0x00007ff840cec000 	C:\WINDOWS\SYSTEM32\CRYPTBASE.dll
0x00007ff840760000 - 0x00007ff84079b000 	C:\WINDOWS\SYSTEM32\IPHLPAPI.DLL
0x00007ff8430c0000 - 0x00007ff8430c8000 	C:\WINDOWS\System32\NSI.dll
0x00007ff838670000 - 0x00007ff838687000 	C:\WINDOWS\SYSTEM32\dhcpcsvc6.DLL
0x00007ff838ef0000 - 0x00007ff838f0d000 	C:\WINDOWS\SYSTEM32\dhcpcsvc.DLL
0x00007ff8407a0000 - 0x00007ff84086b000 	C:\WINDOWS\SYSTEM32\DNSAPI.dll
0x00007ff839ae0000 - 0x00007ff839aeb000 	C:\WINDOWS\SYSTEM32\WINNSI.DLL
0x00007ff8416c0000 - 0x00007ff8416f3000 	C:\WINDOWS\SYSTEM32\ntmarta.dll
0x00007ff8413a0000 - 0x00007ff841584000 	C:\WINDOWS\SYSTEM32\dbghelp.dll

VM Arguments:
jvm_args: -Xmx2048m -Dfile.encoding=UTF-8 -Duser.country=TW -Duser.language=zh -Duser.variant 
java_command: org.gradle.launcher.daemon.bootstrap.GradleDaemon 6.5
java_class_path (initial): C:\Users\user\.gradle\wrapper\dists\gradle-6.5-bin\6nifqtx7604sqp1q6g8wikw7p\gradle-6.5\lib\gradle-launcher-6.5.jar
Launcher Type: SUN_STANDARD

Environment Variables:
PATH=C:\Program Files (x86)\Common Files\Oracle\Java\javapath;C:\WINDOWS\system32;C:\WINDOWS;C:\WINDOWS\System32\Wbem;C:\WINDOWS\System32\WindowsPowerShell\v1.0\;C:\WINDOWS\System32\OpenSSH\;C:\Program Files\dotnet\;C:\Program Files\Microsoft SQL Server\130\Tools\Binn\;C:\Program Files\Microsoft SQL Server\Client SDK\ODBC\170\Tools\Binn\;C:\Program Files\Git\cmd;C:\Users\user\AppData\Local\Microsoft\WindowsApps;C:\Users\user\.dotnet\tools;C:\Users\user\AppData\Local\Programs\Microsoft VS Code\bin
USERNAME=user
OS=Windows_NT
PROCESSOR_IDENTIFIER=Intel64 Family 6 Model 60 Stepping 3, GenuineIntel



---------------  S Y S T E M  ---------------

OS: Windows 10.0 , 64 bit Build 19041 (10.0.19041.804)

CPU:total 8 (initial active 8) (4 cores per cpu, 2 threads per core) family 6 model 60 stepping 3, cmov, cx8, fxsr, mmx, sse, sse2, sse3, ssse3, sse4.1, sse4.2, popcnt, avx, avx2, aes, clmul, erms, lzcnt, ht, tsc, tscinvbit, bmi1, bmi2

Memory: 4k page, physical 16614588k(3477004k free), swap 27624636k(7114656k free)

vm_info: OpenJDK 64-Bit Server VM (25.242-b01) for windows-amd64 JRE (1.8.0_242-release-1644-b01), built by "builder" with MS VC++ 10.0 (VS2010)

time: Tue Jun 08 01:06:19 2021
timezone: x_
elapsed time: 48 seconds (0d 0h 0m 48s)

