#
# A fatal error has been detected by the Java Runtime Environment:
#
#  EXCEPTION_ACCESS_VIOLATION (0xc0000005) at pc=0x000000007338f908, pid=6544, tid=0x0000000000002888
#
# JRE version: OpenJDK Runtime Environment (8.0_242-b01) (build 1.8.0_242-release-1644-b01)
# Java VM: OpenJDK 64-Bit Server VM (25.242-b01 mixed mode windows-amd64 compressed oops)
# Problematic frame:
# V  [jvm.dll+0xef908]
#
# Failed to write core dump. Minidumps are not enabled by default on client versions of Windows
#
# If you would like to submit a bug report, please visit:
#   
#

---------------  T H R E A D  ---------------

Current thread (0x0000000003197000):  GCTaskThread [stack: 0x0000000012d00000,0x0000000012e00000] [id=10376]

siginfo: ExceptionCode=0xc0000005, reading address 0xffffffffffffffff

Registers:
RAX=0x0000000013500000, RBX=0x0000000008000000, RCX=0x0000000000000000, RDX=0x0000000000000000
RSP=0x0000000012dff290, RBP=0x0000000081525540, RSI=0x0000000003273110, RDI=0x0000000003273110
R8 =0x007fffffffc40000, R9 =0x0000000100001df8, R10=0x000000000000000c, R11=0x0000000073870f38
R12=0x0000000081525554, R13=0x0000000100002068, R14=0x0000000100002070, R15=0x0000000081525510
RIP=0x000000007338f908, EFLAGS=0x0000000000010246

Top of Stack: (sp=0x0000000012dff290)
0x0000000012dff290:   0000000100001df8 000000008153c76c
0x0000000012dff2a0:   0000000000000002 000000007338f799
0x0000000012dff2b0:   0000000000000000 00000000000003d8
0x0000000012dff2c0:   0000000003197bc8 000000000318df30
0x0000000012dff2d0:   0000000081525510 00000000733954a5
0x0000000012dff2e0:   0000000081525578 0000000003273110
0x0000000012dff2f0:   0000000003273110 00000000031977f0
0x0000000012dff300:   00000000181755f0 0000000073669af0
0x0000000012dff310:   0000000003273110 000000000318df30
0x0000000012dff320:   00000000031977f0 0000000000002c45
0x0000000012dff330:   0000221200001a5c 0000000000000c00
0x0000000012dff340:   0000000000000000 0000000000000000
0x0000000012dff350:   0000000000000000 000000002032d000
0x0000000012dff360:   0000000000000001 00000000310aa801
0x0000000012dff370:   00005c0844ca7e95 0000000003197bc8
0x0000000012dff380:   00000000031977f0 00000000000003d8 

Instructions: (pc=0x000000007338f908)
0x000000007338f8e8:   05 43 f7 6d 00 49 c1 e8 03 49 d3 e8 41 0f b6 c0
0x000000007338f8f8:   49 c1 e8 06 24 3f 0f b6 d0 48 8b 05 58 f7 6d 00
0x000000007338f908:   4a 8b 0c c0 48 0f a3 d1 0f 82 59 01 00 00 0f b6
0x000000007338f918:   15 34 56 6d 00 84 d2 74 16 44 8b 43 08 8b 0d 8d 


Register to memory mapping:

RAX=0x0000000013500000 is an unknown value
RBX=0x0000000008000000 is at entry_point+928 in (nmethod*)0x0000000007fffa90
RCX=0x0000000000000000 is an unknown value
RDX=0x0000000000000000 is an unknown value
RSP=0x0000000012dff290 is an unknown value
RBP=0x0000000081525540 is pointing into object: 0x0000000081525510
java.lang.Class 
 - klass: 'java/lang/Class'
RSI=0x0000000003273110 is an unknown value
RDI=0x0000000003273110 is an unknown value
R8 =0x007fffffffc40000 is an unknown value
R9 =0x0000000100001df8 is pointing into metadata
R10=0x000000000000000c is an unknown value
R11=0x0000000073870f38 is an unknown value
R12=0x0000000081525554 is pointing into object: 0x0000000081525510
java.lang.Class 
 - klass: 'java/lang/Class'
R13=0x0000000100002068 is pointing into metadata
R14=0x0000000100002070 is pointing into metadata
R15=0x0000000081525510 is an oop
java.lang.Class 
 - klass: 'java/lang/Class'


Stack: [0x0000000012d00000,0x0000000012e00000],  sp=0x0000000012dff290,  free space=1020k
Native frames: (J=compiled Java code, j=interpreted, Vv=VM code, C=native code)
V  [jvm.dll+0xef908]
V  [jvm.dll+0xf54a5]
V  [jvm.dll+0x3c9af0]
V  [jvm.dll+0x3c6a93]
V  [jvm.dll+0x3c482e]
V  [jvm.dll+0x27276a]
C  [msvcr100.dll+0x21d9f]
C  [msvcr100.dll+0x21e3b]
C  [KERNEL32.DLL+0x17034]
C  [ntdll.dll+0x52651]


---------------  P R O C E S S  ---------------

Java Threads: ( => current thread )
  0x000000002771a800 JavaThread "GC Daemon" daemon [_thread_blocked, id=11780, stack(0x0000000039d70000,0x0000000039e70000)]
  0x0000000027716800 JavaThread "RMI RenewClean-[127.0.0.1:17334,org.jetbrains.kotlin.daemon.common.LoopbackNetworkInterface$ClientLoopbackSocketFactory@74173243]" daemon [_thread_blocked, id=8496, stack(0x0000000039c70000,0x0000000039d70000)]
  0x000000002032d800 JavaThread "RMI Scheduler(0)" daemon [_thread_blocked, id=5472, stack(0x0000000039b70000,0x0000000039c70000)]
  0x000000001a163800 JavaThread "WorkerExecutor Queue Thread 2" [_thread_blocked, id=18316, stack(0x0000000039a70000,0x0000000039b70000)]
  0x000000001a165800 JavaThread "stdout" [_thread_in_native, id=14272, stack(0x0000000039970000,0x0000000039a70000)]
  0x000000002032f000 JavaThread "stderr" [_thread_in_native, id=18668, stack(0x0000000038840000,0x0000000038940000)]
  0x0000000020327000 JavaThread "pool-9-thread-1" [_thread_blocked, id=18572, stack(0x0000000039e90000,0x0000000039f90000)]
  0x000000002032d000 JavaThread "WorkerExecutor Queue" [_thread_blocked, id=15136, stack(0x0000000038340000,0x0000000038440000)]
  0x000000002032a800 JavaThread "Cache worker for execution history cache (E:\AppWorks-School\PersonalProject\.gradle\6.5\executionHistory)" [_thread_blocked, id=7876, stack(0x0000000038040000,0x0000000038140000)]
  0x000000002032a000 JavaThread "Execution worker for ':' Thread 7" [_thread_blocked, id=13916, stack(0x0000000037f40000,0x0000000038040000)]
  0x0000000020329000 JavaThread "Execution worker for ':' Thread 6" [_thread_blocked, id=17848, stack(0x0000000037e40000,0x0000000037f40000)]
  0x0000000020321800 JavaThread "Execution worker for ':' Thread 5" [_thread_blocked, id=10712, stack(0x0000000037d40000,0x0000000037e40000)]
  0x0000000020764800 JavaThread "Execution worker for ':' Thread 4" [_thread_blocked, id=13448, stack(0x0000000037c40000,0x0000000037d40000)]
  0x0000000020762000 JavaThread "Execution worker for ':' Thread 3" [_thread_blocked, id=13592, stack(0x0000000037b40000,0x0000000037c40000)]
  0x0000000020763800 JavaThread "Execution worker for ':' Thread 2" [_thread_blocked, id=18388, stack(0x0000000037a40000,0x0000000037b40000)]
  0x0000000020769000 JavaThread "Execution worker for ':'" [_thread_blocked, id=13128, stack(0x0000000037940000,0x0000000037a40000)]
  0x000000002075a800 JavaThread "Cache worker for file content cache (E:\AppWorks-School\PersonalProject\.gradle\6.5\fileContent)" [_thread_blocked, id=16044, stack(0x0000000037840000,0x0000000037940000)]
  0x0000000020761800 JavaThread "pool-8-thread-1" [_thread_blocked, id=8048, stack(0x0000000037740000,0x0000000037840000)]
  0x0000000020760000 JavaThread "Cache worker for Build Output Cleanup Cache (E:\AppWorks-School\PersonalProject\.gradle\buildOutputCleanup)" [_thread_blocked, id=7540, stack(0x0000000037640000,0x0000000037740000)]
  0x0000000020760800 JavaThread "jar transforms Thread 868" [_thread_blocked, id=14828, stack(0x0000000037540000,0x0000000037640000)]
  0x000000002075a000 JavaThread "jar transforms Thread 867" [_thread_blocked, id=18256, stack(0x0000000037440000,0x0000000037540000)]
  0x000000002075c000 JavaThread "jar transforms Thread 866" [_thread_blocked, id=18820, stack(0x0000000037340000,0x0000000037440000)]
  0x000000002075e800 JavaThread "jar transforms Thread 865" [_thread_blocked, id=9960, stack(0x0000000037240000,0x0000000037340000)]
  0x000000002075f000 JavaThread "jar transforms Thread 864" [_thread_blocked, id=16232, stack(0x0000000037140000,0x0000000037240000)]
  0x000000001cfc8800 JavaThread "jar transforms Thread 863" [_thread_blocked, id=3400, stack(0x0000000037040000,0x0000000037140000)]
  0x000000001cfc6800 JavaThread "jar transforms Thread 862" [_thread_blocked, id=19116, stack(0x0000000036f40000,0x0000000037040000)]
  0x000000001cfc5800 JavaThread "jar transforms Thread 861" [_thread_blocked, id=8084, stack(0x0000000036e40000,0x0000000036f40000)]
  0x000000001cfc4000 JavaThread "jar transforms Thread 860" [_thread_blocked, id=7848, stack(0x0000000036d40000,0x0000000036e40000)]
  0x000000001cfc7000 JavaThread "jar transforms Thread 859" [_thread_blocked, id=10616, stack(0x0000000036c40000,0x0000000036d40000)]
  0x000000001cfc9800 JavaThread "jar transforms Thread 858" [_thread_blocked, id=2928, stack(0x0000000036b40000,0x0000000036c40000)]
  0x000000001cfc3800 JavaThread "jar transforms Thread 857" [_thread_blocked, id=11556, stack(0x0000000036a40000,0x0000000036b40000)]
  0x000000001cfc5000 JavaThread "jar transforms Thread 856" [_thread_blocked, id=17596, stack(0x0000000036940000,0x0000000036a40000)]
  0x000000001cfc8000 JavaThread "jar transforms Thread 855" [_thread_blocked, id=11912, stack(0x0000000036840000,0x0000000036940000)]
  0x000000001cfbc000 JavaThread "jar transforms Thread 854" [_thread_blocked, id=9428, stack(0x0000000036740000,0x0000000036840000)]
  0x000000001cfc2800 JavaThread "jar transforms Thread 853" [_thread_blocked, id=11484, stack(0x0000000036640000,0x0000000036740000)]
  0x000000001cfbb000 JavaThread "jar transforms Thread 852" [_thread_blocked, id=13416, stack(0x0000000036540000,0x0000000036640000)]
  0x000000001cfbe000 JavaThread "jar transforms Thread 851" [_thread_blocked, id=9460, stack(0x0000000036440000,0x0000000036540000)]
  0x000000001cfc2000 JavaThread "jar transforms Thread 850" [_thread_blocked, id=8792, stack(0x0000000036340000,0x0000000036440000)]
  0x000000001cfba800 JavaThread "jar transforms Thread 849" [_thread_blocked, id=13524, stack(0x0000000036240000,0x0000000036340000)]
  0x000000001fd83800 JavaThread "jar transforms Thread 848" [_thread_blocked, id=1416, stack(0x0000000036140000,0x0000000036240000)]
  0x000000001fd83000 JavaThread "jar transforms Thread 847" [_thread_blocked, id=2240, stack(0x0000000036040000,0x0000000036140000)]
  0x000000001fd80000 JavaThread "jar transforms Thread 846" [_thread_blocked, id=8912, stack(0x0000000035f40000,0x0000000036040000)]
  0x000000001fd80800 JavaThread "jar transforms Thread 845" [_thread_blocked, id=16224, stack(0x0000000035e40000,0x0000000035f40000)]
  0x000000001fd84800 JavaThread "jar transforms Thread 844" [_thread_blocked, id=13740, stack(0x0000000035d40000,0x0000000035e40000)]
  0x000000001fd81800 JavaThread "jar transforms Thread 843" [_thread_blocked, id=6252, stack(0x0000000035c40000,0x0000000035d40000)]
  0x000000001fd82000 JavaThread "jar transforms Thread 842" [_thread_blocked, id=12532, stack(0x0000000035b40000,0x0000000035c40000)]
  0x000000001fd85000 JavaThread "jar transforms Thread 841" [_thread_blocked, id=5612, stack(0x0000000035a40000,0x0000000035b40000)]
  0x000000001fd77800 JavaThread "jar transforms Thread 840" [_thread_blocked, id=14776, stack(0x0000000035940000,0x0000000035a40000)]
  0x000000001fd7e800 JavaThread "jar transforms Thread 839" [_thread_blocked, id=18548, stack(0x0000000035840000,0x0000000035940000)]
  0x000000001fd77000 JavaThread "jar transforms Thread 838" [_thread_blocked, id=12272, stack(0x0000000035740000,0x0000000035840000)]
  0x000000001fd7d000 JavaThread "jar transforms Thread 837" [_thread_blocked, id=7324, stack(0x0000000035640000,0x0000000035740000)]
  0x000000001fd7d800 JavaThread "jar transforms Thread 836" [_thread_blocked, id=12164, stack(0x0000000035540000,0x0000000035640000)]
  0x000000001fd76000 JavaThread "jar transforms Thread 835" [_thread_blocked, id=1748, stack(0x0000000035440000,0x0000000035540000)]
  0x000000001fd7c000 JavaThread "jar transforms Thread 834" [_thread_blocked, id=6680, stack(0x0000000035340000,0x0000000035440000)]
  0x000000001fd7a800 JavaThread "jar transforms Thread 833" [_thread_blocked, id=3708, stack(0x0000000035240000,0x0000000035340000)]
  0x000000001fd7a000 JavaThread "jar transforms Thread 832" [_thread_blocked, id=3484, stack(0x0000000035140000,0x0000000035240000)]
  0x000000001fd79000 JavaThread "jar transforms Thread 831" [_thread_blocked, id=16876, stack(0x0000000035040000,0x0000000035140000)]
  0x000000001fd78800 JavaThread "jar transforms Thread 830" [_thread_blocked, id=1776, stack(0x0000000034f40000,0x0000000035040000)]
  0x0000000023cba800 JavaThread "jar transforms Thread 829" [_thread_blocked, id=6080, stack(0x0000000034e40000,0x0000000034f40000)]
  0x0000000023cba000 JavaThread "jar transforms Thread 828" [_thread_blocked, id=3304, stack(0x0000000034d40000,0x0000000034e40000)]
  0x0000000023cbb800 JavaThread "jar transforms Thread 827" [_thread_blocked, id=6784, stack(0x0000000034c40000,0x0000000034d40000)]
  0x0000000023cb1000 JavaThread "jar transforms Thread 826" [_thread_blocked, id=16668, stack(0x0000000034b40000,0x0000000034c40000)]
  0x0000000023cb7800 JavaThread "jar transforms Thread 825" [_thread_blocked, id=19076, stack(0x0000000034a40000,0x0000000034b40000)]
  0x0000000023cae000 JavaThread "jar transforms Thread 824" [_thread_blocked, id=8400, stack(0x0000000034940000,0x0000000034a40000)]
  0x0000000023cb4800 JavaThread "jar transforms Thread 823" [_thread_blocked, id=15128, stack(0x0000000034840000,0x0000000034940000)]
  0x0000000023caf800 JavaThread "jar transforms Thread 822" [_thread_blocked, id=6120, stack(0x0000000034740000,0x0000000034840000)]
  0x0000000023cb4000 JavaThread "jar transforms Thread 821" [_thread_blocked, id=16780, stack(0x0000000034640000,0x0000000034740000)]
  0x0000000023cac800 JavaThread "jar transforms Thread 820" [_thread_blocked, id=7572, stack(0x0000000034540000,0x0000000034640000)]
  0x0000000023cb0000 JavaThread "jar transforms Thread 819" [_thread_blocked, id=13512, stack(0x0000000034440000,0x0000000034540000)]
  0x0000000023cab000 JavaThread "jar transforms Thread 818" [_thread_blocked, id=2788, stack(0x0000000034340000,0x0000000034440000)]
  0x0000000023cae800 JavaThread "jar transforms Thread 817" [_thread_blocked, id=456, stack(0x0000000034240000,0x0000000034340000)]
  0x0000000023cad000 JavaThread "jar transforms Thread 816" [_thread_blocked, id=3780, stack(0x0000000034140000,0x0000000034240000)]
  0x0000000023ca3800 JavaThread "jar transforms Thread 815" [_thread_blocked, id=14412, stack(0x0000000034040000,0x0000000034140000)]
  0x0000000023ca2800 JavaThread "jar transforms Thread 814" [_thread_blocked, id=15772, stack(0x0000000033f40000,0x0000000034040000)]
  0x0000000023ca9800 JavaThread "jar transforms Thread 813" [_thread_blocked, id=19336, stack(0x0000000033e40000,0x0000000033f40000)]
  0x0000000023ca2000 JavaThread "jar transforms Thread 812" [_thread_blocked, id=13092, stack(0x0000000033d40000,0x0000000033e40000)]
  0x0000000023ca8800 JavaThread "jar transforms Thread 811" [_thread_blocked, id=17776, stack(0x0000000033c40000,0x0000000033d40000)]
  0x0000000023ca1000 JavaThread "jar transforms Thread 810" [_thread_blocked, id=8248, stack(0x0000000033b40000,0x0000000033c40000)]
  0x0000000023ca8000 JavaThread "jar transforms Thread 809" [_thread_blocked, id=17964, stack(0x0000000033a40000,0x0000000033b40000)]
  0x0000000023ca0800 JavaThread "jar transforms Thread 808" [_thread_blocked, id=13704, stack(0x0000000033940000,0x0000000033a40000)]
  0x0000000023ca7000 JavaThread "jar transforms Thread 807" [_thread_blocked, id=7536, stack(0x0000000033840000,0x0000000033940000)]
  0x0000000023ca5000 JavaThread "jar transforms Thread 806" [_thread_blocked, id=18456, stack(0x0000000033740000,0x0000000033840000)]
  0x0000000023c9f800 JavaThread "jar transforms Thread 805" [_thread_blocked, id=18172, stack(0x0000000033640000,0x0000000033740000)]
  0x0000000023ca6800 JavaThread "jar transforms Thread 804" [_thread_blocked, id=15676, stack(0x0000000033540000,0x0000000033640000)]
  0x0000000023ca5800 JavaThread "jar transforms Thread 803" [_thread_blocked, id=13068, stack(0x0000000033440000,0x0000000033540000)]
  0x0000000023ca4000 JavaThread "jar transforms Thread 802" [_thread_blocked, id=8720, stack(0x0000000033340000,0x0000000033440000)]
  0x0000000030df0000 JavaThread "jar transforms Thread 801" [_thread_blocked, id=15848, stack(0x0000000033240000,0x0000000033340000)]
  0x0000000030df6800 JavaThread "jar transforms Thread 800" [_thread_blocked, id=6516, stack(0x0000000033140000,0x0000000033240000)]
  0x0000000030df2000 JavaThread "jar transforms Thread 799" [_thread_blocked, id=18604, stack(0x0000000033040000,0x0000000033140000)]
  0x0000000030df1800 JavaThread "jar transforms Thread 798" [_thread_blocked, id=14200, stack(0x0000000032f40000,0x0000000033040000)]
  0x0000000030df6000 JavaThread "jar transforms Thread 797" [_thread_blocked, id=5032, stack(0x0000000032e40000,0x0000000032f40000)]
  0x0000000030df0800 JavaThread "jar transforms Thread 796" [_thread_blocked, id=10192, stack(0x0000000032d40000,0x0000000032e40000)]
  0x0000000030df5000 JavaThread "jar transforms Thread 795" [_thread_blocked, id=10012, stack(0x0000000032c40000,0x0000000032d40000)]
  0x0000000030df4800 JavaThread "jar transforms Thread 794" [_thread_blocked, id=1364, stack(0x0000000032b40000,0x0000000032c40000)]
  0x0000000030df3800 JavaThread "jar transforms Thread 793" [_thread_blocked, id=14356, stack(0x0000000032a40000,0x0000000032b40000)]
  0x0000000030df3000 JavaThread "jar transforms Thread 792" [_thread_blocked, id=10148, stack(0x0000000032940000,0x0000000032a40000)]
  0x0000000030de9000 JavaThread "jar transforms Thread 791" [_thread_blocked, id=13652, stack(0x0000000032840000,0x0000000032940000)]
  0x0000000030de8800 JavaThread "jar transforms Thread 790" [_thread_blocked, id=18824, stack(0x0000000032740000,0x0000000032840000)]
  0x0000000030def000 JavaThread "jar transforms Thread 789" [_thread_blocked, id=19148, stack(0x0000000032640000,0x0000000032740000)]
  0x0000000030dee800 JavaThread "jar transforms Thread 788" [_thread_blocked, id=16700, stack(0x0000000032540000,0x0000000032640000)]
  0x0000000030dec000 JavaThread "jar transforms Thread 787" [_thread_blocked, id=8280, stack(0x0000000032440000,0x0000000032540000)]
  0x0000000030de7800 JavaThread "jar transforms Thread 786" [_thread_blocked, id=16180, stack(0x0000000031cd0000,0x0000000031dd0000)]
  0x0000000030ded800 JavaThread "jar transforms Thread 785" [_thread_blocked, id=15344, stack(0x0000000031bd0000,0x0000000031cd0000)]
  0x0000000030ded000 JavaThread "jar transforms Thread 784" [_thread_blocked, id=8024, stack(0x0000000031ad0000,0x0000000031bd0000)]
  0x0000000030dea800 JavaThread "jar transforms Thread 783" [_thread_blocked, id=16512, stack(0x0000000030600000,0x0000000030700000)]
  0x0000000030deb800 JavaThread "jar transforms Thread 782" [_thread_blocked, id=13080, stack(0x0000000030500000,0x0000000030600000)]
  0x0000000030dea000 JavaThread "jar transforms Thread 781" [_thread_blocked, id=18900, stack(0x0000000030400000,0x0000000030500000)]
  0x0000000030de0000 JavaThread "jar transforms Thread 780" [_thread_blocked, id=16368, stack(0x0000000030300000,0x0000000030400000)]
  0x0000000030de7000 JavaThread "jar transforms Thread 779" [_thread_blocked, id=12972, stack(0x000000002e950000,0x000000002ea50000)]
  0x0000000030de2800 JavaThread "jar transforms Thread 778" [_thread_blocked, id=18828, stack(0x000000002e5a0000,0x000000002e6a0000)]
  0x0000000030de6000 JavaThread "jar transforms Thread 777" [_thread_blocked, id=17812, stack(0x000000002e310000,0x000000002e410000)]
  0x0000000030de1800 JavaThread "jar transforms Thread 776" [_thread_blocked, id=9152, stack(0x000000002ddd0000,0x000000002ded0000)]
  0x0000000030de1000 JavaThread "jar transforms Thread 775" [_thread_blocked, id=10584, stack(0x000000002d0d0000,0x000000002d1d0000)]
  0x0000000030de5800 JavaThread "jar transforms Thread 774" [_thread_blocked, id=14128, stack(0x000000002cd80000,0x000000002ce80000)]
  0x0000000030de4800 JavaThread "jar transforms Thread 773" [_thread_blocked, id=8208, stack(0x000000002cc80000,0x000000002cd80000)]
  0x0000000030de4000 JavaThread "jar transforms Thread 772" [_thread_blocked, id=7000, stack(0x000000002cb80000,0x000000002cc80000)]
  0x0000000030de3000 JavaThread "jar transforms Thread 771" [_thread_blocked, id=18792, stack(0x000000002ca80000,0x000000002cb80000)]
  0x0000000030dd8800 JavaThread "jar transforms Thread 770" [_thread_blocked, id=2460, stack(0x000000002c980000,0x000000002ca80000)]
  0x0000000030ddf800 JavaThread "jar transforms Thread 769" [_thread_blocked, id=16060, stack(0x000000002c880000,0x000000002c980000)]
  0x0000000030ddb000 JavaThread "jar transforms Thread 768" [_thread_blocked, id=16100, stack(0x000000002c780000,0x000000002c880000)]
  0x000000002f9b1000 JavaThread "jar transforms Thread 767" [_thread_blocked, id=836, stack(0x000000002c680000,0x000000002c780000)]
  0x000000002f9b7000 JavaThread "jar transforms Thread 766" [_thread_blocked, id=18784, stack(0x000000002c580000,0x000000002c680000)]
  0x000000002f9b6000 JavaThread "jar transforms Thread 765" [_thread_blocked, id=18156, stack(0x000000002c480000,0x000000002c580000)]
  0x000000002f9b4800 JavaThread "jar transforms Thread 764" [_thread_blocked, id=14884, stack(0x000000002c380000,0x000000002c480000)]
  0x000000002f9b3000 JavaThread "jar transforms Thread 763" [_thread_blocked, id=17868, stack(0x000000002c280000,0x000000002c380000)]
  0x000000002f9af800 JavaThread "jar transforms Thread 762" [_thread_blocked, id=18648, stack(0x000000002c180000,0x000000002c280000)]
  0x000000002f9b4000 JavaThread "jar transforms Thread 761" [_thread_blocked, id=6292, stack(0x000000002c080000,0x000000002c180000)]
  0x000000002f9b2800 JavaThread "jar transforms Thread 760" [_thread_blocked, id=11480, stack(0x000000002bf80000,0x000000002c080000)]
  0x000000002f9b1800 JavaThread "jar transforms Thread 759" [_thread_blocked, id=2372, stack(0x000000002be80000,0x000000002bf80000)]
  0x000000002f9ae800 JavaThread "jar transforms Thread 758" [_thread_blocked, id=4856, stack(0x000000002bd80000,0x000000002be80000)]
  0x000000002f9b5800 JavaThread "jar transforms Thread 757" [_thread_blocked, id=12096, stack(0x000000002bc80000,0x000000002bd80000)]
  0x000000002f9ad800 JavaThread "jar transforms Thread 756" [_thread_blocked, id=16280, stack(0x000000002bb80000,0x000000002bc80000)]
  0x000000002f9ad000 JavaThread "jar transforms Thread 755" [_thread_blocked, id=10264, stack(0x000000002ba80000,0x000000002bb80000)]
  0x000000002f9b0000 JavaThread "jar transforms Thread 754" [_thread_blocked, id=11504, stack(0x000000002b980000,0x000000002ba80000)]
  0x000000002f9a4800 JavaThread "jar transforms Thread 753" [_thread_blocked, id=8732, stack(0x000000002b770000,0x000000002b870000)]
  0x000000002f9ab800 JavaThread "jar transforms Thread 752" [_thread_blocked, id=7248, stack(0x000000002b670000,0x000000002b770000)]
  0x000000002f9a4000 JavaThread "jar transforms Thread 751" [_thread_blocked, id=18948, stack(0x0000000029180000,0x0000000029280000)]
  0x000000002f9aa800 JavaThread "jar transforms Thread 750" [_thread_blocked, id=1656, stack(0x0000000028830000,0x0000000028930000)]
  0x000000002f9a3000 JavaThread "jar transforms Thread 749" [_thread_blocked, id=12884, stack(0x0000000026ec0000,0x0000000026fc0000)]
  0x000000002f9a9000 JavaThread "jar transforms Thread 748" [_thread_blocked, id=10588, stack(0x0000000025140000,0x0000000025240000)]
  0x000000002f9a7800 JavaThread "jar transforms Thread 747" [_thread_blocked, id=18228, stack(0x0000000024ed0000,0x0000000024fd0000)]
  0x000000002f9a5800 JavaThread "jar transforms Thread 746" [_thread_blocked, id=9936, stack(0x0000000024dd0000,0x0000000024ed0000)]
  0x000000002f9aa000 JavaThread "jar transforms Thread 745" [_thread_blocked, id=18404, stack(0x0000000024cd0000,0x0000000024dd0000)]
  0x000000002f9a6000 JavaThread "Build operations Thread 8" [_thread_blocked, id=10236, stack(0x0000000024bd0000,0x0000000024cd0000)]
  0x000000002f9a8800 JavaThread "Build operations Thread 7" [_thread_blocked, id=13024, stack(0x0000000024ad0000,0x0000000024bd0000)]
  0x000000002f9a7000 JavaThread "Build operations Thread 6" [_thread_blocked, id=16652, stack(0x00000000249d0000,0x0000000024ad0000)]
  0x000000002f99b800 JavaThread "Build operations Thread 5" [_thread_blocked, id=16932, stack(0x00000000248d0000,0x00000000249d0000)]
  0x000000002f9a2800 JavaThread "Build operations Thread 4" [_thread_blocked, id=13896, stack(0x00000000247d0000,0x00000000248d0000)]
  0x000000002f9a1800 JavaThread "Build operations Thread 3" [_thread_blocked, id=3732, stack(0x00000000246d0000,0x00000000247d0000)]
  0x000000002f9a1000 JavaThread "Build operations Thread 2" [_thread_blocked, id=12464, stack(0x0000000022d00000,0x0000000022e00000)]
  0x000000002f9a0000 JavaThread "Build operations" [_thread_blocked, id=16580, stack(0x0000000022500000,0x0000000022600000)]
  0x000000002f998000 JavaThread "Cache worker for cache directory md-rule (C:\Users\user\.gradle\caches\6.5\md-rule)" [_thread_blocked, id=1472, stack(0x0000000022400000,0x0000000022500000)]
  0x000000002f99b000 JavaThread "Cache worker for cache directory md-supplier (C:\Users\user\.gradle\caches\6.5\md-supplier)" [_thread_blocked, id=17016, stack(0x00000000210b0000,0x00000000211b0000)]
  0x000000002f99e800 JavaThread "Cache worker for checksums cache (E:\AppWorks-School\PersonalProject\.gradle\checksums)" [_thread_blocked, id=7704, stack(0x0000000020db0000,0x0000000020eb0000)]
  0x000000002f99a000 JavaThread "Cache worker for file hash cache (E:\AppWorks-School\PersonalProject\.gradle\6.5\fileHashes)" [_thread_blocked, id=18360, stack(0x000000001e610000,0x000000001e710000)]
  0x000000002f99d000 JavaThread "Thread-951" [_thread_blocked, id=16540, stack(0x000000001e510000,0x000000001e610000)]
  0x000000002f999800 JavaThread "Stdin handler" [_thread_blocked, id=13728, stack(0x000000001e410000,0x000000001e510000)]
  0x0000000022225800 JavaThread "Asynchronous log dispatcher for DefaultDaemonConnection: socket connection from /127.0.0.1:59432 to /127.0.0.1:52518" [_thread_blocked, id=10284, stack(0x000000001e310000,0x000000001e410000)]
  0x0000000022225000 JavaThread "Daemon worker Thread 6" [_thread_blocked, id=18532, stack(0x000000001e210000,0x000000001e310000)]
  0x0000000022223800 JavaThread "Cancel handler" [_thread_blocked, id=16872, stack(0x000000001e110000,0x000000001e210000)]
  0x000000002221b800 JavaThread "Handler for socket connection from /127.0.0.1:59432 to /127.0.0.1:52518" [_thread_in_native, id=16104, stack(0x000000001e010000,0x000000001e110000)]
  0x000000002221e000 JavaThread "Daemon Thread 6" [_thread_blocked, id=1468, stack(0x0000000001240000,0x0000000001340000)]
  0x0000000020330000 JavaThread "Memory manager" [_thread_blocked, id=3596, stack(0x000000002e4a0000,0x000000002e5a0000)]
  0x000000001a167000 JavaThread "Cache worker for file content cache (C:\Users\user\.gradle\caches\6.5\fileContent)" [_thread_blocked, id=4572, stack(0x0000000022e00000,0x0000000022f00000)]
  0x000000001a164000 JavaThread "Cache worker for execution history cache (C:\Users\user\.gradle\caches\6.5\executionHistory)" [_thread_blocked, id=9964, stack(0x0000000022600000,0x0000000022700000)]
  0x000000001a168800 JavaThread "Cache worker for file hash cache (C:\Users\user\.gradle\caches\6.5\fileHashes)" [_thread_blocked, id=6820, stack(0x000000001eb10000,0x000000001ec10000)]
  0x000000001a162800 JavaThread "File lock request listener" [_thread_in_native, id=18836, stack(0x000000001ea10000,0x000000001eb10000)]
  0x000000001cca0800 JavaThread "Cache worker for journal cache (C:\Users\user\.gradle\caches\journal-1)" [_thread_blocked, id=9584, stack(0x000000001e910000,0x000000001ea10000)]
  0x000000001cb3b000 JavaThread "Daemon periodic checks" [_thread_blocked, id=12244, stack(0x000000001dd10000,0x000000001de10000)]
  0x000000001cadf000 JavaThread "Incoming local TCP Connector on port 59432" [_thread_in_native, id=14344, stack(0x000000001db60000,0x000000001dc60000)]
  0x000000001c647800 JavaThread "Daemon health stats" [_thread_blocked, id=7748, stack(0x000000001d860000,0x000000001d960000)]
  0x000000001a1fd000 JavaThread "Service Thread" daemon [_thread_blocked, id=13304, stack(0x000000001acc0000,0x000000001adc0000)]
  0x000000001a168000 JavaThread "C1 CompilerThread3" daemon [_thread_blocked, id=16960, stack(0x000000001abc0000,0x000000001acc0000)]
  0x000000001a160000 JavaThread "C2 CompilerThread2" daemon [_thread_blocked, id=15632, stack(0x000000001aac0000,0x000000001abc0000)]
  0x000000001a150800 JavaThread "C2 CompilerThread1" daemon [_thread_blocked, id=10816, stack(0x000000001a9c0000,0x000000001aac0000)]
  0x000000001a14e800 JavaThread "C2 CompilerThread0" daemon [_thread_blocked, id=18680, stack(0x000000001a8c0000,0x000000001a9c0000)]
  0x00000000182fe800 JavaThread "Attach Listener" daemon [_thread_blocked, id=12956, stack(0x000000001a7c0000,0x000000001a8c0000)]
  0x000000001a0f8000 JavaThread "Signal Dispatcher" daemon [_thread_blocked, id=16744, stack(0x000000001a6c0000,0x000000001a7c0000)]
  0x000000001a0e1000 JavaThread "Finalizer" daemon [_thread_blocked, id=19084, stack(0x000000001a5c0000,0x000000001a6c0000)]
  0x00000000182ec800 JavaThread "Reference Handler" daemon [_thread_blocked, id=19132, stack(0x000000001a4c0000,0x000000001a5c0000)]
  0x0000000002d1d800 JavaThread "main" [_thread_blocked, id=3480, stack(0x0000000003080000,0x0000000003180000)]

Other Threads:
  0x00000000182e8000 VMThread [stack: 0x0000000019fc0000,0x000000001a0c0000] [id=17956]
  0x000000001a1bf000 WatcherThread [stack: 0x000000001adc0000,0x000000001aec0000] [id=260]

=>0x0000000003197000 (exited) GCTaskThread [stack: 0x0000000012d00000,0x0000000012e00000] [id=10376]

VM state:at safepoint (normal execution)

VM Mutex/Monitor currently owned by a thread:  ([mutex/lock_event])
[0x0000000002d1d1c0] Threads_lock - owner thread: 0x00000000182e8000
[0x0000000002d1cbc0] Heap_lock - owner thread: 0x000000002771a800

heap address: 0x0000000080000000, size: 2048 MB, Compressed Oops mode: 32-bit
Narrow klass base: 0x0000000000000000, Narrow klass shift: 3
Compressed class space size: 1073741824 Address: 0x0000000100000000

Heap:
 PSYoungGen      total 397824K, used 26613K [0x00000000d5580000, 0x00000000fd900000, 0x0000000100000000)
  eden space 371200K, 0% used [0x00000000d5580000,0x00000000d5580000,0x00000000ec000000)
  from space 26624K, 99% used [0x00000000ec000000,0x00000000ed9fd490,0x00000000eda00000)
  to   space 143872K, 0% used [0x00000000f4c80000,0x00000000f4c80000,0x00000000fd900000)
 ParOldGen       total 445952K, used 145354K [0x0000000080000000, 0x000000009b380000, 0x00000000d5580000)
  object space 445952K, 32% used [0x0000000080000000,0x0000000088df2b00,0x000000009b380000)
 Metaspace       used 165065K, capacity 172115K, committed 172492K, reserved 1200128K
  class space    used 20296K, capacity 21646K, committed 21760K, reserved 1048576K

Card table byte_map: [0x0000000012640000,0x0000000012a50000] byte_map_base: 0x0000000012240000

Marking Bits: (ParMarkBitMap*) 0x0000000073a6f030
 Begin Bits: [0x0000000013500000, 0x0000000015500000)
 End Bits:   [0x0000000015500000, 0x0000000017500000)

Polling page: 0x0000000001410000

CodeCache: size=245760Kb used=109387Kb max_used=109428Kb free=136372Kb
 bounds [0x0000000003280000, 0x0000000009e40000, 0x0000000012280000]
 total_blobs=30966 nmethods=29935 adapters=940
 compilation: enabled

Compilation events (10 events):
Event: 14381.544 Thread 0x000000001a168000 39212       3       sun.misc.ProxyGenerator$FieldInfo::write (50 bytes)
Event: 14381.545 Thread 0x000000001a168000 nmethod 39212 0x0000000009b16750 code [0x0000000009b169e0, 0x0000000009b17b58]
Event: 14381.545 Thread 0x000000001a168000 39206       3       sun.misc.ProxyGenerator$PrimitiveTypeInfo::get (13 bytes)
Event: 14381.546 Thread 0x000000001a168000 nmethod 39206 0x00000000043b6890 code [0x00000000043b6a00, 0x00000000043b6d08]
Event: 14381.546 Thread 0x000000001a168000 39207       3       sun.misc.ProxyGenerator$ProxyMethod::codeWrapArgument (171 bytes)
Event: 14381.549 Thread 0x000000001a168000 nmethod 39207 0x0000000009ad1950 code [0x0000000009ad1d40, 0x0000000009ad3c68]
Event: 14381.549 Thread 0x000000001a168000 39213       3       sun.security.provider.SHA::resetHashes (41 bytes)
Event: 14381.549 Thread 0x000000001a168000 nmethod 39213 0x0000000005144510 code [0x0000000005144680, 0x0000000005144890]
Event: 14381.550 Thread 0x000000001a168000 39214       3       sun.security.provider.SecureRandom::updateState (81 bytes)
Event: 14381.550 Thread 0x000000001a168000 nmethod 39214 0x0000000004a68810 code [0x0000000004a68980, 0x0000000004a68c70]

GC Heap History (10 events):
Event: 10679.493 GC heap after
Heap after GC invocations=44 (full 5):
 PSYoungGen      total 506368K, used 5664K [0x00000000d5580000, 0x0000000100000000, 0x0000000100000000)
  eden space 328192K, 0% used [0x00000000d5580000,0x00000000d5580000,0x00000000e9600000)
  from space 178176K, 3% used [0x00000000e9600000,0x00000000e9b88000,0x00000000f4400000)
  to   space 174080K, 0% used [0x00000000f5600000,0x00000000f5600000,0x0000000100000000)
 ParOldGen       total 445952K, used 145322K [0x0000000080000000, 0x000000009b380000, 0x00000000d5580000)
  object space 445952K, 32% used [0x0000000080000000,0x0000000088deab00,0x000000009b380000)
 Metaspace       used 159074K, capacity 165189K, committed 165452K, reserved 1193984K
  class space    used 19499K, capacity 20717K, committed 20864K, reserved 1048576K
}
Event: 10681.823 GC heap before
{Heap before GC invocations=45 (full 5):
 PSYoungGen      total 506368K, used 333856K [0x00000000d5580000, 0x0000000100000000, 0x0000000100000000)
  eden space 328192K, 100% used [0x00000000d5580000,0x00000000e9600000,0x00000000e9600000)
  from space 178176K, 3% used [0x00000000e9600000,0x00000000e9b88000,0x00000000f4400000)
  to   space 174080K, 0% used [0x00000000f5600000,0x00000000f5600000,0x0000000100000000)
 ParOldGen       total 445952K, used 145322K [0x0000000080000000, 0x000000009b380000, 0x00000000d5580000)
  object space 445952K, 32% used [0x0000000080000000,0x0000000088deab00,0x000000009b380000)
 Metaspace       used 159162K, capacity 165377K, committed 165708K, reserved 1193984K
  class space    used 19505K, capacity 20727K, committed 20864K, reserved 1048576K
Event: 10681.870 GC heap after
Heap after GC invocations=45 (full 5):
 PSYoungGen      total 502272K, used 16290K [0x00000000d5580000, 0x00000000fee00000, 0x0000000100000000)
  eden space 346624K, 0% used [0x00000000d5580000,0x00000000d5580000,0x00000000ea800000)
  from space 155648K, 10% used [0x00000000f5600000,0x00000000f65e8948,0x00000000fee00000)
  to   space 166912K, 0% used [0x00000000ea800000,0x00000000ea800000,0x00000000f4b00000)
 ParOldGen       total 445952K, used 145330K [0x0000000080000000, 0x000000009b380000, 0x00000000d5580000)
  object space 445952K, 32% used [0x0000000080000000,0x0000000088decb00,0x000000009b380000)
 Metaspace       used 159162K, capacity 165377K, committed 165708K, reserved 1193984K
  class space    used 19505K, capacity 20727K, committed 20864K, reserved 1048576K
}
Event: 14363.194 GC heap before
{Heap before GC invocations=46 (full 5):
 PSYoungGen      total 502272K, used 362914K [0x00000000d5580000, 0x00000000fee00000, 0x0000000100000000)
  eden space 346624K, 100% used [0x00000000d5580000,0x00000000ea800000,0x00000000ea800000)
  from space 155648K, 10% used [0x00000000f5600000,0x00000000f65e8948,0x00000000fee00000)
  to   space 166912K, 0% used [0x00000000ea800000,0x00000000ea800000,0x00000000f4b00000)
 ParOldGen       total 445952K, used 145330K [0x0000000080000000, 0x000000009b380000, 0x00000000d5580000)
  object space 445952K, 32% used [0x0000000080000000,0x0000000088decb00,0x000000009b380000)
 Metaspace       used 159601K, capacity 166129K, committed 166348K, reserved 1193984K
  class space    used 19563K, capacity 20831K, committed 20992K, reserved 1048576K
Event: 14363.308 GC heap after
Heap after GC invocations=46 (full 5):
 PSYoungGen      total 513536K, used 12784K [0x00000000d5580000, 0x00000000fff00000, 0x0000000100000000)
  eden space 346624K, 0% used [0x00000000d5580000,0x00000000d5580000,0x00000000ea800000)
  from space 166912K, 7% used [0x00000000ea800000,0x00000000eb47c010,0x00000000f4b00000)
  to   space 160768K, 0% used [0x00000000f6200000,0x00000000f6200000,0x00000000fff00000)
 ParOldGen       total 445952K, used 145338K [0x0000000080000000, 0x000000009b380000, 0x00000000d5580000)
  object space 445952K, 32% used [0x0000000080000000,0x0000000088deeb00,0x000000009b380000)
 Metaspace       used 159601K, capacity 166129K, committed 166348K, reserved 1193984K
  class space    used 19563K, capacity 20831K, committed 20992K, reserved 1048576K
}
Event: 14368.597 GC heap before
{Heap before GC invocations=47 (full 5):
 PSYoungGen      total 513536K, used 359408K [0x00000000d5580000, 0x00000000fff00000, 0x0000000100000000)
  eden space 346624K, 100% used [0x00000000d5580000,0x00000000ea800000,0x00000000ea800000)
  from space 166912K, 7% used [0x00000000ea800000,0x00000000eb47c010,0x00000000f4b00000)
  to   space 160768K, 0% used [0x00000000f6200000,0x00000000f6200000,0x00000000fff00000)
 ParOldGen       total 445952K, used 145338K [0x0000000080000000, 0x000000009b380000, 0x00000000d5580000)
  object space 445952K, 32% used [0x0000000080000000,0x0000000088deeb00,0x000000009b380000)
 Metaspace       used 162523K, capacity 169447K, committed 169548K, reserved 1198080K
  class space    used 19976K, capacity 21300K, committed 21376K, reserved 1048576K
Event: 14368.680 GC heap after
Heap after GC invocations=47 (full 5):
 PSYoungGen      total 510464K, used 19707K [0x00000000d5580000, 0x00000000fea00000, 0x0000000100000000)
  eden space 371200K, 0% used [0x00000000d5580000,0x00000000d5580000,0x00000000ec000000)
  from space 139264K, 14% used [0x00000000f6200000,0x00000000f753ed60,0x00000000fea00000)
  to   space 152576K, 0% used [0x00000000ec000000,0x00000000ec000000,0x00000000f5500000)
 ParOldGen       total 445952K, used 145346K [0x0000000080000000, 0x000000009b380000, 0x00000000d5580000)
  object space 445952K, 32% used [0x0000000080000000,0x0000000088df0b00,0x000000009b380000)
 Metaspace       used 162523K, capacity 169447K, committed 169548K, reserved 1198080K
  class space    used 19976K, capacity 21300K, committed 21376K, reserved 1048576K
}
Event: 14381.558 GC heap before
{Heap before GC invocations=48 (full 5):
 PSYoungGen      total 510464K, used 311719K [0x00000000d5580000, 0x00000000fea00000, 0x0000000100000000)
  eden space 371200K, 78% used [0x00000000d5580000,0x00000000e72ab120,0x00000000ec000000)
  from space 139264K, 14% used [0x00000000f6200000,0x00000000f753ed60,0x00000000fea00000)
  to   space 152576K, 0% used [0x00000000ec000000,0x00000000ec000000,0x00000000f5500000)
 ParOldGen       total 445952K, used 145346K [0x0000000080000000, 0x000000009b380000, 0x00000000d5580000)
  object space 445952K, 32% used [0x0000000080000000,0x0000000088df0b00,0x000000009b380000)
 Metaspace       used 165065K, capacity 172115K, committed 172492K, reserved 1200128K
  class space    used 20296K, capacity 21646K, committed 21760K, reserved 1048576K
Event: 14381.723 GC heap after
Heap after GC invocations=48 (full 5):
 PSYoungGen      total 397824K, used 26613K [0x00000000d5580000, 0x00000000fd900000, 0x0000000100000000)
  eden space 371200K, 0% used [0x00000000d5580000,0x00000000d5580000,0x00000000ec000000)
  from space 26624K, 99% used [0x00000000ec000000,0x00000000ed9fd490,0x00000000eda00000)
  to   space 143872K, 0% used [0x00000000f4c80000,0x00000000f4c80000,0x00000000fd900000)
 ParOldGen       total 445952K, used 145354K [0x0000000080000000, 0x000000009b380000, 0x00000000d5580000)
  object space 445952K, 32% used [0x0000000080000000,0x0000000088df2b00,0x000000009b380000)
 Metaspace       used 165065K, capacity 172115K, committed 172492K, reserved 1200128K
  class space    used 20296K, capacity 21646K, committed 21760K, reserved 1048576K
}
Event: 14381.723 GC heap before
{Heap before GC invocations=49 (full 6):
 PSYoungGen      total 397824K, used 26613K [0x00000000d5580000, 0x00000000fd900000, 0x0000000100000000)
  eden space 371200K, 0% used [0x00000000d5580000,0x00000000d5580000,0x00000000ec000000)
  from space 26624K, 99% used [0x00000000ec000000,0x00000000ed9fd490,0x00000000eda00000)
  to   space 143872K, 0% used [0x00000000f4c80000,0x00000000f4c80000,0x00000000fd900000)
 ParOldGen       total 445952K, used 145354K [0x0000000080000000, 0x000000009b380000, 0x00000000d5580000)
  object space 445952K, 32% used [0x0000000080000000,0x0000000088df2b00,0x000000009b380000)
 Metaspace       used 165065K, capacity 172115K, committed 172492K, reserved 1200128K
  class space    used 20296K, capacity 21646K, committed 21760K, reserved 1048576K

Deoptimization events (10 events):
Event: 14379.621 Thread 0x0000000020764800 Uncommon trap: reason=bimorphic action=maybe_recompile pc=0x0000000006cf5df8 method=sun.nio.fs.WindowsChannelFactory$Flags.toFlags(Ljava/util/Set;)Lsun/nio/fs/WindowsChannelFactory$Flags; @ 9
Event: 14379.621 Thread 0x0000000020764800 Uncommon trap: reason=unstable_if action=reinterpret pc=0x000000000372cc84 method=sun.nio.fs.WindowsChannelFactory.open(Ljava/lang/String;Ljava/lang/String;Lsun/nio/fs/WindowsChannelFactory$Flags;J)Ljava/io/FileDescriptor; @ 95
Event: 14379.622 Thread 0x0000000020764800 Uncommon trap: reason=bimorphic action=maybe_recompile pc=0x0000000006cf5df8 method=sun.nio.fs.WindowsChannelFactory$Flags.toFlags(Ljava/util/Set;)Lsun/nio/fs/WindowsChannelFactory$Flags; @ 9
Event: 14379.688 Thread 0x0000000020764800 Uncommon trap: reason=bimorphic action=maybe_recompile pc=0x0000000006cf5df8 method=sun.nio.fs.WindowsChannelFactory$Flags.toFlags(Ljava/util/Set;)Lsun/nio/fs/WindowsChannelFactory$Flags; @ 9
Event: 14381.391 Thread 0x0000000020764800 Uncommon trap: reason=bimorphic action=maybe_recompile pc=0x0000000006cf5df8 method=sun.nio.fs.WindowsChannelFactory$Flags.toFlags(Ljava/util/Set;)Lsun/nio/fs/WindowsChannelFactory$Flags; @ 9
Event: 14381.436 Thread 0x0000000020764800 Uncommon trap: reason=class_check action=maybe_recompile pc=0x00000000058223f8 method=java.io.DataOutputStream.write(I)V @ 5
Event: 14381.436 Thread 0x0000000020764800 Uncommon trap: reason=class_check action=maybe_recompile pc=0x00000000058223f8 method=java.io.DataOutputStream.write(I)V @ 5
Event: 14381.436 Thread 0x0000000020764800 Uncommon trap: reason=class_check action=maybe_recompile pc=0x00000000058223f8 method=java.io.DataOutputStream.write(I)V @ 5
Event: 14381.436 Thread 0x0000000020764800 Uncommon trap: reason=class_check action=maybe_recompile pc=0x00000000058223f8 method=java.io.DataOutputStream.write(I)V @ 5
Event: 14381.436 Thread 0x0000000020764800 Uncommon trap: reason=class_check action=maybe_recompile pc=0x000000000389a8d8 method=java.io.DataOutputStream.write(I)V @ 5

Classes redefined (0 events):
No events

Internal exceptions (10 events):
Event: 14368.908 Thread 0x0000000020764800 Exception <a 'java/lang/NoSuchMethodError': <clinit>> (0x00000000d90e6b18) thrown at [C:\src\AOSP-openjdk-git\hotspot\src\share\vm\prims\jni.cpp, line 1615]
Event: 14368.909 Thread 0x0000000020764800 Exception <a 'java/lang/NoSuchMethodError': <clinit>> (0x00000000d9106680) thrown at [C:\src\AOSP-openjdk-git\hotspot\src\share\vm\prims\jni.cpp, line 1615]
Event: 14368.926 Thread 0x0000000020764800 Exception <a 'java/lang/NoSuchMethodError': <clinit>> (0x00000000d91d4be0) thrown at [C:\src\AOSP-openjdk-git\hotspot\src\share\vm\prims\jni.cpp, line 1615]
Event: 14375.809 Thread 0x000000002032d000 Exception <a 'sun/nio/fs/WindowsException'> (0x00000000dca745e8) thrown at [C:\src\AOSP-openjdk-git\hotspot\src\share\vm\prims\jni.cpp, line 710]
Event: 14375.817 Thread 0x000000002032d000 Exception <a 'sun/nio/fs/WindowsException'> (0x00000000dca94760) thrown at [C:\src\AOSP-openjdk-git\hotspot\src\share\vm\prims\jni.cpp, line 710]
Event: 14375.817 Thread 0x000000002032d000 Exception <a 'sun/nio/fs/WindowsException'> (0x00000000dca94c08) thrown at [C:\src\AOSP-openjdk-git\hotspot\src\share\vm\prims\jni.cpp, line 710]
Event: 14376.884 Thread 0x0000000020764800 Exception <a 'sun/nio/fs/WindowsException'> (0x00000000e2934178) thrown at [C:\src\AOSP-openjdk-git\hotspot\src\share\vm\prims\jni.cpp, line 710]
Event: 14376.885 Thread 0x0000000020764800 Exception <a 'sun/nio/fs/WindowsException'> (0x00000000e2934e58) thrown at [C:\src\AOSP-openjdk-git\hotspot\src\share\vm\prims\jni.cpp, line 710]
Event: 14381.546 Thread 0x0000000020764800 Exception <a 'java/lang/NoSuchMethodError': <clinit>> (0x00000000e7279ac0) thrown at [C:\src\AOSP-openjdk-git\hotspot\src\share\vm\prims\jni.cpp, line 1615]
Event: 14381.547 Thread 0x0000000020764800 Exception <a 'java/lang/NoSuchMethodError': <clinit>> (0x00000000e7287de8) thrown at [C:\src\AOSP-openjdk-git\hotspot\src\share\vm\prims\jni.cpp, line 1615]

Events (10 events):
Event: 14381.555 loading class sun/misc/GC$Daemon done
Event: 14381.555 loading class sun/misc/GC$Daemon$1
Event: 14381.555 loading class sun/misc/GC$Daemon$1 done
Event: 14381.555 Thread 0x000000002771a800 Thread added: 0x000000002771a800
Event: 14381.555 Executing VM operation: RevokeBias
Event: 14381.556 Executing VM operation: RevokeBias done
Event: 14381.556 Executing VM operation: RevokeBias
Event: 14381.557 Executing VM operation: RevokeBias done
Event: 14381.557 loading class sun/rmi/transport/DGCClient$EndpointEntry$RefEntry
Event: 14381.557 Executing VM operation: ParallelGCSystemGC


Dynamic libraries:
0x00007ff6006b0000 - 0x00007ff6006e1000 	C:\Program Files\Android\Android Studio\jre\bin\java.exe
0x00007ffb74fb0000 - 0x00007ffb751a5000 	C:\WINDOWS\SYSTEM32\ntdll.dll
0x00007ffb74130000 - 0x00007ffb741ed000 	C:\WINDOWS\System32\KERNEL32.DLL
0x00007ffb729d0000 - 0x00007ffb72c99000 	C:\WINDOWS\System32\KERNELBASE.dll
0x00007ffb73490000 - 0x00007ffb7353c000 	C:\WINDOWS\System32\ADVAPI32.dll
0x00007ffb730d0000 - 0x00007ffb7316e000 	C:\WINDOWS\System32\msvcrt.dll
0x00007ffb73540000 - 0x00007ffb735dc000 	C:\WINDOWS\System32\sechost.dll
0x00007ffb741f0000 - 0x00007ffb7431b000 	C:\WINDOWS\System32\RPCRT4.dll
0x00007ffb731a0000 - 0x00007ffb73340000 	C:\WINDOWS\System32\USER32.dll
0x00007ffb72fe0000 - 0x00007ffb73002000 	C:\WINDOWS\System32\win32u.dll
0x00007ffb73170000 - 0x00007ffb7319a000 	C:\WINDOWS\System32\GDI32.dll
0x00007ffb728c0000 - 0x00007ffb729cb000 	C:\WINDOWS\System32\gdi32full.dll
0x00007ffb72820000 - 0x00007ffb728bd000 	C:\WINDOWS\System32\msvcp_win.dll
0x00007ffb72ca0000 - 0x00007ffb72da0000 	C:\WINDOWS\System32\ucrtbase.dll
0x00007ffb71b10000 - 0x00007ffb71daa000 	C:\WINDOWS\WinSxS\amd64_microsoft.windows.common-controls_6595b64144ccf1df_6.0.19041.844_none_ca00b6081b84eb1d\COMCTL32.dll
0x00007ffb74430000 - 0x00007ffb74460000 	C:\WINDOWS\System32\IMM32.DLL
0x0000000074200000 - 0x00000000742d2000 	C:\Program Files\Android\Android Studio\jre\jre\bin\msvcr100.dll
0x00000000732a0000 - 0x0000000073aeb000 	C:\Program Files\Android\Android Studio\jre\jre\bin\server\jvm.dll
0x00007ffb735e0000 - 0x00007ffb735e8000 	C:\WINDOWS\System32\PSAPI.DLL
0x00007ffb60ff0000 - 0x00007ffb60ff9000 	C:\WINDOWS\SYSTEM32\WSOCK32.dll
0x00007ffb67c50000 - 0x00007ffb67c5a000 	C:\WINDOWS\SYSTEM32\VERSION.dll
0x00007ffb67cf0000 - 0x00007ffb67d17000 	C:\WINDOWS\SYSTEM32\WINMM.dll
0x00007ffb737a0000 - 0x00007ffb7380b000 	C:\WINDOWS\System32\WS2_32.dll
0x00007ffb6d580000 - 0x00007ffb6d58f000 	C:\Program Files\Android\Android Studio\jre\jre\bin\verify.dll
0x00007ffb6d550000 - 0x00007ffb6d579000 	C:\Program Files\Android\Android Studio\jre\jre\bin\java.dll
0x00007ffb5e6d0000 - 0x00007ffb5e6e6000 	C:\Program Files\Android\Android Studio\jre\jre\bin\zip.dll
0x00007ffb73930000 - 0x00007ffb74072000 	C:\WINDOWS\System32\SHELL32.dll
0x00007ffb6fa80000 - 0x00007ffb70210000 	C:\WINDOWS\SYSTEM32\windows.storage.dll
0x00007ffb74590000 - 0x00007ffb748e5000 	C:\WINDOWS\System32\combase.dll
0x00007ffb71a70000 - 0x00007ffb71a9c000 	C:\WINDOWS\SYSTEM32\Wldp.dll
0x00007ffb74380000 - 0x00007ffb7442e000 	C:\WINDOWS\System32\SHCORE.dll
0x00007ffb73070000 - 0x00007ffb730c5000 	C:\WINDOWS\System32\shlwapi.dll
0x00007ffb72630000 - 0x00007ffb7264f000 	C:\WINDOWS\SYSTEM32\profapi.dll
0x00007ffb522f0000 - 0x00007ffb5230a000 	C:\Program Files\Android\Android Studio\jre\jre\bin\net.dll
0x00007ffb717e0000 - 0x00007ffb7184a000 	C:\WINDOWS\system32\mswsock.dll
0x00007ffb4f960000 - 0x00007ffb4f973000 	C:\Program Files\Android\Android Studio\jre\jre\bin\nio.dll
0x00007ffb638d0000 - 0x00007ffb638f7000 	C:\Users\user\.gradle\native\f6784746aeab05261644944871eae4fe03e0ef1612fff0a4a95f87b438bc6780\windows-amd64\native-platform.dll
0x00007ffb6a3e0000 - 0x00007ffb6a3ed000 	C:\Program Files\Android\Android Studio\jre\jre\bin\management.dll
0x00007ffb72480000 - 0x00007ffb72498000 	C:\WINDOWS\SYSTEM32\CRYPTSP.dll
0x00007ffb711b0000 - 0x00007ffb711e4000 	C:\WINDOWS\system32\rsaenh.dll
0x00007ffb72fb0000 - 0x00007ffb72fd7000 	C:\WINDOWS\System32\bcrypt.dll
0x00007ffb725f0000 - 0x00007ffb7261e000 	C:\WINDOWS\SYSTEM32\USERENV.dll
0x00007ffb726f0000 - 0x00007ffb72770000 	C:\WINDOWS\System32\bcryptprimitives.dll
0x00007ffb71a60000 - 0x00007ffb71a6c000 	C:\WINDOWS\SYSTEM32\CRYPTBASE.dll
0x00007ffb714e0000 - 0x00007ffb7151b000 	C:\WINDOWS\SYSTEM32\IPHLPAPI.DLL
0x00007ffb74100000 - 0x00007ffb74108000 	C:\WINDOWS\System32\NSI.dll
0x00007ffb69880000 - 0x00007ffb69897000 	C:\WINDOWS\SYSTEM32\dhcpcsvc6.DLL
0x00007ffb69f50000 - 0x00007ffb69f6d000 	C:\WINDOWS\SYSTEM32\dhcpcsvc.DLL
0x00007ffb71520000 - 0x00007ffb715eb000 	C:\WINDOWS\SYSTEM32\DNSAPI.dll
0x00007ffb6aef0000 - 0x00007ffb6aefb000 	C:\WINDOWS\SYSTEM32\WINNSI.DLL
0x00007ffb4adf0000 - 0x00007ffb4ae14000 	C:\Program Files\Android\Android Studio\jre\jre\bin\sunec.dll
0x00007ffb6a920000 - 0x00007ffb6a92a000 	C:\Windows\System32\rasadhlp.dll
0x00007ffb64a70000 - 0x00007ffb64aef000 	C:\WINDOWS\System32\fwpuclnt.dll
0x00007ffb70910000 - 0x00007ffb7091b000 	C:\Program Files\Android\Android Studio\jre\jre\bin\sunmscapi.dll
0x00007ffb72da0000 - 0x00007ffb72eff000 	C:\WINDOWS\System32\CRYPT32.dll
0x00007ffb4dcc0000 - 0x00007ffb4de5c000 	C:\Program Files\Android\Android Studio\jre\jre\bin\awt.dll
0x00007ffb748f0000 - 0x00007ffb749bd000 	C:\WINDOWS\System32\OLEAUT32.dll
0x00007ffb6f6a0000 - 0x00007ffb6f6cf000 	C:\WINDOWS\SYSTEM32\dwmapi.dll
0x00007ffb6de90000 - 0x00007ffb6e450000 	C:\WINDOWS\SYSTEM32\d2d1.dll
0x00007ffb6f3a0000 - 0x00007ffb6f430000 	C:\WINDOWS\SYSTEM32\apphelp.dll
0x00007ffb5b680000 - 0x00007ffb5b69e000 	C:\Users\user\AppData\Local\Temp\native-platform9183956361706820873dir\native-platform.dll
0x00007ffb72120000 - 0x00007ffb72304000 	C:\WINDOWS\SYSTEM32\dbghelp.dll

VM Arguments:
jvm_args: -Xmx2048m -Dfile.encoding=UTF-8 -Duser.country=TW -Duser.language=zh -Duser.variant 
java_command: org.gradle.launcher.daemon.bootstrap.GradleDaemon 6.5
java_class_path (initial): C:\Users\user\.gradle\wrapper\dists\gradle-6.5-bin\6nifqtx7604sqp1q6g8wikw7p\gradle-6.5\lib\gradle-launcher-6.5.jar
Launcher Type: SUN_STANDARD

Environment Variables:
PATH=C:\Program Files (x86)\Common Files\Oracle\Java\javapath;C:\WINDOWS\system32;C:\WINDOWS;C:\WINDOWS\System32\Wbem;C:\WINDOWS\System32\WindowsPowerShell\v1.0\;C:\WINDOWS\System32\OpenSSH\;C:\Program Files\dotnet\;C:\Program Files\Microsoft SQL Server\130\Tools\Binn\;C:\Program Files\Microsoft SQL Server\Client SDK\ODBC\170\Tools\Binn\;C:\Program Files\Git\cmd;C:\Users\user\AppData\Local\Microsoft\WindowsApps;C:\Users\user\.dotnet\tools;C:\Users\user\AppData\Local\Programs\Microsoft VS Code\bin
USERNAME=user
OS=Windows_NT
PROCESSOR_IDENTIFIER=Intel64 Family 6 Model 60 Stepping 3, GenuineIntel



---------------  S Y S T E M  ---------------

OS: Windows 10.0 , 64 bit Build 19041 (10.0.19041.804)

CPU:total 8 (initial active 8) (4 cores per cpu, 2 threads per core) family 6 model 60 stepping 3, cmov, cx8, fxsr, mmx, sse, sse2, sse3, ssse3, sse4.1, sse4.2, popcnt, avx, avx2, aes, clmul, erms, lzcnt, ht, tsc, tscinvbit, bmi1, bmi2

Memory: 4k page, physical 16614588k(1923140k free), swap 28820660k(5252624k free)

vm_info: OpenJDK 64-Bit Server VM (25.242-b01) for windows-amd64 JRE (1.8.0_242-release-1644-b01), built by "builder" with MS VC++ 10.0 (VS2010)

time: Wed Jun 09 23:33:49 2021
timezone: x_
elapsed time: 14381 seconds (0d 3h 59m 41s)

