#
# A fatal error has been detected by the Java Runtime Environment:
#
#  EXCEPTION_ACCESS_VIOLATION (0xc0000005) at pc=0x000000006933b7b0, pid=17988, tid=0x0000000000000e64
#
# JRE version: OpenJDK Runtime Environment (8.0_242-b01) (build 1.8.0_242-release-1644-b01)
# Java VM: OpenJDK 64-Bit Server VM (25.242-b01 mixed mode windows-amd64 compressed oops)
# Problematic frame:
# V  [jvm.dll+0x8b7b0]
#
# Failed to write core dump. Minidumps are not enabled by default on client versions of Windows
#
# If you would like to submit a bug report, please visit:
#   
#

---------------  T H R E A D  ---------------

Current thread (0x000000000331e000):  GCTaskThread [stack: 0x0000000013280000,0x0000000013380000] [id=3684]

siginfo: ExceptionCode=0xc0000005, reading address 0x000000074e975b08

Registers:
RAX=0x0000000000000000, RBX=0x00000000eb9f27d0, RCX=0x00000000eb9f27d0, RDX=0x000000074e975b00
RSP=0x000000001337f448, RBP=0x0000000012883b01, RSI=0x0000000018494700, RDI=0x000000009875da08
R8 =0x0000000018494700, R9 =0x0000000000000015, R10=0x0000000000000008, R11=0x00000000f891e270
R12=0x0000000012883ad0, R13=0xe9d2eb20e9d2fc58, R14=0x0000000000000000, R15=0x00000000033124e0
RIP=0x000000006933b7b0, EFLAGS=0x0000000000010206

Top of Stack: (sp=0x000000001337f448)
0x000000001337f448:   00000000696827b2 00000000ebfe9800
0x000000001337f458:   0000000000000004 0000000018494700
0x000000001337f468:   00000000ec6019b0 00000000f8916280
0x000000001337f478:   0000000000001000 0000000099591de8
0x000000001337f488:   0000000000000400 0000000000000000
0x000000001337f498:   0000000018494700 0000000012883ad0
0x000000001337f4a8:   0000000069682b20 00000000f89169c0
0x000000001337f4b8:   0000000012883b01 0000000018494700
0x000000001337f4c8:   000000009875da08 00000000f89169c0
0x000000001337f4d8:   00000000696836c5 00000000ebe0f418
0x000000001337f4e8:   0000000012880301 0000000018494700
0x000000001337f4f8:   0000000000000003 0000000018494700
0x000000001337f508:   000000006937785a 00000000838dcc04
0x000000001337f518:   000000006939fcc7 0000000018494700
0x000000001337f528:   000000006939e3a3 00000000986deb6d
0x000000001337f538:   00000000986deb6d 000000009875d89c 

Instructions: (pc=0x000000006933b7b0)
0x000000006933b790:   1c 8f 1d 00 48 8b 9c 24 c0 00 00 00 48 81 c4 b0
0x000000006933b7a0:   00 00 00 5d c3 cc cc cc cc cc cc cc cc cc cc cc
0x000000006933b7b0:   44 8b 42 08 4c 8b ca 45 85 c0 7e 0e 41 f6 c0 01
0x000000006933b7c0:   75 57 41 c1 f8 03 41 8b c0 c3 79 4d 80 3d 7e 97 


Register to memory mapping:

RAX=0x0000000000000000 is an unknown value
RBX=0x00000000eb9f27d0 is an oop

[error occurred during error reporting (printing register info), id 0xc0000005]

Stack: [0x0000000013280000,0x0000000013380000],  sp=0x000000001337f448,  free space=1021k
Native frames: (J=compiled Java code, j=interpreted, Vv=VM code, C=native code)
V  [jvm.dll+0x8b7b0]


---------------  P R O C E S S  ---------------

Java Threads: ( => current thread )
  0x0000000034c11800 JavaThread "WorkerExecutor Queue Thread 10" [_thread_blocked, id=10632, stack(0x0000000031770000,0x0000000031870000)]
  0x000000001cdf9000 JavaThread "WorkerExecutor Queue Thread 9" [_thread_blocked, id=12176, stack(0x00000000380c0000,0x00000000381c0000)]
  0x000000002ec16800 JavaThread "stdout" [_thread_in_native, id=2136, stack(0x0000000036b80000,0x0000000036c80000)]
  0x000000002ec16000 JavaThread "stderr" [_thread_in_native, id=5980, stack(0x0000000036a80000,0x0000000036b80000)]
  0x000000002ec19800 JavaThread "stdout" [_thread_in_native, id=16712, stack(0x0000000036980000,0x0000000036a80000)]
  0x000000001a491000 JavaThread "stderr" [_thread_in_native, id=5776, stack(0x0000000036880000,0x0000000036980000)]
  0x000000001a48d000 JavaThread "stdout" [_thread_in_native, id=15100, stack(0x0000000036780000,0x0000000036880000)]
  0x000000001a490000 JavaThread "stderr" [_thread_in_native, id=15504, stack(0x0000000036680000,0x0000000036780000)]
  0x000000001a48c800 JavaThread "stdout" [_thread_in_native, id=6892, stack(0x0000000036580000,0x0000000036680000)]
  0x000000001a492800 JavaThread "stderr" [_thread_in_native, id=7152, stack(0x0000000036480000,0x0000000036580000)]
  0x000000001a491800 JavaThread "stdout" [_thread_in_native, id=8536, stack(0x0000000036380000,0x0000000036480000)]
  0x000000001a48f800 JavaThread "stderr" [_thread_in_native, id=7716, stack(0x0000000034ff0000,0x00000000350f0000)]
  0x000000001f9e6800 JavaThread "stdout" [_thread_in_native, id=8280, stack(0x0000000033b40000,0x0000000033c40000)]
  0x000000001f9e6000 JavaThread "stderr" [_thread_in_native, id=11924, stack(0x0000000033a40000,0x0000000033b40000)]
  0x000000001f9de800 JavaThread "stdout" [_thread_in_native, id=17364, stack(0x0000000033820000,0x0000000033920000)]
  0x000000001f9e5000 JavaThread "stderr" [_thread_in_native, id=14468, stack(0x0000000033520000,0x0000000033620000)]
  0x000000001f9e2000 JavaThread "WorkerExecutor Queue Thread 5" [_thread_blocked, id=2864, stack(0x0000000033420000,0x0000000033520000)]
  0x000000001f9e4800 JavaThread "WorkerExecutor Queue Thread 4" [_thread_blocked, id=15400, stack(0x0000000033070000,0x0000000033170000)]
  0x000000001f9e1800 JavaThread "pool-24-thread-1" [_thread_blocked, id=11988, stack(0x0000000032f70000,0x0000000033070000)]
  0x000000001f9dd000 JavaThread "WorkerExecutor Queue Thread 3" [_thread_blocked, id=1252, stack(0x0000000032780000,0x0000000032880000)]
  0x000000002c5b0800 JavaThread "Cache worker for execution history cache (E:\AppWorks-School\PersonalProject\.gradle\6.5\executionHistory)" [_thread_blocked, id=6952, stack(0x0000000031670000,0x0000000031770000)]
  0x000000002c5b3800 JavaThread "Execution worker for ':' Thread 7" [_thread_blocked, id=16052, stack(0x0000000031370000,0x0000000031470000)]
  0x000000002c5b2800 JavaThread "Execution worker for ':' Thread 6" [_thread_blocked, id=5640, stack(0x0000000031270000,0x0000000031370000)]
  0x000000002c5b7800 JavaThread "Execution worker for ':' Thread 5" [_thread_blocked, id=14804, stack(0x0000000031170000,0x0000000031270000)]
  0x000000002c5b6000 JavaThread "Execution worker for ':' Thread 4" [_thread_blocked, id=17488, stack(0x0000000030910000,0x0000000030a10000)]
  0x000000002c5a9000 JavaThread "Execution worker for ':' Thread 3" [_thread_blocked, id=12264, stack(0x000000002fd10000,0x000000002fe10000)]
  0x000000002c5af800 JavaThread "Execution worker for ':' Thread 2" [_thread_blocked, id=7920, stack(0x000000002fc10000,0x000000002fd10000)]
  0x000000002c5af000 JavaThread "Execution worker for ':'" [_thread_blocked, id=11268, stack(0x000000002fb10000,0x000000002fc10000)]
  0x000000002c5aa800 JavaThread "Cache worker for file content cache (E:\AppWorks-School\PersonalProject\.gradle\6.5\fileContent)" [_thread_blocked, id=7208, stack(0x000000002e350000,0x000000002e450000)]
  0x000000002c5a9800 JavaThread "pool-23-thread-1" [_thread_blocked, id=12284, stack(0x000000002a9f0000,0x000000002aaf0000)]
  0x000000002c5ac800 JavaThread "Cache worker for Build Output Cleanup Cache (E:\AppWorks-School\PersonalProject\.gradle\buildOutputCleanup)" [_thread_blocked, id=14780, stack(0x000000002a8f0000,0x000000002a9f0000)]
  0x000000002c5ab000 JavaThread "Build operations Thread 8" [_thread_blocked, id=2236, stack(0x0000000022b60000,0x0000000022c60000)]
  0x000000002c5ae000 JavaThread "Build operations Thread 7" [_thread_blocked, id=17124, stack(0x0000000022a60000,0x0000000022b60000)]
  0x000000002c3ee800 JavaThread "Build operations Thread 6" [_thread_blocked, id=11316, stack(0x0000000022960000,0x0000000022a60000)]
  0x000000002c3ec800 JavaThread "Build operations Thread 5" [_thread_blocked, id=5232, stack(0x0000000022860000,0x0000000022960000)]
  0x000000002c3e5000 JavaThread "Build operations Thread 4" [_thread_blocked, id=12372, stack(0x0000000021320000,0x0000000021420000)]
  0x000000002c3eb800 JavaThread "Build operations Thread 3" [_thread_blocked, id=8332, stack(0x0000000020f20000,0x0000000021020000)]
  0x000000002c3e4000 JavaThread "Build operations Thread 2" [_thread_blocked, id=15932, stack(0x0000000020720000,0x0000000020820000)]
  0x000000002c3eb000 JavaThread "Build operations" [_thread_blocked, id=1096, stack(0x0000000020620000,0x0000000020720000)]
  0x000000002c3e9800 JavaThread "Cache worker for cache directory md-rule (C:\Users\user\.gradle\caches\6.5\md-rule)" [_thread_blocked, id=17120, stack(0x0000000020520000,0x0000000020620000)]
  0x000000002c3ea000 JavaThread "Cache worker for cache directory md-supplier (C:\Users\user\.gradle\caches\6.5\md-supplier)" [_thread_blocked, id=8564, stack(0x0000000020220000,0x0000000020320000)]
  0x000000002c3e8800 JavaThread "Cache worker for checksums cache (E:\AppWorks-School\PersonalProject\.gradle\checksums)" [_thread_blocked, id=1884, stack(0x000000001e850000,0x000000001e950000)]
  0x000000002c3e8000 JavaThread "Cache worker for file hash cache (E:\AppWorks-School\PersonalProject\.gradle\6.5\fileHashes)" [_thread_blocked, id=15240, stack(0x000000001e750000,0x000000001e850000)]
  0x000000002c3e0800 JavaThread "Thread-1615" [_thread_blocked, id=15704, stack(0x000000001e650000,0x000000001e750000)]
  0x000000002c3e3800 JavaThread "Stdin handler" [_thread_blocked, id=13700, stack(0x000000001e550000,0x000000001e650000)]
  0x000000002c3e7000 JavaThread "Asynchronous log dispatcher for DefaultDaemonConnection: socket connection from /127.0.0.1:55208 to /127.0.0.1:54238" [_thread_blocked, id=12936, stack(0x000000001e250000,0x000000001e350000)]
  0x000000002c3df800 JavaThread "Cancel handler" [_thread_blocked, id=14224, stack(0x000000001dba0000,0x000000001dca0000)]
  0x000000002c3e1000 JavaThread "Handler for socket connection from /127.0.0.1:55208 to /127.0.0.1:54238" [_thread_in_native, id=12332, stack(0x0000000001520000,0x0000000001620000)]
  0x000000001a48e800 JavaThread "RMI TCP Connection(45)-127.0.0.1" daemon [_thread_in_native, id=1644, stack(0x0000000032a70000,0x0000000032b70000)]
  0x000000001a488000 JavaThread "RMI TCP Connection(46)-127.0.0.1" daemon [_thread_in_native, id=16400, stack(0x0000000031970000,0x0000000031a70000)]
  0x000000002c3e2000 JavaThread "RMI TCP Connection(idle)" daemon [_thread_blocked, id=3144, stack(0x0000000032470000,0x0000000032570000)]
  0x000000001f9e7800 JavaThread "RMI TCP Connection(idle)" daemon [_thread_blocked, id=7968, stack(0x0000000031870000,0x0000000031970000)]
  0x000000001f9dd800 JavaThread "jar transforms Thread 1210" [_thread_blocked, id=1580, stack(0x000000002a7f0000,0x000000002a8f0000)]
  0x000000001f9d9000 JavaThread "jar transforms Thread 1209" [_thread_blocked, id=17752, stack(0x000000002a6f0000,0x000000002a7f0000)]
  0x000000001f9da800 JavaThread "jar transforms Thread 1208" [_thread_blocked, id=1416, stack(0x000000002a5f0000,0x000000002a6f0000)]
  0x000000001f9dc000 JavaThread "jar transforms Thread 1207" [_thread_blocked, id=13852, stack(0x000000002a4f0000,0x000000002a5f0000)]
  0x000000001f9da000 JavaThread "jar transforms Thread 1206" [_thread_blocked, id=10952, stack(0x000000002a3f0000,0x000000002a4f0000)]
  0x000000002d0df000 JavaThread "jar transforms Thread 1205" [_thread_blocked, id=3356, stack(0x000000002a2f0000,0x000000002a3f0000)]
  0x000000002d0de800 JavaThread "jar transforms Thread 1204" [_thread_blocked, id=9708, stack(0x000000002a1f0000,0x000000002a2f0000)]
  0x000000002d0dd800 JavaThread "jar transforms Thread 1203" [_thread_blocked, id=11840, stack(0x000000002a0f0000,0x000000002a1f0000)]
  0x000000002d0d6000 JavaThread "jar transforms Thread 1202" [_thread_blocked, id=17660, stack(0x0000000029ff0000,0x000000002a0f0000)]
  0x000000002d0dd000 JavaThread "jar transforms Thread 1201" [_thread_blocked, id=10292, stack(0x0000000029ef0000,0x0000000029ff0000)]
  0x000000002d0d5800 JavaThread "jar transforms Thread 1200" [_thread_blocked, id=11880, stack(0x0000000029df0000,0x0000000029ef0000)]
  0x000000002d0dc000 JavaThread "jar transforms Thread 1199" [_thread_blocked, id=4140, stack(0x0000000029cf0000,0x0000000029df0000)]
  0x000000002d0d4800 JavaThread "jar transforms Thread 1198" [_thread_blocked, id=17356, stack(0x0000000029bf0000,0x0000000029cf0000)]
  0x000000002d0d9000 JavaThread "jar transforms Thread 1197" [_thread_blocked, id=8072, stack(0x0000000029af0000,0x0000000029bf0000)]
  0x000000002d0d7000 JavaThread "jar transforms Thread 1196" [_thread_blocked, id=4252, stack(0x00000000299f0000,0x0000000029af0000)]
  0x000000002d0db800 JavaThread "jar transforms Thread 1195" [_thread_blocked, id=13144, stack(0x00000000298f0000,0x00000000299f0000)]
  0x000000002d0d8800 JavaThread "jar transforms Thread 1194" [_thread_blocked, id=680, stack(0x00000000297f0000,0x00000000298f0000)]
  0x000000002d0d4000 JavaThread "jar transforms Thread 1193" [_thread_blocked, id=13812, stack(0x00000000296f0000,0x00000000297f0000)]
  0x000000002d0da800 JavaThread "jar transforms Thread 1192" [_thread_blocked, id=8780, stack(0x00000000295f0000,0x00000000296f0000)]
  0x000000002d0d7800 JavaThread "jar transforms Thread 1191" [_thread_blocked, id=11508, stack(0x00000000294f0000,0x00000000295f0000)]
  0x000000002d0da000 JavaThread "jar transforms Thread 1190" [_thread_blocked, id=11332, stack(0x00000000293f0000,0x00000000294f0000)]
  0x000000002d0cc800 JavaThread "jar transforms Thread 1189" [_thread_blocked, id=2004, stack(0x00000000292f0000,0x00000000293f0000)]
  0x000000002d0d3000 JavaThread "jar transforms Thread 1188" [_thread_blocked, id=11404, stack(0x00000000291f0000,0x00000000292f0000)]
  0x000000002d0d2800 JavaThread "jar transforms Thread 1187" [_thread_blocked, id=3616, stack(0x00000000290f0000,0x00000000291f0000)]
  0x000000002d0d1000 JavaThread "jar transforms Thread 1186" [_thread_blocked, id=8204, stack(0x0000000028ff0000,0x00000000290f0000)]
  0x000000002d0cf800 JavaThread "jar transforms Thread 1185" [_thread_blocked, id=11288, stack(0x0000000028ef0000,0x0000000028ff0000)]
  0x000000002d0cb800 JavaThread "jar transforms Thread 1184" [_thread_blocked, id=1256, stack(0x0000000028df0000,0x0000000028ef0000)]
  0x000000002d0cb000 JavaThread "jar transforms Thread 1183" [_thread_blocked, id=17564, stack(0x0000000028cf0000,0x0000000028df0000)]
  0x000000002d0d1800 JavaThread "jar transforms Thread 1182" [_thread_blocked, id=17676, stack(0x0000000028bf0000,0x0000000028cf0000)]
  0x000000002d0ce800 JavaThread "jar transforms Thread 1181" [_thread_blocked, id=15644, stack(0x0000000028af0000,0x0000000028bf0000)]
  0x000000002d0d0000 JavaThread "jar transforms Thread 1180" [_thread_blocked, id=2636, stack(0x00000000289f0000,0x0000000028af0000)]
  0x000000002d0ce000 JavaThread "jar transforms Thread 1179" [_thread_blocked, id=1180, stack(0x00000000288f0000,0x00000000289f0000)]
  0x000000002d0cd000 JavaThread "jar transforms Thread 1178" [_thread_blocked, id=8368, stack(0x00000000287f0000,0x00000000288f0000)]
  0x000000002d0c3800 JavaThread "jar transforms Thread 1177" [_thread_blocked, id=15032, stack(0x00000000286f0000,0x00000000287f0000)]
  0x000000002d0c8800 JavaThread "jar transforms Thread 1176" [_thread_blocked, id=17068, stack(0x00000000285f0000,0x00000000286f0000)]
  0x000000002d0c5000 JavaThread "jar transforms Thread 1175" [_thread_blocked, id=5800, stack(0x00000000284f0000,0x00000000285f0000)]
  0x000000002d0ca000 JavaThread "jar transforms Thread 1174" [_thread_blocked, id=11124, stack(0x00000000281f0000,0x00000000282f0000)]
  0x000000002d0c2800 JavaThread "jar transforms Thread 1173" [_thread_blocked, id=4876, stack(0x00000000280f0000,0x00000000281f0000)]
  0x000000002d0c9800 JavaThread "jar transforms Thread 1172" [_thread_blocked, id=3564, stack(0x0000000027ff0000,0x00000000280f0000)]
  0x000000002d0c8000 JavaThread "jar transforms Thread 1171" [_thread_blocked, id=8772, stack(0x0000000027ef0000,0x0000000027ff0000)]
  0x000000002d0c4000 JavaThread "jar transforms Thread 1170" [_thread_blocked, id=15436, stack(0x0000000027df0000,0x0000000027ef0000)]
  0x000000002d0c7000 JavaThread "jar transforms Thread 1169" [_thread_blocked, id=5400, stack(0x0000000027cf0000,0x0000000027df0000)]
  0x000000002d0c6800 JavaThread "jar transforms Thread 1168" [_thread_blocked, id=7000, stack(0x0000000027bf0000,0x0000000027cf0000)]
  0x000000002d0c0800 JavaThread "jar transforms Thread 1167" [_thread_blocked, id=12880, stack(0x0000000027af0000,0x0000000027bf0000)]
  0x000000002d0c2000 JavaThread "jar transforms Thread 1166" [_thread_blocked, id=3504, stack(0x00000000279f0000,0x0000000027af0000)]
  0x000000002e9f4800 JavaThread "jar transforms Thread 1165" [_thread_blocked, id=18056, stack(0x00000000278f0000,0x00000000279f0000)]
  0x000000002e9f4000 JavaThread "jar transforms Thread 1164" [_thread_blocked, id=11068, stack(0x00000000277f0000,0x00000000278f0000)]
  0x000000002e9f8800 JavaThread "jar transforms Thread 1163" [_thread_blocked, id=18368, stack(0x00000000276f0000,0x00000000277f0000)]
  0x000000002e9f7800 JavaThread "jar transforms Thread 1162" [_thread_blocked, id=13712, stack(0x00000000275f0000,0x00000000276f0000)]
  0x000000002e9f7000 JavaThread "jar transforms Thread 1161" [_thread_blocked, id=9844, stack(0x00000000274f0000,0x00000000275f0000)]
  0x000000002e9f6000 JavaThread "jar transforms Thread 1160" [_thread_blocked, id=6604, stack(0x00000000273f0000,0x00000000274f0000)]
  0x000000002e9fa000 JavaThread "jar transforms Thread 1159" [_thread_blocked, id=10732, stack(0x00000000272f0000,0x00000000273f0000)]
  0x000000002e9f5800 JavaThread "jar transforms Thread 1158" [_thread_blocked, id=6888, stack(0x00000000271f0000,0x00000000272f0000)]
  0x000000002e9f3000 JavaThread "jar transforms Thread 1157" [_thread_blocked, id=9608, stack(0x00000000270f0000,0x00000000271f0000)]
  0x000000002e9f2800 JavaThread "jar transforms Thread 1156" [_thread_blocked, id=2948, stack(0x0000000026ff0000,0x00000000270f0000)]
  0x000000002e9f9000 JavaThread "jar transforms Thread 1155" [_thread_blocked, id=16156, stack(0x0000000026ef0000,0x0000000026ff0000)]
  0x000000002e9eb000 JavaThread "jar transforms Thread 1154" [_thread_blocked, id=17444, stack(0x0000000026df0000,0x0000000026ef0000)]
  0x000000002e9f1000 JavaThread "jar transforms Thread 1153" [_thread_blocked, id=7084, stack(0x0000000026cf0000,0x0000000026df0000)]
  0x000000002e9f1800 JavaThread "jar transforms Thread 1152" [_thread_blocked, id=252, stack(0x0000000026bf0000,0x0000000026cf0000)]
  0x000000002e9ee800 JavaThread "jar transforms Thread 1151" [_thread_blocked, id=13156, stack(0x0000000026af0000,0x0000000026bf0000)]
  0x000000002e9e9800 JavaThread "jar transforms Thread 1150" [_thread_blocked, id=8028, stack(0x00000000269f0000,0x0000000026af0000)]
  0x000000002e9f0000 JavaThread "jar transforms Thread 1149" [_thread_blocked, id=17904, stack(0x00000000268f0000,0x00000000269f0000)]
  0x000000002e9ee000 JavaThread "jar transforms Thread 1148" [_thread_blocked, id=4656, stack(0x00000000267f0000,0x00000000268f0000)]
  0x000000002e9ef800 JavaThread "jar transforms Thread 1147" [_thread_blocked, id=12092, stack(0x00000000266f0000,0x00000000267f0000)]
  0x000000002e9e7000 JavaThread "jar transforms Thread 1146" [_thread_blocked, id=11832, stack(0x00000000265f0000,0x00000000266f0000)]
  0x000000002e9ed000 JavaThread "jar transforms Thread 1145" [_thread_blocked, id=2524, stack(0x00000000264f0000,0x00000000265f0000)]
  0x000000002e9e5800 JavaThread "jar transforms Thread 1144" [_thread_blocked, id=3216, stack(0x00000000263f0000,0x00000000264f0000)]
  0x000000002e9ec800 JavaThread "jar transforms Thread 1143" [_thread_blocked, id=7352, stack(0x00000000262f0000,0x00000000263f0000)]
  0x000000002e9e6800 JavaThread "jar transforms Thread 1142" [_thread_blocked, id=3640, stack(0x00000000261f0000,0x00000000262f0000)]
  0x000000002e9e8800 JavaThread "jar transforms Thread 1141" [_thread_blocked, id=16824, stack(0x00000000260f0000,0x00000000261f0000)]
  0x000000002e9e5000 JavaThread "jar transforms Thread 1140" [_thread_blocked, id=3544, stack(0x0000000025ff0000,0x00000000260f0000)]
  0x000000002e9e8000 JavaThread "jar transforms Thread 1139" [_thread_blocked, id=7556, stack(0x0000000025ef0000,0x0000000025ff0000)]
  0x000000002e9eb800 JavaThread "jar transforms Thread 1138" [_thread_blocked, id=3892, stack(0x0000000025df0000,0x0000000025ef0000)]
  0x000000002e9ea000 JavaThread "jar transforms Thread 1137" [_thread_blocked, id=13864, stack(0x0000000025cf0000,0x0000000025df0000)]
  0x000000002e9dd000 JavaThread "jar transforms Thread 1136" [_thread_blocked, id=17240, stack(0x0000000025bf0000,0x0000000025cf0000)]
  0x000000002e9df800 JavaThread "jar transforms Thread 1135" [_thread_blocked, id=14808, stack(0x0000000025af0000,0x0000000025bf0000)]
  0x000000002e9e3800 JavaThread "jar transforms Thread 1134" [_thread_blocked, id=10756, stack(0x00000000259f0000,0x0000000025af0000)]
  0x000000002e9e4000 JavaThread "jar transforms Thread 1133" [_thread_blocked, id=3020, stack(0x00000000258f0000,0x00000000259f0000)]
  0x000000002e9e2800 JavaThread "jar transforms Thread 1132" [_thread_blocked, id=13724, stack(0x00000000257f0000,0x00000000258f0000)]
  0x000000002e9db800 JavaThread "jar transforms Thread 1131" [_thread_blocked, id=13740, stack(0x00000000256f0000,0x00000000257f0000)]
  0x000000002e9dc800 JavaThread "jar transforms Thread 1130" [_thread_blocked, id=5820, stack(0x00000000255f0000,0x00000000256f0000)]
  0x000000002e9db000 JavaThread "jar transforms Thread 1129" [_thread_blocked, id=17888, stack(0x00000000254f0000,0x00000000255f0000)]
  0x000000002e9e2000 JavaThread "jar transforms Thread 1128" [_thread_blocked, id=5752, stack(0x00000000253f0000,0x00000000254f0000)]
  0x000000002e9de800 JavaThread "jar transforms Thread 1127" [_thread_blocked, id=1584, stack(0x00000000252f0000,0x00000000253f0000)]
  0x000000002e9de000 JavaThread "jar transforms Thread 1126" [_thread_blocked, id=7336, stack(0x00000000251f0000,0x00000000252f0000)]
  0x000000002ec32000 JavaThread "jar transforms Thread 1125" [_thread_blocked, id=2176, stack(0x00000000250f0000,0x00000000251f0000)]
  0x000000002ec31000 JavaThread "jar transforms Thread 1124" [_thread_blocked, id=3760, stack(0x0000000024ff0000,0x00000000250f0000)]
  0x000000002ec30800 JavaThread "jar transforms Thread 1123" [_thread_blocked, id=8428, stack(0x0000000024ef0000,0x0000000024ff0000)]
  0x000000002ec2b000 JavaThread "jar transforms Thread 1122" [_thread_blocked, id=10084, stack(0x0000000024df0000,0x0000000024ef0000)]
  0x000000002ec2c000 JavaThread "jar transforms Thread 1121" [_thread_blocked, id=7252, stack(0x0000000024cf0000,0x0000000024df0000)]
  0x000000002ec2f800 JavaThread "jar transforms Thread 1120" [_thread_blocked, id=2460, stack(0x0000000024bf0000,0x0000000024cf0000)]
  0x000000002ec28000 JavaThread "jar transforms Thread 1119" [_thread_blocked, id=17696, stack(0x0000000024af0000,0x0000000024bf0000)]
  0x000000002ec2e000 JavaThread "jar transforms Thread 1118" [_thread_blocked, id=10712, stack(0x00000000249f0000,0x0000000024af0000)]
  0x000000002ec2c800 JavaThread "jar transforms Thread 1117" [_thread_blocked, id=5780, stack(0x00000000248f0000,0x00000000249f0000)]
  0x000000002ec2d800 JavaThread "jar transforms Thread 1116" [_thread_blocked, id=16096, stack(0x00000000247f0000,0x00000000248f0000)]
  0x000000002ec29000 JavaThread "jar transforms Thread 1115" [_thread_blocked, id=14228, stack(0x00000000246f0000,0x00000000247f0000)]
  0x000000002ec29800 JavaThread "jar transforms Thread 1114" [_thread_blocked, id=16484, stack(0x00000000245f0000,0x00000000246f0000)]
  0x000000002ec2f000 JavaThread "jar transforms Thread 1113" [_thread_blocked, id=15552, stack(0x00000000244f0000,0x00000000245f0000)]
  0x000000002ec20800 JavaThread "jar transforms Thread 1112" [_thread_blocked, id=11416, stack(0x00000000243f0000,0x00000000244f0000)]
  0x000000002ec27800 JavaThread "jar transforms Thread 1111" [_thread_blocked, id=17180, stack(0x00000000242f0000,0x00000000243f0000)]
  0x000000002ec20000 JavaThread "jar transforms Thread 1110" [_thread_blocked, id=1424, stack(0x00000000241f0000,0x00000000242f0000)]
  0x000000002ec26800 JavaThread "jar transforms Thread 1109" [_thread_blocked, id=14624, stack(0x00000000240f0000,0x00000000241f0000)]
  0x000000002ec1f000 JavaThread "jar transforms Thread 1108" [_thread_blocked, id=12148, stack(0x0000000023ff0000,0x00000000240f0000)]
  0x000000002ec21800 JavaThread "jar transforms Thread 1107" [_thread_blocked, id=12088, stack(0x0000000023ef0000,0x0000000023ff0000)]
  0x000000002ec26000 JavaThread "jar transforms Thread 1106" [_thread_blocked, id=5840, stack(0x0000000023df0000,0x0000000023ef0000)]
  0x000000002ec24800 JavaThread "jar transforms Thread 1105" [_thread_blocked, id=8700, stack(0x0000000023cf0000,0x0000000023df0000)]
  0x000000002ec23800 JavaThread "jar transforms Thread 1104" [_thread_blocked, id=1464, stack(0x0000000023bf0000,0x0000000023cf0000)]
  0x000000002ec23000 JavaThread "jar transforms Thread 1103" [_thread_blocked, id=16448, stack(0x0000000023af0000,0x0000000023bf0000)]
  0x000000002ec25000 JavaThread "jar transforms Thread 1102" [_thread_blocked, id=14932, stack(0x00000000239f0000,0x0000000023af0000)]
  0x000000002ec1d000 JavaThread "jar transforms Thread 1101" [_thread_blocked, id=1488, stack(0x00000000238f0000,0x00000000239f0000)]
  0x000000002ec1e800 JavaThread "jar transforms Thread 1100" [_thread_blocked, id=16940, stack(0x00000000237f0000,0x00000000238f0000)]
  0x000000002ec1d800 JavaThread "jar transforms Thread 1099" [_thread_blocked, id=8584, stack(0x00000000236f0000,0x00000000237f0000)]
  0x000000002ec22000 JavaThread "jar transforms Thread 1098" [_thread_blocked, id=15840, stack(0x00000000235f0000,0x00000000236f0000)]
  0x000000002ec15000 JavaThread "jar transforms Thread 1097" [_thread_blocked, id=12636, stack(0x00000000234f0000,0x00000000235f0000)]
  0x000000002ec1c000 JavaThread "jar transforms Thread 1096" [_thread_blocked, id=14392, stack(0x00000000233f0000,0x00000000234f0000)]
  0x000000002ec1b800 JavaThread "jar transforms Thread 1095" [_thread_blocked, id=7760, stack(0x0000000023160000,0x0000000023260000)]
  0x000000002ec1a800 JavaThread "jar transforms Thread 1094" [_thread_blocked, id=12072, stack(0x0000000023060000,0x0000000023160000)]
  0x000000002ec13000 JavaThread "jar transforms Thread 1093" [_thread_blocked, id=972, stack(0x0000000022f60000,0x0000000023060000)]
  0x000000002ec14800 JavaThread "jar transforms Thread 1092" [_thread_blocked, id=17788, stack(0x0000000022e60000,0x0000000022f60000)]
  0x000000002ec13800 JavaThread "jar transforms Thread 1091" [_thread_blocked, id=6820, stack(0x0000000022d60000,0x0000000022e60000)]
  0x000000002ec18000 JavaThread "jar transforms Thread 1090" [_thread_blocked, id=14568, stack(0x0000000022c60000,0x0000000022d60000)]
  0x000000001a48e000 JavaThread "Daemon worker Thread 8" [_thread_blocked, id=8556, stack(0x000000001dca0000,0x000000001dda0000)]
  0x000000001a485000 JavaThread "Daemon Thread 8" [_thread_blocked, id=12900, stack(0x0000000001420000,0x0000000001520000)]
  0x000000001a486800 JavaThread "RMI TCP Connection(idle)" daemon [_thread_blocked, id=5184, stack(0x0000000001320000,0x0000000001420000)]
  0x000000002d0c1000 JavaThread "RMI Reaper" [_thread_blocked, id=13744, stack(0x0000000031070000,0x0000000031170000)]
  0x000000002c5b6800 JavaThread "RMI TCP Accept-0" daemon [_thread_in_native, id=14208, stack(0x0000000030b10000,0x0000000030c10000)]
  0x000000002c5b2000 JavaThread "GC Daemon" daemon [_thread_blocked, id=8708, stack(0x0000000030a10000,0x0000000030b10000)]
  0x000000002c5b4800 JavaThread "RMI Scheduler(0)" daemon [_thread_blocked, id=14868, stack(0x0000000030010000,0x0000000030110000)]
  0x000000001f9e0800 JavaThread "Memory manager" [_thread_blocked, id=10328, stack(0x000000002cec0000,0x000000002cfc0000)]
  0x000000001cdf3000 JavaThread "Cache worker for file content cache (C:\Users\user\.gradle\caches\6.5\fileContent)" [_thread_blocked, id=12520, stack(0x0000000021020000,0x0000000021120000)]
  0x000000001cdf6800 JavaThread "Cache worker for execution history cache (C:\Users\user\.gradle\caches\6.5\executionHistory)" [_thread_blocked, id=8832, stack(0x0000000020820000,0x0000000020920000)]
  0x000000001cdf4800 JavaThread "Cache worker for file hash cache (C:\Users\user\.gradle\caches\6.5\fileHashes)" [_thread_blocked, id=1300, stack(0x000000001ed50000,0x000000001ee50000)]
  0x000000001cdf3800 JavaThread "File lock request listener" [_thread_in_native, id=4552, stack(0x000000001ec50000,0x000000001ed50000)]
  0x000000001cdf5000 JavaThread "Cache worker for journal cache (C:\Users\user\.gradle\caches\journal-1)" [_thread_blocked, id=14312, stack(0x000000001eb50000,0x000000001ec50000)]
  0x000000001cc42000 JavaThread "Daemon periodic checks" [_thread_blocked, id=9612, stack(0x000000001df50000,0x000000001e050000)]
  0x000000001cc9d000 JavaThread "Incoming local TCP Connector on port 55208" [_thread_in_native, id=10148, stack(0x000000001dda0000,0x000000001dea0000)]
  0x000000001cbfe800 JavaThread "Daemon health stats" [_thread_blocked, id=17468, stack(0x000000001da80000,0x000000001db80000)]
  0x000000001a3ac000 JavaThread "Service Thread" daemon [_thread_blocked, id=6944, stack(0x000000001aee0000,0x000000001afe0000)]
  0x000000001a31e000 JavaThread "C1 CompilerThread3" daemon [_thread_blocked, id=7736, stack(0x000000001ade0000,0x000000001aee0000)]
  0x000000001a318800 JavaThread "C2 CompilerThread2" daemon [_thread_blocked, id=17184, stack(0x000000001ace0000,0x000000001ade0000)]
  0x000000001a30f800 JavaThread "C2 CompilerThread1" daemon [_thread_blocked, id=2504, stack(0x000000001abe0000,0x000000001ace0000)]
  0x000000001a30c800 JavaThread "C2 CompilerThread0" daemon [_thread_blocked, id=1496, stack(0x000000001aae0000,0x000000001abe0000)]
  0x000000001a2b9000 JavaThread "Attach Listener" daemon [_thread_blocked, id=13068, stack(0x000000001a9e0000,0x000000001aae0000)]
  0x000000001a2b8000 JavaThread "Signal Dispatcher" daemon [_thread_blocked, id=15200, stack(0x000000001a8e0000,0x000000001a9e0000)]
  0x000000001a2a0800 JavaThread "Finalizer" daemon [_thread_blocked, id=868, stack(0x000000001a780000,0x000000001a880000)]
  0x000000001849c000 JavaThread "Reference Handler" daemon [_thread_blocked, id=11184, stack(0x000000001a680000,0x000000001a780000)]
  0x0000000002e3d800 JavaThread "main" [_thread_blocked, id=17136, stack(0x0000000002e80000,0x0000000002f80000)]

Other Threads:
  0x0000000018497800 VMThread [stack: 0x000000001a180000,0x000000001a280000] [id=15296]
  0x000000001a367000 WatcherThread [stack: 0x000000001afe0000,0x000000001b0e0000] [id=10136]

=>0x000000000331e000 (exited) GCTaskThread [stack: 0x0000000013280000,0x0000000013380000] [id=3684]

VM state:at safepoint (normal execution)

VM Mutex/Monitor currently owned by a thread:  ([mutex/lock_event])
[0x0000000002e3d0a0] Threads_lock - owner thread: 0x0000000018497800
[0x0000000002e3caa0] Heap_lock - owner thread: 0x000000001cdf9000

heap address: 0x0000000080000000, size: 2048 MB, Compressed Oops mode: 32-bit
Narrow klass base: 0x0000000000000000, Narrow klass shift: 3
Compressed class space size: 1073741824 Address: 0x0000000100000000

Heap:
 PSYoungGen      total 510464K, used 410542K [0x00000000d5580000, 0x0000000100000000, 0x0000000100000000)
  eden space 322048K, 100% used [0x00000000d5580000,0x00000000e9000000,0x00000000e9000000)
  from space 188416K, 46% used [0x00000000e9000000,0x00000000ee66bb98,0x00000000f4800000)
  to   space 180736K, 54% used [0x00000000f4f80000,0x00000000fafe3ab8,0x0000000100000000)
 ParOldGen       total 515584K, used 415455K [0x0000000080000000, 0x000000009f780000, 0x00000000d5580000)
  object space 515584K, 80% used [0x0000000080000000,0x00000000995b7df8,0x000000009f780000)
 Metaspace       used 122829K, capacity 130542K, committed 130648K, reserved 1163264K
  class space    used 15331K, capacity 16704K, committed 16768K, reserved 1048576K

Card table byte_map: [0x00000000127c0000,0x0000000012bd0000] byte_map_base: 0x00000000123c0000

Marking Bits: (ParMarkBitMap*) 0x0000000069a7f030
 Begin Bits: [0x0000000013680000, 0x0000000015680000)
 End Bits:   [0x0000000015680000, 0x0000000017680000)

Polling page: 0x0000000002e20000

CodeCache: size=245760Kb used=81948Kb max_used=81948Kb free=163811Kb
 bounds [0x0000000003400000, 0x0000000008490000, 0x0000000012400000]
 total_blobs=24919 nmethods=23966 adapters=860
 compilation: enabled

Compilation events (10 events):
Event: 2436.548 Thread 0x000000001a31e000 31654       3       android.databinding.parser.BindingExpressionParser::getRuleNames (4 bytes)
Event: 2436.548 Thread 0x000000001a31e000 nmethod 31654 0x000000000846ed10 code [0x000000000846ee60, 0x000000000846efb0]
Event: 2436.548 Thread 0x000000001a31e000 31656       1       android.databinding.tool.store.ResourceBundle$BindingTargetBundle::getBindingBundleList (5 bytes)
Event: 2436.548 Thread 0x000000001a31e000 nmethod 31656 0x000000000846ea50 code [0x000000000846eba0, 0x000000000846ecb0]
Event: 2436.549 Thread 0x000000001a31e000 31658       3       com.sun.tools.javac.code.Type$MethodType::getReturnType (5 bytes)
Event: 2436.550 Thread 0x000000001a31e000 nmethod 31658 0x000000000846e710 code [0x000000000846e860, 0x000000000846e9d0]
Event: 2436.550 Thread 0x000000001a31e000 31659       3       com.squareup.javapoet.ClassName::enclosingClassName (44 bytes)
Event: 2436.550 Thread 0x000000001a31e000 nmethod 31659 0x000000000846db10 code [0x000000000846dce0, 0x000000000846e3f8]
Event: 2436.553 Thread 0x000000001a31e000 31660       1       android.databinding.tool.Binding::getExpr (5 bytes)
Event: 2436.554 Thread 0x000000001a31e000 nmethod 31660 0x000000000846d850 code [0x000000000846d9a0, 0x000000000846dab0]

GC Heap History (10 events):
Event: 2421.315 GC heap after
Heap after GC invocations=39 (full 4):
 PSYoungGen      total 467968K, used 69516K [0x00000000d5580000, 0x00000000f8c80000, 0x0000000100000000)
  eden space 387072K, 0% used [0x00000000d5580000,0x00000000d5580000,0x00000000ecf80000)
  from space 80896K, 85% used [0x00000000ecf80000,0x00000000f1363230,0x00000000f1e80000)
  to   space 87040K, 0% used [0x00000000f3780000,0x00000000f3780000,0x00000000f8c80000)
 ParOldGen       total 515584K, used 283888K [0x0000000080000000, 0x000000009f780000, 0x00000000d5580000)
  object space 515584K, 55% used [0x0000000080000000,0x000000009153c390,0x000000009f780000)
 Metaspace       used 107656K, capacity 115192K, committed 115416K, reserved 1148928K
  class space    used 13739K, capacity 15011K, committed 15104K, reserved 1048576K
}
Event: 2422.275 GC heap before
{Heap before GC invocations=40 (full 4):
 PSYoungGen      total 467968K, used 456588K [0x00000000d5580000, 0x00000000f8c80000, 0x0000000100000000)
  eden space 387072K, 100% used [0x00000000d5580000,0x00000000ecf80000,0x00000000ecf80000)
  from space 80896K, 85% used [0x00000000ecf80000,0x00000000f1363230,0x00000000f1e80000)
  to   space 87040K, 0% used [0x00000000f3780000,0x00000000f3780000,0x00000000f8c80000)
 ParOldGen       total 515584K, used 283888K [0x0000000080000000, 0x000000009f780000, 0x00000000d5580000)
  object space 515584K, 55% used [0x0000000080000000,0x000000009153c390,0x000000009f780000)
 Metaspace       used 107677K, capacity 115196K, committed 115416K, reserved 1148928K
  class space    used 13740K, capacity 15011K, committed 15104K, reserved 1048576K
Event: 2422.470 GC heap after
Heap after GC invocations=40 (full 4):
 PSYoungGen      total 434176K, used 87018K [0x00000000d5580000, 0x0000000100000000, 0x0000000100000000)
  eden space 347136K, 0% used [0x00000000d5580000,0x00000000d5580000,0x00000000ea880000)
  from space 87040K, 99% used [0x00000000f3780000,0x00000000f8c7aa08,0x00000000f8c80000)
  to   space 146432K, 0% used [0x00000000ea880000,0x00000000ea880000,0x00000000f3780000)
 ParOldGen       total 515584K, used 414455K [0x0000000080000000, 0x000000009f780000, 0x00000000d5580000)
  object space 515584K, 80% used [0x0000000080000000,0x00000000994bddb8,0x000000009f780000)
 Metaspace       used 107677K, capacity 115196K, committed 115416K, reserved 1148928K
  class space    used 13740K, capacity 15011K, committed 15104K, reserved 1048576K
}
Event: 2424.178 GC heap before
{Heap before GC invocations=41 (full 4):
 PSYoungGen      total 434176K, used 434154K [0x00000000d5580000, 0x0000000100000000, 0x0000000100000000)
  eden space 347136K, 100% used [0x00000000d5580000,0x00000000ea880000,0x00000000ea880000)
  from space 87040K, 99% used [0x00000000f3780000,0x00000000f8c7aa08,0x00000000f8c80000)
  to   space 146432K, 0% used [0x00000000ea880000,0x00000000ea880000,0x00000000f3780000)
 ParOldGen       total 515584K, used 414455K [0x0000000080000000, 0x000000009f780000, 0x00000000d5580000)
  object space 515584K, 80% used [0x0000000080000000,0x00000000994bddb8,0x000000009f780000)
 Metaspace       used 107966K, capacity 115596K, committed 115800K, reserved 1150976K
  class space    used 13807K, capacity 15139K, committed 15232K, reserved 1048576K
Event: 2424.294 GC heap after
Heap after GC invocations=41 (full 4):
 PSYoungGen      total 493568K, used 132274K [0x00000000d5580000, 0x0000000100000000, 0x0000000100000000)
  eden space 347136K, 0% used [0x00000000d5580000,0x00000000d5580000,0x00000000ea880000)
  from space 146432K, 90% used [0x00000000ea880000,0x00000000f29aca30,0x00000000f3780000)
  to   space 163840K, 0% used [0x00000000f6000000,0x00000000f6000000,0x0000000100000000)
 ParOldGen       total 515584K, used 414759K [0x0000000080000000, 0x000000009f780000, 0x00000000d5580000)
  object space 515584K, 80% used [0x0000000080000000,0x0000000099509dc8,0x000000009f780000)
 Metaspace       used 107966K, capacity 115596K, committed 115800K, reserved 1150976K
  class space    used 13807K, capacity 15139K, committed 15232K, reserved 1048576K
}
Event: 2425.209 GC heap before
{Heap before GC invocations=42 (full 4):
 PSYoungGen      total 493568K, used 479410K [0x00000000d5580000, 0x0000000100000000, 0x0000000100000000)
  eden space 347136K, 100% used [0x00000000d5580000,0x00000000ea880000,0x00000000ea880000)
  from space 146432K, 90% used [0x00000000ea880000,0x00000000f29aca30,0x00000000f3780000)
  to   space 163840K, 0% used [0x00000000f6000000,0x00000000f6000000,0x0000000100000000)
 ParOldGen       total 515584K, used 414759K [0x0000000080000000, 0x000000009f780000, 0x00000000d5580000)
  object space 515584K, 80% used [0x0000000080000000,0x0000000099509dc8,0x000000009f780000)
 Metaspace       used 107986K, capacity 115596K, committed 115800K, reserved 1150976K
  class space    used 13807K, capacity 15139K, committed 15232K, reserved 1048576K
Event: 2425.335 GC heap after
Heap after GC invocations=42 (full 4):
 PSYoungGen      total 485888K, used 161529K [0x00000000d5580000, 0x0000000100000000, 0x0000000100000000)
  eden space 322048K, 0% used [0x00000000d5580000,0x00000000d5580000,0x00000000e9000000)
  from space 163840K, 98% used [0x00000000f6000000,0x00000000ffdbe700,0x0000000100000000)
  to   space 188416K, 0% used [0x00000000e9000000,0x00000000e9000000,0x00000000f4800000)
 ParOldGen       total 515584K, used 414951K [0x0000000080000000, 0x000000009f780000, 0x00000000d5580000)
  object space 515584K, 80% used [0x0000000080000000,0x0000000099539dd8,0x000000009f780000)
 Metaspace       used 107986K, capacity 115596K, committed 115800K, reserved 1150976K
  class space    used 13807K, capacity 15139K, committed 15232K, reserved 1048576K
}
Event: 2433.092 GC heap before
{Heap before GC invocations=43 (full 4):
 PSYoungGen      total 485888K, used 483577K [0x00000000d5580000, 0x0000000100000000, 0x0000000100000000)
  eden space 322048K, 100% used [0x00000000d5580000,0x00000000e9000000,0x00000000e9000000)
  from space 163840K, 98% used [0x00000000f6000000,0x00000000ffdbe700,0x0000000100000000)
  to   space 188416K, 0% used [0x00000000e9000000,0x00000000e9000000,0x00000000f4800000)
 ParOldGen       total 515584K, used 414951K [0x0000000080000000, 0x000000009f780000, 0x00000000d5580000)
  object space 515584K, 80% used [0x0000000080000000,0x0000000099539dd8,0x000000009f780000)
 Metaspace       used 108116K, capacity 115746K, committed 116056K, reserved 1150976K
  class space    used 13813K, capacity 15142K, committed 15232K, reserved 1048576K
Event: 2433.191 GC heap after
Heap after GC invocations=43 (full 4):
 PSYoungGen      total 510464K, used 88494K [0x00000000d5580000, 0x0000000100000000, 0x0000000100000000)
  eden space 322048K, 0% used [0x00000000d5580000,0x00000000d5580000,0x00000000e9000000)
  from space 188416K, 46% used [0x00000000e9000000,0x00000000ee66bb98,0x00000000f4800000)
  to   space 180736K, 0% used [0x00000000f4f80000,0x00000000f4f80000,0x0000000100000000)
 ParOldGen       total 515584K, used 415295K [0x0000000080000000, 0x000000009f780000, 0x00000000d5580000)
  object space 515584K, 80% used [0x0000000080000000,0x000000009958fde8,0x000000009f780000)
 Metaspace       used 108116K, capacity 115746K, committed 116056K, reserved 1150976K
  class space    used 13813K, capacity 15142K, committed 15232K, reserved 1048576K
}
Event: 2436.559 GC heap before
{Heap before GC invocations=44 (full 4):
 PSYoungGen      total 510464K, used 410542K [0x00000000d5580000, 0x0000000100000000, 0x0000000100000000)
  eden space 322048K, 100% used [0x00000000d5580000,0x00000000e9000000,0x00000000e9000000)
  from space 188416K, 46% used [0x00000000e9000000,0x00000000ee66bb98,0x00000000f4800000)
  to   space 180736K, 0% used [0x00000000f4f80000,0x00000000f4f80000,0x0000000100000000)
 ParOldGen       total 515584K, used 415295K [0x0000000080000000, 0x000000009f780000, 0x00000000d5580000)
  object space 515584K, 80% used [0x0000000080000000,0x000000009958fde8,0x000000009f780000)
 Metaspace       used 122829K, capacity 130542K, committed 130648K, reserved 1163264K
  class space    used 15331K, capacity 16704K, committed 16768K, reserved 1048576K

Deoptimization events (10 events):
Event: 2436.258 Thread 0x000000001cdf9000 Uncommon trap: reason=class_check action=maybe_recompile pc=0x000000000811e9d8 method=com.sun.tools.javac.code.Types$19.visitClassType(Lcom/sun/tools/javac/code/Type$ClassType;Ljava/lang/Void;)Lcom/sun/tools/javac/util/List; @ 46
Event: 2436.260 Thread 0x000000001cdf9000 Uncommon trap: reason=class_check action=maybe_recompile pc=0x000000000808badc method=com.sun.tools.javac.code.Type.containsAny(Lcom/sun/tools/javac/util/List;)Z @ 6
Event: 2436.260 Thread 0x000000001cdf9000 Uncommon trap: reason=class_check action=maybe_recompile pc=0x000000000808badc method=com.sun.tools.javac.code.Type.containsAny(Lcom/sun/tools/javac/util/List;)Z @ 6
Event: 2436.260 Thread 0x000000001cdf9000 Uncommon trap: reason=class_check action=maybe_recompile pc=0x000000000808badc method=com.sun.tools.javac.code.Type.containsAny(Lcom/sun/tools/javac/util/List;)Z @ 6
Event: 2436.261 Thread 0x000000001cdf9000 Uncommon trap: reason=class_check action=maybe_recompile pc=0x000000000808badc method=com.sun.tools.javac.code.Type.containsAny(Lcom/sun/tools/javac/util/List;)Z @ 6
Event: 2436.337 Thread 0x000000001cdf9000 Uncommon trap: reason=unstable_if action=reinterpret pc=0x000000000812de84 method=com.sun.tools.javac.comp.Resolve.findImmediateMemberType(Lcom/sun/tools/javac/comp/Env;Lcom/sun/tools/javac/code/Type;Lcom/sun/tools/javac/util/Name;Lcom/sun/tools/javac/cod
Event: 2436.345 Thread 0x000000001cdf9000 Uncommon trap: reason=bimorphic action=maybe_recompile pc=0x000000000812ad48 method=com.sun.tools.javac.code.Types$UnaryVisitor.visit(Lcom/sun/tools/javac/code/Type;)Ljava/lang/Object; @ 3
Event: 2436.345 Thread 0x000000001cdf9000 Uncommon trap: reason=class_check action=maybe_recompile pc=0x000000000811e9d8 method=com.sun.tools.javac.code.Types$19.visitClassType(Lcom/sun/tools/javac/code/Type$ClassType;Ljava/lang/Void;)Lcom/sun/tools/javac/util/List; @ 46
Event: 2436.366 Thread 0x000000001cdf9000 Uncommon trap: reason=class_check action=maybe_recompile pc=0x000000000811e9d8 method=com.sun.tools.javac.code.Types$19.visitClassType(Lcom/sun/tools/javac/code/Type$ClassType;Ljava/lang/Void;)Lcom/sun/tools/javac/util/List; @ 46
Event: 2436.411 Thread 0x000000001cdf9000 Uncommon trap: reason=class_check action=maybe_recompile pc=0x0000000008124cb8 method=com.sun.tools.javac.code.Types$19.visitClassType(Lcom/sun/tools/javac/code/Type$ClassType;Ljava/lang/Void;)Lcom/sun/tools/javac/util/List; @ 46

Classes redefined (0 events):
No events

Internal exceptions (10 events):
Event: 2434.943 Thread 0x000000001cdf9000 Exception <a 'java/security/PrivilegedActionException'> (0x00000000df00c228) thrown at [C:\src\AOSP-openjdk-git\hotspot\src\share\vm\prims\jvm.cpp, line 1502]
Event: 2434.943 Thread 0x000000001cdf9000 Exception <a 'java/security/PrivilegedActionException'> (0x00000000df00dfb8) thrown at [C:\src\AOSP-openjdk-git\hotspot\src\share\vm\prims\jvm.cpp, line 1502]
Event: 2434.943 Thread 0x000000001cdf9000 Exception <a 'java/security/PrivilegedActionException'> (0x00000000df00e598) thrown at [C:\src\AOSP-openjdk-git\hotspot\src\share\vm\prims\jvm.cpp, line 1502]
Event: 2434.944 Thread 0x000000001cdf9000 Exception <a 'java/security/PrivilegedActionException'> (0x00000000df010170) thrown at [C:\src\AOSP-openjdk-git\hotspot\src\share\vm\prims\jvm.cpp, line 1502]
Event: 2434.944 Thread 0x000000001cdf9000 Exception <a 'java/security/PrivilegedActionException'> (0x00000000df010750) thrown at [C:\src\AOSP-openjdk-git\hotspot\src\share\vm\prims\jvm.cpp, line 1502]
Event: 2434.944 Thread 0x000000001cdf9000 Exception <a 'java/security/PrivilegedActionException'> (0x00000000df012398) thrown at [C:\src\AOSP-openjdk-git\hotspot\src\share\vm\prims\jvm.cpp, line 1502]
Event: 2434.944 Thread 0x000000001cdf9000 Exception <a 'java/security/PrivilegedActionException'> (0x00000000df012978) thrown at [C:\src\AOSP-openjdk-git\hotspot\src\share\vm\prims\jvm.cpp, line 1502]
Event: 2434.944 Thread 0x000000001cdf9000 Exception <a 'java/security/PrivilegedActionException'> (0x00000000df0146b0) thrown at [C:\src\AOSP-openjdk-git\hotspot\src\share\vm\prims\jvm.cpp, line 1502]
Event: 2434.944 Thread 0x000000001cdf9000 Exception <a 'java/security/PrivilegedActionException'> (0x00000000df014c90) thrown at [C:\src\AOSP-openjdk-git\hotspot\src\share\vm\prims\jvm.cpp, line 1502]
Event: 2435.818 Thread 0x000000001cdf9000 Exception <a 'java/lang/NullPointerException'> (0x00000000e4c55dc8) thrown at [C:\src\AOSP-openjdk-git\hotspot\src\share\vm\interpreter\linkResolver.cpp, line 1287]

Events (10 events):
Event: 2436.419 loading class com/google/common/collect/Lists$StringAsImmutableList done
Event: 2436.420 loading class com/google/common/primitives/Ints
Event: 2436.420 loading class com/google/common/primitives/Ints done
Event: 2436.422 loading class com/google/common/primitives/Ints$IntConverter
Event: 2436.422 loading class com/google/common/primitives/Ints$IntConverter done
Event: 2436.424 loading class android/databinding/tool/MergedBinding
Event: 2436.424 loading class android/databinding/tool/MergedBinding done
Event: 2436.503 Executing VM operation: ForceSafepoint
Event: 2436.504 Executing VM operation: ForceSafepoint done
Event: 2436.558 Executing VM operation: ParallelGCFailedAllocation


Dynamic libraries:
0x00007ff7a31c0000 - 0x00007ff7a31f1000 	C:\Program Files\Android\Android Studio\jre\bin\java.exe
0x00007ffa34070000 - 0x00007ffa34265000 	C:\WINDOWS\SYSTEM32\ntdll.dll
0x00007ffa32ad0000 - 0x00007ffa32b8d000 	C:\WINDOWS\System32\KERNEL32.DLL
0x00007ffa31dd0000 - 0x00007ffa32099000 	C:\WINDOWS\System32\KERNELBASE.dll
0x00007ffa329f0000 - 0x00007ffa32a9c000 	C:\WINDOWS\System32\ADVAPI32.dll
0x00007ffa339f0000 - 0x00007ffa33a8e000 	C:\WINDOWS\System32\msvcrt.dll
0x00007ffa33a90000 - 0x00007ffa33b2c000 	C:\WINDOWS\System32\sechost.dll
0x00007ffa32f40000 - 0x00007ffa3306b000 	C:\WINDOWS\System32\RPCRT4.dll
0x00007ffa32cb0000 - 0x00007ffa32e50000 	C:\WINDOWS\System32\USER32.dll
0x00007ffa320a0000 - 0x00007ffa320c2000 	C:\WINDOWS\System32\win32u.dll
0x00007ffa32aa0000 - 0x00007ffa32aca000 	C:\WINDOWS\System32\GDI32.dll
0x00007ffa31b70000 - 0x00007ffa31c7b000 	C:\WINDOWS\System32\gdi32full.dll
0x00007ffa31d30000 - 0x00007ffa31dcd000 	C:\WINDOWS\System32\msvcp_win.dll
0x00007ffa31860000 - 0x00007ffa31960000 	C:\WINDOWS\System32\ucrtbase.dll
0x00007ffa1fc40000 - 0x00007ffa1feda000 	C:\WINDOWS\WinSxS\amd64_microsoft.windows.common-controls_6595b64144ccf1df_6.0.19041.844_none_ca00b6081b84eb1d\COMCTL32.dll
0x00007ffa32e50000 - 0x00007ffa32e80000 	C:\WINDOWS\System32\IMM32.DLL
0x0000000069ec0000 - 0x0000000069f92000 	C:\Program Files\Android\Android Studio\jre\jre\bin\msvcr100.dll
0x00000000692b0000 - 0x0000000069afb000 	C:\Program Files\Android\Android Studio\jre\jre\bin\server\jvm.dll
0x00007ffa32ca0000 - 0x00007ffa32ca8000 	C:\WINDOWS\System32\PSAPI.DLL
0x00007ffa26dd0000 - 0x00007ffa26dda000 	C:\WINDOWS\SYSTEM32\VERSION.dll
0x00007ffa26230000 - 0x00007ffa26257000 	C:\WINDOWS\SYSTEM32\WINMM.dll
0x00007ffa27e40000 - 0x00007ffa27e49000 	C:\WINDOWS\SYSTEM32\WSOCK32.dll
0x00007ffa32b90000 - 0x00007ffa32bfb000 	C:\WINDOWS\System32\WS2_32.dll
0x00007ffa2a260000 - 0x00007ffa2a26f000 	C:\Program Files\Android\Android Studio\jre\jre\bin\verify.dll
0x00007ffa19550000 - 0x00007ffa19579000 	C:\Program Files\Android\Android Studio\jre\jre\bin\java.dll
0x00007ffa1ced0000 - 0x00007ffa1cee6000 	C:\Program Files\Android\Android Studio\jre\jre\bin\zip.dll
0x00007ffa320d0000 - 0x00007ffa32812000 	C:\WINDOWS\System32\SHELL32.dll
0x00007ffa2f910000 - 0x00007ffa300a0000 	C:\WINDOWS\SYSTEM32\windows.storage.dll
0x00007ffa33070000 - 0x00007ffa333c5000 	C:\WINDOWS\System32\combase.dll
0x00007ffa31220000 - 0x00007ffa3124c000 	C:\WINDOWS\SYSTEM32\Wldp.dll
0x00007ffa32e80000 - 0x00007ffa32f2e000 	C:\WINDOWS\System32\SHCORE.dll
0x00007ffa33f70000 - 0x00007ffa33fc5000 	C:\WINDOWS\System32\shlwapi.dll
0x00007ffa316f0000 - 0x00007ffa3170f000 	C:\WINDOWS\SYSTEM32\profapi.dll
0x00007ffa19530000 - 0x00007ffa1954a000 	C:\Program Files\Android\Android Studio\jre\jre\bin\net.dll
0x00007ffa30fa0000 - 0x00007ffa3100a000 	C:\WINDOWS\system32\mswsock.dll
0x00007ffa19510000 - 0x00007ffa19523000 	C:\Program Files\Android\Android Studio\jre\jre\bin\nio.dll
0x00007ffa06780000 - 0x00007ffa067a7000 	C:\Users\user\.gradle\native\f6784746aeab05261644944871eae4fe03e0ef1612fff0a4a95f87b438bc6780\windows-amd64\native-platform.dll
0x00007ffa2a250000 - 0x00007ffa2a25d000 	C:\Program Files\Android\Android Studio\jre\jre\bin\management.dll
0x00007ffa31170000 - 0x00007ffa31188000 	C:\WINDOWS\SYSTEM32\CRYPTSP.dll
0x00007ffa308d0000 - 0x00007ffa30904000 	C:\WINDOWS\system32\rsaenh.dll
0x00007ffa317b0000 - 0x00007ffa317d7000 	C:\WINDOWS\System32\bcrypt.dll
0x00007ffa316b0000 - 0x00007ffa316de000 	C:\WINDOWS\SYSTEM32\USERENV.dll
0x00007ffa317e0000 - 0x00007ffa31860000 	C:\WINDOWS\System32\bcryptprimitives.dll
0x00007ffa31190000 - 0x00007ffa3119c000 	C:\WINDOWS\SYSTEM32\CRYPTBASE.dll
0x00007ffa30c40000 - 0x00007ffa30c7b000 	C:\WINDOWS\SYSTEM32\IPHLPAPI.DLL
0x00007ffa32c00000 - 0x00007ffa32c08000 	C:\WINDOWS\System32\NSI.dll
0x00007ffa288d0000 - 0x00007ffa288e7000 	C:\WINDOWS\SYSTEM32\dhcpcsvc6.DLL
0x00007ffa29c40000 - 0x00007ffa29c5d000 	C:\WINDOWS\SYSTEM32\dhcpcsvc.DLL
0x00007ffa30c90000 - 0x00007ffa30d5b000 	C:\WINDOWS\SYSTEM32\DNSAPI.dll
0x00007ffa29920000 - 0x00007ffa2992b000 	C:\WINDOWS\SYSTEM32\WINNSI.DLL
0x00007ffa138e0000 - 0x00007ffa138fe000 	C:\Users\user\AppData\Local\Temp\native-platform3019000912354456953dir\native-platform.dll
0x00007ffa30500000 - 0x00007ffa30533000 	C:\WINDOWS\SYSTEM32\ntmarta.dll
0x00007ffa1c4b0000 - 0x00007ffa1c694000 	C:\WINDOWS\SYSTEM32\dbghelp.dll

VM Arguments:
jvm_args: -Xmx2048m -Dfile.encoding=UTF-8 -Duser.country=TW -Duser.language=zh -Duser.variant 
java_command: org.gradle.launcher.daemon.bootstrap.GradleDaemon 6.5
java_class_path (initial): C:\Users\user\.gradle\wrapper\dists\gradle-6.5-bin\6nifqtx7604sqp1q6g8wikw7p\gradle-6.5\lib\gradle-launcher-6.5.jar
Launcher Type: SUN_STANDARD

Environment Variables:
PATH=C:\Program Files (x86)\Common Files\Oracle\Java\javapath;C:\WINDOWS\system32;C:\WINDOWS;C:\WINDOWS\System32\Wbem;C:\WINDOWS\System32\WindowsPowerShell\v1.0\;C:\WINDOWS\System32\OpenSSH\;C:\Program Files\dotnet\;C:\Program Files\Microsoft SQL Server\130\Tools\Binn\;C:\Program Files\Microsoft SQL Server\Client SDK\ODBC\170\Tools\Binn\;C:\Program Files\Git\cmd;C:\Users\user\AppData\Local\Microsoft\WindowsApps;C:\Users\user\.dotnet\tools;C:\Users\user\AppData\Local\Programs\Microsoft VS Code\bin
USERNAME=user
OS=Windows_NT
PROCESSOR_IDENTIFIER=Intel64 Family 6 Model 60 Stepping 3, GenuineIntel



---------------  S Y S T E M  ---------------

OS: Windows 10.0 , 64 bit Build 19041 (10.0.19041.804)

CPU:total 8 (initial active 8) (4 cores per cpu, 2 threads per core) family 6 model 60 stepping 3, cmov, cx8, fxsr, mmx, sse, sse2, sse3, ssse3, sse4.1, sse4.2, popcnt, avx, avx2, aes, clmul, erms, lzcnt, ht, tsc, tscinvbit, bmi1, bmi2

Memory: 4k page, physical 16614588k(3141800k free), swap 27100348k(9009284k free)

vm_info: OpenJDK 64-Bit Server VM (25.242-b01) for windows-amd64 JRE (1.8.0_242-release-1644-b01), built by "builder" with MS VC++ 10.0 (VS2010)

time: Sun May 30 09:48:54 2021
timezone: x_
elapsed time: 2436 seconds (0d 0h 40m 36s)

