#
# A fatal error has been detected by the Java Runtime Environment:
#
#  EXCEPTION_ACCESS_VIOLATION (0xc0000005) at pc=0x000000006fe8f93b, pid=16244, tid=0x0000000000002958
#
# JRE version: OpenJDK Runtime Environment (8.0_242-b01) (build 1.8.0_242-release-1644-b01)
# Java VM: OpenJDK 64-Bit Server VM (25.242-b01 mixed mode windows-amd64 compressed oops)
# Problematic frame:
# V  [jvm.dll+0xef93b]
#
# Failed to write core dump. Minidumps are not enabled by default on client versions of Windows
#
# If you would like to submit a bug report, please visit:
#   
#

---------------  T H R E A D  ---------------

Current thread (0x00000000033bf000):  GCTaskThread [stack: 0x0000000013420000,0x0000000013520000] [id=10584]

siginfo: ExceptionCode=0xc0000005, reading address 0x0000000000000070

Registers:
RAX=0x0000000013720000, RBX=0x000000008adf8d60, RCX=0x0000000000000003, RDX=0x0000000000000001
RSP=0x000000001351f9b0, RBP=0x00000000f34d24e8, RSI=0x0000000000000003, RDI=0x0000000003492700
R8 =0x0000000000000068, R9 =0x0000000000000003, R10=0x000000000000000c, R11=0x00000000000047b1
R12=0x00000000f34d2508, R13=0x0000000100addda8, R14=0x0000000100adddb8, R15=0x00000000f34d24c0
RIP=0x000000006fe8f93b, EFLAGS=0x0000000000010202

Top of Stack: (sp=0x000000001351f9b0)
0x000000001351f9b0:   00000000f34d2658 00000000f34d24d8
0x000000001351f9c0:   0000000000000003 0000000003492700
0x000000001351f9d0:   0000000000000000 00000000033bf960
0x000000001351f9e0:   00000000033adeb0 0000000000000005
0x000000001351f9f0:   00000000000047b0 0000000070169af0
0x000000001351fa00:   0000000019425dc8 0000000000000000
0x000000001351fa10:   0000000003492700 00000000703bc4d8
0x000000001351fa20:   00000000f6a94ab0 0000000003492700
0x000000001351fa30:   00000000f44539dc 000000000000000c
0x000000001351fa40:   00000000f6a94ab0 000000006feb5b41
0x000000001351fa50:   00000000184847a0 000002cc00000311
0x000000001351fa60:   00000000033bf000 00000000033adeb0
0x000000001351fa70:   00000000033bf970 00000000033bf960
0x000000001351fa80:   00000000703bc4d8 0000000000000005
0x000000001351fa90:   0000000020915500 0000000000000000
0x000000001351faa0:   0000000003492700 0000000070167370 

Instructions: (pc=0x000000006fe8f93b)
0x000000006fe8f91b:   6d 00 84 d2 74 16 44 8b 43 08 8b 0d 8d 5d 67 00
0x000000006fe8f92b:   49 d3 e0 4c 03 05 7b 5d 67 00 eb 04 4c 8b 43 08
0x000000006fe8f93b:   45 8b 48 08 45 85 c9 7e 0c 41 f6 c1 01 75 4b 41
0x000000006fe8f94b:   c1 f9 03 eb 57 79 43 84 d2 41 8b c9 b8 10 00 00 


Register to memory mapping:

RAX=0x0000000013720000 is an unknown value
RBX=0x000000008adf8d60 is pointing into object: 0x000000008adf8d50
com.android.tools.r8.code.k1 
 - klass: 'com/android/tools/r8/code/k1'
RCX=0x0000000000000003 is an unknown value
RDX=0x0000000000000001 is an unknown value
RSP=0x000000001351f9b0 is an unknown value
RBP=0x00000000f34d24e8 is an oop

[error occurred during error reporting (printing register info), id 0xc0000005]

Stack: [0x0000000013420000,0x0000000013520000],  sp=0x000000001351f9b0,  free space=1022k
Native frames: (J=compiled Java code, j=interpreted, Vv=VM code, C=native code)
V  [jvm.dll+0xef93b]
V  [jvm.dll+0x3c9af0]
V  [jvm.dll+0x3c7370]
V  [jvm.dll+0x3c482e]
V  [jvm.dll+0x27276a]
C  [msvcr100.dll+0x21d9f]
C  [msvcr100.dll+0x21e3b]
C  [KERNEL32.DLL+0x17034]
C  [ntdll.dll+0x52651]


---------------  P R O C E S S  ---------------

Java Threads: ( => current thread )
  0x000000002f692800 JavaThread "ForkJoinPool-12-worker-0" daemon [_thread_blocked, id=12804, stack(0x0000000039f80000,0x000000003a080000)]
  0x000000002f699800 JavaThread "ForkJoinPool-12-worker-7" daemon [_thread_blocked, id=10400, stack(0x0000000039e80000,0x0000000039f80000)]
  0x000000002f692000 JavaThread "ForkJoinPool-12-worker-6" daemon [_thread_blocked, id=11692, stack(0x0000000039d80000,0x0000000039e80000)]
  0x000000002f698800 JavaThread "ForkJoinPool-12-worker-5" daemon [_thread_blocked, id=14804, stack(0x0000000039c80000,0x0000000039d80000)]
  0x000000002f698000 JavaThread "ForkJoinPool-12-worker-4" daemon [_thread_blocked, id=15332, stack(0x0000000039b80000,0x0000000039c80000)]
  0x0000000023c69000 JavaThread "ForkJoinPool-12-worker-3" daemon [_thread_blocked, id=16888, stack(0x0000000039a80000,0x0000000039b80000)]
  0x0000000023c68000 JavaThread "ForkJoinPool-12-worker-2" daemon [_thread_blocked, id=8152, stack(0x0000000039640000,0x0000000039740000)]
  0x0000000023c5f000 JavaThread "ForkJoinPool-12-worker-1" daemon [_thread_blocked, id=10540, stack(0x0000000039540000,0x0000000039640000)]
  0x0000000023c66000 JavaThread "WorkerExecutor Queue Thread 9" [_thread_blocked, id=18248, stack(0x0000000039750000,0x0000000039850000)]
  0x0000000023c5d800 JavaThread "stdout" [_thread_in_native, id=11008, stack(0x0000000039440000,0x0000000039540000)]
  0x0000000023c61800 JavaThread "stderr" [_thread_in_native, id=1552, stack(0x0000000039340000,0x0000000039440000)]
  0x0000000023c60800 JavaThread "stdout" [_thread_in_native, id=16456, stack(0x0000000039240000,0x0000000039340000)]
  0x0000000023c64800 JavaThread "stderr" [_thread_in_native, id=19228, stack(0x0000000039140000,0x0000000039240000)]
  0x0000000023c63800 JavaThread "stdout" [_thread_in_native, id=12472, stack(0x0000000039040000,0x0000000039140000)]
  0x0000000023c5c000 JavaThread "stderr" [_thread_in_native, id=8324, stack(0x0000000038a80000,0x0000000038b80000)]
  0x0000000023c63000 JavaThread "stdout" [_thread_in_native, id=15364, stack(0x0000000038780000,0x0000000038880000)]
  0x0000000023c5e800 JavaThread "stderr" [_thread_in_native, id=8060, stack(0x0000000038680000,0x0000000038780000)]
  0x0000000023c5d000 JavaThread "stdout" [_thread_in_native, id=10356, stack(0x0000000038580000,0x0000000038680000)]
  0x0000000023c60000 JavaThread "stderr" [_thread_in_native, id=17696, stack(0x0000000036df0000,0x0000000036ef0000)]
  0x0000000023c5b800 JavaThread "WorkerExecutor Queue Thread 8" [_thread_blocked, id=8708, stack(0x0000000036cf0000,0x0000000036df0000)]
  0x0000000023c5a000 JavaThread "stdout" [_thread_in_native, id=6776, stack(0x00000000368f0000,0x00000000369f0000)]
  0x0000000023c59000 JavaThread "stderr" [_thread_in_native, id=12852, stack(0x00000000367f0000,0x00000000368f0000)]
  0x0000000023c55800 JavaThread "stdout" [_thread_in_native, id=17044, stack(0x00000000364f0000,0x00000000365f0000)]
  0x0000000023c57800 JavaThread "stderr" [_thread_in_native, id=15812, stack(0x00000000363f0000,0x00000000364f0000)]
  0x0000000023c54800 JavaThread "stdout" [_thread_in_native, id=9516, stack(0x00000000355f0000,0x00000000356f0000)]
  0x0000000023c5a800 JavaThread "stderr" [_thread_in_native, id=6972, stack(0x00000000351f0000,0x00000000352f0000)]
  0x0000000023c56000 JavaThread "pool-13-thread-1" [_thread_blocked, id=19012, stack(0x0000000033ce0000,0x0000000033de0000)]
  0x0000000023c4d000 JavaThread "WorkerExecutor Queue Thread 4" [_thread_blocked, id=6792, stack(0x0000000033be0000,0x0000000033ce0000)]
  0x0000000023c51000 JavaThread "WorkerExecutor Queue" [_thread_blocked, id=15148, stack(0x00000000338e0000,0x00000000339e0000)]
  0x0000000023c50000 JavaThread "Cache worker for execution history cache (E:\AppWorks-School\PersonalProject\.gradle\6.5\executionHistory)" [_thread_blocked, id=7076, stack(0x00000000316b0000,0x00000000317b0000)]
  0x0000000023c4f800 JavaThread "Execution worker for ':' Thread 7" [_thread_blocked, id=10588, stack(0x00000000315b0000,0x00000000316b0000)]
  0x0000000023c4e000 JavaThread "Execution worker for ':' Thread 6" [_thread_blocked, id=19016, stack(0x0000000030c30000,0x0000000030d30000)]
  0x000000001c067000 JavaThread "Execution worker for ':' Thread 5" [_thread_blocked, id=18492, stack(0x0000000030710000,0x0000000030810000)]
  0x000000001c066000 JavaThread "Execution worker for ':' Thread 4" [_thread_blocked, id=7004, stack(0x0000000030310000,0x0000000030410000)]
  0x000000001c065000 JavaThread "Execution worker for ':' Thread 3" [_thread_blocked, id=16372, stack(0x0000000030210000,0x0000000030310000)]
  0x000000001c064800 JavaThread "Execution worker for ':' Thread 2" [_thread_blocked, id=14760, stack(0x0000000030110000,0x0000000030210000)]
  0x000000001c068800 JavaThread "Execution worker for ':'" [_thread_blocked, id=2284, stack(0x0000000030010000,0x0000000030110000)]
  0x000000001c067800 JavaThread "Cache worker for file content cache (E:\AppWorks-School\PersonalProject\.gradle\6.5\fileContent)" [_thread_blocked, id=16212, stack(0x000000002ff10000,0x0000000030010000)]
  0x000000001c05d000 JavaThread "pool-12-thread-1" [_thread_blocked, id=9336, stack(0x000000002e770000,0x000000002e870000)]
  0x000000001c063800 JavaThread "Cache worker for Build Output Cleanup Cache (E:\AppWorks-School\PersonalProject\.gradle\buildOutputCleanup)" [_thread_blocked, id=10380, stack(0x000000002d170000,0x000000002d270000)]
  0x000000001c05c000 JavaThread "Build operations Thread 8" [_thread_blocked, id=6880, stack(0x000000002d070000,0x000000002d170000)]
  0x000000001c060800 JavaThread "Build operations Thread 7" [_thread_blocked, id=12512, stack(0x000000002cf70000,0x000000002d070000)]
  0x000000001c05b800 JavaThread "Build operations Thread 6" [_thread_blocked, id=17416, stack(0x0000000024bd0000,0x0000000024cd0000)]
  0x000000001c060000 JavaThread "Build operations Thread 5" [_thread_blocked, id=3172, stack(0x0000000024ad0000,0x0000000024bd0000)]
  0x000000001c05f000 JavaThread "Build operations Thread 4" [_thread_blocked, id=15160, stack(0x00000000249d0000,0x0000000024ad0000)]
  0x000000001c056000 JavaThread "Build operations Thread 3" [_thread_blocked, id=7848, stack(0x00000000248d0000,0x00000000249d0000)]
  0x000000001c059000 JavaThread "Build operations Thread 2" [_thread_blocked, id=10332, stack(0x00000000247d0000,0x00000000248d0000)]
  0x000000001c05a800 JavaThread "Build operations" [_thread_blocked, id=11796, stack(0x00000000246d0000,0x00000000247d0000)]
  0x000000001c051000 JavaThread "Cache worker for cache directory md-rule (C:\Users\user\.gradle\caches\6.5\md-rule)" [_thread_blocked, id=12944, stack(0x00000000228d0000,0x00000000229d0000)]
  0x000000001c049800 JavaThread "Cache worker for cache directory md-supplier (C:\Users\user\.gradle\caches\6.5\md-supplier)" [_thread_blocked, id=2588, stack(0x00000000227d0000,0x00000000228d0000)]
  0x000000001c050000 JavaThread "Cache worker for checksums cache (E:\AppWorks-School\PersonalProject\.gradle\checksums)" [_thread_blocked, id=1080, stack(0x00000000225d0000,0x00000000226d0000)]
  0x000000001c04a000 JavaThread "Cache worker for file hash cache (E:\AppWorks-School\PersonalProject\.gradle\6.5\fileHashes)" [_thread_blocked, id=13316, stack(0x000000001e860000,0x000000001e960000)]
  0x000000001c04f800 JavaThread "Thread-569" [_thread_blocked, id=11096, stack(0x000000001e760000,0x000000001e860000)]
  0x000000001c04e800 JavaThread "Stdin handler" [_thread_blocked, id=12256, stack(0x000000001e660000,0x000000001e760000)]
  0x000000001c04c800 JavaThread "Asynchronous log dispatcher for DefaultDaemonConnection: socket connection from /127.0.0.1:52588 to /127.0.0.1:61694" [_thread_blocked, id=18172, stack(0x000000001e560000,0x000000001e660000)]
  0x000000001c04e000 JavaThread "Cancel handler" [_thread_blocked, id=12928, stack(0x000000001e260000,0x000000001e360000)]
  0x000000001c04b800 JavaThread "Handler for socket connection from /127.0.0.1:52588 to /127.0.0.1:61694" [_thread_in_native, id=18992, stack(0x000000001dcb0000,0x000000001ddb0000)]
  0x000000001c063000 JavaThread "RMI TCP Connection(idle)" daemon [_thread_blocked, id=16908, stack(0x00000000321e0000,0x00000000322e0000)]
  0x000000001c04d000 JavaThread "RMI TCP Connection(6)-127.0.0.1" daemon [_thread_in_native, id=18664, stack(0x00000000354f0000,0x00000000355f0000)]
  0x000000001c054000 JavaThread "RMI Reaper" [_thread_blocked, id=14456, stack(0x0000000034ff0000,0x00000000350f0000)]
  0x000000001c053000 JavaThread "RMI TCP Accept-0" daemon [_thread_in_native, id=288, stack(0x0000000033ae0000,0x0000000033be0000)]
  0x000000001c05a000 JavaThread "GC Daemon" daemon [_thread_blocked, id=8044, stack(0x0000000031de0000,0x0000000031ee0000)]
  0x000000001c054800 JavaThread "RMI Scheduler(0)" daemon [_thread_blocked, id=6480, stack(0x0000000030410000,0x0000000030510000)]
  0x000000002f697000 JavaThread "jar transforms Thread 372" [_thread_blocked, id=7772, stack(0x000000002ce70000,0x000000002cf70000)]
  0x000000002f695800 JavaThread "jar transforms Thread 371" [_thread_blocked, id=5992, stack(0x000000002cd70000,0x000000002ce70000)]
  0x000000002f695000 JavaThread "jar transforms Thread 370" [_thread_blocked, id=8480, stack(0x000000002cc70000,0x000000002cd70000)]
  0x000000002f696800 JavaThread "jar transforms Thread 369" [_thread_blocked, id=18568, stack(0x000000002cb70000,0x000000002cc70000)]
  0x000000001cedc000 JavaThread "jar transforms Thread 368" [_thread_blocked, id=18796, stack(0x000000002ca70000,0x000000002cb70000)]
  0x000000001ceda800 JavaThread "jar transforms Thread 367" [_thread_blocked, id=17676, stack(0x000000002c800000,0x000000002c900000)]
  0x000000001ced9800 JavaThread "jar transforms Thread 366" [_thread_blocked, id=14892, stack(0x000000002c700000,0x000000002c800000)]
  0x000000001cedf000 JavaThread "jar transforms Thread 365" [_thread_blocked, id=12108, stack(0x000000002c600000,0x000000002c700000)]
  0x000000001cedb000 JavaThread "jar transforms Thread 364" [_thread_blocked, id=11772, stack(0x000000002c500000,0x000000002c600000)]
  0x000000001d6d1800 JavaThread "jar transforms Thread 363" [_thread_blocked, id=13260, stack(0x000000002c400000,0x000000002c500000)]
  0x000000001d6d0800 JavaThread "jar transforms Thread 362" [_thread_blocked, id=19392, stack(0x000000002c300000,0x000000002c400000)]
  0x000000001d6d0000 JavaThread "jar transforms Thread 361" [_thread_blocked, id=17296, stack(0x000000002c200000,0x000000002c300000)]
  0x000000001d6cf000 JavaThread "jar transforms Thread 360" [_thread_blocked, id=9580, stack(0x000000002c100000,0x000000002c200000)]
  0x000000001d6d3800 JavaThread "jar transforms Thread 359" [_thread_blocked, id=16252, stack(0x000000002c000000,0x000000002c100000)]
  0x000000001d6d3000 JavaThread "jar transforms Thread 358" [_thread_blocked, id=15660, stack(0x000000002bf00000,0x000000002c000000)]
  0x000000001d6d5000 JavaThread "jar transforms Thread 357" [_thread_blocked, id=8972, stack(0x000000002be00000,0x000000002bf00000)]
  0x000000001d6d4800 JavaThread "jar transforms Thread 356" [_thread_blocked, id=17576, stack(0x000000002bd00000,0x000000002be00000)]
  0x000000001d6c7800 JavaThread "jar transforms Thread 355" [_thread_blocked, id=3108, stack(0x000000002bc00000,0x000000002bd00000)]
  0x000000001d6ce800 JavaThread "jar transforms Thread 354" [_thread_blocked, id=6484, stack(0x000000002bb00000,0x000000002bc00000)]
  0x000000001d6c7000 JavaThread "jar transforms Thread 353" [_thread_blocked, id=17212, stack(0x000000002ba00000,0x000000002bb00000)]
  0x000000001d6ca800 JavaThread "jar transforms Thread 352" [_thread_blocked, id=17188, stack(0x000000002b900000,0x000000002ba00000)]
  0x000000001d6cd800 JavaThread "jar transforms Thread 351" [_thread_blocked, id=7928, stack(0x000000002b800000,0x000000002b900000)]
  0x000000001d6c6000 JavaThread "jar transforms Thread 350" [_thread_blocked, id=4056, stack(0x000000002b700000,0x000000002b800000)]
  0x000000001d6cc000 JavaThread "jar transforms Thread 349" [_thread_blocked, id=12932, stack(0x000000002b600000,0x000000002b700000)]
  0x000000001d6c8800 JavaThread "jar transforms Thread 348" [_thread_blocked, id=11352, stack(0x000000002b500000,0x000000002b600000)]
  0x000000001d6ca000 JavaThread "jar transforms Thread 347" [_thread_blocked, id=5184, stack(0x000000002b400000,0x000000002b500000)]
  0x000000001d5c6000 JavaThread "jar transforms Thread 346" [_thread_blocked, id=9304, stack(0x000000002b300000,0x000000002b400000)]
  0x000000001d5c5800 JavaThread "jar transforms Thread 345" [_thread_blocked, id=16760, stack(0x000000002b200000,0x000000002b300000)]
  0x000000001d5c4000 JavaThread "jar transforms Thread 344" [_thread_blocked, id=3084, stack(0x000000002b100000,0x000000002b200000)]
  0x000000001d5c4800 JavaThread "jar transforms Thread 343" [_thread_blocked, id=12492, stack(0x000000002b000000,0x000000002b100000)]
  0x000000001d5c3000 JavaThread "jar transforms Thread 342" [_thread_blocked, id=15324, stack(0x000000002af00000,0x000000002b000000)]
  0x000000001d5bb800 JavaThread "jar transforms Thread 341" [_thread_blocked, id=9152, stack(0x000000002ae00000,0x000000002af00000)]
  0x000000001d5c2800 JavaThread "jar transforms Thread 340" [_thread_blocked, id=14300, stack(0x000000002ad00000,0x000000002ae00000)]
  0x000000001d5c1800 JavaThread "jar transforms Thread 339" [_thread_blocked, id=19292, stack(0x000000002ac00000,0x000000002ad00000)]
  0x000000001d5c1000 JavaThread "jar transforms Thread 338" [_thread_blocked, id=6928, stack(0x000000002ab00000,0x000000002ac00000)]
  0x000000001d5ba000 JavaThread "jar transforms Thread 337" [_thread_blocked, id=5336, stack(0x000000002aa00000,0x000000002ab00000)]
  0x000000001d5c0000 JavaThread "jar transforms Thread 336" [_thread_blocked, id=1596, stack(0x000000002a900000,0x000000002aa00000)]
  0x000000001d5b8800 JavaThread "jar transforms Thread 335" [_thread_blocked, id=11004, stack(0x000000002a800000,0x000000002a900000)]
  0x000000001d5be800 JavaThread "jar transforms Thread 334" [_thread_blocked, id=18412, stack(0x000000002a700000,0x000000002a800000)]
  0x000000001d5bf800 JavaThread "jar transforms Thread 333" [_thread_blocked, id=18156, stack(0x000000002a600000,0x000000002a700000)]
  0x000000001d5bb000 JavaThread "jar transforms Thread 332" [_thread_blocked, id=12036, stack(0x000000002a500000,0x000000002a600000)]
  0x000000001d5bd000 JavaThread "jar transforms Thread 331" [_thread_blocked, id=10836, stack(0x000000002a400000,0x000000002a500000)]
  0x000000001d5b8000 JavaThread "jar transforms Thread 330" [_thread_blocked, id=7160, stack(0x000000002a300000,0x000000002a400000)]
  0x0000000021dea800 JavaThread "jar transforms Thread 329" [_thread_blocked, id=14104, stack(0x000000002a200000,0x000000002a300000)]
  0x0000000021de5000 JavaThread "jar transforms Thread 328" [_thread_blocked, id=19384, stack(0x000000002a100000,0x000000002a200000)]
  0x0000000021de4800 JavaThread "jar transforms Thread 327" [_thread_blocked, id=9068, stack(0x000000002a000000,0x000000002a100000)]
  0x0000000021de9000 JavaThread "jar transforms Thread 326" [_thread_blocked, id=17236, stack(0x0000000029f00000,0x000000002a000000)]
  0x0000000021de3800 JavaThread "jar transforms Thread 325" [_thread_blocked, id=18740, stack(0x0000000029e00000,0x0000000029f00000)]
  0x0000000021de3000 JavaThread "jar transforms Thread 324" [_thread_blocked, id=14092, stack(0x0000000029d00000,0x0000000029e00000)]
  0x0000000021de6800 JavaThread "jar transforms Thread 323" [_thread_blocked, id=3584, stack(0x0000000029c00000,0x0000000029d00000)]
  0x0000000021de7800 JavaThread "jar transforms Thread 322" [_thread_blocked, id=7180, stack(0x0000000029b00000,0x0000000029c00000)]
  0x0000000021de6000 JavaThread "jar transforms Thread 321" [_thread_blocked, id=6292, stack(0x0000000029a00000,0x0000000029b00000)]
  0x0000000021de8000 JavaThread "jar transforms Thread 320" [_thread_blocked, id=11856, stack(0x0000000029900000,0x0000000029a00000)]
  0x0000000021de9800 JavaThread "jar transforms Thread 319" [_thread_blocked, id=704, stack(0x0000000029800000,0x0000000029900000)]
  0x0000000021ddb000 JavaThread "jar transforms Thread 318" [_thread_blocked, id=6216, stack(0x0000000029700000,0x0000000029800000)]
  0x0000000021dde800 JavaThread "jar transforms Thread 317" [_thread_blocked, id=9944, stack(0x0000000029600000,0x0000000029700000)]
  0x0000000021de2000 JavaThread "jar transforms Thread 316" [_thread_blocked, id=7444, stack(0x0000000029500000,0x0000000029600000)]
  0x0000000021de1800 JavaThread "jar transforms Thread 315" [_thread_blocked, id=19076, stack(0x0000000029400000,0x0000000029500000)]
  0x0000000021de0800 JavaThread "jar transforms Thread 314" [_thread_blocked, id=18464, stack(0x0000000029300000,0x0000000029400000)]
  0x0000000021de0000 JavaThread "jar transforms Thread 313" [_thread_blocked, id=4116, stack(0x0000000029200000,0x0000000029300000)]
  0x0000000021ddd800 JavaThread "jar transforms Thread 312" [_thread_blocked, id=1776, stack(0x0000000029100000,0x0000000029200000)]
  0x0000000021ddf000 JavaThread "jar transforms Thread 311" [_thread_blocked, id=5620, stack(0x0000000029000000,0x0000000029100000)]
  0x0000000021ddd000 JavaThread "jar transforms Thread 310" [_thread_blocked, id=8532, stack(0x0000000028f00000,0x0000000029000000)]
  0x0000000020f9d800 JavaThread "jar transforms Thread 309" [_thread_blocked, id=1312, stack(0x0000000028e00000,0x0000000028f00000)]
  0x0000000020f9c800 JavaThread "jar transforms Thread 308" [_thread_blocked, id=7992, stack(0x0000000028d00000,0x0000000028e00000)]
  0x0000000020f9c000 JavaThread "jar transforms Thread 307" [_thread_blocked, id=3396, stack(0x0000000028c00000,0x0000000028d00000)]
  0x0000000020f9b000 JavaThread "jar transforms Thread 306" [_thread_blocked, id=15492, stack(0x0000000028b00000,0x0000000028c00000)]
  0x0000000020f9a800 JavaThread "jar transforms Thread 305" [_thread_blocked, id=9352, stack(0x0000000028a00000,0x0000000028b00000)]
  0x0000000020f92800 JavaThread "jar transforms Thread 304" [_thread_blocked, id=14296, stack(0x0000000028900000,0x0000000028a00000)]
  0x0000000020f99800 JavaThread "jar transforms Thread 303" [_thread_blocked, id=11656, stack(0x0000000028800000,0x0000000028900000)]
  0x0000000020f99000 JavaThread "jar transforms Thread 302" [_thread_blocked, id=10820, stack(0x0000000028700000,0x0000000028800000)]
  0x0000000020f98000 JavaThread "jar transforms Thread 301" [_thread_blocked, id=19396, stack(0x0000000028600000,0x0000000028700000)]
  0x0000000020f90800 JavaThread "jar transforms Thread 300" [_thread_blocked, id=3588, stack(0x0000000028500000,0x0000000028600000)]
  0x0000000020f97800 JavaThread "jar transforms Thread 299" [_thread_blocked, id=13624, stack(0x0000000028400000,0x0000000028500000)]
  0x0000000020f8f800 JavaThread "jar transforms Thread 298" [_thread_blocked, id=15508, stack(0x0000000028300000,0x0000000028400000)]
  0x0000000020f96800 JavaThread "jar transforms Thread 297" [_thread_blocked, id=8308, stack(0x0000000028200000,0x0000000028300000)]
  0x0000000020f91000 JavaThread "jar transforms Thread 296" [_thread_blocked, id=10376, stack(0x0000000028100000,0x0000000028200000)]
  0x0000000020f8f000 JavaThread "jar transforms Thread 295" [_thread_blocked, id=14032, stack(0x0000000028000000,0x0000000028100000)]
  0x0000000020f8e000 JavaThread "jar transforms Thread 294" [_thread_blocked, id=11396, stack(0x0000000027f00000,0x0000000028000000)]
  0x0000000020f95000 JavaThread "jar transforms Thread 293" [_thread_blocked, id=12904, stack(0x0000000027e00000,0x0000000027f00000)]
  0x0000000020f92000 JavaThread "jar transforms Thread 292" [_thread_blocked, id=18236, stack(0x0000000027d00000,0x0000000027e00000)]
  0x0000000020f94000 JavaThread "jar transforms Thread 291" [_thread_blocked, id=18212, stack(0x0000000027c00000,0x0000000027d00000)]
  0x0000000020f93800 JavaThread "jar transforms Thread 290" [_thread_blocked, id=14444, stack(0x0000000027b00000,0x0000000027c00000)]
  0x000000001ff7d000 JavaThread "jar transforms Thread 289" [_thread_blocked, id=15328, stack(0x0000000027a00000,0x0000000027b00000)]
  0x000000001ff7c000 JavaThread "jar transforms Thread 288" [_thread_blocked, id=5260, stack(0x0000000027900000,0x0000000027a00000)]
  0x000000001ff83000 JavaThread "jar transforms Thread 287" [_thread_blocked, id=9136, stack(0x0000000027800000,0x0000000027900000)]
  0x000000001ff7b800 JavaThread "jar transforms Thread 286" [_thread_blocked, id=17948, stack(0x0000000027700000,0x0000000027800000)]
  0x000000001ff82000 JavaThread "jar transforms Thread 285" [_thread_blocked, id=18376, stack(0x0000000027600000,0x0000000027700000)]
  0x000000001ff80800 JavaThread "jar transforms Thread 284" [_thread_blocked, id=14636, stack(0x0000000027500000,0x0000000027600000)]
  0x000000001ff81800 JavaThread "jar transforms Thread 283" [_thread_blocked, id=15952, stack(0x0000000027400000,0x0000000027500000)]
  0x000000001ff80000 JavaThread "jar transforms Thread 282" [_thread_blocked, id=3180, stack(0x0000000027300000,0x0000000027400000)]
  0x000000001ff7d800 JavaThread "jar transforms Thread 281" [_thread_blocked, id=16472, stack(0x0000000027200000,0x0000000027300000)]
  0x000000001ff7a000 JavaThread "jar transforms Thread 280" [_thread_blocked, id=10048, stack(0x0000000027100000,0x0000000027200000)]
  0x000000001ff7f000 JavaThread "jar transforms Thread 279" [_thread_blocked, id=8416, stack(0x0000000027000000,0x0000000027100000)]
  0x000000001ff7e800 JavaThread "jar transforms Thread 278" [_thread_blocked, id=8788, stack(0x0000000026f00000,0x0000000027000000)]
  0x000000001ff74000 JavaThread "jar transforms Thread 277" [_thread_blocked, id=1668, stack(0x0000000026e00000,0x0000000026f00000)]
  0x000000001ff78800 JavaThread "jar transforms Thread 276" [_thread_blocked, id=6536, stack(0x0000000026d00000,0x0000000026e00000)]
  0x000000001ff77800 JavaThread "jar transforms Thread 275" [_thread_blocked, id=15868, stack(0x0000000026c00000,0x0000000026d00000)]
  0x000000001ff77000 JavaThread "jar transforms Thread 274" [_thread_blocked, id=9732, stack(0x0000000026b00000,0x0000000026c00000)]
  0x000000001ff7a800 JavaThread "jar transforms Thread 273" [_thread_blocked, id=5828, stack(0x00000000265d0000,0x00000000266d0000)]
  0x000000001ff75800 JavaThread "jar transforms Thread 272" [_thread_blocked, id=7176, stack(0x00000000264d0000,0x00000000265d0000)]
  0x000000001ff74800 JavaThread "jar transforms Thread 271" [_thread_blocked, id=19164, stack(0x00000000263d0000,0x00000000264d0000)]
  0x000000001ff79000 JavaThread "jar transforms Thread 270" [_thread_blocked, id=17872, stack(0x00000000262d0000,0x00000000263d0000)]
  0x000000001a5fc000 JavaThread "jar transforms Thread 269" [_thread_blocked, id=16912, stack(0x00000000261d0000,0x00000000262d0000)]
  0x000000001a5fb800 JavaThread "jar transforms Thread 268" [_thread_blocked, id=6612, stack(0x00000000260d0000,0x00000000261d0000)]
  0x000000001a5fa000 JavaThread "jar transforms Thread 267" [_thread_blocked, id=11360, stack(0x0000000025fd0000,0x00000000260d0000)]
  0x000000001a5f9000 JavaThread "jar transforms Thread 266" [_thread_blocked, id=3040, stack(0x0000000025ed0000,0x0000000025fd0000)]
  0x000000001a5fa800 JavaThread "jar transforms Thread 265" [_thread_blocked, id=18288, stack(0x0000000025dd0000,0x0000000025ed0000)]
  0x000000001a5f8800 JavaThread "jar transforms Thread 264" [_thread_blocked, id=14612, stack(0x0000000025cd0000,0x0000000025dd0000)]
  0x000000001a5fd800 JavaThread "jar transforms Thread 263" [_thread_blocked, id=4624, stack(0x0000000025bd0000,0x0000000025cd0000)]
  0x000000001a5fd000 JavaThread "jar transforms Thread 262" [_thread_blocked, id=6392, stack(0x0000000025ad0000,0x0000000025bd0000)]
  0x000000001a5fe800 JavaThread "jar transforms Thread 261" [_thread_blocked, id=16660, stack(0x00000000259d0000,0x0000000025ad0000)]
  0x000000001a5f1000 JavaThread "jar transforms Thread 260" [_thread_blocked, id=15200, stack(0x00000000258d0000,0x00000000259d0000)]
  0x000000001a5f7800 JavaThread "jar transforms Thread 259" [_thread_blocked, id=7868, stack(0x00000000257d0000,0x00000000258d0000)]
  0x000000001a5f7000 JavaThread "jar transforms Thread 258" [_thread_blocked, id=6408, stack(0x00000000256d0000,0x00000000257d0000)]
  0x000000001a5f6000 JavaThread "jar transforms Thread 257" [_thread_blocked, id=1688, stack(0x00000000255d0000,0x00000000256d0000)]
  0x000000001a5f5800 JavaThread "jar transforms Thread 256" [_thread_blocked, id=7140, stack(0x00000000254d0000,0x00000000255d0000)]
  0x000000001a5f4800 JavaThread "jar transforms Thread 255" [_thread_blocked, id=2632, stack(0x00000000253d0000,0x00000000254d0000)]
  0x000000001a5f4000 JavaThread "jar transforms Thread 254" [_thread_blocked, id=7240, stack(0x00000000252d0000,0x00000000253d0000)]
  0x000000001a5f2800 JavaThread "jar transforms Thread 253" [_thread_blocked, id=4276, stack(0x00000000251d0000,0x00000000252d0000)]
  0x000000001a5f3000 JavaThread "jar transforms Thread 252" [_thread_blocked, id=6108, stack(0x00000000250d0000,0x00000000251d0000)]
  0x000000001a5f0000 JavaThread "jar transforms Thread 251" [_thread_blocked, id=6048, stack(0x0000000024fd0000,0x00000000250d0000)]
  0x000000001a5ee800 JavaThread "jar transforms Thread 250" [_thread_blocked, id=9448, stack(0x0000000024dd0000,0x0000000024ed0000)]
  0x000000001a5eb000 JavaThread "jar transforms Thread 249" [_thread_blocked, id=10128, stack(0x0000000024cd0000,0x0000000024dd0000)]
  0x000000001a5df800 JavaThread "Daemon worker Thread 3" [_thread_blocked, id=12608, stack(0x000000001dbb0000,0x000000001dcb0000)]
  0x000000001a5e4000 JavaThread "Daemon Thread 3" [_thread_blocked, id=8320, stack(0x0000000001380000,0x0000000001480000)]
  0x0000000020f95800 JavaThread "Memory manager" [_thread_blocked, id=8864, stack(0x000000002e270000,0x000000002e370000)]
  0x000000001cedc800 JavaThread "Cache worker for file content cache (C:\Users\user\.gradle\caches\6.5\fileContent)" [_thread_blocked, id=1976, stack(0x0000000023000000,0x0000000023100000)]
  0x000000001cedf800 JavaThread "Cache worker for execution history cache (C:\Users\user\.gradle\caches\6.5\executionHistory)" [_thread_blocked, id=11272, stack(0x00000000226d0000,0x00000000227d0000)]
  0x000000001cede000 JavaThread "Cache worker for file hash cache (C:\Users\user\.gradle\caches\6.5\fileHashes)" [_thread_blocked, id=5592, stack(0x000000001ed60000,0x000000001ee60000)]
  0x000000001cedd800 JavaThread "File lock request listener" [_thread_in_native, id=4632, stack(0x000000001ec60000,0x000000001ed60000)]
  0x000000001d05d000 JavaThread "Cache worker for journal cache (C:\Users\user\.gradle\caches\journal-1)" [_thread_blocked, id=6844, stack(0x000000001eb60000,0x000000001ec60000)]
  0x000000001cd6c000 JavaThread "Daemon periodic checks" [_thread_blocked, id=9188, stack(0x000000001df60000,0x000000001e060000)]
  0x000000001cd6a800 JavaThread "Incoming local TCP Connector on port 52588" [_thread_in_native, id=14960, stack(0x000000001ddb0000,0x000000001deb0000)]
  0x000000001cc5e000 JavaThread "Daemon health stats" [_thread_blocked, id=12868, stack(0x000000001da90000,0x000000001db90000)]
  0x000000001a411800 JavaThread "Service Thread" daemon [_thread_blocked, id=9452, stack(0x000000001aef0000,0x000000001aff0000)]
  0x000000001a3bb000 JavaThread "C1 CompilerThread3" daemon [_thread_blocked, id=11024, stack(0x000000001adf0000,0x000000001aef0000)]
  0x000000001a384000 JavaThread "C2 CompilerThread2" daemon [_thread_blocked, id=17652, stack(0x000000001acf0000,0x000000001adf0000)]
  0x000000001a37e000 JavaThread "C2 CompilerThread1" daemon [_thread_blocked, id=11112, stack(0x000000001abf0000,0x000000001acf0000)]
  0x000000001a37c800 JavaThread "C2 CompilerThread0" daemon [_thread_blocked, id=7228, stack(0x000000001aaf0000,0x000000001abf0000)]
  0x000000001a37b800 JavaThread "Attach Listener" daemon [_thread_blocked, id=10504, stack(0x000000001a9f0000,0x000000001aaf0000)]
  0x000000001a329000 JavaThread "Signal Dispatcher" daemon [_thread_blocked, id=13344, stack(0x000000001a8f0000,0x000000001a9f0000)]
  0x0000000018512800 JavaThread "Finalizer" daemon [_thread_blocked, id=7220, stack(0x000000001a7f0000,0x000000001a8f0000)]
  0x000000001850b800 JavaThread "Reference Handler" daemon [_thread_blocked, id=8548, stack(0x000000001a6f0000,0x000000001a7f0000)]
  0x000000000339d800 JavaThread "main" [_thread_blocked, id=12152, stack(0x0000000003290000,0x0000000003390000)]

Other Threads:
  0x0000000018508000 VMThread [stack: 0x000000001a1f0000,0x000000001a2f0000] [id=10236]
  0x000000001a412000 WatcherThread [stack: 0x000000001aff0000,0x000000001b0f0000] [id=13220]

=>0x00000000033bf000 (exited) GCTaskThread [stack: 0x0000000013420000,0x0000000013520000] [id=10584]

VM state:at safepoint (normal execution)

VM Mutex/Monitor currently owned by a thread:  ([mutex/lock_event])
[0x000000000339d040] Threads_lock - owner thread: 0x0000000018508000
[0x000000000339cec0] Heap_lock - owner thread: 0x0000000023c4d000

heap address: 0x0000000080000000, size: 2048 MB, Compressed Oops mode: 32-bit
Narrow klass base: 0x0000000000000000, Narrow klass shift: 3
Compressed class space size: 1073741824 Address: 0x0000000100000000

Heap:
 PSYoungGen      total 452608K, used 129294K [0x00000000d5580000, 0x0000000100000000, 0x0000000100000000)
  eden space 235008K, 0% used [0x00000000d5580000,0x00000000d5580000,0x00000000e3b00000)
  from space 217600K, 59% used [0x00000000f2b80000,0x00000000fa9c3b90,0x0000000100000000)
  to   space 231936K, 0% used [0x00000000e3b00000,0x00000000e3b00000,0x00000000f1d80000)
 ParOldGen       total 772608K, used 670065K [0x0000000080000000, 0x00000000af280000, 0x00000000d5580000)
  object space 772608K, 86% used [0x0000000080000000,0x00000000a8e5c768,0x00000000af280000)
 Metaspace       used 136474K, capacity 143566K, committed 143832K, reserved 1175552K
  class space    used 16643K, capacity 18064K, committed 18176K, reserved 1048576K

Card table byte_map: [0x0000000012860000,0x0000000012c70000] byte_map_base: 0x0000000012460000

Marking Bits: (ParMarkBitMap*) 0x000000007056f030
 Begin Bits: [0x0000000013720000, 0x0000000015720000)
 End Bits:   [0x0000000015720000, 0x0000000017720000)

Polling page: 0x0000000001810000

CodeCache: size=245760Kb used=94642Kb max_used=94734Kb free=151117Kb
 bounds [0x00000000034a0000, 0x00000000091b0000, 0x00000000124a0000]
 total_blobs=26595 nmethods=25665 adapters=839
 compilation: enabled

Compilation events (10 events):
Event: 2185.067 Thread 0x000000001a37e000 35081   !   4       com.android.tools.r8.dex.r::c (2729 bytes)
Event: 2185.112 Thread 0x000000001a3bb000 35085       1       com.android.tools.r8.code.w0::D (2 bytes)
Event: 2185.113 Thread 0x000000001a3bb000 nmethod 35085 0x0000000004d7f1d0 code [0x0000000004d7f320, 0x0000000004d7f430]
Event: 2185.138 Thread 0x000000001a3bb000 35086       3       com.android.tools.r8.dex.b::a (138 bytes)
Event: 2185.141 Thread 0x000000001a3bb000 nmethod 35086 0x0000000004df1a10 code [0x0000000004df1d60, 0x0000000004df3848]
Event: 2185.160 Thread 0x000000001a3bb000 35090       3       com.android.tools.r8.t.a.a.a.f.X$f::<init> (39 bytes)
Event: 2185.160 Thread 0x000000001a3bb000 nmethod 35090 0x0000000004c4f9d0 code [0x0000000004c4fb40, 0x0000000004c4fd30]
Event: 2185.177 Thread 0x000000001a3bb000 35092       2       com.android.ide.common.symbols.Symbol$StyleableSymbol::getResourceType (4 bytes)
Event: 2185.177 Thread 0x000000001a3bb000 nmethod 35092 0x00000000040e7d90 code [0x00000000040e7ee0, 0x00000000040e8030]
Event: 2185.194 Thread 0x000000001a37c800 nmethod 35073 0x00000000091a4010 code [0x00000000091a42a0, 0x00000000091a5fd8]

GC Heap History (10 events):
Event: 2181.350 GC heap after
Heap after GC invocations=54 (full 6):
 PSYoungGen      total 530944K, used 9908K [0x00000000d5580000, 0x00000000ff500000, 0x0000000100000000)
  eden space 371712K, 0% used [0x00000000d5580000,0x00000000d5580000,0x00000000ec080000)
  from space 159232K, 6% used [0x00000000f5980000,0x00000000f632d108,0x00000000ff500000)
  to   space 156672K, 0% used [0x00000000ec080000,0x00000000ec080000,0x00000000f5980000)
 ParOldGen       total 772608K, used 502698K [0x0000000080000000, 0x00000000af280000, 0x00000000d5580000)
  object space 772608K, 65% used [0x0000000080000000,0x000000009eaeaad0,0x00000000af280000)
 Metaspace       used 136418K, capacity 143482K, committed 143832K, reserved 1175552K
  class space    used 16643K, capacity 18064K, committed 18176K, reserved 1048576K
}
Event: 2182.022 GC heap before
{Heap before GC invocations=55 (full 6):
 PSYoungGen      total 530944K, used 381620K [0x00000000d5580000, 0x00000000ff500000, 0x0000000100000000)
  eden space 371712K, 100% used [0x00000000d5580000,0x00000000ec080000,0x00000000ec080000)
  from space 159232K, 6% used [0x00000000f5980000,0x00000000f632d108,0x00000000ff500000)
  to   space 156672K, 0% used [0x00000000ec080000,0x00000000ec080000,0x00000000f5980000)
 ParOldGen       total 772608K, used 502698K [0x0000000080000000, 0x00000000af280000, 0x00000000d5580000)
  object space 772608K, 65% used [0x0000000080000000,0x000000009eaeaad0,0x00000000af280000)
 Metaspace       used 136440K, capacity 143558K, committed 143832K, reserved 1175552K
  class space    used 16643K, capacity 18064K, committed 18176K, reserved 1048576K
Event: 2182.039 GC heap after
Heap after GC invocations=55 (full 6):
 PSYoungGen      total 528384K, used 47836K [0x00000000d5580000, 0x00000000fe980000, 0x0000000100000000)
  eden space 371712K, 0% used [0x00000000d5580000,0x00000000d5580000,0x00000000ec080000)
  from space 156672K, 30% used [0x00000000ec080000,0x00000000eef37290,0x00000000f5980000)
  to   space 146432K, 0% used [0x00000000f5a80000,0x00000000f5a80000,0x00000000fe980000)
 ParOldGen       total 772608K, used 502706K [0x0000000080000000, 0x00000000af280000, 0x00000000d5580000)
  object space 772608K, 65% used [0x0000000080000000,0x000000009eaecad0,0x00000000af280000)
 Metaspace       used 136440K, capacity 143558K, committed 143832K, reserved 1175552K
  class space    used 16643K, capacity 18064K, committed 18176K, reserved 1048576K
}
Event: 2182.601 GC heap before
{Heap before GC invocations=56 (full 6):
 PSYoungGen      total 528384K, used 419548K [0x00000000d5580000, 0x00000000fe980000, 0x0000000100000000)
  eden space 371712K, 100% used [0x00000000d5580000,0x00000000ec080000,0x00000000ec080000)
  from space 156672K, 30% used [0x00000000ec080000,0x00000000eef37290,0x00000000f5980000)
  to   space 146432K, 0% used [0x00000000f5a80000,0x00000000f5a80000,0x00000000fe980000)
 ParOldGen       total 772608K, used 502706K [0x0000000080000000, 0x00000000af280000, 0x00000000d5580000)
  object space 772608K, 65% used [0x0000000080000000,0x000000009eaecad0,0x00000000af280000)
 Metaspace       used 136441K, capacity 143558K, committed 143832K, reserved 1175552K
  class space    used 16643K, capacity 18064K, committed 18176K, reserved 1048576K
Event: 2182.764 GC heap after
Heap after GC invocations=56 (full 6):
 PSYoungGen      total 451072K, used 146414K [0x00000000d5580000, 0x0000000100000000, 0x0000000100000000)
  eden space 304640K, 0% used [0x00000000d5580000,0x00000000d5580000,0x00000000e7f00000)
  from space 146432K, 99% used [0x00000000f5a80000,0x00000000fe97b8c0,0x00000000fe980000)
  to   space 197120K, 0% used [0x00000000e7f00000,0x00000000e7f00000,0x00000000f3f80000)
 ParOldGen       total 772608K, used 566094K [0x0000000080000000, 0x00000000af280000, 0x00000000d5580000)
  object space 772608K, 73% used [0x0000000080000000,0x00000000a28d38d0,0x00000000af280000)
 Metaspace       used 136441K, capacity 143558K, committed 143832K, reserved 1175552K
  class space    used 16643K, capacity 18064K, committed 18176K, reserved 1048576K
}
Event: 2183.439 GC heap before
{Heap before GC invocations=57 (full 6):
 PSYoungGen      total 451072K, used 451054K [0x00000000d5580000, 0x0000000100000000, 0x0000000100000000)
  eden space 304640K, 100% used [0x00000000d5580000,0x00000000e7f00000,0x00000000e7f00000)
  from space 146432K, 99% used [0x00000000f5a80000,0x00000000fe97b8c0,0x00000000fe980000)
  to   space 197120K, 0% used [0x00000000e7f00000,0x00000000e7f00000,0x00000000f3f80000)
 ParOldGen       total 772608K, used 566094K [0x0000000080000000, 0x00000000af280000, 0x00000000d5580000)
  object space 772608K, 73% used [0x0000000080000000,0x00000000a28d38d0,0x00000000af280000)
 Metaspace       used 136462K, capacity 143566K, committed 143832K, reserved 1175552K
  class space    used 16643K, capacity 18064K, committed 18176K, reserved 1048576K
Event: 2183.575 GC heap after
Heap after GC invocations=57 (full 6):
 PSYoungGen      total 481280K, used 176636K [0x00000000d5580000, 0x0000000100000000, 0x0000000100000000)
  eden space 304640K, 0% used [0x00000000d5580000,0x00000000d5580000,0x00000000e7f00000)
  from space 176640K, 99% used [0x00000000e7f00000,0x00000000f2b7f090,0x00000000f2b80000)
  to   space 217600K, 0% used [0x00000000f2b80000,0x00000000f2b80000,0x0000000100000000)
 ParOldGen       total 772608K, used 572826K [0x0000000080000000, 0x00000000af280000, 0x00000000d5580000)
  object space 772608K, 74% used [0x0000000080000000,0x00000000a2f66838,0x00000000af280000)
 Metaspace       used 136462K, capacity 143566K, committed 143832K, reserved 1175552K
  class space    used 16643K, capacity 18064K, committed 18176K, reserved 1048576K
}
Event: 2185.196 GC heap before
{Heap before GC invocations=58 (full 6):
 PSYoungGen      total 481280K, used 481276K [0x00000000d5580000, 0x0000000100000000, 0x0000000100000000)
  eden space 304640K, 100% used [0x00000000d5580000,0x00000000e7f00000,0x00000000e7f00000)
  from space 176640K, 99% used [0x00000000e7f00000,0x00000000f2b7f090,0x00000000f2b80000)
  to   space 217600K, 0% used [0x00000000f2b80000,0x00000000f2b80000,0x0000000100000000)
 ParOldGen       total 772608K, used 572826K [0x0000000080000000, 0x00000000af280000, 0x00000000d5580000)
  object space 772608K, 74% used [0x0000000080000000,0x00000000a2f66838,0x00000000af280000)
 Metaspace       used 136474K, capacity 143566K, committed 143832K, reserved 1175552K
  class space    used 16643K, capacity 18064K, committed 18176K, reserved 1048576K
Event: 2185.348 GC heap after
Heap after GC invocations=58 (full 6):
 PSYoungGen      total 452608K, used 129294K [0x00000000d5580000, 0x0000000100000000, 0x0000000100000000)
  eden space 235008K, 0% used [0x00000000d5580000,0x00000000d5580000,0x00000000e3b00000)
  from space 217600K, 59% used [0x00000000f2b80000,0x00000000fa9c3b90,0x0000000100000000)
  to   space 231936K, 0% used [0x00000000e3b00000,0x00000000e3b00000,0x00000000f1d80000)
 ParOldGen       total 772608K, used 670065K [0x0000000080000000, 0x00000000af280000, 0x00000000d5580000)
  object space 772608K, 86% used [0x0000000080000000,0x00000000a8e5c768,0x00000000af280000)
 Metaspace       used 136474K, capacity 143566K, committed 143832K, reserved 1175552K
  class space    used 16643K, capacity 18064K, committed 18176K, reserved 1048576K
}
Event: 2185.348 GC heap before
{Heap before GC invocations=59 (full 7):
 PSYoungGen      total 452608K, used 129294K [0x00000000d5580000, 0x0000000100000000, 0x0000000100000000)
  eden space 235008K, 0% used [0x00000000d5580000,0x00000000d5580000,0x00000000e3b00000)
  from space 217600K, 59% used [0x00000000f2b80000,0x00000000fa9c3b90,0x0000000100000000)
  to   space 231936K, 0% used [0x00000000e3b00000,0x00000000e3b00000,0x00000000f1d80000)
 ParOldGen       total 772608K, used 670065K [0x0000000080000000, 0x00000000af280000, 0x00000000d5580000)
  object space 772608K, 86% used [0x0000000080000000,0x00000000a8e5c768,0x00000000af280000)
 Metaspace       used 136474K, capacity 143566K, committed 143832K, reserved 1175552K
  class space    used 16643K, capacity 18064K, committed 18176K, reserved 1048576K

Deoptimization events (10 events):
Event: 2182.437 Thread 0x0000000023c69000 Uncommon trap: reason=class_check action=maybe_recompile pc=0x0000000006cdc360 method=java.util.concurrent.ForkJoinTask.doExec()I @ 10
Event: 2182.889 Thread 0x000000002f692000 Uncommon trap: reason=unstable_if action=reinterpret pc=0x000000000425111c method=java.util.concurrent.ForkJoinPool.scan(Ljava/util/concurrent/ForkJoinPool$WorkQueue;I)Ljava/util/concurrent/ForkJoinTask; @ 392
Event: 2183.050 Thread 0x0000000023c5b800 Uncommon trap: reason=unstable_if action=reinterpret pc=0x0000000007797514 method=com.android.tools.r8.dex.B.a(Lcom/android/tools/r8/graph/i0;)Lcom/android/tools/r8/dex/B; @ 43
Event: 2183.634 Thread 0x0000000023c51000 Uncommon trap: reason=speculate_class_check action=maybe_recompile pc=0x00000000090ada38 method=java.lang.StringCoding.decode(Ljava/nio/charset/Charset;[BII)[C @ 99
Event: 2183.635 Thread 0x0000000023c51000 Uncommon trap: reason=speculate_class_check action=maybe_recompile pc=0x00000000090a523c method=java.lang.StringCoding.decode(Ljava/nio/charset/Charset;[BII)[C @ 99
Event: 2183.636 Thread 0x0000000023c51000 Uncommon trap: reason=speculate_class_check action=maybe_recompile pc=0x00000000090a523c method=java.lang.StringCoding.decode(Ljava/nio/charset/Charset;[BII)[C @ 99
Event: 2183.637 Thread 0x0000000023c51000 Uncommon trap: reason=speculate_class_check action=maybe_recompile pc=0x00000000090ada38 method=java.lang.StringCoding.decode(Ljava/nio/charset/Charset;[BII)[C @ 99
Event: 2184.464 Thread 0x000000002f698800 Uncommon trap: reason=class_check action=maybe_recompile pc=0x000000000701da0c method=java.util.concurrent.ForkJoinTask$AdaptedCallable.exec()Z @ 5
Event: 2184.464 Thread 0x000000002f699800 Uncommon trap: reason=class_check action=maybe_recompile pc=0x000000000701da0c method=java.util.concurrent.ForkJoinTask$AdaptedCallable.exec()Z @ 5
Event: 2184.464 Thread 0x000000002f692800 Uncommon trap: reason=class_check action=maybe_recompile pc=0x000000000701da0c method=java.util.concurrent.ForkJoinTask$AdaptedCallable.exec()Z @ 5

Classes redefined (0 events):
No events

Internal exceptions (10 events):
Event: 2180.750 Thread 0x0000000023c54000 Exception <a 'sun/nio/fs/WindowsException'> (0x00000000d63ab538) thrown at [C:\src\AOSP-openjdk-git\hotspot\src\share\vm\prims\jni.cpp, line 710]
Event: 2180.762 Thread 0x0000000023c4b000 Exception <a 'sun/nio/fs/WindowsException'> (0x00000000d63209b8) thrown at [C:\src\AOSP-openjdk-git\hotspot\src\share\vm\prims\jni.cpp, line 710]
Event: 2180.762 Thread 0x0000000023c4b000 Exception <a 'sun/nio/fs/WindowsException'> (0x00000000d6320e80) thrown at [C:\src\AOSP-openjdk-git\hotspot\src\share\vm\prims\jni.cpp, line 710]
Event: 2181.945 Thread 0x000000001c064800 Exception <a 'sun/nio/fs/WindowsException'> (0x00000000e96ef378) thrown at [C:\src\AOSP-openjdk-git\hotspot\src\share\vm\prims\jni.cpp, line 710]
Event: 2181.945 Thread 0x000000001c064800 Exception <a 'sun/nio/fs/WindowsException'> (0x00000000e96f0408) thrown at [C:\src\AOSP-openjdk-git\hotspot\src\share\vm\prims\jni.cpp, line 710]
Event: 2181.945 Thread 0x000000001c064800 Exception <a 'sun/nio/fs/WindowsException'> (0x00000000e96f1048) thrown at [C:\src\AOSP-openjdk-git\hotspot\src\share\vm\prims\jni.cpp, line 710]
Event: 2181.945 Thread 0x000000001c064800 Exception <a 'sun/nio/fs/WindowsException'> (0x00000000e96f20d0) thrown at [C:\src\AOSP-openjdk-git\hotspot\src\share\vm\prims\jni.cpp, line 710]
Event: 2181.945 Thread 0x000000001c064800 Exception <a 'sun/nio/fs/WindowsException'> (0x00000000e96f2ba0) thrown at [C:\src\AOSP-openjdk-git\hotspot\src\share\vm\prims\jni.cpp, line 710]
Event: 2181.946 Thread 0x000000001c064800 Exception <a 'sun/nio/fs/WindowsException'> (0x00000000e96f3bf8) thrown at [C:\src\AOSP-openjdk-git\hotspot\src\share\vm\prims\jni.cpp, line 710]
Event: 2182.021 Thread 0x0000000023c5b800 Exception <a 'sun/nio/fs/WindowsException'> (0x00000000ec0741a0) thrown at [C:\src\AOSP-openjdk-git\hotspot\src\share\vm\prims\jni.cpp, line 710]

Events (10 events):
Event: 2185.164 Thread 0x000000002f698800 DEOPT UNPACKING pc=0x00000000034e75d0 sp=0x0000000039d7e278 mode 0
Event: 2185.168 Thread 0x000000002f699800 DEOPT PACKING pc=0x0000000005f0830f sp=0x0000000039f7e9f0
Event: 2185.168 Thread 0x000000002f699800 DEOPT UNPACKING pc=0x00000000034e75d0 sp=0x0000000039f7ecc8 mode 0
Event: 2185.179 Thread 0x000000001a3bb000 flushing nmethod 0x0000000006093ad0
Event: 2185.180 Thread 0x0000000023c4d000 DEOPT PACKING pc=0x000000000698efae sp=0x0000000033cdddb0
Event: 2185.180 Thread 0x0000000023c4d000 DEOPT UNPACKING pc=0x00000000034e75d0 sp=0x0000000033cddbb0 mode 0
Event: 2185.195 Thread 0x000000001a37c800 flushing nmethod 0x00000000066a7b10
Event: 2185.195 Thread 0x000000001a37c800 flushing nmethod 0x00000000066ada90
Event: 2185.195 Thread 0x000000001a37c800 flushing nmethod 0x0000000006703790
Event: 2185.196 Executing VM operation: ParallelGCFailedAllocation


Dynamic libraries:
0x00007ff775360000 - 0x00007ff775391000 	C:\Program Files\Android\Android Studio\jre\bin\java.exe
0x00007ffd4fbb0000 - 0x00007ffd4fda5000 	C:\WINDOWS\SYSTEM32\ntdll.dll
0x00007ffd4f900000 - 0x00007ffd4f9bd000 	C:\WINDOWS\System32\KERNEL32.DLL
0x00007ffd4d2f0000 - 0x00007ffd4d5b9000 	C:\WINDOWS\System32\KERNELBASE.dll
0x00007ffd4dc10000 - 0x00007ffd4dcbc000 	C:\WINDOWS\System32\ADVAPI32.dll
0x00007ffd4f5c0000 - 0x00007ffd4f65e000 	C:\WINDOWS\System32\msvcrt.dll
0x00007ffd4deb0000 - 0x00007ffd4df4c000 	C:\WINDOWS\System32\sechost.dll
0x00007ffd4e170000 - 0x00007ffd4e29b000 	C:\WINDOWS\System32\RPCRT4.dll
0x00007ffd4dcf0000 - 0x00007ffd4de90000 	C:\WINDOWS\System32\USER32.dll
0x00007ffd4d720000 - 0x00007ffd4d742000 	C:\WINDOWS\System32\win32u.dll
0x00007ffd4dcc0000 - 0x00007ffd4dcea000 	C:\WINDOWS\System32\GDI32.dll
0x00007ffd4dad0000 - 0x00007ffd4dbdb000 	C:\WINDOWS\System32\gdi32full.dll
0x00007ffd4d980000 - 0x00007ffd4da1d000 	C:\WINDOWS\System32\msvcp_win.dll
0x00007ffd4d7d0000 - 0x00007ffd4d8d0000 	C:\WINDOWS\System32\ucrtbase.dll
0x00007ffd4c710000 - 0x00007ffd4c9aa000 	C:\WINDOWS\WinSxS\amd64_microsoft.windows.common-controls_6595b64144ccf1df_6.0.19041.844_none_ca00b6081b84eb1d\COMCTL32.dll
0x00007ffd4f6c0000 - 0x00007ffd4f6f0000 	C:\WINDOWS\System32\IMM32.DLL
0x000000006fbe0000 - 0x000000006fcb2000 	C:\Program Files\Android\Android Studio\jre\jre\bin\msvcr100.dll
0x000000006fda0000 - 0x00000000705eb000 	C:\Program Files\Android\Android Studio\jre\jre\bin\server\jvm.dll
0x00007ffd4f480000 - 0x00007ffd4f488000 	C:\WINDOWS\System32\PSAPI.DLL
0x00007ffd427d0000 - 0x00007ffd427f7000 	C:\WINDOWS\SYSTEM32\WINMM.dll
0x00007ffd49f60000 - 0x00007ffd49f6a000 	C:\WINDOWS\SYSTEM32\VERSION.dll
0x00007ffd42930000 - 0x00007ffd42939000 	C:\WINDOWS\SYSTEM32\WSOCK32.dll
0x00007ffd4ec40000 - 0x00007ffd4ecab000 	C:\WINDOWS\System32\WS2_32.dll
0x00007ffd48430000 - 0x00007ffd4843f000 	C:\Program Files\Android\Android Studio\jre\jre\bin\verify.dll
0x00007ffd48400000 - 0x00007ffd48429000 	C:\Program Files\Android\Android Studio\jre\jre\bin\java.dll
0x00007ffd483e0000 - 0x00007ffd483f6000 	C:\Program Files\Android\Android Studio\jre\jre\bin\zip.dll
0x00007ffd4e4f0000 - 0x00007ffd4ec32000 	C:\WINDOWS\System32\SHELL32.dll
0x00007ffd4ae00000 - 0x00007ffd4b590000 	C:\WINDOWS\SYSTEM32\windows.storage.dll
0x00007ffd4ecb0000 - 0x00007ffd4f005000 	C:\WINDOWS\System32\combase.dll
0x00007ffd4c670000 - 0x00007ffd4c69c000 	C:\WINDOWS\SYSTEM32\Wldp.dll
0x00007ffd4e3d0000 - 0x00007ffd4e47e000 	C:\WINDOWS\System32\SHCORE.dll
0x00007ffd4f660000 - 0x00007ffd4f6b5000 	C:\WINDOWS\System32\shlwapi.dll
0x00007ffd4d230000 - 0x00007ffd4d24f000 	C:\WINDOWS\SYSTEM32\profapi.dll
0x00007ffd3d210000 - 0x00007ffd3d22a000 	C:\Program Files\Android\Android Studio\jre\jre\bin\net.dll
0x00007ffd4c3f0000 - 0x00007ffd4c45a000 	C:\WINDOWS\system32\mswsock.dll
0x00007ffd3bb30000 - 0x00007ffd3bb43000 	C:\Program Files\Android\Android Studio\jre\jre\bin\nio.dll
0x00007ffd283f0000 - 0x00007ffd28417000 	C:\Users\user\.gradle\native\f6784746aeab05261644944871eae4fe03e0ef1612fff0a4a95f87b438bc6780\windows-amd64\native-platform.dll
0x00007ffd483d0000 - 0x00007ffd483dd000 	C:\Program Files\Android\Android Studio\jre\jre\bin\management.dll
0x00007ffd4d080000 - 0x00007ffd4d098000 	C:\WINDOWS\SYSTEM32\CRYPTSP.dll
0x00007ffd4bdb0000 - 0x00007ffd4bde4000 	C:\WINDOWS\system32\rsaenh.dll
0x00007ffd4dbe0000 - 0x00007ffd4dc07000 	C:\WINDOWS\System32\bcrypt.dll
0x00007ffd4d1f0000 - 0x00007ffd4d21e000 	C:\WINDOWS\SYSTEM32\USERENV.dll
0x00007ffd4d750000 - 0x00007ffd4d7d0000 	C:\WINDOWS\System32\bcryptprimitives.dll
0x00007ffd4c4b0000 - 0x00007ffd4c4bc000 	C:\WINDOWS\SYSTEM32\CRYPTBASE.dll
0x00007ffd4c0e0000 - 0x00007ffd4c11b000 	C:\WINDOWS\SYSTEM32\IPHLPAPI.DLL
0x00007ffd4dfb0000 - 0x00007ffd4dfb8000 	C:\WINDOWS\System32\NSI.dll
0x00007ffd44510000 - 0x00007ffd44527000 	C:\WINDOWS\SYSTEM32\dhcpcsvc6.DLL
0x00007ffd44a00000 - 0x00007ffd44a1d000 	C:\WINDOWS\SYSTEM32\dhcpcsvc.DLL
0x00007ffd4c120000 - 0x00007ffd4c1eb000 	C:\WINDOWS\SYSTEM32\DNSAPI.dll
0x00007ffd45320000 - 0x00007ffd4532b000 	C:\WINDOWS\SYSTEM32\WINNSI.DLL
0x00007ffd4d040000 - 0x00007ffd4d073000 	C:\WINDOWS\SYSTEM32\ntmarta.dll
0x00007ffd4cd20000 - 0x00007ffd4cf04000 	C:\WINDOWS\SYSTEM32\dbghelp.dll

VM Arguments:
jvm_args: -Xmx2048m -Dfile.encoding=UTF-8 -Duser.country=TW -Duser.language=zh -Duser.variant 
java_command: org.gradle.launcher.daemon.bootstrap.GradleDaemon 6.5
java_class_path (initial): C:\Users\user\.gradle\wrapper\dists\gradle-6.5-bin\6nifqtx7604sqp1q6g8wikw7p\gradle-6.5\lib\gradle-launcher-6.5.jar
Launcher Type: SUN_STANDARD

Environment Variables:
PATH=C:\Program Files (x86)\Common Files\Oracle\Java\javapath;C:\WINDOWS\system32;C:\WINDOWS;C:\WINDOWS\System32\Wbem;C:\WINDOWS\System32\WindowsPowerShell\v1.0\;C:\WINDOWS\System32\OpenSSH\;C:\Program Files\dotnet\;C:\Program Files\Microsoft SQL Server\130\Tools\Binn\;C:\Program Files\Microsoft SQL Server\Client SDK\ODBC\170\Tools\Binn\;C:\Program Files\Git\cmd;C:\Users\user\AppData\Local\Microsoft\WindowsApps;C:\Users\user\.dotnet\tools;C:\Users\user\AppData\Local\Programs\Microsoft VS Code\bin
USERNAME=user
OS=Windows_NT
PROCESSOR_IDENTIFIER=Intel64 Family 6 Model 60 Stepping 3, GenuineIntel



---------------  S Y S T E M  ---------------

OS: Windows 10.0 , 64 bit Build 19041 (10.0.19041.804)

CPU:total 8 (initial active 8) (4 cores per cpu, 2 threads per core) family 6 model 60 stepping 3, cmov, cx8, fxsr, mmx, sse, sse2, sse3, ssse3, sse4.1, sse4.2, popcnt, avx, avx2, aes, clmul, erms, lzcnt, ht, tsc, tscinvbit, bmi1, bmi2

Memory: 4k page, physical 16614588k(5275124k free), swap 28673212k(14656076k free)

vm_info: OpenJDK 64-Bit Server VM (25.242-b01) for windows-amd64 JRE (1.8.0_242-release-1644-b01), built by "builder" with MS VC++ 10.0 (VS2010)

time: Mon Jun 14 09:49:47 2021
timezone: x_
elapsed time: 2185 seconds (0d 0h 36m 25s)

