#
# A fatal error has been detected by the Java Runtime Environment:
#
#  EXCEPTION_ACCESS_VIOLATION (0xc0000005) at pc=0x0000000062fbb7b0, pid=9428, tid=0x0000000000003838
#
# JRE version: OpenJDK Runtime Environment (8.0_242-b01) (build 1.8.0_242-release-1644-b01)
# Java VM: OpenJDK 64-Bit Server VM (25.242-b01 mixed mode windows-amd64 compressed oops)
# Problematic frame:
# V  [jvm.dll+0x8b7b0]
#
# Failed to write core dump. Minidumps are not enabled by default on client versions of Windows
#
# If you would like to submit a bug report, please visit:
#   
#

---------------  T H R E A D  ---------------

Current thread (0x0000000003477000):  GCTaskThread [stack: 0x0000000012fe0000,0x00000000130e0000] [id=14392]

siginfo: ExceptionCode=0xc0000005, reading address 0x000000051a31dcc8

Registers:
RAX=0x00000000137e0000, RBX=0x00000000a3463820, RCX=0x00000000a3463820, RDX=0x000000051a31dcc0
RSP=0x00000000130df388, RBP=0x00000000035533e0, RSI=0x00000000a3663818, RDI=0x00000000a3463820
R8 =0x000000000011a31c, R9 =0x0000000000000000, R10=0x000000000000000c, R11=0x0000000000000000
R12=0x00000000a366381c, R13=0x0000000000000001, R14=0x00000000a3663808, R15=0x0000000000000001
RIP=0x0000000062fbb7b0, EFLAGS=0x0000000000010206

Top of Stack: (sp=0x00000000130df388)
0x00000000130df388:   0000000063017837 00000000a3663db8
0x00000000130df398:   000000006301f799 00000000a3663db0
0x00000000130df3a8:   0000000000000002 00000000a3463820
0x00000000130df3b8:   0000000063045aca 0000000000001ae5
0x00000000130df3c8:   000000006301f85a 0000000100b32bd0
0x00000000130df3d8:   00000000a3663e80 00000000035533e0
0x00000000130df3e8:   0000000063045bd3 0000000000000000
0x00000000130df3f8:   00000000034777a0 000000000346de00
0x00000000130df408:   0000000000005600 0000000000001ae5
0x00000000130df418:   00000000632f9af0 00000000035533e0
0x00000000130df428:   00000000f6762ca8 000000006354c4d8
0x00000000130df438:   000000006354c4d8 00001ae900001acb
0x00000000130df448:   00001aea00001acb 000006f8000000b5
0x00000000130df458:   00000000f6762ca8 0000000000005600
0x00000000130df468:   0000000063045b41 00000000184a5cb0
0x00000000130df478:   0000000063129622 0000000003477000 

Instructions: (pc=0x0000000062fbb7b0)
0x0000000062fbb790:   1c 8f 1d 00 48 8b 9c 24 c0 00 00 00 48 81 c4 b0
0x0000000062fbb7a0:   00 00 00 5d c3 cc cc cc cc cc cc cc cc cc cc cc
0x0000000062fbb7b0:   44 8b 42 08 4c 8b ca 45 85 c0 7e 0e 41 f6 c0 01
0x0000000062fbb7c0:   75 57 41 c1 f8 03 41 8b c0 c3 79 4d 80 3d 7e 97 


Register to memory mapping:

RAX=0x00000000137e0000 is an unknown value
RBX=0x00000000a3463820 is pointing into object: 0x00000000a3463530
[Lcom.sun.tools.javac.code.Scope$Entry; 
 - klass: 'com/sun/tools/javac/code/Scope$Entry'[]
 - length: 256
RCX=0x00000000a3463820 is pointing into object: 0x00000000a3463530
[Lcom.sun.tools.javac.code.Scope$Entry; 
 - klass: 'com/sun/tools/javac/code/Scope$Entry'[]
 - length: 256
RDX=0x000000051a31dcc0 is an unknown value
RSP=0x00000000130df388 is an unknown value
RBP=0x00000000035533e0 is an unknown value
RSI=0x00000000a3663818 is pointing into object: 0x00000000a3663808
[Lcom.android.tools.r8.graph.W; 
 - klass: 'com/android/tools/r8/graph/W'[]
 - length: 1
RDI=0x00000000a3463820 is pointing into object: 0x00000000a3463530
[Lcom.sun.tools.javac.code.Scope$Entry; 
 - klass: 'com/sun/tools/javac/code/Scope$Entry'[]
 - length: 256
R8 =0x000000000011a31c is an unknown value
R9 =0x0000000000000000 is an unknown value
R10=0x000000000000000c is an unknown value
R11=0x0000000000000000 is an unknown value
R12=0x00000000a366381c is pointing into object: 0x00000000a3663808
[Lcom.android.tools.r8.graph.W; 
 - klass: 'com/android/tools/r8/graph/W'[]
 - length: 1
R13=0x0000000000000001 is an unknown value
R14=0x00000000a3663808 is an oop
[Lcom.android.tools.r8.graph.W; 
 - klass: 'com/android/tools/r8/graph/W'[]
 - length: 1
R15=0x0000000000000001 is an unknown value


Stack: [0x0000000012fe0000,0x00000000130e0000],  sp=0x00000000130df388,  free space=1020k
Native frames: (J=compiled Java code, j=interpreted, Vv=VM code, C=native code)
V  [jvm.dll+0x8b7b0]


---------------  P R O C E S S  ---------------

Java Threads: ( => current thread )
  0x00000000242eb800 JavaThread "ForkJoinPool-9-worker-0" daemon [_thread_blocked, id=13220, stack(0x0000000037b20000,0x0000000037c20000)]
  0x000000001ffb7000 JavaThread "ForkJoinPool-9-worker-6" daemon [_thread_blocked, id=8068, stack(0x0000000037920000,0x0000000037a20000)]
  0x000000001ffb5800 JavaThread "ForkJoinPool-9-worker-5" daemon [_thread_blocked, id=11856, stack(0x00000000367e0000,0x00000000368e0000)]
  0x000000001ffb8800 JavaThread "ForkJoinPool-9-worker-4" daemon [_thread_blocked, id=11612, stack(0x0000000036450000,0x0000000036550000)]
  0x000000001ffb9000 JavaThread "ForkJoinPool-9-worker-3" daemon [_thread_blocked, id=6264, stack(0x0000000035280000,0x0000000035380000)]
  0x000000001cee8800 JavaThread "ForkJoinPool-9-worker-2" daemon [_thread_blocked, id=5576, stack(0x00000000331f0000,0x00000000332f0000)]
  0x000000001cee7800 JavaThread "ForkJoinPool-9-worker-1" daemon [_thread_blocked, id=16440, stack(0x000000001e460000,0x000000001e560000)]
  0x000000001ceeb800 JavaThread "WorkerExecutor Queue Thread 11" [_thread_blocked, id=14020, stack(0x0000000034b50000,0x0000000034c50000)]
  0x000000001ceea000 JavaThread "WorkerExecutor Queue Thread 10" [_thread_blocked, id=14052, stack(0x00000000360b0000,0x00000000361b0000)]
  0x000000001cee9000 JavaThread "WorkerExecutor Queue Thread 9" [_thread_blocked, id=2456, stack(0x0000000035380000,0x0000000035480000)]
  0x000000001ceec000 JavaThread "stdout" [_thread_in_native, id=19172, stack(0x0000000035e80000,0x0000000035f80000)]
  0x000000001cee4800 JavaThread "stderr" [_thread_in_native, id=6732, stack(0x0000000035d80000,0x0000000035e80000)]
  0x000000001cedd000 JavaThread "stdout" [_thread_in_native, id=15352, stack(0x0000000035c80000,0x0000000035d80000)]
  0x000000001cee3000 JavaThread "stderr" [_thread_in_native, id=8400, stack(0x0000000035b80000,0x0000000035c80000)]
  0x00000000242f0800 JavaThread "stdout" [_thread_in_native, id=17812, stack(0x0000000035a80000,0x0000000035b80000)]
  0x00000000242e9000 JavaThread "stderr" [_thread_in_native, id=9948, stack(0x0000000035980000,0x0000000035a80000)]
  0x00000000242f0000 JavaThread "stdout" [_thread_in_native, id=11664, stack(0x0000000035880000,0x0000000035980000)]
  0x00000000242ef000 JavaThread "stderr" [_thread_in_native, id=6360, stack(0x0000000035780000,0x0000000035880000)]
  0x00000000242ee800 JavaThread "stdout" [_thread_in_native, id=10396, stack(0x0000000035680000,0x0000000035780000)]
  0x00000000242ed000 JavaThread "stderr" [_thread_in_native, id=17352, stack(0x0000000035580000,0x0000000035680000)]
  0x00000000242ed800 JavaThread "WorkerExecutor Queue Thread 8" [_thread_blocked, id=32, stack(0x0000000035480000,0x0000000035580000)]
  0x00000000242e1800 JavaThread "stdout" [_thread_in_native, id=3264, stack(0x0000000035180000,0x0000000035280000)]
  0x00000000242e3000 JavaThread "stderr" [_thread_in_native, id=16208, stack(0x0000000034e50000,0x0000000034f50000)]
  0x00000000242e7800 JavaThread "stdout" [_thread_in_native, id=11056, stack(0x0000000034a50000,0x0000000034b50000)]
  0x00000000242e7000 JavaThread "stderr" [_thread_in_native, id=15760, stack(0x0000000034950000,0x0000000034a50000)]
  0x00000000242e4000 JavaThread "pool-10-thread-1" [_thread_blocked, id=12416, stack(0x00000000333f0000,0x00000000334f0000)]
  0x000000001ffb4800 JavaThread "Cache worker for execution history cache (E:\AppWorks-School\PersonalProject\.gradle\6.5\executionHistory)" [_thread_blocked, id=13428, stack(0x0000000031710000,0x0000000031810000)]
  0x000000001ffb6000 JavaThread "Execution worker for ':' Thread 7" [_thread_blocked, id=18400, stack(0x00000000311e0000,0x00000000312e0000)]
  0x000000001ffba800 JavaThread "Execution worker for ':' Thread 6" [_thread_blocked, id=17428, stack(0x00000000309e0000,0x0000000030ae0000)]
  0x000000001ffba000 JavaThread "Execution worker for ':' Thread 5" [_thread_blocked, id=11540, stack(0x000000002ffe0000,0x00000000300e0000)]
  0x000000001ffad000 JavaThread "Execution worker for ':' Thread 4" [_thread_blocked, id=13700, stack(0x000000002fee0000,0x000000002ffe0000)]
  0x000000001ffb4000 JavaThread "Execution worker for ':' Thread 3" [_thread_blocked, id=1116, stack(0x000000002fde0000,0x000000002fee0000)]
  0x000000001ffae000 JavaThread "Execution worker for ':' Thread 2" [_thread_blocked, id=12520, stack(0x000000002e810000,0x000000002e910000)]
  0x000000001ffac800 JavaThread "Execution worker for ':'" [_thread_blocked, id=8840, stack(0x000000002e400000,0x000000002e500000)]
  0x000000001ffae800 JavaThread "Cache worker for file content cache (E:\AppWorks-School\PersonalProject\.gradle\6.5\fileContent)" [_thread_blocked, id=12160, stack(0x000000002e300000,0x000000002e400000)]
  0x0000000022320000 JavaThread "pool-9-thread-1" [_thread_blocked, id=5820, stack(0x000000002cf00000,0x000000002d000000)]
  0x000000002231d000 JavaThread "Cache worker for Build Output Cleanup Cache (E:\AppWorks-School\PersonalProject\.gradle\buildOutputCleanup)" [_thread_blocked, id=17904, stack(0x000000002cbb0000,0x000000002ccb0000)]
  0x000000002231c800 JavaThread "jar transforms Thread 605" [_thread_blocked, id=11868, stack(0x000000002cab0000,0x000000002cbb0000)]
  0x000000002231f800 JavaThread "jar transforms Thread 604" [_thread_blocked, id=1012, stack(0x000000002c9b0000,0x000000002cab0000)]
  0x0000000022321000 JavaThread "jar transforms Thread 603" [_thread_blocked, id=19284, stack(0x000000002c8b0000,0x000000002c9b0000)]
  0x000000002231e800 JavaThread "jar transforms Thread 602" [_thread_blocked, id=17968, stack(0x000000002c7b0000,0x000000002c8b0000)]
  0x0000000022315000 JavaThread "jar transforms Thread 601" [_thread_blocked, id=1680, stack(0x000000002c6b0000,0x000000002c7b0000)]
  0x000000002231b800 JavaThread "jar transforms Thread 600" [_thread_blocked, id=10500, stack(0x000000002c5b0000,0x000000002c6b0000)]
  0x0000000022314000 JavaThread "jar transforms Thread 599" [_thread_blocked, id=4524, stack(0x000000002c4b0000,0x000000002c5b0000)]
  0x000000002231a000 JavaThread "jar transforms Thread 598" [_thread_blocked, id=11948, stack(0x000000002c3b0000,0x000000002c4b0000)]
  0x0000000022317000 JavaThread "jar transforms Thread 597" [_thread_blocked, id=12012, stack(0x000000002c2b0000,0x000000002c3b0000)]
  0x0000000022313800 JavaThread "jar transforms Thread 596" [_thread_blocked, id=12872, stack(0x000000002c1b0000,0x000000002c2b0000)]
  0x0000000022312000 JavaThread "jar transforms Thread 595" [_thread_blocked, id=8248, stack(0x000000002c0b0000,0x000000002c1b0000)]
  0x0000000022315800 JavaThread "jar transforms Thread 594" [_thread_blocked, id=18104, stack(0x000000002bfb0000,0x000000002c0b0000)]
  0x0000000022318800 JavaThread "jar transforms Thread 593" [_thread_blocked, id=12320, stack(0x000000002beb0000,0x000000002bfb0000)]
  0x0000000022312800 JavaThread "jar transforms Thread 592" [_thread_blocked, id=16668, stack(0x000000002bdb0000,0x000000002beb0000)]
  0x0000000022316800 JavaThread "jar transforms Thread 591" [_thread_blocked, id=3288, stack(0x000000002bcb0000,0x000000002bdb0000)]
  0x0000000022318000 JavaThread "jar transforms Thread 590" [_thread_blocked, id=18608, stack(0x000000002bbb0000,0x000000002bcb0000)]
  0x000000001bbbf000 JavaThread "jar transforms Thread 589" [_thread_blocked, id=4468, stack(0x000000002bab0000,0x000000002bbb0000)]
  0x000000001bbbe000 JavaThread "jar transforms Thread 588" [_thread_blocked, id=14448, stack(0x000000002b9b0000,0x000000002bab0000)]
  0x000000001bbbd800 JavaThread "jar transforms Thread 587" [_thread_blocked, id=5876, stack(0x000000002b8b0000,0x000000002b9b0000)]
  0x000000001bbc0800 JavaThread "jar transforms Thread 586" [_thread_blocked, id=11400, stack(0x000000002b7b0000,0x000000002b8b0000)]
  0x000000001bbbf800 JavaThread "jar transforms Thread 585" [_thread_blocked, id=10056, stack(0x000000002b6b0000,0x000000002b7b0000)]
  0x000000001bbb9800 JavaThread "jar transforms Thread 584" [_thread_blocked, id=15776, stack(0x000000002b5b0000,0x000000002b6b0000)]
  0x000000001bbb6000 JavaThread "jar transforms Thread 583" [_thread_blocked, id=16312, stack(0x000000002b4b0000,0x000000002b5b0000)]
  0x000000001bbb5000 JavaThread "jar transforms Thread 582" [_thread_blocked, id=15180, stack(0x000000002b3b0000,0x000000002b4b0000)]
  0x000000001bbbb000 JavaThread "jar transforms Thread 581" [_thread_blocked, id=7220, stack(0x000000002b2b0000,0x000000002b3b0000)]
  0x000000001bbb6800 JavaThread "jar transforms Thread 580" [_thread_blocked, id=6680, stack(0x000000002b1b0000,0x000000002b2b0000)]
  0x000000001bbba800 JavaThread "jar transforms Thread 579" [_thread_blocked, id=8752, stack(0x000000002b0b0000,0x000000002b1b0000)]
  0x000000001bbb9000 JavaThread "jar transforms Thread 578" [_thread_blocked, id=17084, stack(0x000000002afb0000,0x000000002b0b0000)]
  0x000000001bbb1800 JavaThread "jar transforms Thread 577" [_thread_blocked, id=5676, stack(0x000000002aeb0000,0x000000002afb0000)]
  0x000000001bbb2000 JavaThread "jar transforms Thread 576" [_thread_blocked, id=4452, stack(0x000000002adb0000,0x000000002aeb0000)]
  0x000000001bbb3800 JavaThread "jar transforms Thread 575" [_thread_blocked, id=11952, stack(0x000000002acb0000,0x000000002adb0000)]
  0x000000001bbb3000 JavaThread "jar transforms Thread 574" [_thread_blocked, id=12284, stack(0x000000002abb0000,0x000000002acb0000)]
  0x000000001bbb8000 JavaThread "jar transforms Thread 573" [_thread_blocked, id=17464, stack(0x000000002aab0000,0x000000002abb0000)]
  0x000000001bbb7800 JavaThread "jar transforms Thread 572" [_thread_blocked, id=18116, stack(0x000000002a9b0000,0x000000002aab0000)]
  0x000000001d40d000 JavaThread "jar transforms Thread 571" [_thread_blocked, id=15596, stack(0x000000002a8b0000,0x000000002a9b0000)]
  0x000000001d40c000 JavaThread "jar transforms Thread 570" [_thread_blocked, id=13116, stack(0x000000002a7b0000,0x000000002a8b0000)]
  0x000000001d40b800 JavaThread "jar transforms Thread 569" [_thread_blocked, id=3804, stack(0x000000002a6b0000,0x000000002a7b0000)]
  0x000000001d40d800 JavaThread "jar transforms Thread 568" [_thread_blocked, id=1220, stack(0x000000002a5b0000,0x000000002a6b0000)]
  0x000000001d404000 JavaThread "jar transforms Thread 567" [_thread_blocked, id=10524, stack(0x000000002a4b0000,0x000000002a5b0000)]
  0x000000001d40a800 JavaThread "jar transforms Thread 566" [_thread_blocked, id=3880, stack(0x000000002a3b0000,0x000000002a4b0000)]
  0x000000001d40a000 JavaThread "jar transforms Thread 565" [_thread_blocked, id=2856, stack(0x000000002a2b0000,0x000000002a3b0000)]
  0x000000001d409000 JavaThread "jar transforms Thread 564" [_thread_blocked, id=15556, stack(0x000000002a1b0000,0x000000002a2b0000)]
  0x000000001d408800 JavaThread "jar transforms Thread 563" [_thread_blocked, id=18180, stack(0x000000002a0b0000,0x000000002a1b0000)]
  0x000000001d401000 JavaThread "jar transforms Thread 562" [_thread_blocked, id=7500, stack(0x0000000029fb0000,0x000000002a0b0000)]
  0x000000001d406000 JavaThread "jar transforms Thread 561" [_thread_blocked, id=5988, stack(0x0000000029eb0000,0x0000000029fb0000)]
  0x000000001d405800 JavaThread "jar transforms Thread 560" [_thread_blocked, id=12780, stack(0x0000000029db0000,0x0000000029eb0000)]
  0x000000001d403000 JavaThread "jar transforms Thread 559" [_thread_blocked, id=8836, stack(0x0000000029cb0000,0x0000000029db0000)]
  0x000000001d407000 JavaThread "jar transforms Thread 558" [_thread_blocked, id=15032, stack(0x0000000029bb0000,0x0000000029cb0000)]
  0x000000001d402800 JavaThread "jar transforms Thread 557" [_thread_blocked, id=16768, stack(0x0000000029ab0000,0x0000000029bb0000)]
  0x000000001d407800 JavaThread "jar transforms Thread 556" [_thread_blocked, id=13004, stack(0x00000000299b0000,0x0000000029ab0000)]
  0x000000001d404800 JavaThread "jar transforms Thread 555" [_thread_blocked, id=13656, stack(0x00000000298b0000,0x00000000299b0000)]
  0x000000001d3fe800 JavaThread "jar transforms Thread 554" [_thread_blocked, id=6892, stack(0x00000000297b0000,0x00000000298b0000)]
  0x000000001d400000 JavaThread "jar transforms Thread 553" [_thread_blocked, id=2356, stack(0x00000000296b0000,0x00000000297b0000)]
  0x000000001d401800 JavaThread "jar transforms Thread 552" [_thread_blocked, id=12180, stack(0x00000000295b0000,0x00000000296b0000)]
  0x000000001f7bd800 JavaThread "jar transforms Thread 551" [_thread_blocked, id=15336, stack(0x00000000294b0000,0x00000000295b0000)]
  0x000000001f7bc800 JavaThread "jar transforms Thread 550" [_thread_blocked, id=9516, stack(0x00000000293b0000,0x00000000294b0000)]
  0x000000001f7be000 JavaThread "jar transforms Thread 549" [_thread_blocked, id=17192, stack(0x00000000292b0000,0x00000000293b0000)]
  0x000000001f7bb000 JavaThread "jar transforms Thread 548" [_thread_blocked, id=8620, stack(0x00000000291b0000,0x00000000292b0000)]
  0x000000001f7ba800 JavaThread "jar transforms Thread 547" [_thread_blocked, id=10016, stack(0x00000000290b0000,0x00000000291b0000)]
  0x000000001f7bc000 JavaThread "jar transforms Thread 546" [_thread_blocked, id=1532, stack(0x0000000028fb0000,0x00000000290b0000)]
  0x000000001f7b9000 JavaThread "jar transforms Thread 545" [_thread_blocked, id=8668, stack(0x0000000028eb0000,0x0000000028fb0000)]
  0x000000001f7b8000 JavaThread "jar transforms Thread 544" [_thread_blocked, id=9904, stack(0x0000000028db0000,0x0000000028eb0000)]
  0x000000001f7b0800 JavaThread "jar transforms Thread 543" [_thread_blocked, id=13464, stack(0x0000000028cb0000,0x0000000028db0000)]
  0x000000001f7b2000 JavaThread "jar transforms Thread 542" [_thread_blocked, id=9212, stack(0x0000000028bb0000,0x0000000028cb0000)]
  0x000000001f7b7800 JavaThread "jar transforms Thread 541" [_thread_blocked, id=5648, stack(0x00000000288b0000,0x00000000289b0000)]
  0x000000001f7b3800 JavaThread "jar transforms Thread 540" [_thread_blocked, id=15320, stack(0x00000000287b0000,0x00000000288b0000)]
  0x000000001f7b6800 JavaThread "jar transforms Thread 539" [_thread_blocked, id=14344, stack(0x00000000286b0000,0x00000000287b0000)]
  0x000000001f7b5000 JavaThread "jar transforms Thread 538" [_thread_blocked, id=18428, stack(0x00000000285b0000,0x00000000286b0000)]
  0x000000001f7b0000 JavaThread "jar transforms Thread 537" [_thread_blocked, id=11808, stack(0x00000000284b0000,0x00000000285b0000)]
  0x000000001f7b4800 JavaThread "jar transforms Thread 536" [_thread_blocked, id=10980, stack(0x00000000283b0000,0x00000000284b0000)]
  0x000000001f7b3000 JavaThread "jar transforms Thread 535" [_thread_blocked, id=6736, stack(0x00000000282b0000,0x00000000283b0000)]
  0x000000001f7af000 JavaThread "jar transforms Thread 534" [_thread_blocked, id=13516, stack(0x00000000281b0000,0x00000000282b0000)]
  0x000000001f7b6000 JavaThread "jar transforms Thread 533" [_thread_blocked, id=4316, stack(0x00000000280b0000,0x00000000281b0000)]
  0x000000001f7b1800 JavaThread "jar transforms Thread 532" [_thread_blocked, id=11520, stack(0x0000000027fb0000,0x00000000280b0000)]
  0x0000000032951000 JavaThread "jar transforms Thread 531" [_thread_blocked, id=5568, stack(0x0000000027eb0000,0x0000000027fb0000)]
  0x000000003294e000 JavaThread "jar transforms Thread 530" [_thread_blocked, id=16252, stack(0x0000000027db0000,0x0000000027eb0000)]
  0x000000003294f800 JavaThread "jar transforms Thread 529" [_thread_blocked, id=13020, stack(0x0000000027cb0000,0x0000000027db0000)]
  0x0000000032950800 JavaThread "jar transforms Thread 528" [_thread_blocked, id=14832, stack(0x0000000027bb0000,0x0000000027cb0000)]
  0x000000003294d800 JavaThread "jar transforms Thread 527" [_thread_blocked, id=1108, stack(0x0000000027ab0000,0x0000000027bb0000)]
  0x000000003294f000 JavaThread "jar transforms Thread 526" [_thread_blocked, id=16308, stack(0x00000000279b0000,0x0000000027ab0000)]
  0x000000003294c800 JavaThread "jar transforms Thread 525" [_thread_blocked, id=16640, stack(0x00000000278b0000,0x00000000279b0000)]
  0x0000000032946800 JavaThread "jar transforms Thread 524" [_thread_blocked, id=14104, stack(0x00000000277b0000,0x00000000278b0000)]
  0x0000000032945000 JavaThread "jar transforms Thread 523" [_thread_blocked, id=10412, stack(0x00000000276b0000,0x00000000277b0000)]
  0x000000003294c000 JavaThread "jar transforms Thread 522" [_thread_blocked, id=14044, stack(0x00000000275b0000,0x00000000276b0000)]
  0x0000000032944800 JavaThread "jar transforms Thread 521" [_thread_blocked, id=5600, stack(0x00000000274b0000,0x00000000275b0000)]
  0x0000000032949000 JavaThread "jar transforms Thread 520" [_thread_blocked, id=18796, stack(0x00000000273b0000,0x00000000274b0000)]
  0x0000000032949800 JavaThread "jar transforms Thread 519" [_thread_blocked, id=16480, stack(0x00000000272b0000,0x00000000273b0000)]
  0x0000000032946000 JavaThread "jar transforms Thread 518" [_thread_blocked, id=17612, stack(0x00000000271b0000,0x00000000272b0000)]
  0x000000003294b000 JavaThread "jar transforms Thread 517" [_thread_blocked, id=6656, stack(0x00000000270b0000,0x00000000271b0000)]
  0x0000000032943800 JavaThread "jar transforms Thread 516" [_thread_blocked, id=9520, stack(0x0000000026fb0000,0x00000000270b0000)]
  0x0000000032948000 JavaThread "jar transforms Thread 515" [_thread_blocked, id=8236, stack(0x0000000026eb0000,0x0000000026fb0000)]
  0x000000003294a800 JavaThread "jar transforms Thread 514" [_thread_blocked, id=14412, stack(0x0000000026db0000,0x0000000026eb0000)]
  0x0000000032942000 JavaThread "jar transforms Thread 513" [_thread_blocked, id=9012, stack(0x0000000026cb0000,0x0000000026db0000)]
  0x0000000032940800 JavaThread "jar transforms Thread 512" [_thread_blocked, id=6908, stack(0x0000000026bb0000,0x0000000026cb0000)]
  0x0000000032943000 JavaThread "jar transforms Thread 511" [_thread_blocked, id=4108, stack(0x0000000026ab0000,0x0000000026bb0000)]
  0x0000000032947800 JavaThread "jar transforms Thread 510" [_thread_blocked, id=18376, stack(0x00000000269b0000,0x0000000026ab0000)]
  0x000000003293e800 JavaThread "jar transforms Thread 509" [_thread_blocked, id=3500, stack(0x00000000268b0000,0x00000000269b0000)]
  0x000000003293f000 JavaThread "jar transforms Thread 508" [_thread_blocked, id=17692, stack(0x00000000267b0000,0x00000000268b0000)]
  0x0000000032940000 JavaThread "jar transforms Thread 507" [_thread_blocked, id=704, stack(0x00000000266b0000,0x00000000267b0000)]
  0x0000000032941800 JavaThread "jar transforms Thread 506" [_thread_blocked, id=8584, stack(0x00000000265b0000,0x00000000266b0000)]
  0x000000003293c000 JavaThread "jar transforms Thread 505" [_thread_blocked, id=8328, stack(0x00000000264b0000,0x00000000265b0000)]
  0x000000003293d800 JavaThread "jar transforms Thread 504" [_thread_blocked, id=10604, stack(0x00000000263b0000,0x00000000264b0000)]
  0x0000000032934800 JavaThread "jar transforms Thread 503" [_thread_blocked, id=17704, stack(0x00000000262b0000,0x00000000263b0000)]
  0x000000003293b800 JavaThread "jar transforms Thread 502" [_thread_blocked, id=2404, stack(0x00000000261b0000,0x00000000262b0000)]
  0x0000000032937000 JavaThread "jar transforms Thread 501" [_thread_blocked, id=14624, stack(0x00000000260b0000,0x00000000261b0000)]
  0x0000000032934000 JavaThread "jar transforms Thread 500" [_thread_blocked, id=5320, stack(0x0000000025fb0000,0x00000000260b0000)]
  0x0000000032935800 JavaThread "jar transforms Thread 499" [_thread_blocked, id=18048, stack(0x0000000025eb0000,0x0000000025fb0000)]
  0x0000000032937800 JavaThread "jar transforms Thread 498" [_thread_blocked, id=5116, stack(0x0000000025db0000,0x0000000025eb0000)]
  0x000000003293a800 JavaThread "jar transforms Thread 497" [_thread_blocked, id=16244, stack(0x0000000025cb0000,0x0000000025db0000)]
  0x0000000032938800 JavaThread "jar transforms Thread 496" [_thread_blocked, id=1800, stack(0x0000000025bb0000,0x0000000025cb0000)]
  0x0000000032933000 JavaThread "jar transforms Thread 495" [_thread_blocked, id=16932, stack(0x0000000025ab0000,0x0000000025bb0000)]
  0x000000003293a000 JavaThread "jar transforms Thread 494" [_thread_blocked, id=6024, stack(0x00000000259b0000,0x0000000025ab0000)]
  0x000000003296b000 JavaThread "jar transforms Thread 493" [_thread_blocked, id=7820, stack(0x00000000258b0000,0x00000000259b0000)]
  0x0000000032971000 JavaThread "jar transforms Thread 492" [_thread_blocked, id=10072, stack(0x00000000257b0000,0x00000000258b0000)]
  0x000000003296f800 JavaThread "jar transforms Thread 491" [_thread_blocked, id=1300, stack(0x00000000256b0000,0x00000000257b0000)]
  0x000000003296f000 JavaThread "jar transforms Thread 490" [_thread_blocked, id=16720, stack(0x00000000255b0000,0x00000000256b0000)]
  0x000000003296c000 JavaThread "jar transforms Thread 489" [_thread_blocked, id=17036, stack(0x00000000254b0000,0x00000000255b0000)]
  0x000000003296e000 JavaThread "jar transforms Thread 488" [_thread_blocked, id=15532, stack(0x0000000025230000,0x0000000025330000)]
  0x000000003296a800 JavaThread "jar transforms Thread 487" [_thread_blocked, id=9180, stack(0x0000000025130000,0x0000000025230000)]
  0x0000000032970800 JavaThread "jar transforms Thread 486" [_thread_blocked, id=4832, stack(0x0000000025030000,0x0000000025130000)]
  0x000000003295f000 JavaThread "jar transforms Thread 485" [_thread_blocked, id=16776, stack(0x0000000024f30000,0x0000000025030000)]
  0x0000000032965000 JavaThread "Build operations Thread 8" [_thread_blocked, id=18744, stack(0x0000000024c30000,0x0000000024d30000)]
  0x000000003295e800 JavaThread "Build operations Thread 7" [_thread_blocked, id=15420, stack(0x0000000024b30000,0x0000000024c30000)]
  0x000000003295d800 JavaThread "Build operations Thread 6" [_thread_blocked, id=3544, stack(0x0000000024a30000,0x0000000024b30000)]
  0x0000000032960800 JavaThread "Build operations Thread 5" [_thread_blocked, id=18340, stack(0x0000000024930000,0x0000000024a30000)]
  0x000000003295d000 JavaThread "Build operations Thread 4" [_thread_blocked, id=10732, stack(0x0000000024830000,0x0000000024930000)]
  0x000000003295c000 JavaThread "Build operations Thread 3" [_thread_blocked, id=16744, stack(0x0000000023060000,0x0000000023160000)]
  0x0000000032954800 JavaThread "Build operations Thread 2" [_thread_blocked, id=16636, stack(0x0000000022860000,0x0000000022960000)]
  0x0000000032957000 JavaThread "Build operations" [_thread_blocked, id=18068, stack(0x0000000022760000,0x0000000022860000)]
  0x000000003295b800 JavaThread "Cache worker for cache directory md-rule (C:\Users\user\.gradle\caches\6.5\md-rule)" [_thread_blocked, id=212, stack(0x000000001e960000,0x000000001ea60000)]
  0x000000003295a800 JavaThread "Cache worker for cache directory md-supplier (C:\Users\user\.gradle\caches\6.5\md-supplier)" [_thread_blocked, id=18320, stack(0x000000001e860000,0x000000001e960000)]
  0x0000000032952800 JavaThread "Cache worker for checksums cache (E:\AppWorks-School\PersonalProject\.gradle\checksums)" [_thread_blocked, id=3668, stack(0x000000001e760000,0x000000001e860000)]
  0x0000000032959000 JavaThread "Cache worker for file hash cache (E:\AppWorks-School\PersonalProject\.gradle\6.5\fileHashes)" [_thread_blocked, id=8368, stack(0x000000001e660000,0x000000001e760000)]
  0x0000000032958800 JavaThread "Thread-638" [_thread_blocked, id=5448, stack(0x000000001e560000,0x000000001e660000)]
  0x0000000032957800 JavaThread "Stdin handler" [_thread_blocked, id=7852, stack(0x000000001e360000,0x000000001e460000)]
  0x0000000032953000 JavaThread "Asynchronous log dispatcher for DefaultDaemonConnection: socket connection from /127.0.0.1:55447 to /127.0.0.1:57263" [_thread_blocked, id=19032, stack(0x000000001dcb0000,0x000000001ddb0000)]
  0x0000000032956000 JavaThread "Cancel handler" [_thread_blocked, id=18224, stack(0x0000000001600000,0x0000000001700000)]
  0x0000000032954000 JavaThread "Handler for socket connection from /127.0.0.1:55447 to /127.0.0.1:57263" [_thread_in_native, id=2208, stack(0x0000000001400000,0x0000000001500000)]
  0x0000000032966800 JavaThread "RMI TCP Connection(30)-127.0.0.1" daemon [_thread_in_native, id=17832, stack(0x0000000035fb0000,0x00000000360b0000)]
  0x000000001cee7000 JavaThread "Daemon worker Thread 4" [_thread_blocked, id=10472, stack(0x000000001ddb0000,0x000000001deb0000)]
  0x000000001cee4000 JavaThread "Daemon Thread 4" [_thread_blocked, id=6096, stack(0x0000000001500000,0x0000000001600000)]
  0x000000001ffaf800 JavaThread "RMI Reaper" [_thread_blocked, id=17100, stack(0x00000000310e0000,0x00000000311e0000)]
  0x000000001ffb3000 JavaThread "RMI TCP Accept-0" daemon [_thread_in_native, id=12392, stack(0x0000000030de0000,0x0000000030ee0000)]
  0x000000001ffab800 JavaThread "GC Daemon" daemon [_thread_blocked, id=18652, stack(0x0000000030ce0000,0x0000000030de0000)]
  0x000000001ffb0000 JavaThread "RMI Scheduler(0)" daemon [_thread_blocked, id=7908, stack(0x00000000300e0000,0x00000000301e0000)]
  0x000000001bbbc000 JavaThread "Memory manager" [_thread_blocked, id=4252, stack(0x000000002e000000,0x000000002e100000)]
  0x000000001cede800 JavaThread "Cache worker for file content cache (C:\Users\user\.gradle\caches\6.5\fileContent)" [_thread_blocked, id=14860, stack(0x0000000023160000,0x0000000023260000)]
  0x000000001a451800 JavaThread "Cache worker for execution history cache (C:\Users\user\.gradle\caches\6.5\executionHistory)" [_thread_blocked, id=7604, stack(0x0000000022960000,0x0000000022a60000)]
  0x000000001a455000 JavaThread "Cache worker for file hash cache (C:\Users\user\.gradle\caches\6.5\fileHashes)" [_thread_blocked, id=8168, stack(0x000000001ee60000,0x000000001ef60000)]
  0x000000001a456000 JavaThread "File lock request listener" [_thread_in_native, id=17300, stack(0x000000001ed60000,0x000000001ee60000)]
  0x000000001a56c000 JavaThread "Cache worker for journal cache (C:\Users\user\.gradle\caches\journal-1)" [_thread_blocked, id=8120, stack(0x000000001ec60000,0x000000001ed60000)]
  0x000000001cdf7000 JavaThread "Daemon periodic checks" [_thread_blocked, id=17784, stack(0x000000001e060000,0x000000001e160000)]
  0x000000001cdf5800 JavaThread "Incoming local TCP Connector on port 55447" [_thread_in_native, id=12592, stack(0x000000001deb0000,0x000000001dfb0000)]
  0x000000001cd20000 JavaThread "Daemon health stats" [_thread_blocked, id=17720, stack(0x000000001dbb0000,0x000000001dcb0000)]
  0x000000001a4d4800 JavaThread "Service Thread" daemon [_thread_blocked, id=17512, stack(0x000000001b010000,0x000000001b110000)]
  0x000000001a450000 JavaThread "C1 CompilerThread3" daemon [_thread_blocked, id=12256, stack(0x000000001af10000,0x000000001b010000)]
  0x000000001a448000 JavaThread "C2 CompilerThread2" daemon [_thread_blocked, id=8732, stack(0x000000001ae10000,0x000000001af10000)]
  0x000000001a443000 JavaThread "C2 CompilerThread1" daemon [_thread_blocked, id=15496, stack(0x000000001ad10000,0x000000001ae10000)]
  0x000000001a43c000 JavaThread "C2 CompilerThread0" daemon [_thread_blocked, id=18956, stack(0x000000001ac10000,0x000000001ad10000)]
  0x000000001a3e8800 JavaThread "Attach Listener" daemon [_thread_blocked, id=18936, stack(0x000000001ab10000,0x000000001ac10000)]
  0x000000001a3e7800 JavaThread "Signal Dispatcher" daemon [_thread_blocked, id=4408, stack(0x000000001aa10000,0x000000001ab10000)]
  0x000000001a3d1000 JavaThread "Finalizer" daemon [_thread_blocked, id=15696, stack(0x000000001a8b0000,0x000000001a9b0000)]
  0x000000001a3d0800 JavaThread "Reference Handler" daemon [_thread_blocked, id=18136, stack(0x000000001a7b0000,0x000000001a8b0000)]
  0x000000000185d800 JavaThread "main" [_thread_blocked, id=18808, stack(0x0000000003360000,0x0000000003460000)]

Other Threads:
  0x00000000185c8000 VMThread [stack: 0x000000001a2b0000,0x000000001a3b0000] [id=11308]
  0x000000001a4d5000 WatcherThread [stack: 0x000000001b110000,0x000000001b210000] [id=4496]

=>0x0000000003477000 (exited) GCTaskThread [stack: 0x0000000012fe0000,0x00000000130e0000] [id=14392]

VM state:at safepoint (normal execution)

VM Mutex/Monitor currently owned by a thread:  ([mutex/lock_event])
[0x000000000185cea0] Threads_lock - owner thread: 0x00000000185c8000
[0x000000000185caa0] Heap_lock - owner thread: 0x000000001ffb5800

heap address: 0x0000000080000000, size: 2048 MB, Compressed Oops mode: 32-bit
Narrow klass base: 0x0000000000000000, Narrow klass shift: 3
Compressed class space size: 1073741824 Address: 0x0000000100000000

Heap:
 PSYoungGen      total 465920K, used 146493K [0x00000000d5580000, 0x0000000100000000, 0x0000000100000000)
  eden space 232960K, 0% used [0x00000000d5580000,0x00000000d5580000,0x00000000e3900000)
  from space 232960K, 62% used [0x00000000f1c80000,0x00000000fab8f4f0,0x0000000100000000)
  to   space 232960K, 0% used [0x00000000e3900000,0x00000000e3900000,0x00000000f1c80000)
 ParOldGen       total 667136K, used 631072K [0x0000000080000000, 0x00000000a8b80000, 0x00000000d5580000)
  object space 667136K, 94% used [0x0000000080000000,0x00000000a68482e0,0x00000000a8b80000)
 Metaspace       used 131260K, capacity 137446K, committed 137560K, reserved 1169408K
  class space    used 16096K, capacity 17266K, committed 17280K, reserved 1048576K

Card table byte_map: [0x0000000012920000,0x0000000012d30000] byte_map_base: 0x0000000012520000

Marking Bits: (ParMarkBitMap*) 0x00000000636ff030
 Begin Bits: [0x00000000137e0000, 0x00000000157e0000)
 End Bits:   [0x00000000157e0000, 0x00000000177e0000)

Polling page: 0x00000000012f0000

CodeCache: size=245760Kb used=90220Kb max_used=90265Kb free=155539Kb
 bounds [0x0000000003560000, 0x0000000008e30000, 0x0000000012560000]
 total_blobs=25578 nmethods=24627 adapters=860
 compilation: enabled

Compilation events (10 events):
Event: 3787.186 Thread 0x000000001a450000 nmethod 32950 0x0000000005112e50 code [0x0000000005112fc0, 0x00000000051131e8]
Event: 3787.188 Thread 0x000000001a450000 32951       3       com.google.gson.stream.JsonReader::nextNull (81 bytes)
Event: 3787.190 Thread 0x000000001a450000 nmethod 32951 0x000000000514c1d0 code [0x000000000514c400, 0x000000000514d1f8]
Event: 3787.193 Thread 0x000000001a450000 32952   !   3       com.google.gson.internal.ConstructorConstructor$3::construct (98 bytes)
Event: 3787.195 Thread 0x000000001a450000 nmethod 32952 0x000000000476a390 code [0x000000000476a6c0, 0x000000000476c058]
Event: 3787.199 Thread 0x000000001a450000 32953       3       android.databinding.tool.store.SetterStore$AccessorKey::compareTo (9 bytes)
Event: 3787.200 Thread 0x000000001a450000 nmethod 32953 0x00000000061fbd90 code [0x00000000061fbf60, 0x00000000061fc7f8]
Event: 3787.223 Thread 0x000000001a43c000 nmethod 32955 0x00000000051a0f50 code [0x00000000051a11c0, 0x00000000051a2078]
Event: 3787.235 Thread 0x000000001a448000 nmethod 32954 0x000000000697c350 code [0x000000000697c600, 0x000000000697d4d8]
Event: 3787.374 Thread 0x000000001a443000 nmethod 32911 0x0000000008e055d0 code [0x0000000008e060c0, 0x0000000008e0e5d8]

GC Heap History (10 events):
Event: 3780.271 GC heap after
Heap after GC invocations=45 (full 5):
 PSYoungGen      total 530432K, used 28897K [0x00000000d5580000, 0x00000000fe880000, 0x0000000100000000)
  eden space 394240K, 0% used [0x00000000d5580000,0x00000000d5580000,0x00000000ed680000)
  from space 136192K, 21% used [0x00000000f6380000,0x00000000f7fb8600,0x00000000fe880000)
  to   space 140288K, 0% used [0x00000000ed680000,0x00000000ed680000,0x00000000f5f80000)
 ParOldGen       total 667136K, used 392502K [0x0000000080000000, 0x00000000a8b80000, 0x00000000d5580000)
  object space 667136K, 58% used [0x0000000080000000,0x0000000097f4db40,0x00000000a8b80000)
 Metaspace       used 122733K, capacity 128736K, committed 128984K, reserved 1161216K
  class space    used 15153K, capacity 16295K, committed 16384K, reserved 1048576K
}
Event: 3781.992 GC heap before
{Heap before GC invocations=46 (full 5):
 PSYoungGen      total 530432K, used 423137K [0x00000000d5580000, 0x00000000fe880000, 0x0000000100000000)
  eden space 394240K, 100% used [0x00000000d5580000,0x00000000ed680000,0x00000000ed680000)
  from space 136192K, 21% used [0x00000000f6380000,0x00000000f7fb8600,0x00000000fe880000)
  to   space 140288K, 0% used [0x00000000ed680000,0x00000000ed680000,0x00000000f5f80000)
 ParOldGen       total 667136K, used 392502K [0x0000000080000000, 0x00000000a8b80000, 0x00000000d5580000)
  object space 667136K, 58% used [0x0000000080000000,0x0000000097f4db40,0x00000000a8b80000)
 Metaspace       used 124621K, capacity 130662K, committed 130904K, reserved 1163264K
  class space    used 15296K, capacity 16424K, committed 16512K, reserved 1048576K
Event: 3782.224 GC heap after
Heap after GC invocations=46 (full 5):
 PSYoungGen      total 534528K, used 140274K [0x00000000d5580000, 0x0000000100000000, 0x0000000100000000)
  eden space 394240K, 0% used [0x00000000d5580000,0x00000000d5580000,0x00000000ed680000)
  from space 140288K, 99% used [0x00000000ed680000,0x00000000f5f7caf8,0x00000000f5f80000)
  to   space 164352K, 0% used [0x00000000f5f80000,0x00000000f5f80000,0x0000000100000000)
 ParOldGen       total 667136K, used 422351K [0x0000000080000000, 0x00000000a8b80000, 0x00000000d5580000)
  object space 667136K, 63% used [0x0000000080000000,0x0000000099c73cc0,0x00000000a8b80000)
 Metaspace       used 124621K, capacity 130662K, committed 130904K, reserved 1163264K
  class space    used 15296K, capacity 16424K, committed 16512K, reserved 1048576K
}
Event: 3783.572 GC heap before
{Heap before GC invocations=47 (full 5):
 PSYoungGen      total 534528K, used 534514K [0x00000000d5580000, 0x0000000100000000, 0x0000000100000000)
  eden space 394240K, 100% used [0x00000000d5580000,0x00000000ed680000,0x00000000ed680000)
  from space 140288K, 99% used [0x00000000ed680000,0x00000000f5f7caf8,0x00000000f5f80000)
  to   space 164352K, 0% used [0x00000000f5f80000,0x00000000f5f80000,0x0000000100000000)
 ParOldGen       total 667136K, used 422351K [0x0000000080000000, 0x00000000a8b80000, 0x00000000d5580000)
  object space 667136K, 63% used [0x0000000080000000,0x0000000099c73cc0,0x00000000a8b80000)
 Metaspace       used 126781K, capacity 132876K, committed 133208K, reserved 1165312K
  class space    used 15550K, capacity 16689K, committed 16768K, reserved 1048576K
Event: 3783.916 GC heap after
Heap after GC invocations=47 (full 5):
 PSYoungGen      total 397312K, used 164336K [0x00000000d5580000, 0x0000000100000000, 0x0000000100000000)
  eden space 232960K, 0% used [0x00000000d5580000,0x00000000d5580000,0x00000000e3900000)
  from space 164352K, 99% used [0x00000000f5f80000,0x00000000ffffc240,0x0000000100000000)
  to   space 232960K, 0% used [0x00000000e3900000,0x00000000e3900000,0x00000000f1c80000)
 ParOldGen       total 667136K, used 537733K [0x0000000080000000, 0x00000000a8b80000, 0x00000000d5580000)
  object space 667136K, 80% used [0x0000000080000000,0x00000000a0d21790,0x00000000a8b80000)
 Metaspace       used 126781K, capacity 132876K, committed 133208K, reserved 1165312K
  class space    used 15550K, capacity 16689K, committed 16768K, reserved 1048576K
}
Event: 3785.838 GC heap before
{Heap before GC invocations=48 (full 5):
 PSYoungGen      total 397312K, used 396778K [0x00000000d5580000, 0x0000000100000000, 0x0000000100000000)
  eden space 232960K, 99% used [0x00000000d5580000,0x00000000e387e900,0x00000000e3900000)
  from space 164352K, 99% used [0x00000000f5f80000,0x00000000ffffc240,0x0000000100000000)
  to   space 232960K, 0% used [0x00000000e3900000,0x00000000e3900000,0x00000000f1c80000)
 ParOldGen       total 667136K, used 537733K [0x0000000080000000, 0x00000000a8b80000, 0x00000000d5580000)
  object space 667136K, 80% used [0x0000000080000000,0x00000000a0d21790,0x00000000a8b80000)
 Metaspace       used 130879K, capacity 137004K, committed 137304K, reserved 1169408K
  class space    used 16067K, capacity 17229K, committed 17280K, reserved 1048576K
Event: 3786.132 GC heap after
Heap after GC invocations=48 (full 5):
 PSYoungGen      total 465920K, used 188248K [0x00000000d5580000, 0x0000000100000000, 0x0000000100000000)
  eden space 232960K, 0% used [0x00000000d5580000,0x00000000d5580000,0x00000000e3900000)
  from space 232960K, 80% used [0x00000000e3900000,0x00000000ef0d61d0,0x00000000f1c80000)
  to   space 232960K, 0% used [0x00000000f1c80000,0x00000000f1c80000,0x0000000100000000)
 ParOldGen       total 667136K, used 542987K [0x0000000080000000, 0x00000000a8b80000, 0x00000000d5580000)
  object space 667136K, 81% used [0x0000000080000000,0x00000000a1242f88,0x00000000a8b80000)
 Metaspace       used 130879K, capacity 137004K, committed 137304K, reserved 1169408K
  class space    used 16067K, capacity 17229K, committed 17280K, reserved 1048576K
}
Event: 3787.412 GC heap before
{Heap before GC invocations=49 (full 5):
 PSYoungGen      total 465920K, used 421208K [0x00000000d5580000, 0x0000000100000000, 0x0000000100000000)
  eden space 232960K, 100% used [0x00000000d5580000,0x00000000e3900000,0x00000000e3900000)
  from space 232960K, 80% used [0x00000000e3900000,0x00000000ef0d61d0,0x00000000f1c80000)
  to   space 232960K, 0% used [0x00000000f1c80000,0x00000000f1c80000,0x0000000100000000)
 ParOldGen       total 667136K, used 542987K [0x0000000080000000, 0x00000000a8b80000, 0x00000000d5580000)
  object space 667136K, 81% used [0x0000000080000000,0x00000000a1242f88,0x00000000a8b80000)
 Metaspace       used 131260K, capacity 137446K, committed 137560K, reserved 1169408K
  class space    used 16096K, capacity 17266K, committed 17280K, reserved 1048576K
Event: 3787.738 GC heap after
Heap after GC invocations=49 (full 5):
 PSYoungGen      total 465920K, used 146493K [0x00000000d5580000, 0x0000000100000000, 0x0000000100000000)
  eden space 232960K, 0% used [0x00000000d5580000,0x00000000d5580000,0x00000000e3900000)
  from space 232960K, 62% used [0x00000000f1c80000,0x00000000fab8f4f0,0x0000000100000000)
  to   space 232960K, 0% used [0x00000000e3900000,0x00000000e3900000,0x00000000f1c80000)
 ParOldGen       total 667136K, used 631072K [0x0000000080000000, 0x00000000a8b80000, 0x00000000d5580000)
  object space 667136K, 94% used [0x0000000080000000,0x00000000a68482e0,0x00000000a8b80000)
 Metaspace       used 131260K, capacity 137446K, committed 137560K, reserved 1169408K
  class space    used 16096K, capacity 17266K, committed 17280K, reserved 1048576K
}
Event: 3787.738 GC heap before
{Heap before GC invocations=50 (full 6):
 PSYoungGen      total 465920K, used 146493K [0x00000000d5580000, 0x0000000100000000, 0x0000000100000000)
  eden space 232960K, 0% used [0x00000000d5580000,0x00000000d5580000,0x00000000e3900000)
  from space 232960K, 62% used [0x00000000f1c80000,0x00000000fab8f4f0,0x0000000100000000)
  to   space 232960K, 0% used [0x00000000e3900000,0x00000000e3900000,0x00000000f1c80000)
 ParOldGen       total 667136K, used 631072K [0x0000000080000000, 0x00000000a8b80000, 0x00000000d5580000)
  object space 667136K, 94% used [0x0000000080000000,0x00000000a68482e0,0x00000000a8b80000)
 Metaspace       used 131260K, capacity 137446K, committed 137560K, reserved 1169408K
  class space    used 16096K, capacity 17266K, committed 17280K, reserved 1048576K

Deoptimization events (10 events):
Event: 3782.753 Thread 0x000000001cee8800 Uncommon trap: reason=unstable_if action=reinterpret pc=0x0000000008a5744c method=java.util.concurrent.ForkJoinPool.signalWork([Ljava/util/concurrent/ForkJoinPool$WorkQueue;Ljava/util/concurrent/ForkJoinPool$WorkQueue;)V @ 117
Event: 3782.841 Thread 0x000000001ceea000 Uncommon trap: reason=unstable_if action=reinterpret pc=0x0000000008a75428 method=java.util.concurrent.ForkJoinPool.externalPush(Ljava/util/concurrent/ForkJoinTask;)V @ 103
Event: 3782.895 Thread 0x000000001ceea000 Uncommon trap: reason=unstable_if action=reinterpret pc=0x0000000008a68aa4 method=java.util.concurrent.ForkJoinTask.externalInterruptibleAwaitDone()I @ 20
Event: 3783.405 Thread 0x000000001cee9000 Uncommon trap: reason=unstable_if action=reinterpret pc=0x0000000008a4c988 method=com.google.gson.stream.JsonReader.nextNonWhitespace(Z)I @ 61
Event: 3785.650 Thread 0x000000001cee9000 Uncommon trap: reason=unstable_if action=reinterpret pc=0x0000000008bac720 method=kotlin.jvm.internal.Intrinsics.areEqual(Ljava/lang/Object;Ljava/lang/Object;)Z @ 5
Event: 3786.277 Thread 0x000000001ceea000 Uncommon trap: reason=unstable_if action=reinterpret pc=0x0000000008a61b68 method=java.util.concurrent.ForkJoinTask.externalInterruptibleAwaitDone()I @ 20
Event: 3786.277 Thread 0x000000001ffb7000 Uncommon trap: reason=class_check action=maybe_recompile pc=0x0000000008a6f64c method=java.util.concurrent.ForkJoinTask$AdaptedCallable.exec()Z @ 5
Event: 3786.277 Thread 0x000000001cee8800 Uncommon trap: reason=class_check action=maybe_recompile pc=0x0000000008a6f64c method=java.util.concurrent.ForkJoinTask$AdaptedCallable.exec()Z @ 5
Event: 3786.277 Thread 0x000000001ffb5800 Uncommon trap: reason=class_check action=maybe_recompile pc=0x0000000008a6f64c method=java.util.concurrent.ForkJoinTask$AdaptedCallable.exec()Z @ 5
Event: 3786.403 Thread 0x000000001cee9000 Uncommon trap: reason=class_check action=maybe_recompile pc=0x0000000007f21a94 method=com.sun.tools.javac.util.ListBuffer.next()Ljava/lang/Object; @ 12

Classes redefined (0 events):
No events

Internal exceptions (10 events):
Event: 3781.568 Thread 0x000000001cee9000 Exception <a 'java/security/PrivilegedActionException'> (0x00000000e638e058) thrown at [C:\src\AOSP-openjdk-git\hotspot\src\share\vm\prims\jvm.cpp, line 1502]
Event: 3781.568 Thread 0x000000001cee9000 Exception <a 'java/security/PrivilegedActionException'> (0x00000000e64fbbd0) thrown at [C:\src\AOSP-openjdk-git\hotspot\src\share\vm\prims\jvm.cpp, line 1502]
Event: 3781.568 Thread 0x000000001cee9000 Exception <a 'java/security/PrivilegedActionException'> (0x00000000e64fc1b0) thrown at [C:\src\AOSP-openjdk-git\hotspot\src\share\vm\prims\jvm.cpp, line 1502]
Event: 3781.568 Thread 0x000000001cee9000 Exception <a 'java/security/PrivilegedActionException'> (0x00000000e64fdd28) thrown at [C:\src\AOSP-openjdk-git\hotspot\src\share\vm\prims\jvm.cpp, line 1502]
Event: 3781.568 Thread 0x000000001cee9000 Exception <a 'java/security/PrivilegedActionException'> (0x00000000e64fe308) thrown at [C:\src\AOSP-openjdk-git\hotspot\src\share\vm\prims\jvm.cpp, line 1502]
Event: 3781.569 Thread 0x000000001cee9000 Exception <a 'java/security/PrivilegedActionException'> (0x00000000e64fff50) thrown at [C:\src\AOSP-openjdk-git\hotspot\src\share\vm\prims\jvm.cpp, line 1502]
Event: 3781.569 Thread 0x000000001cee9000 Exception <a 'java/security/PrivilegedActionException'> (0x00000000e6500530) thrown at [C:\src\AOSP-openjdk-git\hotspot\src\share\vm\prims\jvm.cpp, line 1502]
Event: 3781.569 Thread 0x000000001cee9000 Exception <a 'java/security/PrivilegedActionException'> (0x00000000e6502268) thrown at [C:\src\AOSP-openjdk-git\hotspot\src\share\vm\prims\jvm.cpp, line 1502]
Event: 3781.569 Thread 0x000000001cee9000 Exception <a 'java/security/PrivilegedActionException'> (0x00000000e6502848) thrown at [C:\src\AOSP-openjdk-git\hotspot\src\share\vm\prims\jvm.cpp, line 1502]
Event: 3783.547 Thread 0x000000001cee9000 Exception <a 'java/lang/NullPointerException'> (0x00000000ed494100) thrown at [C:\src\AOSP-openjdk-git\hotspot\src\share\vm\interpreter\linkResolver.cpp, line 1287]

Events (10 events):
Event: 3787.185 Thread 0x000000001a450000 flushing nmethod 0x00000000051e5650
Event: 3787.185 Thread 0x000000001a450000 flushing nmethod 0x0000000005247f50
Event: 3787.186 Thread 0x000000001a450000 flushing nmethod 0x0000000005368790
Event: 3787.191 Thread 0x000000001a450000 flushing nmethod 0x00000000059e66d0
Event: 3787.202 Thread 0x000000001a450000 flushing nmethod 0x00000000066e9e90
Event: 3787.224 Thread 0x000000001a43c000 flushing nmethod 0x0000000006935810
Event: 3787.224 Thread 0x000000001a43c000 flushing nmethod 0x000000000697b5d0
Event: 3787.227 Thread 0x000000001a43c000 flushing nmethod 0x0000000006e4dfd0
Event: 3787.236 Thread 0x000000001a448000 flushing nmethod 0x0000000007209090
Event: 3787.412 Executing VM operation: ParallelGCFailedAllocation


Dynamic libraries:
0x00007ff7d7030000 - 0x00007ff7d7061000 	C:\Program Files\Android\Android Studio\jre\bin\java.exe
0x00007ff844230000 - 0x00007ff844425000 	C:\WINDOWS\SYSTEM32\ntdll.dll
0x00007ff842a50000 - 0x00007ff842b0d000 	C:\WINDOWS\System32\KERNEL32.DLL
0x00007ff841db0000 - 0x00007ff842079000 	C:\WINDOWS\System32\KERNELBASE.dll
0x00007ff843490000 - 0x00007ff84353c000 	C:\WINDOWS\System32\ADVAPI32.dll
0x00007ff842b10000 - 0x00007ff842bae000 	C:\WINDOWS\System32\msvcrt.dll
0x00007ff843f10000 - 0x00007ff843fac000 	C:\WINDOWS\System32\sechost.dll
0x00007ff842420000 - 0x00007ff84254b000 	C:\WINDOWS\System32\RPCRT4.dll
0x00007ff8430d0000 - 0x00007ff843270000 	C:\WINDOWS\System32\USER32.dll
0x00007ff841a80000 - 0x00007ff841aa2000 	C:\WINDOWS\System32\win32u.dll
0x00007ff843450000 - 0x00007ff84347a000 	C:\WINDOWS\System32\GDI32.dll
0x00007ff842080000 - 0x00007ff84218b000 	C:\WINDOWS\System32\gdi32full.dll
0x00007ff841c90000 - 0x00007ff841d2d000 	C:\WINDOWS\System32\msvcp_win.dll
0x00007ff842190000 - 0x00007ff842290000 	C:\WINDOWS\System32\ucrtbase.dll
0x00007ff840d90000 - 0x00007ff84102a000 	C:\WINDOWS\WinSxS\amd64_microsoft.windows.common-controls_6595b64144ccf1df_6.0.19041.844_none_ca00b6081b84eb1d\COMCTL32.dll
0x00007ff842550000 - 0x00007ff842580000 	C:\WINDOWS\System32\IMM32.DLL
0x0000000063b40000 - 0x0000000063c12000 	C:\Program Files\Android\Android Studio\jre\jre\bin\msvcr100.dll
0x0000000062f30000 - 0x000000006377b000 	C:\Program Files\Android\Android Studio\jre\jre\bin\server\jvm.dll
0x00007ff842340000 - 0x00007ff842348000 	C:\WINDOWS\System32\PSAPI.DLL
0x00007ff831940000 - 0x00007ff831949000 	C:\WINDOWS\SYSTEM32\WSOCK32.dll
0x00007ff8367a0000 - 0x00007ff8367c7000 	C:\WINDOWS\SYSTEM32\WINMM.dll
0x00007ff838050000 - 0x00007ff83805a000 	C:\WINDOWS\SYSTEM32\VERSION.dll
0x00007ff844180000 - 0x00007ff8441eb000 	C:\WINDOWS\System32\WS2_32.dll
0x00007ff83f610000 - 0x00007ff83f61f000 	C:\Program Files\Android\Android Studio\jre\jre\bin\verify.dll
0x00007ff83f5e0000 - 0x00007ff83f609000 	C:\Program Files\Android\Android Studio\jre\jre\bin\java.dll
0x00007ff834210000 - 0x00007ff834226000 	C:\Program Files\Android\Android Studio\jre\jre\bin\zip.dll
0x00007ff843540000 - 0x00007ff843c82000 	C:\WINDOWS\System32\SHELL32.dll
0x00007ff83ee00000 - 0x00007ff83f590000 	C:\WINDOWS\SYSTEM32\windows.storage.dll
0x00007ff842bb0000 - 0x00007ff842f05000 	C:\WINDOWS\System32\combase.dll
0x00007ff840cf0000 - 0x00007ff840d1c000 	C:\WINDOWS\SYSTEM32\Wldp.dll
0x00007ff842290000 - 0x00007ff84233e000 	C:\WINDOWS\System32\SHCORE.dll
0x00007ff843270000 - 0x00007ff8432c5000 	C:\WINDOWS\System32\shlwapi.dll
0x00007ff8418b0000 - 0x00007ff8418cf000 	C:\WINDOWS\SYSTEM32\profapi.dll
0x00007ff8338d0000 - 0x00007ff8338ea000 	C:\Program Files\Android\Android Studio\jre\jre\bin\net.dll
0x00007ff840a60000 - 0x00007ff840aca000 	C:\WINDOWS\system32\mswsock.dll
0x00007ff8338b0000 - 0x00007ff8338c3000 	C:\Program Files\Android\Android Studio\jre\jre\bin\nio.dll
0x00007ff831a40000 - 0x00007ff831a67000 	C:\Users\user\.gradle\native\f6784746aeab05261644944871eae4fe03e0ef1612fff0a4a95f87b438bc6780\windows-amd64\native-platform.dll
0x00007ff83f5d0000 - 0x00007ff83f5dd000 	C:\Program Files\Android\Android Studio\jre\jre\bin\management.dll
0x00007ff841700000 - 0x00007ff841718000 	C:\WINDOWS\SYSTEM32\CRYPTSP.dll
0x00007ff840430000 - 0x00007ff840464000 	C:\WINDOWS\system32\rsaenh.dll
0x00007ff841c10000 - 0x00007ff841c37000 	C:\WINDOWS\System32\bcrypt.dll
0x00007ff841870000 - 0x00007ff84189e000 	C:\WINDOWS\SYSTEM32\USERENV.dll
0x00007ff841d30000 - 0x00007ff841db0000 	C:\WINDOWS\System32\bcryptprimitives.dll
0x00007ff840ce0000 - 0x00007ff840cec000 	C:\WINDOWS\SYSTEM32\CRYPTBASE.dll
0x00007ff840760000 - 0x00007ff84079b000 	C:\WINDOWS\SYSTEM32\IPHLPAPI.DLL
0x00007ff8430c0000 - 0x00007ff8430c8000 	C:\WINDOWS\System32\NSI.dll
0x00007ff838670000 - 0x00007ff838687000 	C:\WINDOWS\SYSTEM32\dhcpcsvc6.DLL
0x00007ff838ef0000 - 0x00007ff838f0d000 	C:\WINDOWS\SYSTEM32\dhcpcsvc.DLL
0x00007ff8407a0000 - 0x00007ff84086b000 	C:\WINDOWS\SYSTEM32\DNSAPI.dll
0x00007ff839ae0000 - 0x00007ff839aeb000 	C:\WINDOWS\SYSTEM32\WINNSI.DLL
0x00007ff8044d0000 - 0x00007ff8044ee000 	C:\Users\user\AppData\Local\Temp\native-platform3321135722186856296dir\native-platform.dll
0x00007ff8416c0000 - 0x00007ff8416f3000 	C:\WINDOWS\SYSTEM32\ntmarta.dll
0x00007ff8413a0000 - 0x00007ff841584000 	C:\WINDOWS\SYSTEM32\dbghelp.dll

VM Arguments:
jvm_args: -Xmx2048m -Dfile.encoding=UTF-8 -Duser.country=TW -Duser.language=zh -Duser.variant 
java_command: org.gradle.launcher.daemon.bootstrap.GradleDaemon 6.5
java_class_path (initial): C:\Users\user\.gradle\wrapper\dists\gradle-6.5-bin\6nifqtx7604sqp1q6g8wikw7p\gradle-6.5\lib\gradle-launcher-6.5.jar
Launcher Type: SUN_STANDARD

Environment Variables:
PATH=C:\Program Files (x86)\Common Files\Oracle\Java\javapath;C:\WINDOWS\system32;C:\WINDOWS;C:\WINDOWS\System32\Wbem;C:\WINDOWS\System32\WindowsPowerShell\v1.0\;C:\WINDOWS\System32\OpenSSH\;C:\Program Files\dotnet\;C:\Program Files\Microsoft SQL Server\130\Tools\Binn\;C:\Program Files\Microsoft SQL Server\Client SDK\ODBC\170\Tools\Binn\;C:\Program Files\Git\cmd;C:\Users\user\AppData\Local\Microsoft\WindowsApps;C:\Users\user\.dotnet\tools;C:\Users\user\AppData\Local\Programs\Microsoft VS Code\bin
USERNAME=user
OS=Windows_NT
PROCESSOR_IDENTIFIER=Intel64 Family 6 Model 60 Stepping 3, GenuineIntel



---------------  S Y S T E M  ---------------

OS: Windows 10.0 , 64 bit Build 19041 (10.0.19041.804)

CPU:total 8 (initial active 8) (4 cores per cpu, 2 threads per core) family 6 model 60 stepping 3, cmov, cx8, fxsr, mmx, sse, sse2, sse3, ssse3, sse4.1, sse4.2, popcnt, avx, avx2, aes, clmul, erms, lzcnt, ht, tsc, tscinvbit, bmi1, bmi2

Memory: 4k page, physical 16614588k(2841484k free), swap 27624636k(7507104k free)

vm_info: OpenJDK 64-Bit Server VM (25.242-b01) for windows-amd64 JRE (1.8.0_242-release-1644-b01), built by "builder" with MS VC++ 10.0 (VS2010)

time: Tue Jun 08 00:30:14 2021
timezone: x_
elapsed time: 3788 seconds (0d 1h 3m 8s)

