#
# A fatal error has been detected by the Java Runtime Environment:
#
#  EXCEPTION_ACCESS_VIOLATION (0xc0000005) at pc=0x000000000329816f, pid=4556, tid=0x0000000000002ffc
#
# JRE version: OpenJDK Runtime Environment (8.0_242-b01) (build 1.8.0_242-release-1644-b01)
# Java VM: OpenJDK 64-Bit Server VM (25.242-b01 mixed mode windows-amd64 compressed oops)
# Problematic frame:
# v  ~BufferBlob::vtable chunks
#
# Failed to write core dump. Minidumps are not enabled by default on client versions of Windows
#
# If you would like to submit a bug report, please visit:
#   
#

---------------  T H R E A D  ---------------

Current thread (0x000000002106f000):  JavaThread "WorkerExecutor Queue" [_thread_in_Java, id=12284, stack(0x00000000342e0000,0x00000000343e0000)]

siginfo: ExceptionCode=0xc0000005, reading address 0x0000000140ba09d0

Registers:
RAX=0x0000000140ba0790, RBX=0x000000003156dc90, RCX=0x00000000deec5e48, RDX=0x000000009a526538
RSP=0x00000000343ddfc8, RBP=0x000000009a526538, RSI=0x0000000031d33998, RDI=0x0000000000000034
R8 =0x00000000d7d3d520, R9 =0x00000000fc5b6d58, R10=0x000000009a526538, R11=0x0000000000000039
R12=0x0000000000000000, R13=0x00000000df7dbdc8, R14=0x00000000d7d3d6c0, R15=0x000000002106f000
RIP=0x000000000329816f, EFLAGS=0x0000000000010206

Top of Stack: (sp=0x00000000343ddfc8)
0x00000000343ddfc8:   000000000636be60 0000001b9a526148
0x00000000343ddfd8:   00000000d7d3d520 00000000fc5b6d58
0x00000000343ddfe8:   000000009a526100 0000000000000039
0x00000000343ddff8:   000000009a526148 000000009a526538
0x00000000343de008:   000000006fefc246 00000000d7d3d6d0
0x00000000343de018:   00000000343de070 0000000000000002
0x00000000343de028:   00000000038d20c4 00000000ffffffff
0x00000000343de038:   00000000035d7e94 000000009a525e98
0x00000000343de048:   00000000068d8c70 0000000300000000
0x00000000343de058:   000000009a525e98 00000000d7d3d520
0x00000000343de068:   00000000fc5b6d58 fa3fe380fbef1d68
0x00000000343de078:   00000000d7d3d520 0000000300000004
0x00000000343de088:   00000000f7f4cc60 00000000f7f4cc60
0x00000000343de098:   0000000004bda268 f9a92af000000001
0x00000000343de0a8:   00000000f9a92af0 00000000df7db690
0x00000000343de0b8:   000000000325f830 0000000000000002 

Instructions: (pc=0x000000000329816f)
0x000000000329814f:   00 00 00 00 00 00 00 00 00 00 00 00 00 00 00 00
0x000000000329815f:   00 13 00 0e 00 00 00 01 00 8b 42 08 48 c1 e0 03
0x000000000329816f:   48 8b 98 40 02 00 00 ff 63 40 00 00 00 00 00 00
0x000000000329817f:   00 00 00 00 00 00 00 00 00 00 00 00 00 00 00 00 


Register to memory mapping:

RAX=0x0000000140ba0790 is an unknown value
RBX={method} {0x000000003156dc98} 'x' '()Z' in 'com/android/tools/r8/code/u1'
RCX=0x00000000deec5e48 is an oop
[Ljava.lang.Object; 
 - klass: 'java/lang/Object'[]
 - length: 65536
RDX=
[error occurred during error reporting (printing register info), id 0xc0000005]

Stack: [0x00000000342e0000,0x00000000343e0000],  sp=0x00000000343ddfc8,  free space=1015k
Native frames: (J=compiled Java code, j=interpreted, Vv=VM code, C=native code)
C  0x000000000329816f


---------------  P R O C E S S  ---------------

Java Threads: ( => current thread )
  0x000000002ecf6800 JavaThread "ForkJoinPool-5-worker-0" daemon [_thread_blocked, id=16548, stack(0x0000000036ae0000,0x0000000036be0000)]
  0x000000002ecf3800 JavaThread "ForkJoinPool-5-worker-7" daemon [_thread_blocked, id=18372, stack(0x0000000037060000,0x0000000037160000)]
  0x000000002ecf5000 JavaThread "ForkJoinPool-5-worker-6" daemon [_thread_blocked, id=7804, stack(0x0000000036f60000,0x0000000037060000)]
  0x000000002ecf6000 JavaThread "ForkJoinPool-5-worker-5" daemon [_thread_blocked, id=14528, stack(0x0000000036e60000,0x0000000036f60000)]
  0x000000002eceb000 JavaThread "ForkJoinPool-5-worker-4" daemon [_thread_blocked, id=2440, stack(0x0000000036d60000,0x0000000036e60000)]
  0x000000002ecf1800 JavaThread "ForkJoinPool-5-worker-3" daemon [_thread_blocked, id=14140, stack(0x0000000036c60000,0x0000000036d60000)]
  0x000000002ecf0800 JavaThread "ForkJoinPool-5-worker-2" daemon [_thread_blocked, id=8664, stack(0x0000000036470000,0x0000000036570000)]
  0x000000002ecf2000 JavaThread "ForkJoinPool-5-worker-1" daemon [_thread_blocked, id=19128, stack(0x00000000349e0000,0x0000000034ae0000)]
  0x000000002ecea800 JavaThread "WorkerExecutor Queue Thread 9" [_thread_blocked, id=940, stack(0x0000000036370000,0x0000000036470000)]
  0x000000002ecee800 JavaThread "WorkerExecutor Queue Thread 8" [_thread_blocked, id=10072, stack(0x0000000036270000,0x0000000036370000)]
  0x000000002ece9000 JavaThread "WorkerExecutor Queue Thread 7" [_thread_blocked, id=6580, stack(0x0000000036170000,0x0000000036270000)]
  0x000000002ecef000 JavaThread "WorkerExecutor Queue Thread 6" [_thread_blocked, id=10044, stack(0x0000000036070000,0x0000000036170000)]
  0x000000002ece9800 JavaThread "WorkerExecutor Queue Thread 5" [_thread_blocked, id=12264, stack(0x0000000034f40000,0x0000000035040000)]
  0x000000002eced800 JavaThread "WorkerExecutor Queue Thread 4" [_thread_in_Java, id=12028, stack(0x0000000034c10000,0x0000000034d10000)]
  0x000000001f6fb000 JavaThread "WorkerExecutor Queue Thread 3" [_thread_blocked, id=18076, stack(0x0000000034b10000,0x0000000034c10000)]
  0x0000000021072000 JavaThread "RMI TCP Connection(3)-127.0.0.1" daemon [_thread_in_native, id=7164, stack(0x00000000348e0000,0x00000000349e0000)]
  0x0000000021075000 JavaThread "RMI TCP Connection(4)-127.0.0.1" daemon [_thread_in_native, id=4860, stack(0x00000000347e0000,0x00000000348e0000)]
  0x0000000021074000 JavaThread "stdout" [_thread_in_native, id=10212, stack(0x00000000346e0000,0x00000000347e0000)]
  0x0000000021069000 JavaThread "stderr" [_thread_in_native, id=11756, stack(0x00000000345e0000,0x00000000346e0000)]
  0x000000002106f800 JavaThread "pool-5-thread-1" [_thread_blocked, id=12312, stack(0x00000000344e0000,0x00000000345e0000)]
  0x0000000021068000 JavaThread "WorkerExecutor Queue Thread 2" [_thread_blocked, id=5780, stack(0x00000000343e0000,0x00000000344e0000)]
=>0x000000002106f000 JavaThread "WorkerExecutor Queue" [_thread_in_Java, id=12284, stack(0x00000000342e0000,0x00000000343e0000)]
  0x000000002106e000 JavaThread "Execution worker for ':' Thread 7" [_thread_blocked, id=1312, stack(0x00000000340d0000,0x00000000341d0000)]
  0x0000000021066800 JavaThread "Execution worker for ':' Thread 6" [_thread_blocked, id=1816, stack(0x0000000033fd0000,0x00000000340d0000)]
  0x000000002106d800 JavaThread "Cache worker for execution history cache (E:\AppWorks-School\PersonalProject\.gradle\6.5\executionHistory)" [_thread_blocked, id=13548, stack(0x0000000033ed0000,0x0000000033fd0000)]
  0x000000002106c800 JavaThread "Execution worker for ':' Thread 5" [_thread_blocked, id=7356, stack(0x0000000033dd0000,0x0000000033ed0000)]
  0x000000002106c000 JavaThread "Execution worker for ':' Thread 4" [_thread_blocked, id=16164, stack(0x0000000033cd0000,0x0000000033dd0000)]
  0x000000002106a800 JavaThread "Execution worker for ':' Thread 3" [_thread_blocked, id=13144, stack(0x00000000312b0000,0x00000000313b0000)]
  0x0000000021069800 JavaThread "Execution worker for ':' Thread 2" [_thread_blocked, id=6996, stack(0x0000000030900000,0x0000000030a00000)]
  0x000000002106b000 JavaThread "Execution worker for ':'" [_thread_blocked, id=2216, stack(0x0000000030800000,0x0000000030900000)]
  0x0000000021067800 JavaThread "Cache worker for file content cache (E:\AppWorks-School\PersonalProject\.gradle\6.5\fileContent)" [_thread_blocked, id=3220, stack(0x0000000030af0000,0x0000000030bf0000)]
  0x00000000213f4800 JavaThread "pool-4-thread-1" [_thread_blocked, id=18468, stack(0x000000002fe80000,0x000000002ff80000)]
  0x00000000213f2000 JavaThread "Cache worker for Build Output Cleanup Cache (E:\AppWorks-School\PersonalProject\.gradle\buildOutputCleanup)" [_thread_blocked, id=13024, stack(0x000000002fd80000,0x000000002fe80000)]
  0x00000000213f3000 JavaThread "jar transforms Thread 372" [_thread_blocked, id=7364, stack(0x000000002fc80000,0x000000002fd80000)]
  0x00000000213f7800 JavaThread "jar transforms Thread 371" [_thread_blocked, id=14856, stack(0x000000002fb80000,0x000000002fc80000)]
  0x00000000213f6000 JavaThread "jar transforms Thread 370" [_thread_blocked, id=14728, stack(0x000000002fa80000,0x000000002fb80000)]
  0x00000000213f3800 JavaThread "jar transforms Thread 369" [_thread_blocked, id=2276, stack(0x000000002f980000,0x000000002fa80000)]
  0x00000000213f0800 JavaThread "jar transforms Thread 368" [_thread_blocked, id=12852, stack(0x000000002f880000,0x000000002f980000)]
  0x00000000213f5000 JavaThread "jar transforms Thread 367" [_thread_blocked, id=4036, stack(0x000000002f780000,0x000000002f880000)]
  0x00000000213f1800 JavaThread "jar transforms Thread 366" [_thread_blocked, id=17632, stack(0x000000002f680000,0x000000002f780000)]
  0x00000000213e9000 JavaThread "jar transforms Thread 365" [_thread_blocked, id=10740, stack(0x000000002f380000,0x000000002f480000)]
  0x00000000213f0000 JavaThread "jar transforms Thread 364" [_thread_blocked, id=13072, stack(0x000000002c9d0000,0x000000002cad0000)]
  0x00000000213eb000 JavaThread "jar transforms Thread 363" [_thread_blocked, id=1320, stack(0x000000002c8d0000,0x000000002c9d0000)]
  0x00000000213e9800 JavaThread "jar transforms Thread 362" [_thread_blocked, id=3332, stack(0x000000002c5d0000,0x000000002c6d0000)]
  0x00000000213ef000 JavaThread "jar transforms Thread 361" [_thread_blocked, id=14208, stack(0x000000002c4d0000,0x000000002c5d0000)]
  0x00000000213ed800 JavaThread "jar transforms Thread 360" [_thread_blocked, id=17400, stack(0x000000002c2d0000,0x000000002c3d0000)]
  0x00000000213ea800 JavaThread "jar transforms Thread 359" [_thread_blocked, id=1652, stack(0x000000002c1d0000,0x000000002c2d0000)]
  0x00000000213ec000 JavaThread "jar transforms Thread 358" [_thread_blocked, id=6392, stack(0x000000002c0d0000,0x000000002c1d0000)]
  0x00000000213ee800 JavaThread "jar transforms Thread 357" [_thread_blocked, id=17780, stack(0x000000002bfd0000,0x000000002c0d0000)]
  0x00000000213e8000 JavaThread "jar transforms Thread 356" [_thread_blocked, id=19240, stack(0x000000002bed0000,0x000000002bfd0000)]
  0x00000000213ec800 JavaThread "jar transforms Thread 355" [_thread_blocked, id=17444, stack(0x000000002bdd0000,0x000000002bed0000)]
  0x000000001ac46800 JavaThread "jar transforms Thread 354" [_thread_blocked, id=16736, stack(0x000000002bcd0000,0x000000002bdd0000)]
  0x000000001ac45800 JavaThread "jar transforms Thread 353" [_thread_blocked, id=976, stack(0x000000002bbd0000,0x000000002bcd0000)]
  0x000000001ac48000 JavaThread "jar transforms Thread 352" [_thread_blocked, id=19276, stack(0x000000002bad0000,0x000000002bbd0000)]
  0x000000001ac47000 JavaThread "jar transforms Thread 351" [_thread_blocked, id=10172, stack(0x000000002b9d0000,0x000000002bad0000)]
  0x000000001ac44000 JavaThread "jar transforms Thread 350" [_thread_blocked, id=10228, stack(0x000000002b8d0000,0x000000002b9d0000)]
  0x000000001fcc9800 JavaThread "jar transforms Thread 349" [_thread_blocked, id=7384, stack(0x000000002b7d0000,0x000000002b8d0000)]
  0x000000001fccb800 JavaThread "jar transforms Thread 348" [_thread_blocked, id=13520, stack(0x000000002b6d0000,0x000000002b7d0000)]
  0x000000001fccc000 JavaThread "jar transforms Thread 347" [_thread_blocked, id=10816, stack(0x000000002b5d0000,0x000000002b6d0000)]
  0x000000001fcca800 JavaThread "jar transforms Thread 346" [_thread_blocked, id=13044, stack(0x000000002b4d0000,0x000000002b5d0000)]
  0x000000001fccd000 JavaThread "jar transforms Thread 345" [_thread_blocked, id=12952, stack(0x000000002b3d0000,0x000000002b4d0000)]
  0x000000001fcce800 JavaThread "jar transforms Thread 344" [_thread_blocked, id=15776, stack(0x000000002b2d0000,0x000000002b3d0000)]
  0x000000001fccd800 JavaThread "jar transforms Thread 343" [_thread_blocked, id=15104, stack(0x000000002b1d0000,0x000000002b2d0000)]
  0x000000001fcc2000 JavaThread "jar transforms Thread 342" [_thread_blocked, id=18580, stack(0x000000002b0d0000,0x000000002b1d0000)]
  0x000000001fcc3800 JavaThread "jar transforms Thread 341" [_thread_blocked, id=8148, stack(0x000000002afd0000,0x000000002b0d0000)]
  0x000000001fcc9000 JavaThread "jar transforms Thread 340" [_thread_blocked, id=11616, stack(0x000000002aed0000,0x000000002afd0000)]
  0x000000001fcc1800 JavaThread "jar transforms Thread 339" [_thread_blocked, id=5772, stack(0x000000002add0000,0x000000002aed0000)]
  0x000000001fcc8000 JavaThread "jar transforms Thread 338" [_thread_blocked, id=15668, stack(0x000000002acd0000,0x000000002add0000)]
  0x000000001fcc3000 JavaThread "jar transforms Thread 337" [_thread_blocked, id=19168, stack(0x000000002abd0000,0x000000002acd0000)]
  0x000000001fcc5000 JavaThread "jar transforms Thread 336" [_thread_blocked, id=8872, stack(0x000000002aad0000,0x000000002abd0000)]
  0x000000001fcc0800 JavaThread "jar transforms Thread 335" [_thread_blocked, id=14732, stack(0x000000002a9d0000,0x000000002aad0000)]
  0x000000001c952000 JavaThread "jar transforms Thread 334" [_thread_blocked, id=8844, stack(0x000000002a8d0000,0x000000002a9d0000)]
  0x000000001c950800 JavaThread "jar transforms Thread 333" [_thread_blocked, id=10908, stack(0x000000002a7d0000,0x000000002a8d0000)]
  0x000000001c950000 JavaThread "jar transforms Thread 332" [_thread_blocked, id=2596, stack(0x000000002a6d0000,0x000000002a7d0000)]
  0x000000001c94e800 JavaThread "jar transforms Thread 331" [_thread_blocked, id=616, stack(0x000000002a360000,0x000000002a460000)]
  0x000000001c94f000 JavaThread "jar transforms Thread 330" [_thread_blocked, id=12160, stack(0x000000002a260000,0x000000002a360000)]
  0x000000001c951800 JavaThread "jar transforms Thread 329" [_thread_blocked, id=18420, stack(0x000000002a160000,0x000000002a260000)]
  0x000000001c947000 JavaThread "jar transforms Thread 328" [_thread_blocked, id=16076, stack(0x000000002a060000,0x000000002a160000)]
  0x000000001c94d800 JavaThread "jar transforms Thread 327" [_thread_blocked, id=2284, stack(0x0000000029f60000,0x000000002a060000)]
  0x000000001c94d000 JavaThread "jar transforms Thread 326" [_thread_blocked, id=11916, stack(0x0000000029e60000,0x0000000029f60000)]
  0x000000001c94c000 JavaThread "jar transforms Thread 325" [_thread_blocked, id=8284, stack(0x0000000029d60000,0x0000000029e60000)]
  0x000000001c944800 JavaThread "jar transforms Thread 324" [_thread_blocked, id=14328, stack(0x0000000029c60000,0x0000000029d60000)]
  0x000000001c946000 JavaThread "jar transforms Thread 323" [_thread_blocked, id=728, stack(0x0000000029b60000,0x0000000029c60000)]
  0x000000001c94a000 JavaThread "jar transforms Thread 322" [_thread_blocked, id=6800, stack(0x0000000029a60000,0x0000000029b60000)]
  0x000000001c94a800 JavaThread "jar transforms Thread 321" [_thread_blocked, id=12416, stack(0x0000000029960000,0x0000000029a60000)]
  0x000000001c94b800 JavaThread "jar transforms Thread 320" [_thread_blocked, id=11976, stack(0x0000000029860000,0x0000000029960000)]
  0x000000001c949000 JavaThread "jar transforms Thread 319" [_thread_blocked, id=15312, stack(0x0000000029760000,0x0000000029860000)]
  0x000000001c948800 JavaThread "jar transforms Thread 318" [_thread_blocked, id=4296, stack(0x0000000029660000,0x0000000029760000)]
  0x000000001edeb800 JavaThread "jar transforms Thread 317" [_thread_blocked, id=12808, stack(0x0000000029560000,0x0000000029660000)]
  0x000000001edea800 JavaThread "jar transforms Thread 316" [_thread_blocked, id=14452, stack(0x0000000029460000,0x0000000029560000)]
  0x000000001edea000 JavaThread "jar transforms Thread 315" [_thread_blocked, id=11192, stack(0x0000000029360000,0x0000000029460000)]
  0x000000001ede9000 JavaThread "jar transforms Thread 314" [_thread_blocked, id=10836, stack(0x0000000029260000,0x0000000029360000)]
  0x000000001edec000 JavaThread "jar transforms Thread 313" [_thread_blocked, id=10828, stack(0x0000000029160000,0x0000000029260000)]
  0x000000001ede1800 JavaThread "jar transforms Thread 312" [_thread_blocked, id=14708, stack(0x0000000029060000,0x0000000029160000)]
  0x000000001ede7800 JavaThread "jar transforms Thread 311" [_thread_blocked, id=19000, stack(0x0000000028f60000,0x0000000029060000)]
  0x000000001ede8800 JavaThread "jar transforms Thread 310" [_thread_blocked, id=12124, stack(0x0000000028e60000,0x0000000028f60000)]
  0x000000001ede7000 JavaThread "jar transforms Thread 309" [_thread_blocked, id=17700, stack(0x0000000028d60000,0x0000000028e60000)]
  0x000000001ede6000 JavaThread "jar transforms Thread 308" [_thread_blocked, id=11540, stack(0x0000000028c60000,0x0000000028d60000)]
  0x000000001edde800 JavaThread "jar transforms Thread 307" [_thread_blocked, id=3872, stack(0x0000000028b60000,0x0000000028c60000)]
  0x000000001edde000 JavaThread "jar transforms Thread 306" [_thread_blocked, id=17380, stack(0x0000000028a60000,0x0000000028b60000)]
  0x000000001ede0000 JavaThread "jar transforms Thread 305" [_thread_blocked, id=19280, stack(0x0000000028960000,0x0000000028a60000)]
  0x000000001ede4800 JavaThread "jar transforms Thread 304" [_thread_blocked, id=17240, stack(0x0000000028860000,0x0000000028960000)]
  0x000000001eddd000 JavaThread "jar transforms Thread 303" [_thread_blocked, id=15492, stack(0x0000000028760000,0x0000000028860000)]
  0x000000001ede1000 JavaThread "jar transforms Thread 302" [_thread_blocked, id=14464, stack(0x0000000028660000,0x0000000028760000)]
  0x000000001eddf800 JavaThread "jar transforms Thread 301" [_thread_blocked, id=6736, stack(0x0000000028560000,0x0000000028660000)]
  0x000000001ede2800 JavaThread "jar transforms Thread 300" [_thread_blocked, id=6272, stack(0x0000000028460000,0x0000000028560000)]
  0x000000001ede4000 JavaThread "jar transforms Thread 299" [_thread_blocked, id=16832, stack(0x0000000028360000,0x0000000028460000)]
  0x000000001ede3000 JavaThread "jar transforms Thread 298" [_thread_blocked, id=3164, stack(0x0000000028260000,0x0000000028360000)]
  0x000000001f70b800 JavaThread "jar transforms Thread 297" [_thread_blocked, id=7724, stack(0x0000000028160000,0x0000000028260000)]
  0x000000001f70a000 JavaThread "jar transforms Thread 296" [_thread_blocked, id=1876, stack(0x0000000028060000,0x0000000028160000)]
  0x000000001f70b000 JavaThread "jar transforms Thread 295" [_thread_blocked, id=13840, stack(0x0000000027f60000,0x0000000028060000)]
  0x000000001f70e000 JavaThread "jar transforms Thread 294" [_thread_blocked, id=14720, stack(0x0000000027e60000,0x0000000027f60000)]
  0x000000001f706800 JavaThread "jar transforms Thread 293" [_thread_blocked, id=2728, stack(0x0000000027d60000,0x0000000027e60000)]
  0x000000001f70d000 JavaThread "jar transforms Thread 292" [_thread_blocked, id=15336, stack(0x0000000027c60000,0x0000000027d60000)]
  0x000000001f705800 JavaThread "jar transforms Thread 291" [_thread_blocked, id=17032, stack(0x0000000027b60000,0x0000000027c60000)]
  0x000000001f708800 JavaThread "jar transforms Thread 290" [_thread_blocked, id=11536, stack(0x0000000027a60000,0x0000000027b60000)]
  0x000000001f707000 JavaThread "jar transforms Thread 289" [_thread_blocked, id=7488, stack(0x0000000027960000,0x0000000027a60000)]
  0x000000001f709800 JavaThread "jar transforms Thread 288" [_thread_blocked, id=12992, stack(0x0000000027860000,0x0000000027960000)]
  0x000000001f70c800 JavaThread "jar transforms Thread 287" [_thread_blocked, id=16028, stack(0x0000000027760000,0x0000000027860000)]
  0x000000001f704000 JavaThread "jar transforms Thread 286" [_thread_blocked, id=3180, stack(0x00000000273d0000,0x00000000274d0000)]
  0x000000001f708000 JavaThread "jar transforms Thread 285" [_thread_blocked, id=18256, stack(0x00000000272d0000,0x00000000273d0000)]
  0x000000001f705000 JavaThread "jar transforms Thread 284" [_thread_blocked, id=15688, stack(0x00000000271d0000,0x00000000272d0000)]
  0x000000001f6fc800 JavaThread "jar transforms Thread 283" [_thread_blocked, id=15400, stack(0x00000000270d0000,0x00000000271d0000)]
  0x000000001f703800 JavaThread "jar transforms Thread 282" [_thread_blocked, id=148, stack(0x0000000026fd0000,0x00000000270d0000)]
  0x000000001f702800 JavaThread "jar transforms Thread 281" [_thread_blocked, id=11244, stack(0x0000000026ed0000,0x0000000026fd0000)]
  0x000000001f702000 JavaThread "jar transforms Thread 280" [_thread_blocked, id=18796, stack(0x0000000026dd0000,0x0000000026ed0000)]
  0x000000001f6fe000 JavaThread "jar transforms Thread 279" [_thread_blocked, id=1232, stack(0x0000000026cd0000,0x0000000026dd0000)]
  0x000000001f6ff000 JavaThread "jar transforms Thread 278" [_thread_blocked, id=1780, stack(0x0000000026bd0000,0x0000000026cd0000)]
  0x000000001f701000 JavaThread "jar transforms Thread 277" [_thread_blocked, id=2132, stack(0x0000000026ad0000,0x0000000026bd0000)]
  0x000000001f700800 JavaThread "jar transforms Thread 276" [_thread_blocked, id=6424, stack(0x00000000269d0000,0x0000000026ad0000)]
  0x000000001f6ff800 JavaThread "jar transforms Thread 275" [_thread_blocked, id=12472, stack(0x00000000268d0000,0x00000000269d0000)]
  0x000000001f6f4800 JavaThread "jar transforms Thread 274" [_thread_blocked, id=9368, stack(0x00000000267d0000,0x00000000268d0000)]
  0x000000001f6fa800 JavaThread "jar transforms Thread 273" [_thread_blocked, id=17544, stack(0x00000000266d0000,0x00000000267d0000)]
  0x000000001f6f9000 JavaThread "jar transforms Thread 272" [_thread_blocked, id=8220, stack(0x00000000265d0000,0x00000000266d0000)]
  0x000000001f6f1800 JavaThread "jar transforms Thread 271" [_thread_blocked, id=16196, stack(0x00000000264d0000,0x00000000265d0000)]
  0x000000001f6f7800 JavaThread "jar transforms Thread 270" [_thread_blocked, id=10120, stack(0x00000000263d0000,0x00000000264d0000)]
  0x000000001bbbe000 JavaThread "jar transforms Thread 269" [_thread_blocked, id=6940, stack(0x00000000262d0000,0x00000000263d0000)]
  0x000000001bbbd800 JavaThread "jar transforms Thread 268" [_thread_blocked, id=12980, stack(0x00000000261d0000,0x00000000262d0000)]
  0x000000001bbbc800 JavaThread "jar transforms Thread 267" [_thread_blocked, id=16088, stack(0x00000000260d0000,0x00000000261d0000)]
  0x000000001bbb5000 JavaThread "jar transforms Thread 266" [_thread_blocked, id=8532, stack(0x0000000025fd0000,0x00000000260d0000)]
  0x000000001bbbc000 JavaThread "jar transforms Thread 265" [_thread_blocked, id=10452, stack(0x0000000025ed0000,0x0000000025fd0000)]
  0x000000001bbb4000 JavaThread "jar transforms Thread 264" [_thread_blocked, id=9692, stack(0x0000000025dd0000,0x0000000025ed0000)]
  0x000000001bbb9000 JavaThread "jar transforms Thread 263" [_thread_blocked, id=18664, stack(0x0000000025cd0000,0x0000000025dd0000)]
  0x000000001bbbb000 JavaThread "jar transforms Thread 262" [_thread_blocked, id=1308, stack(0x0000000025bd0000,0x0000000025cd0000)]
  0x000000001bbb8000 JavaThread "jar transforms Thread 261" [_thread_blocked, id=1380, stack(0x0000000025ad0000,0x0000000025bd0000)]
  0x000000001bbb6800 JavaThread "jar transforms Thread 260" [_thread_blocked, id=13200, stack(0x00000000259d0000,0x0000000025ad0000)]
  0x000000001bbb3800 JavaThread "jar transforms Thread 259" [_thread_blocked, id=3076, stack(0x00000000258d0000,0x00000000259d0000)]
  0x000000001bbb9800 JavaThread "jar transforms Thread 258" [_thread_blocked, id=17908, stack(0x00000000257d0000,0x00000000258d0000)]
  0x000000001bbb7000 JavaThread "jar transforms Thread 257" [_thread_blocked, id=2560, stack(0x00000000256d0000,0x00000000257d0000)]
  0x000000001bbba800 JavaThread "jar transforms Thread 256" [_thread_blocked, id=9852, stack(0x00000000255d0000,0x00000000256d0000)]
  0x000000001bbb5800 JavaThread "jar transforms Thread 255" [_thread_blocked, id=1684, stack(0x00000000254d0000,0x00000000255d0000)]
  0x000000001bbac000 JavaThread "jar transforms Thread 254" [_thread_blocked, id=908, stack(0x00000000253d0000,0x00000000254d0000)]
  0x000000001bbb2800 JavaThread "jar transforms Thread 253" [_thread_blocked, id=13972, stack(0x0000000024ed0000,0x0000000024fd0000)]
  0x000000001bbab000 JavaThread "jar transforms Thread 252" [_thread_blocked, id=16360, stack(0x0000000024dd0000,0x0000000024ed0000)]
  0x000000001bbb2000 JavaThread "jar transforms Thread 251" [_thread_blocked, id=19256, stack(0x0000000024ad0000,0x0000000024bd0000)]
  0x000000001bbb1000 JavaThread "jar transforms Thread 250" [_thread_blocked, id=12100, stack(0x00000000249d0000,0x0000000024ad0000)]
  0x000000001bbaa800 JavaThread "jar transforms Thread 249" [_thread_blocked, id=14564, stack(0x00000000248d0000,0x00000000249d0000)]
  0x000000001bba9800 JavaThread "Build operations Thread 8" [_thread_blocked, id=9404, stack(0x00000000246d0000,0x00000000247d0000)]
  0x000000001bbb0800 JavaThread "Build operations Thread 7" [_thread_blocked, id=16332, stack(0x00000000245d0000,0x00000000246d0000)]
  0x000000001bbaf800 JavaThread "Build operations Thread 6" [_thread_blocked, id=14104, stack(0x00000000244d0000,0x00000000245d0000)]
  0x000000001bbad800 JavaThread "Build operations Thread 5" [_thread_blocked, id=18156, stack(0x00000000243d0000,0x00000000244d0000)]
  0x000000001bbac800 JavaThread "Build operations Thread 4" [_thread_blocked, id=7132, stack(0x00000000242d0000,0x00000000243d0000)]
  0x000000001bbaf000 JavaThread "Build operations Thread 3" [_thread_blocked, id=19260, stack(0x00000000241d0000,0x00000000242d0000)]
  0x000000001bbae000 JavaThread "Build operations Thread 2" [_thread_blocked, id=10576, stack(0x00000000240d0000,0x00000000241d0000)]
  0x000000001bba2000 JavaThread "Build operations" [_thread_blocked, id=4128, stack(0x0000000023fd0000,0x00000000240d0000)]
  0x000000001bba3000 JavaThread "Cache worker for cache directory md-rule (C:\Users\user\.gradle\caches\6.5\md-rule)" [_thread_blocked, id=1956, stack(0x00000000221b0000,0x00000000222b0000)]
  0x000000001bba9000 JavaThread "Cache worker for cache directory md-supplier (C:\Users\user\.gradle\caches\6.5\md-supplier)" [_thread_blocked, id=2056, stack(0x0000000021fb0000,0x00000000220b0000)]
  0x000000001bba7800 JavaThread "Cache worker for checksums cache (E:\AppWorks-School\PersonalProject\.gradle\checksums)" [_thread_blocked, id=7008, stack(0x0000000021eb0000,0x0000000021fb0000)]
  0x000000001bba8000 JavaThread "Cache worker for file hash cache (E:\AppWorks-School\PersonalProject\.gradle\6.5\fileHashes)" [_thread_blocked, id=10824, stack(0x0000000020b60000,0x0000000020c60000)]
  0x000000001bba1800 JavaThread "Thread-322" [_thread_blocked, id=14272, stack(0x0000000020860000,0x0000000020960000)]
  0x000000001bba0800 JavaThread "Stdin handler" [_thread_blocked, id=13192, stack(0x000000001e0c0000,0x000000001e1c0000)]
  0x000000001bba3800 JavaThread "Asynchronous log dispatcher for DefaultDaemonConnection: socket connection from /127.0.0.1:50043 to /127.0.0.1:65016" [_thread_blocked, id=14012, stack(0x000000001dec0000,0x000000001dfc0000)]
  0x000000001bba6800 JavaThread "Daemon worker Thread 2" [_thread_blocked, id=5164, stack(0x000000001ddc0000,0x000000001dec0000)]
  0x000000001bba0000 JavaThread "Cancel handler" [_thread_blocked, id=12936, stack(0x000000001dac0000,0x000000001dbc0000)]
  0x000000001bba5000 JavaThread "Handler for socket connection from /127.0.0.1:50043 to /127.0.0.1:65016" [_thread_in_native, id=1080, stack(0x000000001d5c0000,0x000000001d6c0000)]
  0x000000001bba6000 JavaThread "Daemon Thread 2" [_thread_blocked, id=12804, stack(0x000000001d4c0000,0x000000001d5c0000)]
  0x000000001bba4800 JavaThread "File lock release action executor" [_thread_blocked, id=17004, stack(0x0000000000bd0000,0x0000000000cd0000)]
  0x000000001f6f9800 JavaThread "RMI Reaper" [_thread_blocked, id=18448, stack(0x000000002dfd0000,0x000000002e0d0000)]
  0x000000001f6fc000 JavaThread "RMI TCP Accept-0" daemon [_thread_in_native, id=17452, stack(0x000000001dfc0000,0x000000001e0c0000)]
  0x000000001f6f0800 JavaThread "GC Daemon" daemon [_thread_blocked, id=3020, stack(0x0000000000cd0000,0x0000000000dd0000)]
  0x000000001f6f0000 JavaThread "RMI Scheduler(0)" daemon [_thread_blocked, id=3908, stack(0x00000000009d0000,0x0000000000ad0000)]
  0x000000001ede5800 JavaThread "Memory manager" [_thread_blocked, id=3588, stack(0x000000002dcd0000,0x000000002ddd0000)]
  0x000000001ac49800 JavaThread "Cache worker for file content cache (C:\Users\user\.gradle\caches\6.5\fileContent)" [_thread_blocked, id=15072, stack(0x00000000238d0000,0x00000000239d0000)]
  0x000000001ac45000 JavaThread "Cache worker for execution history cache (C:\Users\user\.gradle\caches\6.5\executionHistory)" [_thread_blocked, id=16700, stack(0x00000000220b0000,0x00000000221b0000)]
  0x000000001ac43800 JavaThread "Cache worker for file hash cache (C:\Users\user\.gradle\caches\6.5\fileHashes)" [_thread_blocked, id=12044, stack(0x000000001e5c0000,0x000000001e6c0000)]
  0x000000001ac48800 JavaThread "File lock request listener" [_thread_in_native, id=15504, stack(0x000000001e4c0000,0x000000001e5c0000)]
  0x000000001ab33800 JavaThread "Cache worker for journal cache (C:\Users\user\.gradle\caches\journal-1)" [_thread_blocked, id=16952, stack(0x000000001e3c0000,0x000000001e4c0000)]
  0x000000001c6fd000 JavaThread "Daemon periodic checks" [_thread_blocked, id=10624, stack(0x000000001d7c0000,0x000000001d8c0000)]
  0x000000001c6ef800 JavaThread "Incoming local TCP Connector on port 50043" [_thread_in_native, id=7820, stack(0x000000001d6c0000,0x000000001d7c0000)]
  0x000000001c48f800 JavaThread "Daemon health stats" [_thread_blocked, id=5716, stack(0x000000001d3c0000,0x000000001d4c0000)]
  0x0000000019d20000 JavaThread "Service Thread" daemon [_thread_blocked, id=14440, stack(0x000000001a820000,0x000000001a920000)]
  0x0000000019cc6800 JavaThread "C1 CompilerThread3" daemon [_thread_blocked, id=13388, stack(0x000000001a720000,0x000000001a820000)]
  0x0000000019cbc000 JavaThread "C2 CompilerThread2" daemon [_thread_in_native, id=11376, stack(0x000000001a620000,0x000000001a720000)]
  0x0000000019cad000 JavaThread "C2 CompilerThread1" daemon [_thread_in_native, id=15476, stack(0x000000001a520000,0x000000001a620000)]
  0x0000000019cab800 JavaThread "C2 CompilerThread0" daemon [_thread_in_native, id=18492, stack(0x000000001a420000,0x000000001a520000)]
  0x0000000019caa000 JavaThread "Attach Listener" daemon [_thread_blocked, id=11576, stack(0x000000001a320000,0x000000001a420000)]
  0x0000000019c58000 JavaThread "Signal Dispatcher" daemon [_thread_blocked, id=12240, stack(0x000000001a220000,0x000000001a320000)]
  0x0000000019c40800 JavaThread "Finalizer" daemon [_thread_blocked, id=9272, stack(0x000000001a120000,0x000000001a220000)]
  0x0000000002d18800 JavaThread "Reference Handler" daemon [_thread_blocked, id=11740, stack(0x000000001a020000,0x000000001a120000)]
  0x0000000002ded800 JavaThread "main" [_thread_blocked, id=10892, stack(0x0000000002730000,0x0000000002830000)]

Other Threads:
  0x0000000017e58000 VMThread [stack: 0x0000000019b20000,0x0000000019c20000] [id=11672]
  0x0000000019d20800 WatcherThread [stack: 0x000000001a920000,0x000000001aa20000] [id=18780]

VM state:not at safepoint (normal execution)

VM Mutex/Monitor currently owned by a thread: None

heap address: 0x0000000080000000, size: 2048 MB, Compressed Oops mode: 32-bit
Narrow klass base: 0x0000000000000000, Narrow klass shift: 3
Compressed class space size: 1073741824 Address: 0x0000000100000000

Heap:
 PSYoungGen      total 390656K, used 330570K [0x00000000d5580000, 0x0000000100000000, 0x0000000100000000)
  eden space 232960K, 74% used [0x00000000d5580000,0x00000000dfe53478,0x00000000e3900000)
  from space 157696K, 99% used [0x00000000f6600000,0x00000000fffff6f8,0x0000000100000000)
  to   space 232960K, 0% used [0x00000000e3900000,0x00000000e3900000,0x00000000f1c80000)
 ParOldGen       total 557056K, used 449177K [0x0000000080000000, 0x00000000a2000000, 0x00000000d5580000)
  object space 557056K, 80% used [0x0000000080000000,0x000000009b6a64e0,0x00000000a2000000)
 Metaspace       used 117278K, capacity 123092K, committed 123352K, reserved 1157120K
  class space    used 14893K, capacity 16046K, committed 16128K, reserved 1048576K

Card table byte_map: [0x00000000121b0000,0x00000000125c0000] byte_map_base: 0x0000000011db0000

Marking Bits: (ParMarkBitMap*) 0x000000007056f030
 Begin Bits: [0x0000000013070000, 0x0000000015070000)
 End Bits:   [0x0000000015070000, 0x0000000017070000)

Polling page: 0x0000000000ec0000

CodeCache: size=245760Kb used=69618Kb max_used=69618Kb free=176141Kb
 bounds [0x0000000002df0000, 0x0000000007240000, 0x0000000011df0000]
 total_blobs=20667 nmethods=19730 adapters=848
 compilation: enabled

Compilation events (10 events):
Event: 180.310 Thread 0x0000000019cc6800 25701       2       com.android.tools.r8.code.Q::a (1 bytes)
Event: 180.310 Thread 0x0000000019cc6800 nmethod 25701 0x00000000071cbed0 code [0x00000000071cc020, 0x00000000071cc170]
Event: 180.310 Thread 0x0000000019cc6800 25703       1       com.android.tools.r8.code.r2::a (1 bytes)
Event: 180.310 Thread 0x0000000019cc6800 nmethod 25703 0x00000000071da590 code [0x00000000071da6e0, 0x00000000071da7f0]
Event: 180.310 Thread 0x0000000019cc6800 25702       1       com.android.tools.r8.code.q::a (1 bytes)
Event: 180.310 Thread 0x0000000019cc6800 nmethod 25702 0x00000000071da2d0 code [0x00000000071da420, 0x00000000071da530]
Event: 180.326 Thread 0x0000000019cc6800 25706       2       com.android.tools.r8.references.ArrayReference::hashCode (5 bytes)
Event: 180.327 Thread 0x0000000019cc6800 nmethod 25706 0x00000000071d9f50 code [0x00000000071da0c0, 0x00000000071da228]
Event: 180.336 Thread 0x0000000019cc6800 25708       2       com.android.tools.r8.code.q2::a (1 bytes)
Event: 180.336 Thread 0x0000000019cc6800 nmethod 25708 0x00000000071d7ad0 code [0x00000000071d7c20, 0x00000000071d7d70]

GC Heap History (10 events):
Event: 168.858 GC heap before
{Heap before GC invocations=26 (full 4):
 PSYoungGen      total 526336K, used 440253K [0x00000000d5580000, 0x00000000fec00000, 0x0000000100000000)
  eden space 381952K, 100% used [0x00000000d5580000,0x00000000eca80000,0x00000000eca80000)
  from space 144384K, 40% used [0x00000000eca80000,0x00000000f036f510,0x00000000f5780000)
  to   space 136704K, 0% used [0x00000000f6680000,0x00000000f6680000,0x00000000fec00000)
 ParOldGen       total 557056K, used 315784K [0x0000000080000000, 0x00000000a2000000, 0x00000000d5580000)
  object space 557056K, 56% used [0x0000000080000000,0x00000000934622c8,0x00000000a2000000)
 Metaspace       used 116890K, capacity 122612K, committed 122712K, reserved 1157120K
  class space    used 14847K, capacity 15966K, committed 16000K, reserved 1048576K
Event: 168.951 GC heap after
Heap after GC invocations=26 (full 4):
 PSYoungGen      total 546816K, used 52561K [0x00000000d5580000, 0x00000000fe980000, 0x0000000100000000)
  eden space 412672K, 0% used [0x00000000d5580000,0x00000000d5580000,0x00000000ee880000)
  from space 134144K, 39% used [0x00000000f6680000,0x00000000f99d4450,0x00000000fe980000)
  to   space 129024K, 0% used [0x00000000ee880000,0x00000000ee880000,0x00000000f6680000)
 ParOldGen       total 557056K, used 315792K [0x0000000080000000, 0x00000000a2000000, 0x00000000d5580000)
  object space 557056K, 56% used [0x0000000080000000,0x00000000934642c8,0x00000000a2000000)
 Metaspace       used 116890K, capacity 122612K, committed 122712K, reserved 1157120K
  class space    used 14847K, capacity 15966K, committed 16000K, reserved 1048576K
}
Event: 177.621 GC heap before
{Heap before GC invocations=27 (full 4):
 PSYoungGen      total 546816K, used 465233K [0x00000000d5580000, 0x00000000fe980000, 0x0000000100000000)
  eden space 412672K, 100% used [0x00000000d5580000,0x00000000ee880000,0x00000000ee880000)
  from space 134144K, 39% used [0x00000000f6680000,0x00000000f99d4450,0x00000000fe980000)
  to   space 129024K, 0% used [0x00000000ee880000,0x00000000ee880000,0x00000000f6680000)
 ParOldGen       total 557056K, used 315792K [0x0000000080000000, 0x00000000a2000000, 0x00000000d5580000)
  object space 557056K, 56% used [0x0000000080000000,0x00000000934642c8,0x00000000a2000000)
 Metaspace       used 117047K, capacity 122810K, committed 122968K, reserved 1157120K
  class space    used 14854K, capacity 15975K, committed 16000K, reserved 1048576K
Event: 177.660 GC heap after
Heap after GC invocations=27 (full 4):
 PSYoungGen      total 541696K, used 75345K [0x00000000d5580000, 0x00000000ffb00000, 0x0000000100000000)
  eden space 412672K, 0% used [0x00000000d5580000,0x00000000d5580000,0x00000000ee880000)
  from space 129024K, 58% used [0x00000000ee880000,0x00000000f32145e8,0x00000000f6680000)
  to   space 129024K, 0% used [0x00000000f7d00000,0x00000000f7d00000,0x00000000ffb00000)
 ParOldGen       total 557056K, used 315800K [0x0000000080000000, 0x00000000a2000000, 0x00000000d5580000)
  object space 557056K, 56% used [0x0000000080000000,0x00000000934662c8,0x00000000a2000000)
 Metaspace       used 117047K, capacity 122810K, committed 122968K, reserved 1157120K
  class space    used 14854K, capacity 15975K, committed 16000K, reserved 1048576K
}
Event: 178.236 GC heap before
{Heap before GC invocations=28 (full 4):
 PSYoungGen      total 541696K, used 488017K [0x00000000d5580000, 0x00000000ffb00000, 0x0000000100000000)
  eden space 412672K, 100% used [0x00000000d5580000,0x00000000ee880000,0x00000000ee880000)
  from space 129024K, 58% used [0x00000000ee880000,0x00000000f32145e8,0x00000000f6680000)
  to   space 129024K, 0% used [0x00000000f7d00000,0x00000000f7d00000,0x00000000ffb00000)
 ParOldGen       total 557056K, used 316715K [0x0000000080000000, 0x00000000a2000000, 0x00000000d5580000)
  object space 557056K, 56% used [0x0000000080000000,0x000000009354af60,0x00000000a2000000)
 Metaspace       used 117195K, capacity 122990K, committed 123096K, reserved 1157120K
  class space    used 14892K, capacity 16045K, committed 16128K, reserved 1048576K
Event: 178.335 GC heap after
Heap after GC invocations=28 (full 4):
 PSYoungGen      total 512512K, used 128997K [0x00000000d5580000, 0x0000000100000000, 0x0000000100000000)
  eden space 383488K, 0% used [0x00000000d5580000,0x00000000d5580000,0x00000000ecc00000)
  from space 129024K, 99% used [0x00000000f7d00000,0x00000000ffaf94f0,0x00000000ffb00000)
  to   space 157696K, 0% used [0x00000000ecc00000,0x00000000ecc00000,0x00000000f6600000)
 ParOldGen       total 557056K, used 340424K [0x0000000080000000, 0x00000000a2000000, 0x00000000d5580000)
  object space 557056K, 61% used [0x0000000080000000,0x0000000094c72110,0x00000000a2000000)
 Metaspace       used 117195K, capacity 122990K, committed 123096K, reserved 1157120K
  class space    used 14892K, capacity 16045K, committed 16128K, reserved 1048576K
}
Event: 178.964 GC heap before
{Heap before GC invocations=29 (full 4):
 PSYoungGen      total 512512K, used 512485K [0x00000000d5580000, 0x0000000100000000, 0x0000000100000000)
  eden space 383488K, 100% used [0x00000000d5580000,0x00000000ecc00000,0x00000000ecc00000)
  from space 129024K, 99% used [0x00000000f7d00000,0x00000000ffaf94f0,0x00000000ffb00000)
  to   space 157696K, 0% used [0x00000000ecc00000,0x00000000ecc00000,0x00000000f6600000)
 ParOldGen       total 557056K, used 340426K [0x0000000080000000, 0x00000000a2000000, 0x00000000d5580000)
  object space 557056K, 61% used [0x0000000080000000,0x0000000094c72888,0x00000000a2000000)
 Metaspace       used 117251K, capacity 123080K, committed 123352K, reserved 1157120K
  class space    used 14893K, capacity 16046K, committed 16128K, reserved 1048576K
Event: 179.113 GC heap after
Heap after GC invocations=29 (full 4):
 PSYoungGen      total 541184K, used 157684K [0x00000000d5580000, 0x0000000100000000, 0x0000000100000000)
  eden space 383488K, 0% used [0x00000000d5580000,0x00000000d5580000,0x00000000ecc00000)
  from space 157696K, 99% used [0x00000000ecc00000,0x00000000f65fd1d8,0x00000000f6600000)
  to   space 157696K, 0% used [0x00000000f6600000,0x00000000f6600000,0x0000000100000000)
 ParOldGen       total 557056K, used 375057K [0x0000000080000000, 0x00000000a2000000, 0x00000000d5580000)
  object space 557056K, 67% used [0x0000000080000000,0x0000000096e44680,0x00000000a2000000)
 Metaspace       used 117251K, capacity 123080K, committed 123352K, reserved 1157120K
  class space    used 14893K, capacity 16046K, committed 16128K, reserved 1048576K
}
Event: 179.859 GC heap before
{Heap before GC invocations=30 (full 4):
 PSYoungGen      total 541184K, used 541049K [0x00000000d5580000, 0x0000000100000000, 0x0000000100000000)
  eden space 383488K, 99% used [0x00000000d5580000,0x00000000ecbe1438,0x00000000ecc00000)
  from space 157696K, 99% used [0x00000000ecc00000,0x00000000f65fd1d8,0x00000000f6600000)
  to   space 157696K, 0% used [0x00000000f6600000,0x00000000f6600000,0x0000000100000000)
 ParOldGen       total 557056K, used 375057K [0x0000000080000000, 0x00000000a2000000, 0x00000000d5580000)
  object space 557056K, 67% used [0x0000000080000000,0x0000000096e44680,0x00000000a2000000)
 Metaspace       used 117268K, capacity 123092K, committed 123352K, reserved 1157120K
  class space    used 14893K, capacity 16046K, committed 16128K, reserved 1048576K
Event: 180.039 GC heap after
Heap after GC invocations=30 (full 4):
 PSYoungGen      total 390656K, used 157693K [0x00000000d5580000, 0x0000000100000000, 0x0000000100000000)
  eden space 232960K, 0% used [0x00000000d5580000,0x00000000d5580000,0x00000000e3900000)
  from space 157696K, 99% used [0x00000000f6600000,0x00000000fffff6f8,0x0000000100000000)
  to   space 232960K, 0% used [0x00000000e3900000,0x00000000e3900000,0x00000000f1c80000)
 ParOldGen       total 557056K, used 449177K [0x0000000080000000, 0x00000000a2000000, 0x00000000d5580000)
  object space 557056K, 80% used [0x0000000080000000,0x000000009b6a64e0,0x00000000a2000000)
 Metaspace       used 117268K, capacity 123092K, committed 123352K, reserved 1157120K
  class space    used 14893K, capacity 16046K, committed 16128K, reserved 1048576K
}

Deoptimization events (10 events):
Event: 178.590 Thread 0x0000000021068000 Uncommon trap: reason=unstable_if action=reinterpret pc=0x00000000038b99dc method=java.util.HashMap.computeIfAbsent(Ljava/lang/Object;Ljava/util/function/Function;)Ljava/lang/Object; @ 271
Event: 178.609 Thread 0x000000002ece9800 Uncommon trap: reason=class_check action=maybe_recompile pc=0x000000000398134c method=java.util.Collections$SetFromMap.isEmpty()Z @ 4
Event: 178.622 Thread 0x000000002ece9800 Uncommon trap: reason=class_check action=maybe_recompile pc=0x0000000006fb3d04 method=sun.nio.fs.WindowsChannelFactory$Flags.toFlags(Ljava/util/Set;)Lsun/nio/fs/WindowsChannelFactory$Flags; @ 25
Event: 179.157 Thread 0x000000002ecef000 Uncommon trap: reason=array_check action=maybe_recompile pc=0x000000000460af8c method=java.util.TimSort.mergeLo(IIII)V @ 590
Event: 179.157 Thread 0x000000002ecef000 Uncommon trap: reason=array_check action=maybe_recompile pc=0x000000000460aeac method=java.util.TimSort.mergeLo(IIII)V @ 375
Event: 179.158 Thread 0x000000002ecef000 Uncommon trap: reason=array_check action=maybe_recompile pc=0x000000000460af8c method=java.util.TimSort.mergeLo(IIII)V @ 590
Event: 179.302 Thread 0x000000001f6fb000 Uncommon trap: reason=unstable_if action=reinterpret pc=0x000000000716d994 method=com.android.tools.r8.ir.optimize.K.a(Lcom/android/tools/r8/s/b/k0;)Z @ 4
Event: 179.841 Thread 0x000000002106f000 Uncommon trap: reason=unstable_if action=reinterpret pc=0x00000000050864f8 method=com.android.tools.r8.s.c.h.a(Lcom/android/tools/r8/graph/y$a;)V @ 32
Event: 180.062 Thread 0x000000002eced800 Uncommon trap: reason=class_check action=maybe_recompile pc=0x00000000069f5150 method=com.android.tools.r8.ir.regalloc.a.a(Lcom/android/tools/r8/ir/regalloc/a$a;Z)Lcom/android/tools/r8/ir/regalloc/a$a; @ 2538
Event: 180.244 Thread 0x000000002eced800 Uncommon trap: reason=null_check action=make_not_entrant pc=0x000000000667ab6c method=com.android.tools.r8.s.b.W0.equals(Ljava/lang/Object;)Z @ 8

Classes redefined (0 events):
No events

Internal exceptions (10 events):
Event: 180.080 Thread 0x000000001f6fb000 Exception <a 'sun/nio/fs/WindowsException'> (0x00000000d69ddd20) thrown at [C:\src\AOSP-openjdk-git\hotspot\src\share\vm\prims\jni.cpp, line 710]
Event: 180.082 Thread 0x000000001f6fb000 Exception <a 'sun/nio/fs/WindowsException'> (0x00000000d69fab48) thrown at [C:\src\AOSP-openjdk-git\hotspot\src\share\vm\prims\jni.cpp, line 710]
Event: 180.083 Thread 0x000000001f6fb000 Exception <a 'sun/nio/fs/WindowsException'> (0x00000000d6a02b28) thrown at [C:\src\AOSP-openjdk-git\hotspot\src\share\vm\prims\jni.cpp, line 710]
Event: 180.084 Thread 0x000000001f6fb000 Exception <a 'sun/nio/fs/WindowsException'> (0x00000000d6c86550) thrown at [C:\src\AOSP-openjdk-git\hotspot\src\share\vm\prims\jni.cpp, line 710]
Event: 180.085 Thread 0x000000001f6fb000 Exception <a 'sun/nio/fs/WindowsException'> (0x00000000d6ccea08) thrown at [C:\src\AOSP-openjdk-git\hotspot\src\share\vm\prims\jni.cpp, line 710]
Event: 180.087 Thread 0x000000001f6fb000 Exception <a 'sun/nio/fs/WindowsException'> (0x00000000d6cdcb58) thrown at [C:\src\AOSP-openjdk-git\hotspot\src\share\vm\prims\jni.cpp, line 710]
Event: 180.088 Thread 0x000000001f6fb000 Exception <a 'sun/nio/fs/WindowsException'> (0x00000000d6cecbd8) thrown at [C:\src\AOSP-openjdk-git\hotspot\src\share\vm\prims\jni.cpp, line 710]
Event: 180.090 Thread 0x000000001f6fb000 Exception <a 'sun/nio/fs/WindowsException'> (0x00000000d6cf45d0) thrown at [C:\src\AOSP-openjdk-git\hotspot\src\share\vm\prims\jni.cpp, line 710]
Event: 180.091 Thread 0x000000001f6fb000 Exception <a 'sun/nio/fs/WindowsException'> (0x00000000d6cfd068) thrown at [C:\src\AOSP-openjdk-git\hotspot\src\share\vm\prims\jni.cpp, line 710]
Event: 180.244 Thread 0x000000002eced800 Implicit null exception at 0x0000000006677751 to 0x000000000667ab41

Events (10 events):
Event: 180.322 Thread 0x000000002eced800 DEOPT PACKING pc=0x000000000645b574 sp=0x0000000034d0c600
Event: 180.322 Thread 0x000000002eced800 DEOPT UNPACKING pc=0x0000000002e375d0 sp=0x0000000034d0c650 mode 0
Event: 180.324 Thread 0x000000002eced800 DEOPT PACKING pc=0x00000000062edabd sp=0x0000000034d0ca80
Event: 180.324 Thread 0x000000002eced800 DEOPT UNPACKING pc=0x0000000002e375d0 sp=0x0000000034d0cbd0 mode 0
Event: 180.340 Thread 0x000000002eced800 DEOPT PACKING pc=0x000000000632a6cf sp=0x0000000034d0ce60
Event: 180.340 Thread 0x000000002eced800 DEOPT UNPACKING pc=0x0000000002e375d0 sp=0x0000000034d0cbc8 mode 0
Event: 180.349 Thread 0x000000002eced800 DEOPT PACKING pc=0x000000000645b574 sp=0x0000000034d0c600
Event: 180.349 Thread 0x000000002eced800 DEOPT UNPACKING pc=0x0000000002e375d0 sp=0x0000000034d0c650 mode 0
Event: 180.351 Thread 0x000000002eced800 DEOPT PACKING pc=0x000000000645b574 sp=0x0000000034d0c1b0
Event: 180.351 Thread 0x000000002eced800 DEOPT UNPACKING pc=0x0000000002e375d0 sp=0x0000000034d0c200 mode 0


Dynamic libraries:
0x00007ff775360000 - 0x00007ff775391000 	C:\Program Files\Android\Android Studio\jre\bin\java.exe
0x00007ffd4fbb0000 - 0x00007ffd4fda5000 	C:\WINDOWS\SYSTEM32\ntdll.dll
0x00007ffd4f900000 - 0x00007ffd4f9bd000 	C:\WINDOWS\System32\KERNEL32.DLL
0x00007ffd4d2f0000 - 0x00007ffd4d5b9000 	C:\WINDOWS\System32\KERNELBASE.dll
0x00007ffd4dc10000 - 0x00007ffd4dcbc000 	C:\WINDOWS\System32\ADVAPI32.dll
0x00007ffd4f5c0000 - 0x00007ffd4f65e000 	C:\WINDOWS\System32\msvcrt.dll
0x00007ffd4deb0000 - 0x00007ffd4df4c000 	C:\WINDOWS\System32\sechost.dll
0x00007ffd4e170000 - 0x00007ffd4e29b000 	C:\WINDOWS\System32\RPCRT4.dll
0x00007ffd4dcf0000 - 0x00007ffd4de90000 	C:\WINDOWS\System32\USER32.dll
0x00007ffd4d720000 - 0x00007ffd4d742000 	C:\WINDOWS\System32\win32u.dll
0x00007ffd4dcc0000 - 0x00007ffd4dcea000 	C:\WINDOWS\System32\GDI32.dll
0x00007ffd4dad0000 - 0x00007ffd4dbdb000 	C:\WINDOWS\System32\gdi32full.dll
0x00007ffd4d980000 - 0x00007ffd4da1d000 	C:\WINDOWS\System32\msvcp_win.dll
0x00007ffd4d7d0000 - 0x00007ffd4d8d0000 	C:\WINDOWS\System32\ucrtbase.dll
0x00007ffd4c710000 - 0x00007ffd4c9aa000 	C:\WINDOWS\WinSxS\amd64_microsoft.windows.common-controls_6595b64144ccf1df_6.0.19041.844_none_ca00b6081b84eb1d\COMCTL32.dll
0x00007ffd4f6c0000 - 0x00007ffd4f6f0000 	C:\WINDOWS\System32\IMM32.DLL
0x000000006fbe0000 - 0x000000006fcb2000 	C:\Program Files\Android\Android Studio\jre\jre\bin\msvcr100.dll
0x000000006fda0000 - 0x00000000705eb000 	C:\Program Files\Android\Android Studio\jre\jre\bin\server\jvm.dll
0x00007ffd4f480000 - 0x00007ffd4f488000 	C:\WINDOWS\System32\PSAPI.DLL
0x00007ffd427d0000 - 0x00007ffd427f7000 	C:\WINDOWS\SYSTEM32\WINMM.dll
0x00007ffd42930000 - 0x00007ffd42939000 	C:\WINDOWS\SYSTEM32\WSOCK32.dll
0x00007ffd49f60000 - 0x00007ffd49f6a000 	C:\WINDOWS\SYSTEM32\VERSION.dll
0x00007ffd4ec40000 - 0x00007ffd4ecab000 	C:\WINDOWS\System32\WS2_32.dll
0x00007ffd48430000 - 0x00007ffd4843f000 	C:\Program Files\Android\Android Studio\jre\jre\bin\verify.dll
0x00007ffd48400000 - 0x00007ffd48429000 	C:\Program Files\Android\Android Studio\jre\jre\bin\java.dll
0x00007ffd483e0000 - 0x00007ffd483f6000 	C:\Program Files\Android\Android Studio\jre\jre\bin\zip.dll
0x00007ffd4e4f0000 - 0x00007ffd4ec32000 	C:\WINDOWS\System32\SHELL32.dll
0x00007ffd4ae00000 - 0x00007ffd4b590000 	C:\WINDOWS\SYSTEM32\windows.storage.dll
0x00007ffd4ecb0000 - 0x00007ffd4f005000 	C:\WINDOWS\System32\combase.dll
0x00007ffd4c670000 - 0x00007ffd4c69c000 	C:\WINDOWS\SYSTEM32\Wldp.dll
0x00007ffd4e3d0000 - 0x00007ffd4e47e000 	C:\WINDOWS\System32\SHCORE.dll
0x00007ffd4f660000 - 0x00007ffd4f6b5000 	C:\WINDOWS\System32\shlwapi.dll
0x00007ffd4d230000 - 0x00007ffd4d24f000 	C:\WINDOWS\SYSTEM32\profapi.dll
0x00007ffd3d210000 - 0x00007ffd3d22a000 	C:\Program Files\Android\Android Studio\jre\jre\bin\net.dll
0x00007ffd4c3f0000 - 0x00007ffd4c45a000 	C:\WINDOWS\system32\mswsock.dll
0x00007ffd3bb30000 - 0x00007ffd3bb43000 	C:\Program Files\Android\Android Studio\jre\jre\bin\nio.dll
0x00007ffd283f0000 - 0x00007ffd28417000 	C:\Users\user\.gradle\native\f6784746aeab05261644944871eae4fe03e0ef1612fff0a4a95f87b438bc6780\windows-amd64\native-platform.dll
0x00007ffd483d0000 - 0x00007ffd483dd000 	C:\Program Files\Android\Android Studio\jre\jre\bin\management.dll
0x00007ffd4d080000 - 0x00007ffd4d098000 	C:\WINDOWS\SYSTEM32\CRYPTSP.dll
0x00007ffd4bdb0000 - 0x00007ffd4bde4000 	C:\WINDOWS\system32\rsaenh.dll
0x00007ffd4dbe0000 - 0x00007ffd4dc07000 	C:\WINDOWS\System32\bcrypt.dll
0x00007ffd4d1f0000 - 0x00007ffd4d21e000 	C:\WINDOWS\SYSTEM32\USERENV.dll
0x00007ffd4d750000 - 0x00007ffd4d7d0000 	C:\WINDOWS\System32\bcryptprimitives.dll
0x00007ffd4c4b0000 - 0x00007ffd4c4bc000 	C:\WINDOWS\SYSTEM32\CRYPTBASE.dll
0x00007ffd4c0e0000 - 0x00007ffd4c11b000 	C:\WINDOWS\SYSTEM32\IPHLPAPI.DLL
0x00007ffd4dfb0000 - 0x00007ffd4dfb8000 	C:\WINDOWS\System32\NSI.dll
0x00007ffd44510000 - 0x00007ffd44527000 	C:\WINDOWS\SYSTEM32\dhcpcsvc6.DLL
0x00007ffd44a00000 - 0x00007ffd44a1d000 	C:\WINDOWS\SYSTEM32\dhcpcsvc.DLL
0x00007ffd4c120000 - 0x00007ffd4c1eb000 	C:\WINDOWS\SYSTEM32\DNSAPI.dll
0x00007ffd45320000 - 0x00007ffd4532b000 	C:\WINDOWS\SYSTEM32\WINNSI.DLL
0x00007ffd3c620000 - 0x00007ffd3c63e000 	C:\Users\user\AppData\Local\Temp\native-platform8115459904916794651dir\native-platform.dll
0x00007ffd4cd20000 - 0x00007ffd4cf04000 	C:\WINDOWS\SYSTEM32\dbghelp.dll

VM Arguments:
jvm_args: -Xmx2048m -Dfile.encoding=UTF-8 -Duser.country=TW -Duser.language=zh -Duser.variant 
java_command: org.gradle.launcher.daemon.bootstrap.GradleDaemon 6.5
java_class_path (initial): C:\Users\user\.gradle\wrapper\dists\gradle-6.5-bin\6nifqtx7604sqp1q6g8wikw7p\gradle-6.5\lib\gradle-launcher-6.5.jar
Launcher Type: SUN_STANDARD

Environment Variables:
PATH=C:\Program Files (x86)\Common Files\Oracle\Java\javapath;C:\WINDOWS\system32;C:\WINDOWS;C:\WINDOWS\System32\Wbem;C:\WINDOWS\System32\WindowsPowerShell\v1.0\;C:\WINDOWS\System32\OpenSSH\;C:\Program Files\dotnet\;C:\Program Files\Microsoft SQL Server\130\Tools\Binn\;C:\Program Files\Microsoft SQL Server\Client SDK\ODBC\170\Tools\Binn\;C:\Program Files\Git\cmd;C:\Users\user\AppData\Local\Microsoft\WindowsApps;C:\Users\user\.dotnet\tools;C:\Users\user\AppData\Local\Programs\Microsoft VS Code\bin
USERNAME=user
OS=Windows_NT
PROCESSOR_IDENTIFIER=Intel64 Family 6 Model 60 Stepping 3, GenuineIntel



---------------  S Y S T E M  ---------------

OS: Windows 10.0 , 64 bit Build 19041 (10.0.19041.804)

CPU:total 8 (initial active 8) (4 cores per cpu, 2 threads per core) family 6 model 60 stepping 3, cmov, cx8, fxsr, mmx, sse, sse2, sse3, ssse3, sse4.1, sse4.2, popcnt, avx, avx2, aes, clmul, erms, lzcnt, ht, tsc, tscinvbit, bmi1, bmi2

Memory: 4k page, physical 16614588k(4752672k free), swap 28673212k(11473056k free)

vm_info: OpenJDK 64-Bit Server VM (25.242-b01) for windows-amd64 JRE (1.8.0_242-release-1644-b01), built by "builder" with MS VC++ 10.0 (VS2010)

time: Mon Jun 14 09:13:18 2021
timezone: x_
elapsed time: 180 seconds (0d 0h 3m 0s)

